#***************************************************************************

#sjplacer

#Version:            1.1

#Build Date:         Jul 19 2017 14:31:00

#File Generated:     Oct 8 2017 22:45:43

#Purpose:            

#Copyright (C) 2010-2011 by Softjin Technologies Pvt Ltd. All rights reserved.

#***************************************************************************

Executing : C:\Program Files (x86)\Cypress\PSoC Creator\4.1\PSoC Creator\bin/sjplacer.exe --proj-name Milestone_3 --netlist-vh2 Milestone_3_p.vh2 --arch p35_udb4x6 --arch-file C:\Program Files (x86)\Cypress\PSoC Creator\4.1\PSoC Creator\dev\arch/udbdsi_4x6_24.cydata --ip-file C:\Program Files (x86)\Cypress\PSoC Creator\4.1\PSoC Creator\dev\psoc5/psoc5lp/ip_blocks.cydata --rrg-file C:\Program Files (x86)\Cypress\PSoC Creator\4.1\PSoC Creator\dev\psoc5/psoc5lp/route_arch-rrg.cydata --irq-file C:\Program Files (x86)\Cypress\PSoC Creator\4.1\PSoC Creator\dev\psoc5/psoc5lp/irqconn.cydata --drq-file C:\Program Files (x86)\Cypress\PSoC Creator\4.1\PSoC Creator\dev\psoc5/psoc5lp/dmaconn.cydata --dsi-conn-file C:\Program Files (x86)\Cypress\PSoC Creator\4.1\PSoC Creator\dev\psoc5/psoc5lp/dsiconn.cydata --pins-file pins_100-TQFP.xml --lib-file Milestone_3_p.lib --sdc-file Milestone_3.sdc --io-pcf Milestone_3.pci --outdir .

		Softjin Techologies Placer, Version 1.1

Build Date : Jul 19 2017	14:29:55

D2004: Option and Settings Summary
=============================================================
Netlist vh2 file          - Milestone_3_p.vh2
Architecture file         - C:\Program Files (x86)\Cypress\PSoC Creator\4.1\PSoC Creator\dev\arch/udbdsi_4x6_24.cydata
Package                   - 
Defparam file             - 
SDC file                  - Milestone_3.sdc
Output directory          - .
Timing library            - Milestone_3_p.lib
IO Placement file         - Milestone_3.pci

D2050: Starting reading inputs for placer
=============================================================
D2065: Reading netlist file : "Milestone_3_p.vh2"
D2065: Reading arch file : "C:\Program Files (x86)\Cypress\PSoC Creator\4.1\PSoC Creator\dev\arch/udbdsi_4x6_24.cydata"
D2051: Reading of inputs for placer completed successfully

D2053: Starting placement of the design
=============================================================

Phase 2
Phase 3

Design Statistics after Packing
    Number of Combinational MCs 	:	16
    Number of Sequential MCs    	:	29
    Number of DPs               	:	11
    Number of Controls          	:	6
    Number of Status            	:	4
    Number of SyncCells         	:	1
    Number of count7cells       	:	1

Device Utilization Summary after Packing
    Macrocells                  :	45/192
    UDBS                        :	11/24
    IOs                         :	24/72


D2088: Phase 3, elapsed time : 0.0 (sec)

Phase 4
D2088: Phase 4, elapsed time : 0.0 (sec)

Phase 5
D2088: Phase 5, elapsed time : 0.0 (sec)

Phase 6

######################################################################
Placement Timing Summary

The timing summary is based on estimated routing delays after
placement. For final timing report, please carry out the timing
analysis after routing.
======================================================================

######################################################################
                     Clock Summary 
======================================================================
Number of clocks: 17
Clock: BUS_CLK              | Frequency: N/A       | Target:  12.0 MHz
Clock: BUS_CLK(fixed-function) | Frequency: N/A       | Target:  12.0 MHz
Clock: CLK_2KHZ             | Frequency:  49.6 MHz | Target:   0.0 MHz
Clock: CapSense_IntClock    | Frequency:  47.0 MHz | Target:  12.0 MHz
Clock: CapSense_IntClock(fixed-function) | Frequency: N/A       | Target:  12.0 MHz
Clock: CyBUS_CLK            | Frequency: N/A       | Target:  24.0 MHz
Clock: CyILO                | Frequency: N/A       | Target:   0.1 MHz
Clock: CyIMO                | Frequency: N/A       | Target:  24.0 MHz
Clock: CyMASTER_CLK         | Frequency: N/A       | Target:  24.0 MHz
Clock: CyPLL_OUT            | Frequency: N/A       | Target:  24.0 MHz
Clock: HB_ADC_theACLK       | Frequency: N/A       | Target:   1.6 MHz
Clock: HB_ADC_theACLK(routed) | Frequency: N/A       | Target:   1.6 MHz
Clock: I_HB_DacClk          | Frequency: N/A       | Target:   0.0 MHz
Clock: I_HB_DacClk(routed)  | Frequency: N/A       | Target:   0.0 MHz
Clock: PWM_CLK              | Frequency:  81.0 MHz | Target:   0.5 MHz
Clock: Slow_CLK             | Frequency: 142.8 MHz | Target:   0.0 MHz
Clock: Tone_F_CLK           | Frequency:  59.7 MHz | Target:   0.0 MHz

======================================================================
                     End of Clock Summary
######################################################################

D2088: Phase 6, elapsed time : 0.1 (sec)

Phase 7
######################################################################
                     Clock Summary 
======================================================================
Number of clocks: 17
Clock: BUS_CLK              | Frequency: N/A       | Target:  12.0 MHz
Clock: BUS_CLK(fixed-function) | Frequency: N/A       | Target:  12.0 MHz
Clock: CLK_2KHZ             | Frequency:  49.6 MHz | Target:   0.0 MHz
Clock: CapSense_IntClock    | Frequency:  49.6 MHz | Target:  12.0 MHz
Clock: CapSense_IntClock(fixed-function) | Frequency: N/A       | Target:  12.0 MHz
Clock: CyBUS_CLK            | Frequency: N/A       | Target:  24.0 MHz
Clock: CyILO                | Frequency: N/A       | Target:   0.1 MHz
Clock: CyIMO                | Frequency: N/A       | Target:  24.0 MHz
Clock: CyMASTER_CLK         | Frequency: N/A       | Target:  24.0 MHz
Clock: CyPLL_OUT            | Frequency: N/A       | Target:  24.0 MHz
Clock: HB_ADC_theACLK       | Frequency: N/A       | Target:   1.6 MHz
Clock: HB_ADC_theACLK(routed) | Frequency: N/A       | Target:   1.6 MHz
Clock: I_HB_DacClk          | Frequency: N/A       | Target:   0.0 MHz
Clock: I_HB_DacClk(routed)  | Frequency: N/A       | Target:   0.0 MHz
Clock: PWM_CLK              | Frequency:  85.3 MHz | Target:   0.5 MHz
Clock: Slow_CLK             | Frequency: 142.8 MHz | Target:   0.0 MHz
Clock: Tone_F_CLK           | Frequency:  59.7 MHz | Target:   0.0 MHz

======================================================================
                     End of Clock Summary
######################################################################
D2088: Phase 7, elapsed time : 0.3 (sec)

Final Design Statistics
    Number of Combinational MCs 	:	16
    Number of Sequential MCs    	:	29
    Number of DPs               	:	11
    Number of Controls          	:	6
    Number of Status            	:	4
    Number of SyncCells         	:	1
    Number of count7cells       	:	1
    Number of IOs       	:	24

Device Utilization Summary
    Macrocells                  :	45/192
    IOs                         :	24/72



######################################################################
Placement Timing Summary

The timing summary is based on estimated routing delays after
placement. For final timing report, please carry out the timing
analysis after routing.
======================================================================


######################################################################
                     Clock Summary 
======================================================================
Number of clocks: 17
Clock: BUS_CLK              | Frequency: N/A       | Target:  12.0 MHz
Clock: BUS_CLK(fixed-function) | Frequency: N/A       | Target:  12.0 MHz
Clock: CLK_2KHZ             | Frequency:  44.7 MHz | Target:   0.0 MHz
Clock: CapSense_IntClock    | Frequency:  52.4 MHz | Target:  13.2 MHz
Clock: CapSense_IntClock(fixed-function) | Frequency: N/A       | Target:  12.0 MHz
Clock: CyBUS_CLK            | Frequency: N/A       | Target:  24.0 MHz
Clock: CyILO                | Frequency: N/A       | Target:   0.1 MHz
Clock: CyIMO                | Frequency: N/A       | Target:  24.0 MHz
Clock: CyMASTER_CLK         | Frequency: N/A       | Target:  24.0 MHz
Clock: CyPLL_OUT            | Frequency: N/A       | Target:  24.0 MHz
Clock: HB_ADC_theACLK       | Frequency: N/A       | Target:   1.6 MHz
Clock: HB_ADC_theACLK(routed) | Frequency: N/A       | Target:   1.6 MHz
Clock: I_HB_DacClk          | Frequency: N/A       | Target:   0.0 MHz
Clock: I_HB_DacClk(routed)  | Frequency: N/A       | Target:   0.0 MHz
Clock: PWM_CLK              | Frequency:  84.4 MHz | Target:   0.6 MHz
Clock: Slow_CLK             | Frequency: 131.2 MHz | Target:   0.0 MHz
Clock: Tone_F_CLK           | Frequency:  59.7 MHz | Target:   0.0 MHz

======================================================================
                     End of Clock Summary
######################################################################

Phase 8
D2088: Phase 8, elapsed time : 0.0 (sec)

D2054: Placement of the design completed successfully

I2076: Total run-time: 1.1 sec.

