ARM GAS  C:\Users\HENRIC~1\AppData\Local\Temp\cc95wKhe.s 			page 1


   1              		.syntax unified
   2              		.cpu cortex-m3
   3              		.fpu softvfp
   4              		.eabi_attribute 20, 1
   5              		.eabi_attribute 21, 1
   6              		.eabi_attribute 23, 3
   7              		.eabi_attribute 24, 1
   8              		.eabi_attribute 25, 1
   9              		.eabi_attribute 26, 1
  10              		.eabi_attribute 30, 1
  11              		.eabi_attribute 34, 1
  12              		.eabi_attribute 18, 4
  13              		.thumb
  14              		.syntax unified
  15              		.file	"CSMA_CD_Bus.c"
  16              		.text
  17              	.Ltext0:
  18              		.cfi_sections	.debug_frame
  19              		.section	.text.csma_cd_rx_isr_rising,"ax",%progbits
  20              		.align	2
  21              		.global	csma_cd_rx_isr_rising
  22              		.thumb
  23              		.thumb_func
  24              		.type	csma_cd_rx_isr_rising, %function
  25              	csma_cd_rx_isr_rising:
  26              	.LFB65:
  27              		.file 1 "CSMA_CD_Bus.c"
   1:CSMA_CD_Bus.c **** /**
   2:CSMA_CD_Bus.c ****  * CSMA_CD_Bus
   3:CSMA_CD_Bus.c ****  * @author Curt Henrichs
   4:CSMA_CD_Bus.c ****  * @date 12-6-2017
   5:CSMA_CD_Bus.c ****  *
   6:CSMA_CD_Bus.c ****  * CSMA/CD Bus abstracts the physical hardware pins and interrupts. The
   7:CSMA_CD_Bus.c ****  * interrupt is attached to a callback table that higher physical layer
   8:CSMA_CD_Bus.c ****  * modules can interract with. 
   9:CSMA_CD_Bus.c ****  */
  10:CSMA_CD_Bus.c **** 
  11:CSMA_CD_Bus.c **** //=============================================================================
  12:CSMA_CD_Bus.c **** //                                 Libraries
  13:CSMA_CD_Bus.c **** //=============================================================================
  14:CSMA_CD_Bus.c **** 
  15:CSMA_CD_Bus.c **** #include "CSMA_CD_Bus.h"
  16:CSMA_CD_Bus.c **** 
  17:CSMA_CD_Bus.c **** //=============================================================================
  18:CSMA_CD_Bus.c **** //                          Data Structure Declaration
  19:CSMA_CD_Bus.c **** //=============================================================================
  20:CSMA_CD_Bus.c **** 
  21:CSMA_CD_Bus.c **** /**
  22:CSMA_CD_Bus.c ****  * Callback table maps types defined in header to function pointers for ISR
  23:CSMA_CD_Bus.c ****  */
  24:CSMA_CD_Bus.c **** typedef struct CSMA_CD_Bus_Callback_Table {
  25:CSMA_CD_Bus.c ****     void (*ch_monitor)(CSMA_CD_Edge_e);    //! Callback for channel monitor
  26:CSMA_CD_Bus.c ****     void (*receive)(CSMA_CD_Edge_e);       //! Callback for data collection
  27:CSMA_CD_Bus.c **** } CSMA_CD_Bus_Callback_Table_t;
  28:CSMA_CD_Bus.c **** 
  29:CSMA_CD_Bus.c **** //=============================================================================
  30:CSMA_CD_Bus.c **** //                             Private Attributes
ARM GAS  C:\Users\HENRIC~1\AppData\Local\Temp\cc95wKhe.s 			page 2


  31:CSMA_CD_Bus.c **** //=============================================================================
  32:CSMA_CD_Bus.c **** 
  33:CSMA_CD_Bus.c **** static volatile CSMA_CD_Bus_Callback_Table_t _callback_table; //! ISR table
  34:CSMA_CD_Bus.c **** 
  35:CSMA_CD_Bus.c **** //=============================================================================
  36:CSMA_CD_Bus.c **** //                           Private ISR Prototypes
  37:CSMA_CD_Bus.c **** //=============================================================================
  38:CSMA_CD_Bus.c **** 
  39:CSMA_CD_Bus.c **** /**
  40:CSMA_CD_Bus.c ****  * ISR for receive channel level change. Data line for the networking protocol
  41:CSMA_CD_Bus.c ****  */
  42:CSMA_CD_Bus.c **** CY_ISR_PROTO(csma_cd_rx_isr_rising);
  43:CSMA_CD_Bus.c **** /**
  44:CSMA_CD_Bus.c ****  * ISR for receive channel level change. Data line for the networking protocol
  45:CSMA_CD_Bus.c ****  */
  46:CSMA_CD_Bus.c **** CY_ISR_PROTO(csma_cd_rx_isr_falling);
  47:CSMA_CD_Bus.c **** 
  48:CSMA_CD_Bus.c **** //=============================================================================
  49:CSMA_CD_Bus.c **** //                          Private Function Prototypes
  50:CSMA_CD_Bus.c **** //=============================================================================
  51:CSMA_CD_Bus.c **** 
  52:CSMA_CD_Bus.c **** /**
  53:CSMA_CD_Bus.c ****  * Runs all valid entires in table according to their priority
  54:CSMA_CD_Bus.c ****  * @param edge is edge ISR triggering table
  55:CSMA_CD_Bus.c ****  */
  56:CSMA_CD_Bus.c **** static inline void csma_bus_run_table(CSMA_CD_Edge_e edge);
  57:CSMA_CD_Bus.c **** 
  58:CSMA_CD_Bus.c **** //=============================================================================
  59:CSMA_CD_Bus.c **** //                          Public Function Implementation
  60:CSMA_CD_Bus.c **** //=============================================================================
  61:CSMA_CD_Bus.c **** 
  62:CSMA_CD_Bus.c **** /**
  63:CSMA_CD_Bus.c ****  * Initialization function for physical bus 
  64:CSMA_CD_Bus.c ****  */
  65:CSMA_CD_Bus.c **** void csma_bus_init(void){
  66:CSMA_CD_Bus.c ****     _callback_table.ch_monitor = NULL;
  67:CSMA_CD_Bus.c ****     _callback_table.receive = NULL;
  68:CSMA_CD_Bus.c ****     
  69:CSMA_CD_Bus.c ****     CSMA_RX_int_rising_StartEx(csma_cd_rx_isr_rising);
  70:CSMA_CD_Bus.c ****     CSMA_RX_int_falling_StartEx(csma_cd_rx_isr_falling);
  71:CSMA_CD_Bus.c **** }
  72:CSMA_CD_Bus.c **** 
  73:CSMA_CD_Bus.c **** /**
  74:CSMA_CD_Bus.c ****  * Assign a callback function to interrupt
  75:CSMA_CD_Bus.c ****  * @param name is table entry to place new callback
  76:CSMA_CD_Bus.c ****  * @param fnt is function pointer to callback, NULL if entry is to be cleared
  77:CSMA_CD_Bus.c ****  */
  78:CSMA_CD_Bus.c **** void csma_bus_assign_callback(CSMA_CD_Callback_e name, void (*fnt)(CSMA_CD_Edge_e)){
  79:CSMA_CD_Bus.c ****     switch(name){
  80:CSMA_CD_Bus.c ****         case CSMA_CD_BUS_CH_MONITOR_CALLBACK:
  81:CSMA_CD_Bus.c ****             _callback_table.ch_monitor = fnt;
  82:CSMA_CD_Bus.c ****             break;
  83:CSMA_CD_Bus.c ****         case CSMA_CD_BUS_RECEIVE_CALLBACK:
  84:CSMA_CD_Bus.c ****             _callback_table.receive = fnt;
  85:CSMA_CD_Bus.c ****             break;
  86:CSMA_CD_Bus.c ****     }  
  87:CSMA_CD_Bus.c **** }
ARM GAS  C:\Users\HENRIC~1\AppData\Local\Temp\cc95wKhe.s 			page 3


  88:CSMA_CD_Bus.c **** 
  89:CSMA_CD_Bus.c **** //=============================================================================
  90:CSMA_CD_Bus.c **** //                           Private ISR Implementation
  91:CSMA_CD_Bus.c **** //=============================================================================
  92:CSMA_CD_Bus.c **** 
  93:CSMA_CD_Bus.c **** /**
  94:CSMA_CD_Bus.c ****  * ISR for receive channel level change. Data line for the networking protocol
  95:CSMA_CD_Bus.c ****  */
  96:CSMA_CD_Bus.c **** CY_ISR(csma_cd_rx_isr_rising){
  28              		.loc 1 96 0
  29              		.cfi_startproc
  30              		@ args = 0, pretend = 0, frame = 0
  31              		@ frame_needed = 0, uses_anonymous_args = 0
  32 0000 08B5     		push	{r3, lr}
  33              		.cfi_def_cfa_offset 8
  34              		.cfi_offset 3, -8
  35              		.cfi_offset 14, -4
  36              	.LVL0:
  37              	.LBB6:
  38              	.LBB7:
  97:CSMA_CD_Bus.c ****     csma_bus_run_table(CSMA_CD_EDGE_RISING);
  98:CSMA_CD_Bus.c ****     CSMA_RX_int_rising_ClearPending();
  99:CSMA_CD_Bus.c **** }
 100:CSMA_CD_Bus.c **** 
 101:CSMA_CD_Bus.c **** /**
 102:CSMA_CD_Bus.c ****  * ISR for receive channel level change. Data line for the networking protocol
 103:CSMA_CD_Bus.c ****  */
 104:CSMA_CD_Bus.c **** CY_ISR_PROTO(csma_cd_rx_isr_falling){
 105:CSMA_CD_Bus.c ****     csma_bus_run_table(CSMA_CD_EDGE_FALLING);
 106:CSMA_CD_Bus.c ****     CSMA_RX_int_falling_ClearPending();
 107:CSMA_CD_Bus.c **** }
 108:CSMA_CD_Bus.c **** 
 109:CSMA_CD_Bus.c **** /**
 110:CSMA_CD_Bus.c ****  * Runs all valid entires in table according to their priority
 111:CSMA_CD_Bus.c ****  * @param edge is edge ISR triggering table
 112:CSMA_CD_Bus.c ****  */
 113:CSMA_CD_Bus.c **** static inline void csma_bus_run_table(CSMA_CD_Edge_e edge){
 114:CSMA_CD_Bus.c ****     //run each function in structure according to priority
 115:CSMA_CD_Bus.c ****     if(_callback_table.ch_monitor != NULL){
  39              		.loc 1 115 0
  40 0002 084B     		ldr	r3, .L5
  41 0004 1B68     		ldr	r3, [r3]
  42 0006 1BB1     		cbz	r3, .L2
 116:CSMA_CD_Bus.c ****         _callback_table.ch_monitor(edge);
  43              		.loc 1 116 0
  44 0008 064B     		ldr	r3, .L5
  45 000a 1B68     		ldr	r3, [r3]
  46 000c 0020     		movs	r0, #0
  47 000e 9847     		blx	r3
  48              	.LVL1:
  49              	.L2:
 117:CSMA_CD_Bus.c ****     }
 118:CSMA_CD_Bus.c ****     if(_callback_table.receive != NULL){
  50              		.loc 1 118 0
  51 0010 044B     		ldr	r3, .L5
  52 0012 5B68     		ldr	r3, [r3, #4]
  53 0014 1BB1     		cbz	r3, .L3
ARM GAS  C:\Users\HENRIC~1\AppData\Local\Temp\cc95wKhe.s 			page 4


 119:CSMA_CD_Bus.c ****         _callback_table.receive(edge);
  54              		.loc 1 119 0
  55 0016 034B     		ldr	r3, .L5
  56 0018 5B68     		ldr	r3, [r3, #4]
  57 001a 0020     		movs	r0, #0
  58 001c 9847     		blx	r3
  59              	.LVL2:
  60              	.L3:
  61              	.LBE7:
  62              	.LBE6:
  98:CSMA_CD_Bus.c **** }
  63              		.loc 1 98 0
  64 001e FFF7FEFF 		bl	CSMA_RX_int_rising_ClearPending
  65              	.LVL3:
  66 0022 08BD     		pop	{r3, pc}
  67              	.L6:
  68              		.align	2
  69              	.L5:
  70 0024 00000000 		.word	.LANCHOR0
  71              		.cfi_endproc
  72              	.LFE65:
  73              		.size	csma_cd_rx_isr_rising, .-csma_cd_rx_isr_rising
  74              		.section	.text.csma_cd_rx_isr_falling,"ax",%progbits
  75              		.align	2
  76              		.global	csma_cd_rx_isr_falling
  77              		.thumb
  78              		.thumb_func
  79              		.type	csma_cd_rx_isr_falling, %function
  80              	csma_cd_rx_isr_falling:
  81              	.LFB66:
 104:CSMA_CD_Bus.c ****     csma_bus_run_table(CSMA_CD_EDGE_FALLING);
  82              		.loc 1 104 0
  83              		.cfi_startproc
  84              		@ args = 0, pretend = 0, frame = 0
  85              		@ frame_needed = 0, uses_anonymous_args = 0
  86 0000 08B5     		push	{r3, lr}
  87              		.cfi_def_cfa_offset 8
  88              		.cfi_offset 3, -8
  89              		.cfi_offset 14, -4
  90              	.LVL4:
  91              	.LBB8:
  92              	.LBB9:
 115:CSMA_CD_Bus.c ****         _callback_table.ch_monitor(edge);
  93              		.loc 1 115 0
  94 0002 084B     		ldr	r3, .L11
  95 0004 1B68     		ldr	r3, [r3]
  96 0006 1BB1     		cbz	r3, .L8
 116:CSMA_CD_Bus.c ****     }
  97              		.loc 1 116 0
  98 0008 064B     		ldr	r3, .L11
  99 000a 1B68     		ldr	r3, [r3]
 100 000c 0120     		movs	r0, #1
 101 000e 9847     		blx	r3
 102              	.LVL5:
 103              	.L8:
 118:CSMA_CD_Bus.c ****         _callback_table.receive(edge);
 104              		.loc 1 118 0
ARM GAS  C:\Users\HENRIC~1\AppData\Local\Temp\cc95wKhe.s 			page 5


 105 0010 044B     		ldr	r3, .L11
 106 0012 5B68     		ldr	r3, [r3, #4]
 107 0014 1BB1     		cbz	r3, .L9
 108              		.loc 1 119 0
 109 0016 034B     		ldr	r3, .L11
 110 0018 5B68     		ldr	r3, [r3, #4]
 111 001a 0120     		movs	r0, #1
 112 001c 9847     		blx	r3
 113              	.LVL6:
 114              	.L9:
 115              	.LBE9:
 116              	.LBE8:
 106:CSMA_CD_Bus.c **** }
 117              		.loc 1 106 0
 118 001e FFF7FEFF 		bl	CSMA_RX_int_falling_ClearPending
 119              	.LVL7:
 120 0022 08BD     		pop	{r3, pc}
 121              	.L12:
 122              		.align	2
 123              	.L11:
 124 0024 00000000 		.word	.LANCHOR0
 125              		.cfi_endproc
 126              	.LFE66:
 127              		.size	csma_cd_rx_isr_falling, .-csma_cd_rx_isr_falling
 128              		.section	.text.csma_bus_init,"ax",%progbits
 129              		.align	2
 130              		.global	csma_bus_init
 131              		.thumb
 132              		.thumb_func
 133              		.type	csma_bus_init, %function
 134              	csma_bus_init:
 135              	.LFB63:
  65:CSMA_CD_Bus.c ****     _callback_table.ch_monitor = NULL;
 136              		.loc 1 65 0
 137              		.cfi_startproc
 138              		@ args = 0, pretend = 0, frame = 0
 139              		@ frame_needed = 0, uses_anonymous_args = 0
 140 0000 08B5     		push	{r3, lr}
 141              		.cfi_def_cfa_offset 8
 142              		.cfi_offset 3, -8
 143              		.cfi_offset 14, -4
  66:CSMA_CD_Bus.c ****     _callback_table.receive = NULL;
 144              		.loc 1 66 0
 145 0002 054B     		ldr	r3, .L15
 146 0004 0022     		movs	r2, #0
 147 0006 1A60     		str	r2, [r3]
  67:CSMA_CD_Bus.c ****     
 148              		.loc 1 67 0
 149 0008 5A60     		str	r2, [r3, #4]
  69:CSMA_CD_Bus.c ****     CSMA_RX_int_falling_StartEx(csma_cd_rx_isr_falling);
 150              		.loc 1 69 0
 151 000a 0448     		ldr	r0, .L15+4
 152 000c FFF7FEFF 		bl	CSMA_RX_int_rising_StartEx
 153              	.LVL8:
  70:CSMA_CD_Bus.c **** }
 154              		.loc 1 70 0
 155 0010 0348     		ldr	r0, .L15+8
ARM GAS  C:\Users\HENRIC~1\AppData\Local\Temp\cc95wKhe.s 			page 6


 156 0012 FFF7FEFF 		bl	CSMA_RX_int_falling_StartEx
 157              	.LVL9:
 158 0016 08BD     		pop	{r3, pc}
 159              	.L16:
 160              		.align	2
 161              	.L15:
 162 0018 00000000 		.word	.LANCHOR0
 163 001c 00000000 		.word	csma_cd_rx_isr_rising
 164 0020 00000000 		.word	csma_cd_rx_isr_falling
 165              		.cfi_endproc
 166              	.LFE63:
 167              		.size	csma_bus_init, .-csma_bus_init
 168              		.section	.text.csma_bus_assign_callback,"ax",%progbits
 169              		.align	2
 170              		.global	csma_bus_assign_callback
 171              		.thumb
 172              		.thumb_func
 173              		.type	csma_bus_assign_callback, %function
 174              	csma_bus_assign_callback:
 175              	.LFB64:
  78:CSMA_CD_Bus.c ****     switch(name){
 176              		.loc 1 78 0
 177              		.cfi_startproc
 178              		@ args = 0, pretend = 0, frame = 0
 179              		@ frame_needed = 0, uses_anonymous_args = 0
 180              		@ link register save eliminated.
 181              	.LVL10:
  79:CSMA_CD_Bus.c ****         case CSMA_CD_BUS_CH_MONITOR_CALLBACK:
 182              		.loc 1 79 0
 183 0000 10B1     		cbz	r0, .L19
 184 0002 0128     		cmp	r0, #1
 185 0004 03D0     		beq	.L20
 186 0006 7047     		bx	lr
 187              	.L19:
  81:CSMA_CD_Bus.c ****             break;
 188              		.loc 1 81 0
 189 0008 024B     		ldr	r3, .L21
 190 000a 1960     		str	r1, [r3]
  82:CSMA_CD_Bus.c ****         case CSMA_CD_BUS_RECEIVE_CALLBACK:
 191              		.loc 1 82 0
 192 000c 7047     		bx	lr
 193              	.L20:
  84:CSMA_CD_Bus.c ****             break;
 194              		.loc 1 84 0
 195 000e 014B     		ldr	r3, .L21
 196 0010 5960     		str	r1, [r3, #4]
 197 0012 7047     		bx	lr
 198              	.L22:
 199              		.align	2
 200              	.L21:
 201 0014 00000000 		.word	.LANCHOR0
 202              		.cfi_endproc
 203              	.LFE64:
 204              		.size	csma_bus_assign_callback, .-csma_bus_assign_callback
 205              		.bss
 206              		.align	2
 207              		.set	.LANCHOR0,. + 0
ARM GAS  C:\Users\HENRIC~1\AppData\Local\Temp\cc95wKhe.s 			page 7


 208              		.type	_callback_table, %object
 209              		.size	_callback_table, 8
 210              	_callback_table:
 211 0000 00000000 		.space	8
 211      00000000 
 212              		.text
 213              	.Letext0:
 214              		.file 2 "c:\\program files (x86)\\cypress\\psoc creator\\4.1\\psoc creator\\import\\gnu\\arm\\5.4.
 215              		.file 3 "c:\\program files (x86)\\cypress\\psoc creator\\4.1\\psoc creator\\import\\gnu\\arm\\5.4.
 216              		.file 4 "CSMA_CD_Bus.h"
 217              		.file 5 "Generated_Source\\PSoC5/CSMA_RX_int_rising.h"
 218              		.file 6 "Generated_Source\\PSoC5/CSMA_RX_int_falling.h"
 219              		.file 7 "Generated_Source\\PSoC5/core_cm3.h"
 220              		.section	.debug_info,"",%progbits
 221              	.Ldebug_info0:
 222 0000 BF020000 		.4byte	0x2bf
 223 0004 0400     		.2byte	0x4
 224 0006 00000000 		.4byte	.Ldebug_abbrev0
 225 000a 04       		.byte	0x4
 226 000b 01       		.uleb128 0x1
 227 000c B8000000 		.4byte	.LASF37
 228 0010 0C       		.byte	0xc
 229 0011 00000000 		.4byte	.LASF38
 230 0015 C8010000 		.4byte	.LASF39
 231 0019 00000000 		.4byte	.Ldebug_ranges0+0
 232 001d 00000000 		.4byte	0
 233 0021 00000000 		.4byte	.Ldebug_line0
 234 0025 02       		.uleb128 0x2
 235 0026 01       		.byte	0x1
 236 0027 06       		.byte	0x6
 237 0028 B8030000 		.4byte	.LASF0
 238 002c 02       		.uleb128 0x2
 239 002d 01       		.byte	0x1
 240 002e 08       		.byte	0x8
 241 002f BA010000 		.4byte	.LASF1
 242 0033 02       		.uleb128 0x2
 243 0034 02       		.byte	0x2
 244 0035 05       		.byte	0x5
 245 0036 82030000 		.4byte	.LASF2
 246 003a 02       		.uleb128 0x2
 247 003b 02       		.byte	0x2
 248 003c 07       		.byte	0x7
 249 003d 79010000 		.4byte	.LASF3
 250 0041 03       		.uleb128 0x3
 251 0042 3F000000 		.4byte	.LASF9
 252 0046 02       		.byte	0x2
 253 0047 3F       		.byte	0x3f
 254 0048 4C000000 		.4byte	0x4c
 255 004c 02       		.uleb128 0x2
 256 004d 04       		.byte	0x4
 257 004e 05       		.byte	0x5
 258 004f A3030000 		.4byte	.LASF4
 259 0053 02       		.uleb128 0x2
 260 0054 04       		.byte	0x4
 261 0055 07       		.byte	0x7
 262 0056 67010000 		.4byte	.LASF5
 263 005a 02       		.uleb128 0x2
ARM GAS  C:\Users\HENRIC~1\AppData\Local\Temp\cc95wKhe.s 			page 8


 264 005b 08       		.byte	0x8
 265 005c 05       		.byte	0x5
 266 005d 4A030000 		.4byte	.LASF6
 267 0061 02       		.uleb128 0x2
 268 0062 08       		.byte	0x8
 269 0063 07       		.byte	0x7
 270 0064 C7020000 		.4byte	.LASF7
 271 0068 04       		.uleb128 0x4
 272 0069 04       		.byte	0x4
 273 006a 05       		.byte	0x5
 274 006b 696E7400 		.ascii	"int\000"
 275 006f 02       		.uleb128 0x2
 276 0070 04       		.byte	0x4
 277 0071 07       		.byte	0x7
 278 0072 7F020000 		.4byte	.LASF8
 279 0076 03       		.uleb128 0x3
 280 0077 17030000 		.4byte	.LASF10
 281 007b 03       		.byte	0x3
 282 007c 2C       		.byte	0x2c
 283 007d 41000000 		.4byte	0x41
 284 0081 02       		.uleb128 0x2
 285 0082 04       		.byte	0x4
 286 0083 04       		.byte	0x4
 287 0084 95000000 		.4byte	.LASF11
 288 0088 02       		.uleb128 0x2
 289 0089 08       		.byte	0x8
 290 008a 04       		.byte	0x4
 291 008b 3D020000 		.4byte	.LASF12
 292 008f 02       		.uleb128 0x2
 293 0090 01       		.byte	0x1
 294 0091 08       		.byte	0x8
 295 0092 68030000 		.4byte	.LASF13
 296 0096 02       		.uleb128 0x2
 297 0097 08       		.byte	0x8
 298 0098 04       		.byte	0x4
 299 0099 AC030000 		.4byte	.LASF14
 300 009d 02       		.uleb128 0x2
 301 009e 04       		.byte	0x4
 302 009f 07       		.byte	0x7
 303 00a0 41030000 		.4byte	.LASF15
 304 00a4 05       		.uleb128 0x5
 305 00a5 C4030000 		.4byte	.LASF19
 306 00a9 01       		.byte	0x1
 307 00aa 2C000000 		.4byte	0x2c
 308 00ae 04       		.byte	0x4
 309 00af 1C       		.byte	0x1c
 310 00b0 C1000000 		.4byte	0xc1
 311 00b4 06       		.uleb128 0x6
 312 00b5 A7020000 		.4byte	.LASF16
 313 00b9 00       		.byte	0
 314 00ba 06       		.uleb128 0x6
 315 00bb 9B000000 		.4byte	.LASF17
 316 00bf 01       		.byte	0x1
 317 00c0 00       		.byte	0
 318 00c1 03       		.uleb128 0x3
 319 00c2 51000000 		.4byte	.LASF18
 320 00c6 04       		.byte	0x4
ARM GAS  C:\Users\HENRIC~1\AppData\Local\Temp\cc95wKhe.s 			page 9


 321 00c7 1F       		.byte	0x1f
 322 00c8 A4000000 		.4byte	0xa4
 323 00cc 05       		.uleb128 0x5
 324 00cd 1C000000 		.4byte	.LASF20
 325 00d1 01       		.byte	0x1
 326 00d2 2C000000 		.4byte	0x2c
 327 00d6 04       		.byte	0x4
 328 00d7 31       		.byte	0x31
 329 00d8 EF000000 		.4byte	0xef
 330 00dc 06       		.uleb128 0x6
 331 00dd 5E020000 		.4byte	.LASF21
 332 00e1 00       		.byte	0
 333 00e2 06       		.uleb128 0x6
 334 00e3 6D030000 		.4byte	.LASF22
 335 00e7 01       		.byte	0x1
 336 00e8 06       		.uleb128 0x6
 337 00e9 64000000 		.4byte	.LASF23
 338 00ed 02       		.byte	0x2
 339 00ee 00       		.byte	0
 340 00ef 03       		.uleb128 0x3
 341 00f0 4F020000 		.4byte	.LASF24
 342 00f4 04       		.byte	0x4
 343 00f5 35       		.byte	0x35
 344 00f6 CC000000 		.4byte	0xcc
 345 00fa 07       		.uleb128 0x7
 346 00fb 8C020000 		.4byte	.LASF40
 347 00ff 08       		.byte	0x8
 348 0100 01       		.byte	0x1
 349 0101 18       		.byte	0x18
 350 0102 1F010000 		.4byte	0x11f
 351 0106 08       		.uleb128 0x8
 352 0107 44020000 		.4byte	.LASF25
 353 010b 01       		.byte	0x1
 354 010c 19       		.byte	0x19
 355 010d 2A010000 		.4byte	0x12a
 356 0111 00       		.byte	0
 357 0112 08       		.uleb128 0x8
 358 0113 49000000 		.4byte	.LASF26
 359 0117 01       		.byte	0x1
 360 0118 1A       		.byte	0x1a
 361 0119 2A010000 		.4byte	0x12a
 362 011d 04       		.byte	0x4
 363 011e 00       		.byte	0
 364 011f 09       		.uleb128 0x9
 365 0120 2A010000 		.4byte	0x12a
 366 0124 0A       		.uleb128 0xa
 367 0125 EF000000 		.4byte	0xef
 368 0129 00       		.byte	0
 369 012a 0B       		.uleb128 0xb
 370 012b 04       		.byte	0x4
 371 012c 1F010000 		.4byte	0x11f
 372 0130 03       		.uleb128 0x3
 373 0131 1F030000 		.4byte	.LASF27
 374 0135 01       		.byte	0x1
 375 0136 1B       		.byte	0x1b
 376 0137 FA000000 		.4byte	0xfa
 377 013b 0C       		.uleb128 0xc
ARM GAS  C:\Users\HENRIC~1\AppData\Local\Temp\cc95wKhe.s 			page 10


 378 013c A7010000 		.4byte	.LASF41
 379 0140 01       		.byte	0x1
 380 0141 71       		.byte	0x71
 381 0142 03       		.byte	0x3
 382 0143 53010000 		.4byte	0x153
 383 0147 0D       		.uleb128 0xd
 384 0148 3C030000 		.4byte	.LASF42
 385 014c 01       		.byte	0x1
 386 014d 71       		.byte	0x71
 387 014e EF000000 		.4byte	0xef
 388 0152 00       		.byte	0
 389 0153 0E       		.uleb128 0xe
 390 0154 29000000 		.4byte	.LASF28
 391 0158 01       		.byte	0x1
 392 0159 60       		.byte	0x60
 393 015a 00000000 		.4byte	.LFB65
 394 015e 28000000 		.4byte	.LFE65-.LFB65
 395 0162 01       		.uleb128 0x1
 396 0163 9C       		.byte	0x9c
 397 0164 A9010000 		.4byte	0x1a9
 398 0168 0F       		.uleb128 0xf
 399 0169 3B010000 		.4byte	0x13b
 400 016d 02000000 		.4byte	.LBB6
 401 0171 1C000000 		.4byte	.LBE6-.LBB6
 402 0175 01       		.byte	0x1
 403 0176 61       		.byte	0x61
 404 0177 9F010000 		.4byte	0x19f
 405 017b 10       		.uleb128 0x10
 406 017c 47010000 		.4byte	0x147
 407 0180 00000000 		.4byte	.LLST0
 408 0184 11       		.uleb128 0x11
 409 0185 10000000 		.4byte	.LVL1
 410 0189 93010000 		.4byte	0x193
 411 018d 12       		.uleb128 0x12
 412 018e 01       		.uleb128 0x1
 413 018f 50       		.byte	0x50
 414 0190 01       		.uleb128 0x1
 415 0191 30       		.byte	0x30
 416 0192 00       		.byte	0
 417 0193 13       		.uleb128 0x13
 418 0194 1E000000 		.4byte	.LVL2
 419 0198 12       		.uleb128 0x12
 420 0199 01       		.uleb128 0x1
 421 019a 50       		.byte	0x50
 422 019b 01       		.uleb128 0x1
 423 019c 30       		.byte	0x30
 424 019d 00       		.byte	0
 425 019e 00       		.byte	0
 426 019f 14       		.uleb128 0x14
 427 01a0 22000000 		.4byte	.LVL3
 428 01a4 96020000 		.4byte	0x296
 429 01a8 00       		.byte	0
 430 01a9 0E       		.uleb128 0xe
 431 01aa 8C030000 		.4byte	.LASF29
 432 01ae 01       		.byte	0x1
 433 01af 68       		.byte	0x68
 434 01b0 00000000 		.4byte	.LFB66
ARM GAS  C:\Users\HENRIC~1\AppData\Local\Temp\cc95wKhe.s 			page 11


 435 01b4 28000000 		.4byte	.LFE66-.LFB66
 436 01b8 01       		.uleb128 0x1
 437 01b9 9C       		.byte	0x9c
 438 01ba FF010000 		.4byte	0x1ff
 439 01be 0F       		.uleb128 0xf
 440 01bf 3B010000 		.4byte	0x13b
 441 01c3 02000000 		.4byte	.LBB8
 442 01c7 1C000000 		.4byte	.LBE8-.LBB8
 443 01cb 01       		.byte	0x1
 444 01cc 69       		.byte	0x69
 445 01cd F5010000 		.4byte	0x1f5
 446 01d1 10       		.uleb128 0x10
 447 01d2 47010000 		.4byte	0x147
 448 01d6 14000000 		.4byte	.LLST1
 449 01da 11       		.uleb128 0x11
 450 01db 10000000 		.4byte	.LVL5
 451 01df E9010000 		.4byte	0x1e9
 452 01e3 12       		.uleb128 0x12
 453 01e4 01       		.uleb128 0x1
 454 01e5 50       		.byte	0x50
 455 01e6 01       		.uleb128 0x1
 456 01e7 31       		.byte	0x31
 457 01e8 00       		.byte	0
 458 01e9 13       		.uleb128 0x13
 459 01ea 1E000000 		.4byte	.LVL6
 460 01ee 12       		.uleb128 0x12
 461 01ef 01       		.uleb128 0x1
 462 01f0 50       		.byte	0x50
 463 01f1 01       		.uleb128 0x1
 464 01f2 31       		.byte	0x31
 465 01f3 00       		.byte	0
 466 01f4 00       		.byte	0
 467 01f5 14       		.uleb128 0x14
 468 01f6 22000000 		.4byte	.LVL7
 469 01fa A1020000 		.4byte	0x2a1
 470 01fe 00       		.byte	0
 471 01ff 0E       		.uleb128 0xe
 472 0200 0E000000 		.4byte	.LASF30
 473 0204 01       		.byte	0x1
 474 0205 41       		.byte	0x41
 475 0206 00000000 		.4byte	.LFB63
 476 020a 24000000 		.4byte	.LFE63-.LFB63
 477 020e 01       		.uleb128 0x1
 478 020f 9C       		.byte	0x9c
 479 0210 3F020000 		.4byte	0x23f
 480 0214 15       		.uleb128 0x15
 481 0215 10000000 		.4byte	.LVL8
 482 0219 AC020000 		.4byte	0x2ac
 483 021d 2B020000 		.4byte	0x22b
 484 0221 12       		.uleb128 0x12
 485 0222 01       		.uleb128 0x1
 486 0223 50       		.byte	0x50
 487 0224 05       		.uleb128 0x5
 488 0225 03       		.byte	0x3
 489 0226 00000000 		.4byte	csma_cd_rx_isr_rising
 490 022a 00       		.byte	0
 491 022b 16       		.uleb128 0x16
ARM GAS  C:\Users\HENRIC~1\AppData\Local\Temp\cc95wKhe.s 			page 12


 492 022c 16000000 		.4byte	.LVL9
 493 0230 B7020000 		.4byte	0x2b7
 494 0234 12       		.uleb128 0x12
 495 0235 01       		.uleb128 0x1
 496 0236 50       		.byte	0x50
 497 0237 05       		.uleb128 0x5
 498 0238 03       		.byte	0x3
 499 0239 00000000 		.4byte	csma_cd_rx_isr_falling
 500 023d 00       		.byte	0
 501 023e 00       		.byte	0
 502 023f 0E       		.uleb128 0xe
 503 0240 DE020000 		.4byte	.LASF31
 504 0244 01       		.byte	0x1
 505 0245 4E       		.byte	0x4e
 506 0246 00000000 		.4byte	.LFB64
 507 024a 18000000 		.4byte	.LFE64-.LFB64
 508 024e 01       		.uleb128 0x1
 509 024f 9C       		.byte	0x9c
 510 0250 6F020000 		.4byte	0x26f
 511 0254 17       		.uleb128 0x17
 512 0255 D5030000 		.4byte	.LASF32
 513 0259 01       		.byte	0x1
 514 025a 4E       		.byte	0x4e
 515 025b C1000000 		.4byte	0xc1
 516 025f 01       		.uleb128 0x1
 517 0260 50       		.byte	0x50
 518 0261 18       		.uleb128 0x18
 519 0262 666E7400 		.ascii	"fnt\000"
 520 0266 01       		.byte	0x1
 521 0267 4E       		.byte	0x4e
 522 0268 2A010000 		.4byte	0x12a
 523 026c 01       		.uleb128 0x1
 524 026d 51       		.byte	0x51
 525 026e 00       		.byte	0
 526 026f 19       		.uleb128 0x19
 527 0270 58030000 		.4byte	.LASF43
 528 0274 01       		.byte	0x1
 529 0275 21       		.byte	0x21
 530 0276 80020000 		.4byte	0x280
 531 027a 05       		.uleb128 0x5
 532 027b 03       		.byte	0x3
 533 027c 00000000 		.4byte	_callback_table
 534 0280 1A       		.uleb128 0x1a
 535 0281 30010000 		.4byte	0x130
 536 0285 1B       		.uleb128 0x1b
 537 0286 72020000 		.4byte	.LASF44
 538 028a 07       		.byte	0x7
 539 028b 1207     		.2byte	0x712
 540 028d 91020000 		.4byte	0x291
 541 0291 1A       		.uleb128 0x1a
 542 0292 76000000 		.4byte	0x76
 543 0296 1C       		.uleb128 0x1c
 544 0297 F7020000 		.4byte	.LASF33
 545 029b F7020000 		.4byte	.LASF33
 546 029f 05       		.byte	0x5
 547 02a0 28       		.byte	0x28
 548 02a1 1C       		.uleb128 0x1c
ARM GAS  C:\Users\HENRIC~1\AppData\Local\Temp\cc95wKhe.s 			page 13


 549 02a2 46010000 		.4byte	.LASF34
 550 02a6 46010000 		.4byte	.LASF34
 551 02aa 06       		.byte	0x6
 552 02ab 28       		.byte	0x28
 553 02ac 1C       		.uleb128 0x1c
 554 02ad 8C010000 		.4byte	.LASF35
 555 02b1 8C010000 		.4byte	.LASF35
 556 02b5 05       		.byte	0x5
 557 02b6 18       		.byte	0x18
 558 02b7 1C       		.uleb128 0x1c
 559 02b8 79000000 		.4byte	.LASF36
 560 02bc 79000000 		.4byte	.LASF36
 561 02c0 06       		.byte	0x6
 562 02c1 18       		.byte	0x18
 563 02c2 00       		.byte	0
 564              		.section	.debug_abbrev,"",%progbits
 565              	.Ldebug_abbrev0:
 566 0000 01       		.uleb128 0x1
 567 0001 11       		.uleb128 0x11
 568 0002 01       		.byte	0x1
 569 0003 25       		.uleb128 0x25
 570 0004 0E       		.uleb128 0xe
 571 0005 13       		.uleb128 0x13
 572 0006 0B       		.uleb128 0xb
 573 0007 03       		.uleb128 0x3
 574 0008 0E       		.uleb128 0xe
 575 0009 1B       		.uleb128 0x1b
 576 000a 0E       		.uleb128 0xe
 577 000b 55       		.uleb128 0x55
 578 000c 17       		.uleb128 0x17
 579 000d 11       		.uleb128 0x11
 580 000e 01       		.uleb128 0x1
 581 000f 10       		.uleb128 0x10
 582 0010 17       		.uleb128 0x17
 583 0011 00       		.byte	0
 584 0012 00       		.byte	0
 585 0013 02       		.uleb128 0x2
 586 0014 24       		.uleb128 0x24
 587 0015 00       		.byte	0
 588 0016 0B       		.uleb128 0xb
 589 0017 0B       		.uleb128 0xb
 590 0018 3E       		.uleb128 0x3e
 591 0019 0B       		.uleb128 0xb
 592 001a 03       		.uleb128 0x3
 593 001b 0E       		.uleb128 0xe
 594 001c 00       		.byte	0
 595 001d 00       		.byte	0
 596 001e 03       		.uleb128 0x3
 597 001f 16       		.uleb128 0x16
 598 0020 00       		.byte	0
 599 0021 03       		.uleb128 0x3
 600 0022 0E       		.uleb128 0xe
 601 0023 3A       		.uleb128 0x3a
 602 0024 0B       		.uleb128 0xb
 603 0025 3B       		.uleb128 0x3b
 604 0026 0B       		.uleb128 0xb
 605 0027 49       		.uleb128 0x49
ARM GAS  C:\Users\HENRIC~1\AppData\Local\Temp\cc95wKhe.s 			page 14


 606 0028 13       		.uleb128 0x13
 607 0029 00       		.byte	0
 608 002a 00       		.byte	0
 609 002b 04       		.uleb128 0x4
 610 002c 24       		.uleb128 0x24
 611 002d 00       		.byte	0
 612 002e 0B       		.uleb128 0xb
 613 002f 0B       		.uleb128 0xb
 614 0030 3E       		.uleb128 0x3e
 615 0031 0B       		.uleb128 0xb
 616 0032 03       		.uleb128 0x3
 617 0033 08       		.uleb128 0x8
 618 0034 00       		.byte	0
 619 0035 00       		.byte	0
 620 0036 05       		.uleb128 0x5
 621 0037 04       		.uleb128 0x4
 622 0038 01       		.byte	0x1
 623 0039 03       		.uleb128 0x3
 624 003a 0E       		.uleb128 0xe
 625 003b 0B       		.uleb128 0xb
 626 003c 0B       		.uleb128 0xb
 627 003d 49       		.uleb128 0x49
 628 003e 13       		.uleb128 0x13
 629 003f 3A       		.uleb128 0x3a
 630 0040 0B       		.uleb128 0xb
 631 0041 3B       		.uleb128 0x3b
 632 0042 0B       		.uleb128 0xb
 633 0043 01       		.uleb128 0x1
 634 0044 13       		.uleb128 0x13
 635 0045 00       		.byte	0
 636 0046 00       		.byte	0
 637 0047 06       		.uleb128 0x6
 638 0048 28       		.uleb128 0x28
 639 0049 00       		.byte	0
 640 004a 03       		.uleb128 0x3
 641 004b 0E       		.uleb128 0xe
 642 004c 1C       		.uleb128 0x1c
 643 004d 0B       		.uleb128 0xb
 644 004e 00       		.byte	0
 645 004f 00       		.byte	0
 646 0050 07       		.uleb128 0x7
 647 0051 13       		.uleb128 0x13
 648 0052 01       		.byte	0x1
 649 0053 03       		.uleb128 0x3
 650 0054 0E       		.uleb128 0xe
 651 0055 0B       		.uleb128 0xb
 652 0056 0B       		.uleb128 0xb
 653 0057 3A       		.uleb128 0x3a
 654 0058 0B       		.uleb128 0xb
 655 0059 3B       		.uleb128 0x3b
 656 005a 0B       		.uleb128 0xb
 657 005b 01       		.uleb128 0x1
 658 005c 13       		.uleb128 0x13
 659 005d 00       		.byte	0
 660 005e 00       		.byte	0
 661 005f 08       		.uleb128 0x8
 662 0060 0D       		.uleb128 0xd
ARM GAS  C:\Users\HENRIC~1\AppData\Local\Temp\cc95wKhe.s 			page 15


 663 0061 00       		.byte	0
 664 0062 03       		.uleb128 0x3
 665 0063 0E       		.uleb128 0xe
 666 0064 3A       		.uleb128 0x3a
 667 0065 0B       		.uleb128 0xb
 668 0066 3B       		.uleb128 0x3b
 669 0067 0B       		.uleb128 0xb
 670 0068 49       		.uleb128 0x49
 671 0069 13       		.uleb128 0x13
 672 006a 38       		.uleb128 0x38
 673 006b 0B       		.uleb128 0xb
 674 006c 00       		.byte	0
 675 006d 00       		.byte	0
 676 006e 09       		.uleb128 0x9
 677 006f 15       		.uleb128 0x15
 678 0070 01       		.byte	0x1
 679 0071 27       		.uleb128 0x27
 680 0072 19       		.uleb128 0x19
 681 0073 01       		.uleb128 0x1
 682 0074 13       		.uleb128 0x13
 683 0075 00       		.byte	0
 684 0076 00       		.byte	0
 685 0077 0A       		.uleb128 0xa
 686 0078 05       		.uleb128 0x5
 687 0079 00       		.byte	0
 688 007a 49       		.uleb128 0x49
 689 007b 13       		.uleb128 0x13
 690 007c 00       		.byte	0
 691 007d 00       		.byte	0
 692 007e 0B       		.uleb128 0xb
 693 007f 0F       		.uleb128 0xf
 694 0080 00       		.byte	0
 695 0081 0B       		.uleb128 0xb
 696 0082 0B       		.uleb128 0xb
 697 0083 49       		.uleb128 0x49
 698 0084 13       		.uleb128 0x13
 699 0085 00       		.byte	0
 700 0086 00       		.byte	0
 701 0087 0C       		.uleb128 0xc
 702 0088 2E       		.uleb128 0x2e
 703 0089 01       		.byte	0x1
 704 008a 03       		.uleb128 0x3
 705 008b 0E       		.uleb128 0xe
 706 008c 3A       		.uleb128 0x3a
 707 008d 0B       		.uleb128 0xb
 708 008e 3B       		.uleb128 0x3b
 709 008f 0B       		.uleb128 0xb
 710 0090 27       		.uleb128 0x27
 711 0091 19       		.uleb128 0x19
 712 0092 20       		.uleb128 0x20
 713 0093 0B       		.uleb128 0xb
 714 0094 01       		.uleb128 0x1
 715 0095 13       		.uleb128 0x13
 716 0096 00       		.byte	0
 717 0097 00       		.byte	0
 718 0098 0D       		.uleb128 0xd
 719 0099 05       		.uleb128 0x5
ARM GAS  C:\Users\HENRIC~1\AppData\Local\Temp\cc95wKhe.s 			page 16


 720 009a 00       		.byte	0
 721 009b 03       		.uleb128 0x3
 722 009c 0E       		.uleb128 0xe
 723 009d 3A       		.uleb128 0x3a
 724 009e 0B       		.uleb128 0xb
 725 009f 3B       		.uleb128 0x3b
 726 00a0 0B       		.uleb128 0xb
 727 00a1 49       		.uleb128 0x49
 728 00a2 13       		.uleb128 0x13
 729 00a3 00       		.byte	0
 730 00a4 00       		.byte	0
 731 00a5 0E       		.uleb128 0xe
 732 00a6 2E       		.uleb128 0x2e
 733 00a7 01       		.byte	0x1
 734 00a8 3F       		.uleb128 0x3f
 735 00a9 19       		.uleb128 0x19
 736 00aa 03       		.uleb128 0x3
 737 00ab 0E       		.uleb128 0xe
 738 00ac 3A       		.uleb128 0x3a
 739 00ad 0B       		.uleb128 0xb
 740 00ae 3B       		.uleb128 0x3b
 741 00af 0B       		.uleb128 0xb
 742 00b0 27       		.uleb128 0x27
 743 00b1 19       		.uleb128 0x19
 744 00b2 11       		.uleb128 0x11
 745 00b3 01       		.uleb128 0x1
 746 00b4 12       		.uleb128 0x12
 747 00b5 06       		.uleb128 0x6
 748 00b6 40       		.uleb128 0x40
 749 00b7 18       		.uleb128 0x18
 750 00b8 9742     		.uleb128 0x2117
 751 00ba 19       		.uleb128 0x19
 752 00bb 01       		.uleb128 0x1
 753 00bc 13       		.uleb128 0x13
 754 00bd 00       		.byte	0
 755 00be 00       		.byte	0
 756 00bf 0F       		.uleb128 0xf
 757 00c0 1D       		.uleb128 0x1d
 758 00c1 01       		.byte	0x1
 759 00c2 31       		.uleb128 0x31
 760 00c3 13       		.uleb128 0x13
 761 00c4 11       		.uleb128 0x11
 762 00c5 01       		.uleb128 0x1
 763 00c6 12       		.uleb128 0x12
 764 00c7 06       		.uleb128 0x6
 765 00c8 58       		.uleb128 0x58
 766 00c9 0B       		.uleb128 0xb
 767 00ca 59       		.uleb128 0x59
 768 00cb 0B       		.uleb128 0xb
 769 00cc 01       		.uleb128 0x1
 770 00cd 13       		.uleb128 0x13
 771 00ce 00       		.byte	0
 772 00cf 00       		.byte	0
 773 00d0 10       		.uleb128 0x10
 774 00d1 05       		.uleb128 0x5
 775 00d2 00       		.byte	0
 776 00d3 31       		.uleb128 0x31
ARM GAS  C:\Users\HENRIC~1\AppData\Local\Temp\cc95wKhe.s 			page 17


 777 00d4 13       		.uleb128 0x13
 778 00d5 02       		.uleb128 0x2
 779 00d6 17       		.uleb128 0x17
 780 00d7 00       		.byte	0
 781 00d8 00       		.byte	0
 782 00d9 11       		.uleb128 0x11
 783 00da 898201   		.uleb128 0x4109
 784 00dd 01       		.byte	0x1
 785 00de 11       		.uleb128 0x11
 786 00df 01       		.uleb128 0x1
 787 00e0 01       		.uleb128 0x1
 788 00e1 13       		.uleb128 0x13
 789 00e2 00       		.byte	0
 790 00e3 00       		.byte	0
 791 00e4 12       		.uleb128 0x12
 792 00e5 8A8201   		.uleb128 0x410a
 793 00e8 00       		.byte	0
 794 00e9 02       		.uleb128 0x2
 795 00ea 18       		.uleb128 0x18
 796 00eb 9142     		.uleb128 0x2111
 797 00ed 18       		.uleb128 0x18
 798 00ee 00       		.byte	0
 799 00ef 00       		.byte	0
 800 00f0 13       		.uleb128 0x13
 801 00f1 898201   		.uleb128 0x4109
 802 00f4 01       		.byte	0x1
 803 00f5 11       		.uleb128 0x11
 804 00f6 01       		.uleb128 0x1
 805 00f7 00       		.byte	0
 806 00f8 00       		.byte	0
 807 00f9 14       		.uleb128 0x14
 808 00fa 898201   		.uleb128 0x4109
 809 00fd 00       		.byte	0
 810 00fe 11       		.uleb128 0x11
 811 00ff 01       		.uleb128 0x1
 812 0100 31       		.uleb128 0x31
 813 0101 13       		.uleb128 0x13
 814 0102 00       		.byte	0
 815 0103 00       		.byte	0
 816 0104 15       		.uleb128 0x15
 817 0105 898201   		.uleb128 0x4109
 818 0108 01       		.byte	0x1
 819 0109 11       		.uleb128 0x11
 820 010a 01       		.uleb128 0x1
 821 010b 31       		.uleb128 0x31
 822 010c 13       		.uleb128 0x13
 823 010d 01       		.uleb128 0x1
 824 010e 13       		.uleb128 0x13
 825 010f 00       		.byte	0
 826 0110 00       		.byte	0
 827 0111 16       		.uleb128 0x16
 828 0112 898201   		.uleb128 0x4109
 829 0115 01       		.byte	0x1
 830 0116 11       		.uleb128 0x11
 831 0117 01       		.uleb128 0x1
 832 0118 31       		.uleb128 0x31
 833 0119 13       		.uleb128 0x13
ARM GAS  C:\Users\HENRIC~1\AppData\Local\Temp\cc95wKhe.s 			page 18


 834 011a 00       		.byte	0
 835 011b 00       		.byte	0
 836 011c 17       		.uleb128 0x17
 837 011d 05       		.uleb128 0x5
 838 011e 00       		.byte	0
 839 011f 03       		.uleb128 0x3
 840 0120 0E       		.uleb128 0xe
 841 0121 3A       		.uleb128 0x3a
 842 0122 0B       		.uleb128 0xb
 843 0123 3B       		.uleb128 0x3b
 844 0124 0B       		.uleb128 0xb
 845 0125 49       		.uleb128 0x49
 846 0126 13       		.uleb128 0x13
 847 0127 02       		.uleb128 0x2
 848 0128 18       		.uleb128 0x18
 849 0129 00       		.byte	0
 850 012a 00       		.byte	0
 851 012b 18       		.uleb128 0x18
 852 012c 05       		.uleb128 0x5
 853 012d 00       		.byte	0
 854 012e 03       		.uleb128 0x3
 855 012f 08       		.uleb128 0x8
 856 0130 3A       		.uleb128 0x3a
 857 0131 0B       		.uleb128 0xb
 858 0132 3B       		.uleb128 0x3b
 859 0133 0B       		.uleb128 0xb
 860 0134 49       		.uleb128 0x49
 861 0135 13       		.uleb128 0x13
 862 0136 02       		.uleb128 0x2
 863 0137 18       		.uleb128 0x18
 864 0138 00       		.byte	0
 865 0139 00       		.byte	0
 866 013a 19       		.uleb128 0x19
 867 013b 34       		.uleb128 0x34
 868 013c 00       		.byte	0
 869 013d 03       		.uleb128 0x3
 870 013e 0E       		.uleb128 0xe
 871 013f 3A       		.uleb128 0x3a
 872 0140 0B       		.uleb128 0xb
 873 0141 3B       		.uleb128 0x3b
 874 0142 0B       		.uleb128 0xb
 875 0143 49       		.uleb128 0x49
 876 0144 13       		.uleb128 0x13
 877 0145 02       		.uleb128 0x2
 878 0146 18       		.uleb128 0x18
 879 0147 00       		.byte	0
 880 0148 00       		.byte	0
 881 0149 1A       		.uleb128 0x1a
 882 014a 35       		.uleb128 0x35
 883 014b 00       		.byte	0
 884 014c 49       		.uleb128 0x49
 885 014d 13       		.uleb128 0x13
 886 014e 00       		.byte	0
 887 014f 00       		.byte	0
 888 0150 1B       		.uleb128 0x1b
 889 0151 34       		.uleb128 0x34
 890 0152 00       		.byte	0
ARM GAS  C:\Users\HENRIC~1\AppData\Local\Temp\cc95wKhe.s 			page 19


 891 0153 03       		.uleb128 0x3
 892 0154 0E       		.uleb128 0xe
 893 0155 3A       		.uleb128 0x3a
 894 0156 0B       		.uleb128 0xb
 895 0157 3B       		.uleb128 0x3b
 896 0158 05       		.uleb128 0x5
 897 0159 49       		.uleb128 0x49
 898 015a 13       		.uleb128 0x13
 899 015b 3F       		.uleb128 0x3f
 900 015c 19       		.uleb128 0x19
 901 015d 3C       		.uleb128 0x3c
 902 015e 19       		.uleb128 0x19
 903 015f 00       		.byte	0
 904 0160 00       		.byte	0
 905 0161 1C       		.uleb128 0x1c
 906 0162 2E       		.uleb128 0x2e
 907 0163 00       		.byte	0
 908 0164 3F       		.uleb128 0x3f
 909 0165 19       		.uleb128 0x19
 910 0166 3C       		.uleb128 0x3c
 911 0167 19       		.uleb128 0x19
 912 0168 6E       		.uleb128 0x6e
 913 0169 0E       		.uleb128 0xe
 914 016a 03       		.uleb128 0x3
 915 016b 0E       		.uleb128 0xe
 916 016c 3A       		.uleb128 0x3a
 917 016d 0B       		.uleb128 0xb
 918 016e 3B       		.uleb128 0x3b
 919 016f 0B       		.uleb128 0xb
 920 0170 00       		.byte	0
 921 0171 00       		.byte	0
 922 0172 00       		.byte	0
 923              		.section	.debug_loc,"",%progbits
 924              	.Ldebug_loc0:
 925              	.LLST0:
 926 0000 02000000 		.4byte	.LVL0
 927 0004 1E000000 		.4byte	.LVL2
 928 0008 0200     		.2byte	0x2
 929 000a 30       		.byte	0x30
 930 000b 9F       		.byte	0x9f
 931 000c 00000000 		.4byte	0
 932 0010 00000000 		.4byte	0
 933              	.LLST1:
 934 0014 02000000 		.4byte	.LVL4
 935 0018 1E000000 		.4byte	.LVL6
 936 001c 0200     		.2byte	0x2
 937 001e 31       		.byte	0x31
 938 001f 9F       		.byte	0x9f
 939 0020 00000000 		.4byte	0
 940 0024 00000000 		.4byte	0
 941              		.section	.debug_aranges,"",%progbits
 942 0000 34000000 		.4byte	0x34
 943 0004 0200     		.2byte	0x2
 944 0006 00000000 		.4byte	.Ldebug_info0
 945 000a 04       		.byte	0x4
 946 000b 00       		.byte	0
 947 000c 0000     		.2byte	0
ARM GAS  C:\Users\HENRIC~1\AppData\Local\Temp\cc95wKhe.s 			page 20


 948 000e 0000     		.2byte	0
 949 0010 00000000 		.4byte	.LFB65
 950 0014 28000000 		.4byte	.LFE65-.LFB65
 951 0018 00000000 		.4byte	.LFB66
 952 001c 28000000 		.4byte	.LFE66-.LFB66
 953 0020 00000000 		.4byte	.LFB63
 954 0024 24000000 		.4byte	.LFE63-.LFB63
 955 0028 00000000 		.4byte	.LFB64
 956 002c 18000000 		.4byte	.LFE64-.LFB64
 957 0030 00000000 		.4byte	0
 958 0034 00000000 		.4byte	0
 959              		.section	.debug_ranges,"",%progbits
 960              	.Ldebug_ranges0:
 961 0000 00000000 		.4byte	.LFB65
 962 0004 28000000 		.4byte	.LFE65
 963 0008 00000000 		.4byte	.LFB66
 964 000c 28000000 		.4byte	.LFE66
 965 0010 00000000 		.4byte	.LFB63
 966 0014 24000000 		.4byte	.LFE63
 967 0018 00000000 		.4byte	.LFB64
 968 001c 18000000 		.4byte	.LFE64
 969 0020 00000000 		.4byte	0
 970 0024 00000000 		.4byte	0
 971              		.section	.debug_line,"",%progbits
 972              	.Ldebug_line0:
 973 0000 E8010000 		.section	.debug_str,"MS",%progbits,1
 973      02008801 
 973      00000201 
 973      FB0E0D00 
 973      01010101 
 974              	.LASF38:
 975 0000 43534D41 		.ascii	"CSMA_CD_Bus.c\000"
 975      5F43445F 
 975      4275732E 
 975      6300
 976              	.LASF30:
 977 000e 63736D61 		.ascii	"csma_bus_init\000"
 977      5F627573 
 977      5F696E69 
 977      7400
 978              	.LASF20:
 979 001c 43534D41 		.ascii	"CSMA_CD_Edge\000"
 979      5F43445F 
 979      45646765 
 979      00
 980              	.LASF28:
 981 0029 63736D61 		.ascii	"csma_cd_rx_isr_rising\000"
 981      5F63645F 
 981      72785F69 
 981      73725F72 
 981      6973696E 
 982              	.LASF9:
 983 003f 5F5F696E 		.ascii	"__int32_t\000"
 983      7433325F 
 983      7400
 984              	.LASF26:
 985 0049 72656365 		.ascii	"receive\000"
ARM GAS  C:\Users\HENRIC~1\AppData\Local\Temp\cc95wKhe.s 			page 21


 985      69766500 
 986              	.LASF18:
 987 0051 43534D41 		.ascii	"CSMA_CD_Callback_e\000"
 987      5F43445F 
 987      43616C6C 
 987      6261636B 
 987      5F6500
 988              	.LASF23:
 989 0064 43534D41 		.ascii	"CSMA_CD_EDGE_UNKNOWN\000"
 989      5F43445F 
 989      45444745 
 989      5F554E4B 
 989      4E4F574E 
 990              	.LASF36:
 991 0079 43534D41 		.ascii	"CSMA_RX_int_falling_StartEx\000"
 991      5F52585F 
 991      696E745F 
 991      66616C6C 
 991      696E675F 
 992              	.LASF11:
 993 0095 666C6F61 		.ascii	"float\000"
 993      7400
 994              	.LASF17:
 995 009b 43534D41 		.ascii	"CSMA_CD_BUS_RECEIVE_CALLBACK\000"
 995      5F43445F 
 995      4255535F 
 995      52454345 
 995      4956455F 
 996              	.LASF37:
 997 00b8 474E5520 		.ascii	"GNU C11 5.4.1 20160609 (release) [ARM/embedded-5-br"
 997      43313120 
 997      352E342E 
 997      31203230 
 997      31363036 
 998 00eb 616E6368 		.ascii	"anch revision 237715] -mcpu=cortex-m3 -mthumb -g -O"
 998      20726576 
 998      6973696F 
 998      6E203233 
 998      37373135 
 999 011e 67202D66 		.ascii	"g -ffunction-sections -ffat-lto-objects\000"
 999      66756E63 
 999      74696F6E 
 999      2D736563 
 999      74696F6E 
 1000              	.LASF34:
 1001 0146 43534D41 		.ascii	"CSMA_RX_int_falling_ClearPending\000"
 1001      5F52585F 
 1001      696E745F 
 1001      66616C6C 
 1001      696E675F 
 1002              	.LASF5:
 1003 0167 6C6F6E67 		.ascii	"long unsigned int\000"
 1003      20756E73 
 1003      69676E65 
 1003      6420696E 
 1003      7400
 1004              	.LASF3:
ARM GAS  C:\Users\HENRIC~1\AppData\Local\Temp\cc95wKhe.s 			page 22


 1005 0179 73686F72 		.ascii	"short unsigned int\000"
 1005      7420756E 
 1005      7369676E 
 1005      65642069 
 1005      6E7400
 1006              	.LASF35:
 1007 018c 43534D41 		.ascii	"CSMA_RX_int_rising_StartEx\000"
 1007      5F52585F 
 1007      696E745F 
 1007      72697369 
 1007      6E675F53 
 1008              	.LASF41:
 1009 01a7 63736D61 		.ascii	"csma_bus_run_table\000"
 1009      5F627573 
 1009      5F72756E 
 1009      5F746162 
 1009      6C6500
 1010              	.LASF1:
 1011 01ba 756E7369 		.ascii	"unsigned char\000"
 1011      676E6564 
 1011      20636861 
 1011      7200
 1012              	.LASF39:
 1013 01c8 433A5C55 		.ascii	"C:\\Users\\henrichsc\\Desktop\\School\\Senior_year\\"
 1013      73657273 
 1013      5C68656E 
 1013      72696368 
 1013      73635C44 
 1014 01f6 77696E74 		.ascii	"winter\\ce4950\\ce4950-term-project\\Workspace1\\ce"
 1014      65725C63 
 1014      65343935 
 1014      305C6365 
 1014      34393530 
 1015 0225 34393530 		.ascii	"4950-term-project.cydsn\000"
 1015      2D746572 
 1015      6D2D7072 
 1015      6F6A6563 
 1015      742E6379 
 1016              	.LASF12:
 1017 023d 646F7562 		.ascii	"double\000"
 1017      6C6500
 1018              	.LASF25:
 1019 0244 63685F6D 		.ascii	"ch_monitor\000"
 1019      6F6E6974 
 1019      6F7200
 1020              	.LASF24:
 1021 024f 43534D41 		.ascii	"CSMA_CD_Edge_e\000"
 1021      5F43445F 
 1021      45646765 
 1021      5F6500
 1022              	.LASF21:
 1023 025e 43534D41 		.ascii	"CSMA_CD_EDGE_RISING\000"
 1023      5F43445F 
 1023      45444745 
 1023      5F524953 
 1023      494E4700 
 1024              	.LASF44:
ARM GAS  C:\Users\HENRIC~1\AppData\Local\Temp\cc95wKhe.s 			page 23


 1025 0272 49544D5F 		.ascii	"ITM_RxBuffer\000"
 1025      52784275 
 1025      66666572 
 1025      00
 1026              	.LASF8:
 1027 027f 756E7369 		.ascii	"unsigned int\000"
 1027      676E6564 
 1027      20696E74 
 1027      00
 1028              	.LASF40:
 1029 028c 43534D41 		.ascii	"CSMA_CD_Bus_Callback_Table\000"
 1029      5F43445F 
 1029      4275735F 
 1029      43616C6C 
 1029      6261636B 
 1030              	.LASF16:
 1031 02a7 43534D41 		.ascii	"CSMA_CD_BUS_CH_MONITOR_CALLBACK\000"
 1031      5F43445F 
 1031      4255535F 
 1031      43485F4D 
 1031      4F4E4954 
 1032              	.LASF7:
 1033 02c7 6C6F6E67 		.ascii	"long long unsigned int\000"
 1033      206C6F6E 
 1033      6720756E 
 1033      7369676E 
 1033      65642069 
 1034              	.LASF31:
 1035 02de 63736D61 		.ascii	"csma_bus_assign_callback\000"
 1035      5F627573 
 1035      5F617373 
 1035      69676E5F 
 1035      63616C6C 
 1036              	.LASF33:
 1037 02f7 43534D41 		.ascii	"CSMA_RX_int_rising_ClearPending\000"
 1037      5F52585F 
 1037      696E745F 
 1037      72697369 
 1037      6E675F43 
 1038              	.LASF10:
 1039 0317 696E7433 		.ascii	"int32_t\000"
 1039      325F7400 
 1040              	.LASF27:
 1041 031f 43534D41 		.ascii	"CSMA_CD_Bus_Callback_Table_t\000"
 1041      5F43445F 
 1041      4275735F 
 1041      43616C6C 
 1041      6261636B 
 1042              	.LASF42:
 1043 033c 65646765 		.ascii	"edge\000"
 1043      00
 1044              	.LASF15:
 1045 0341 73697A65 		.ascii	"sizetype\000"
 1045      74797065 
 1045      00
 1046              	.LASF6:
 1047 034a 6C6F6E67 		.ascii	"long long int\000"
ARM GAS  C:\Users\HENRIC~1\AppData\Local\Temp\cc95wKhe.s 			page 24


 1047      206C6F6E 
 1047      6720696E 
 1047      7400
 1048              	.LASF43:
 1049 0358 5F63616C 		.ascii	"_callback_table\000"
 1049      6C626163 
 1049      6B5F7461 
 1049      626C6500 
 1050              	.LASF13:
 1051 0368 63686172 		.ascii	"char\000"
 1051      00
 1052              	.LASF22:
 1053 036d 43534D41 		.ascii	"CSMA_CD_EDGE_FALLING\000"
 1053      5F43445F 
 1053      45444745 
 1053      5F46414C 
 1053      4C494E47 
 1054              	.LASF2:
 1055 0382 73686F72 		.ascii	"short int\000"
 1055      7420696E 
 1055      7400
 1056              	.LASF29:
 1057 038c 63736D61 		.ascii	"csma_cd_rx_isr_falling\000"
 1057      5F63645F 
 1057      72785F69 
 1057      73725F66 
 1057      616C6C69 
 1058              	.LASF4:
 1059 03a3 6C6F6E67 		.ascii	"long int\000"
 1059      20696E74 
 1059      00
 1060              	.LASF14:
 1061 03ac 6C6F6E67 		.ascii	"long double\000"
 1061      20646F75 
 1061      626C6500 
 1062              	.LASF0:
 1063 03b8 7369676E 		.ascii	"signed char\000"
 1063      65642063 
 1063      68617200 
 1064              	.LASF19:
 1065 03c4 43534D41 		.ascii	"CSMA_CD_Callback\000"
 1065      5F43445F 
 1065      43616C6C 
 1065      6261636B 
 1065      00
 1066              	.LASF32:
 1067 03d5 6E616D65 		.ascii	"name\000"
 1067      00
 1068              		.ident	"GCC: (GNU Tools for ARM Embedded Processors) 5.4.1 20160609 (release) [ARM/embedded-5-bran
