ARM GAS  C:\Users\HENRIC~1\AppData\Local\Temp\ccq3SN1g.s 			page 1


   1              		.syntax unified
   2              		.cpu cortex-m3
   3              		.fpu softvfp
   4              		.eabi_attribute 20, 1
   5              		.eabi_attribute 21, 1
   6              		.eabi_attribute 23, 3
   7              		.eabi_attribute 24, 1
   8              		.eabi_attribute 25, 1
   9              		.eabi_attribute 26, 1
  10              		.eabi_attribute 30, 1
  11              		.eabi_attribute 34, 1
  12              		.eabi_attribute 18, 4
  13              		.thumb
  14              		.syntax unified
  15              		.file	"cymetadata.c"
  16              		.text
  17              	.Ltext0:
  18              		.cfi_sections	.debug_frame
  19              		.global	cy_metadata
  20              		.global	cy_meta_flashprotect
  21              		.global	cy_meta_wonvl
  22              		.global	cy_meta_custnvl
  23              		.global	cy_meta_configecc
  24              		.section	.cyconfigecc,"a",%progbits
  25              		.align	2
  26              		.type	cy_meta_configecc, %object
  27              		.size	cy_meta_configecc, 2352
  28              	cy_meta_configecc:
  29 0000 01       		.byte	1
  30 0001 45       		.byte	69
  31 0002 00       		.byte	0
  32 0003 40       		.byte	64
  33 0004 01       		.byte	1
  34 0005 4F       		.byte	79
  35 0006 00       		.byte	0
  36 0007 40       		.byte	64
  37 0008 05       		.byte	5
  38 0009 52       		.byte	82
  39 000a 00       		.byte	0
  40 000b 40       		.byte	64
  41 000c 02       		.byte	2
  42 000d 5A       		.byte	90
  43 000e 00       		.byte	0
  44 000f 40       		.byte	64
  45 0010 01       		.byte	1
  46 0011 5B       		.byte	91
  47 0012 00       		.byte	0
  48 0013 40       		.byte	64
  49 0014 07       		.byte	7
  50 0015 64       		.byte	100
  51 0016 00       		.byte	0
  52 0017 40       		.byte	64
  53 0018 05       		.byte	5
  54 0019 65       		.byte	101
  55 001a 00       		.byte	0
  56 001b 40       		.byte	64
  57 001c 03       		.byte	3
ARM GAS  C:\Users\HENRIC~1\AppData\Local\Temp\ccq3SN1g.s 			page 2


  58 001d 03       		.byte	3
  59 001e 01       		.byte	1
  60 001f 40       		.byte	64
  61 0020 04       		.byte	4
  62 0021 04       		.byte	4
  63 0022 01       		.byte	1
  64 0023 40       		.byte	64
  65 0024 05       		.byte	5
  66 0025 05       		.byte	5
  67 0026 01       		.byte	1
  68 0027 40       		.byte	64
  69 0028 02       		.byte	2
  70 0029 07       		.byte	7
  71 002a 01       		.byte	1
  72 002b 40       		.byte	64
  73 002c 54       		.byte	84
  74 002d 08       		.byte	8
  75 002e 01       		.byte	1
  76 002f 40       		.byte	64
  77 0030 38       		.byte	56
  78 0031 09       		.byte	9
  79 0032 01       		.byte	1
  80 0033 40       		.byte	64
  81 0034 47       		.byte	71
  82 0035 0A       		.byte	10
  83 0036 01       		.byte	1
  84 0037 40       		.byte	64
  85 0038 38       		.byte	56
  86 0039 0B       		.byte	11
  87 003a 01       		.byte	1
  88 003b 40       		.byte	64
  89 003c 33       		.byte	51
  90 003d 0C       		.byte	12
  91 003e 01       		.byte	1
  92 003f 40       		.byte	64
  93 0040 23       		.byte	35
  94 0041 0D       		.byte	13
  95 0042 01       		.byte	1
  96 0043 40       		.byte	64
  97 0044 57       		.byte	87
  98 0045 14       		.byte	20
  99 0046 01       		.byte	1
 100 0047 40       		.byte	64
 101 0048 36       		.byte	54
 102 0049 15       		.byte	21
 103 004a 01       		.byte	1
 104 004b 40       		.byte	64
 105 004c 55       		.byte	85
 106 004d 16       		.byte	22
 107 004e 01       		.byte	1
 108 004f 40       		.byte	64
 109 0050 2F       		.byte	47
 110 0051 17       		.byte	23
 111 0052 01       		.byte	1
 112 0053 40       		.byte	64
 113 0054 4C       		.byte	76
 114 0055 18       		.byte	24
ARM GAS  C:\Users\HENRIC~1\AppData\Local\Temp\ccq3SN1g.s 			page 3


 115 0056 01       		.byte	1
 116 0057 40       		.byte	64
 117 0058 44       		.byte	68
 118 0059 19       		.byte	25
 119 005a 01       		.byte	1
 120 005b 40       		.byte	64
 121 005c 41       		.byte	65
 122 005d 1A       		.byte	26
 123 005e 01       		.byte	1
 124 005f 40       		.byte	64
 125 0060 36       		.byte	54
 126 0061 1B       		.byte	27
 127 0062 01       		.byte	1
 128 0063 40       		.byte	64
 129 0064 07       		.byte	7
 130 0065 40       		.byte	64
 131 0066 01       		.byte	1
 132 0067 40       		.byte	64
 133 0068 0E       		.byte	14
 134 0069 41       		.byte	65
 135 006a 01       		.byte	1
 136 006b 40       		.byte	64
 137 006c 0A       		.byte	10
 138 006d 42       		.byte	66
 139 006e 01       		.byte	1
 140 006f 40       		.byte	64
 141 0070 09       		.byte	9
 142 0071 43       		.byte	67
 143 0072 01       		.byte	1
 144 0073 40       		.byte	64
 145 0074 04       		.byte	4
 146 0075 44       		.byte	68
 147 0076 01       		.byte	1
 148 0077 40       		.byte	64
 149 0078 07       		.byte	7
 150 0079 45       		.byte	69
 151 007a 01       		.byte	1
 152 007b 40       		.byte	64
 153 007c 09       		.byte	9
 154 007d 46       		.byte	70
 155 007e 01       		.byte	1
 156 007f 40       		.byte	64
 157 0080 0A       		.byte	10
 158 0081 47       		.byte	71
 159 0082 01       		.byte	1
 160 0083 40       		.byte	64
 161 0084 10       		.byte	16
 162 0085 48       		.byte	72
 163 0086 01       		.byte	1
 164 0087 40       		.byte	64
 165 0088 13       		.byte	19
 166 0089 49       		.byte	73
 167 008a 01       		.byte	1
 168 008b 40       		.byte	64
 169 008c 0B       		.byte	11
 170 008d 4C       		.byte	76
 171 008e 01       		.byte	1
ARM GAS  C:\Users\HENRIC~1\AppData\Local\Temp\ccq3SN1g.s 			page 4


 172 008f 40       		.byte	64
 173 0090 09       		.byte	9
 174 0091 4D       		.byte	77
 175 0092 01       		.byte	1
 176 0093 40       		.byte	64
 177 0094 0A       		.byte	10
 178 0095 50       		.byte	80
 179 0096 01       		.byte	1
 180 0097 40       		.byte	64
 181 0098 04       		.byte	4
 182 0099 51       		.byte	81
 183 009a 01       		.byte	1
 184 009b 40       		.byte	64
 185 009c 7E       		.byte	126
 186 009d 02       		.byte	2
 187 009e 0A       		.byte	10
 188 009f C6       		.byte	-58
 189 00a0 19       		.byte	25
 190 00a1 08       		.byte	8
 191 00a2 2E       		.byte	46
 192 00a3 7F       		.byte	127
 193 00a4 60       		.byte	96
 194 00a5 10       		.byte	16
 195 00a6 61       		.byte	97
 196 00a7 10       		.byte	16
 197 00a8 7C       		.byte	124
 198 00a9 40       		.byte	64
 199 00aa 9F       		.byte	-97
 200 00ab 01       		.byte	1
 201 00ac DF       		.byte	-33
 202 00ad 04       		.byte	4
 203 00ae 2F       		.byte	47
 204 00af 84       		.byte	-124
 205 00b0 0A       		.byte	10
 206 00b1 FF       		.byte	-1
 207 00b2 0B       		.byte	11
 208 00b3 FF       		.byte	-1
 209 00b4 1A       		.byte	26
 210 00b5 FF       		.byte	-1
 211 00b6 1B       		.byte	27
 212 00b7 FF       		.byte	-1
 213 00b8 2A       		.byte	42
 214 00b9 FF       		.byte	-1
 215 00ba 2B       		.byte	43
 216 00bb FF       		.byte	-1
 217 00bc 8C       		.byte	-116
 218 00bd 0D       		.byte	13
 219 00be 85       		.byte	-123
 220 00bf 67       		.byte	103
 221 00c0 87       		.byte	-121
 222 00c1 67       		.byte	103
 223 00c2 89       		.byte	-119
 224 00c3 0D       		.byte	13
 225 00c4 8A       		.byte	-118
 226 00c5 1F       		.byte	31
 227 00c6 8B       		.byte	-117
 228 00c7 0D       		.byte	13
ARM GAS  C:\Users\HENRIC~1\AppData\Local\Temp\ccq3SN1g.s 			page 5


 229 00c8 E2       		.byte	-30
 230 00c9 08       		.byte	8
 231 00ca E6       		.byte	-26
 232 00cb 40       		.byte	64
 233 00cc EE       		.byte	-18
 234 00cd 02       		.byte	2
 235 00ce 39       		.byte	57
 236 00cf 20       		.byte	32
 237 00d0 3F       		.byte	63
 238 00d1 10       		.byte	16
 239 00d2 59       		.byte	89
 240 00d3 04       		.byte	4
 241 00d4 5F       		.byte	95
 242 00d5 01       		.byte	1
 243 00d6 20       		.byte	32
 244 00d7 08       		.byte	8
 245 00d8 21       		.byte	33
 246 00d9 10       		.byte	16
 247 00da E6       		.byte	-26
 248 00db 01       		.byte	1
 249 00dc EA       		.byte	-22
 250 00dd 08       		.byte	8
 251 00de EE       		.byte	-18
 252 00df 08       		.byte	8
 253 00e0 A0       		.byte	-96
 254 00e1 04       		.byte	4
 255 00e2 AD       		.byte	-83
 256 00e3 10       		.byte	16
 257 00e4 40       		.byte	64
 258 00e5 40       		.byte	64
 259 00e6 41       		.byte	65
 260 00e7 03       		.byte	3
 261 00e8 49       		.byte	73
 262 00e9 FF       		.byte	-1
 263 00ea 4A       		.byte	74
 264 00eb FF       		.byte	-1
 265 00ec 4B       		.byte	75
 266 00ed FF       		.byte	-1
 267 00ee 4D       		.byte	77
 268 00ef A0       		.byte	-96
 269 00f0 4F       		.byte	79
 270 00f1 04       		.byte	4
 271 00f2 50       		.byte	80
 272 00f3 18       		.byte	24
 273 00f4 56       		.byte	86
 274 00f5 08       		.byte	8
 275 00f6 5A       		.byte	90
 276 00f7 04       		.byte	4
 277 00f8 5B       		.byte	91
 278 00f9 04       		.byte	4
 279 00fa 5D       		.byte	93
 280 00fb 93       		.byte	-109
 281 00fc 5F       		.byte	95
 282 00fd 01       		.byte	1
 283 00fe 60       		.byte	96
 284 00ff 40       		.byte	64
 285 0100 62       		.byte	98
ARM GAS  C:\Users\HENRIC~1\AppData\Local\Temp\ccq3SN1g.s 			page 6


 286 0101 C0       		.byte	-64
 287 0102 64       		.byte	100
 288 0103 40       		.byte	64
 289 0104 65       		.byte	101
 290 0105 40       		.byte	64
 291 0106 66       		.byte	102
 292 0107 C0       		.byte	-64
 293 0108 68       		.byte	104
 294 0109 C0       		.byte	-64
 295 010a 6A       		.byte	106
 296 010b C0       		.byte	-64
 297 010c 6C       		.byte	108
 298 010d C0       		.byte	-64
 299 010e 6E       		.byte	110
 300 010f C0       		.byte	-64
 301 0110 82       		.byte	-126
 302 0111 20       		.byte	32
 303 0112 84       		.byte	-124
 304 0113 01       		.byte	1
 305 0114 87       		.byte	-121
 306 0115 02       		.byte	2
 307 0116 89       		.byte	-119
 308 0117 08       		.byte	8
 309 0118 8C       		.byte	-116
 310 0119 08       		.byte	8
 311 011a 8D       		.byte	-115
 312 011b 06       		.byte	6
 313 011c 8E       		.byte	-114
 314 011d 10       		.byte	16
 315 011e 8F       		.byte	-113
 316 011f 08       		.byte	8
 317 0120 92       		.byte	-110
 318 0121 08       		.byte	8
 319 0122 94       		.byte	-108
 320 0123 18       		.byte	24
 321 0124 95       		.byte	-107
 322 0125 02       		.byte	2
 323 0126 99       		.byte	-103
 324 0127 02       		.byte	2
 325 0128 9C       		.byte	-100
 326 0129 10       		.byte	16
 327 012a 9D       		.byte	-99
 328 012b 02       		.byte	2
 329 012c 9E       		.byte	-98
 330 012d 08       		.byte	8
 331 012e A0       		.byte	-96
 332 012f 02       		.byte	2
 333 0130 A1       		.byte	-95
 334 0131 02       		.byte	2
 335 0132 A2       		.byte	-94
 336 0133 04       		.byte	4
 337 0134 A6       		.byte	-90
 338 0135 03       		.byte	3
 339 0136 A7       		.byte	-89
 340 0137 01       		.byte	1
 341 0138 A9       		.byte	-87
 342 0139 08       		.byte	8
ARM GAS  C:\Users\HENRIC~1\AppData\Local\Temp\ccq3SN1g.s 			page 7


 343 013a AA       		.byte	-86
 344 013b 10       		.byte	16
 345 013c AB       		.byte	-85
 346 013d 04       		.byte	4
 347 013e AD       		.byte	-83
 348 013f 0C       		.byte	12
 349 0140 AE       		.byte	-82
 350 0141 04       		.byte	4
 351 0142 AF       		.byte	-81
 352 0143 02       		.byte	2
 353 0144 B0       		.byte	-80
 354 0145 06       		.byte	6
 355 0146 B1       		.byte	-79
 356 0147 0C       		.byte	12
 357 0148 B2       		.byte	-78
 358 0149 20       		.byte	32
 359 014a B3       		.byte	-77
 360 014b 02       		.byte	2
 361 014c B4       		.byte	-76
 362 014d 01       		.byte	1
 363 014e B5       		.byte	-75
 364 014f 01       		.byte	1
 365 0150 B6       		.byte	-74
 366 0151 18       		.byte	24
 367 0152 BE       		.byte	-66
 368 0153 01       		.byte	1
 369 0154 C0       		.byte	-64
 370 0155 40       		.byte	64
 371 0156 C1       		.byte	-63
 372 0157 06       		.byte	6
 373 0158 C5       		.byte	-59
 374 0159 D0       		.byte	-48
 375 015a C6       		.byte	-58
 376 015b 21       		.byte	33
 377 015c C8       		.byte	-56
 378 015d 0E       		.byte	14
 379 015e C9       		.byte	-55
 380 015f FF       		.byte	-1
 381 0160 CA       		.byte	-54
 382 0161 FF       		.byte	-1
 383 0162 CB       		.byte	-53
 384 0163 FF       		.byte	-1
 385 0164 CD       		.byte	-51
 386 0165 AF       		.byte	-81
 387 0166 CE       		.byte	-50
 388 0167 0F       		.byte	15
 389 0168 CF       		.byte	-49
 390 0169 04       		.byte	4
 391 016a D0       		.byte	-48
 392 016b 18       		.byte	24
 393 016c D2       		.byte	-46
 394 016d 17       		.byte	23
 395 016e D8       		.byte	-40
 396 016f 04       		.byte	4
 397 0170 D9       		.byte	-39
 398 0171 04       		.byte	4
 399 0172 DA       		.byte	-38
ARM GAS  C:\Users\HENRIC~1\AppData\Local\Temp\ccq3SN1g.s 			page 8


 400 0173 04       		.byte	4
 401 0174 DB       		.byte	-37
 402 0175 04       		.byte	4
 403 0176 DD       		.byte	-35
 404 0177 03       		.byte	3
 405 0178 DF       		.byte	-33
 406 0179 01       		.byte	1
 407 017a E0       		.byte	-32
 408 017b 40       		.byte	64
 409 017c E2       		.byte	-30
 410 017d C0       		.byte	-64
 411 017e E4       		.byte	-28
 412 017f 40       		.byte	64
 413 0180 E5       		.byte	-27
 414 0181 40       		.byte	64
 415 0182 E6       		.byte	-26
 416 0183 C0       		.byte	-64
 417 0184 E8       		.byte	-24
 418 0185 C0       		.byte	-64
 419 0186 EA       		.byte	-22
 420 0187 C0       		.byte	-64
 421 0188 EC       		.byte	-20
 422 0189 C0       		.byte	-64
 423 018a EE       		.byte	-18
 424 018b C0       		.byte	-64
 425 018c 00       		.byte	0
 426 018d 46       		.byte	70
 427 018e 08       		.byte	8
 428 018f 08       		.byte	8
 429 0190 0A       		.byte	10
 430 0191 41       		.byte	65
 431 0192 10       		.byte	16
 432 0193 90       		.byte	-112
 433 0194 11       		.byte	17
 434 0195 90       		.byte	-112
 435 0196 19       		.byte	25
 436 0197 54       		.byte	84
 437 0198 1A       		.byte	26
 438 0199 01       		.byte	1
 439 019a 1B       		.byte	27
 440 019b 02       		.byte	2
 441 019c 20       		.byte	32
 442 019d 44       		.byte	68
 443 019e 21       		.byte	33
 444 019f 08       		.byte	8
 445 01a0 28       		.byte	40
 446 01a1 18       		.byte	24
 447 01a2 29       		.byte	41
 448 01a3 44       		.byte	68
 449 01a4 2B       		.byte	43
 450 01a5 80       		.byte	-128
 451 01a6 31       		.byte	49
 452 01a7 08       		.byte	8
 453 01a8 32       		.byte	50
 454 01a9 30       		.byte	48
 455 01aa 33       		.byte	51
 456 01ab 40       		.byte	64
ARM GAS  C:\Users\HENRIC~1\AppData\Local\Temp\ccq3SN1g.s 			page 9


 457 01ac 38       		.byte	56
 458 01ad 40       		.byte	64
 459 01ae 39       		.byte	57
 460 01af 14       		.byte	20
 461 01b0 41       		.byte	65
 462 01b1 02       		.byte	2
 463 01b2 45       		.byte	69
 464 01b3 02       		.byte	2
 465 01b4 46       		.byte	70
 466 01b5 10       		.byte	16
 467 01b6 49       		.byte	73
 468 01b7 02       		.byte	2
 469 01b8 4B       		.byte	75
 470 01b9 20       		.byte	32
 471 01ba 50       		.byte	80
 472 01bb 10       		.byte	16
 473 01bc 51       		.byte	81
 474 01bd 40       		.byte	64
 475 01be 52       		.byte	82
 476 01bf 10       		.byte	16
 477 01c0 53       		.byte	83
 478 01c1 10       		.byte	16
 479 01c2 5D       		.byte	93
 480 01c3 20       		.byte	32
 481 01c4 5E       		.byte	94
 482 01c5 80       		.byte	-128
 483 01c6 5F       		.byte	95
 484 01c7 10       		.byte	16
 485 01c8 64       		.byte	100
 486 01c9 01       		.byte	1
 487 01ca 67       		.byte	103
 488 01cb 0A       		.byte	10
 489 01cc 69       		.byte	105
 490 01cd 14       		.byte	20
 491 01ce 6A       		.byte	106
 492 01cf 40       		.byte	64
 493 01d0 6B       		.byte	107
 494 01d1 02       		.byte	2
 495 01d2 70       		.byte	112
 496 01d3 80       		.byte	-128
 497 01d4 94       		.byte	-108
 498 01d5 40       		.byte	64
 499 01d6 96       		.byte	-106
 500 01d7 08       		.byte	8
 501 01d8 97       		.byte	-105
 502 01d9 40       		.byte	64
 503 01da 9B       		.byte	-101
 504 01db 40       		.byte	64
 505 01dc 9C       		.byte	-100
 506 01dd 80       		.byte	-128
 507 01de A0       		.byte	-96
 508 01df 30       		.byte	48
 509 01e0 A3       		.byte	-93
 510 01e1 08       		.byte	8
 511 01e2 A5       		.byte	-91
 512 01e3 08       		.byte	8
 513 01e4 A6       		.byte	-90
ARM GAS  C:\Users\HENRIC~1\AppData\Local\Temp\ccq3SN1g.s 			page 10


 514 01e5 20       		.byte	32
 515 01e6 A7       		.byte	-89
 516 01e7 80       		.byte	-128
 517 01e8 C0       		.byte	-64
 518 01e9 0D       		.byte	13
 519 01ea C2       		.byte	-62
 520 01eb 0D       		.byte	13
 521 01ec C4       		.byte	-60
 522 01ed 0F       		.byte	15
 523 01ee CA       		.byte	-54
 524 01ef 0F       		.byte	15
 525 01f0 CC       		.byte	-52
 526 01f1 0E       		.byte	14
 527 01f2 CE       		.byte	-50
 528 01f3 0E       		.byte	14
 529 01f4 D0       		.byte	-48
 530 01f5 C1       		.byte	-63
 531 01f6 D2       		.byte	-46
 532 01f7 04       		.byte	4
 533 01f8 D6       		.byte	-42
 534 01f9 30       		.byte	48
 535 01fa D8       		.byte	-40
 536 01fb 30       		.byte	48
 537 01fc 02       		.byte	2
 538 01fd 01       		.byte	1
 539 01fe 04       		.byte	4
 540 01ff 01       		.byte	1
 541 0200 05       		.byte	5
 542 0201 A8       		.byte	-88
 543 0202 07       		.byte	7
 544 0203 01       		.byte	1
 545 0204 08       		.byte	8
 546 0205 01       		.byte	1
 547 0206 0A       		.byte	10
 548 0207 0E       		.byte	14
 549 0208 0B       		.byte	11
 550 0209 30       		.byte	48
 551 020a 0C       		.byte	12
 552 020b 01       		.byte	1
 553 020c 12       		.byte	18
 554 020d 01       		.byte	1
 555 020e 14       		.byte	20
 556 020f 0F       		.byte	15
 557 0210 15       		.byte	21
 558 0211 CC       		.byte	-52
 559 0212 17       		.byte	23
 560 0213 02       		.byte	2
 561 0214 19       		.byte	25
 562 0215 55       		.byte	85
 563 0216 1C       		.byte	28
 564 0217 06       		.byte	6
 565 0218 22       		.byte	34
 566 0219 06       		.byte	6
 567 021a 24       		.byte	36
 568 021b 02       		.byte	2
 569 021c 26       		.byte	38
 570 021d 08       		.byte	8
ARM GAS  C:\Users\HENRIC~1\AppData\Local\Temp\ccq3SN1g.s 			page 11


 571 021e 27       		.byte	39
 572 021f FD       		.byte	-3
 573 0220 28       		.byte	40
 574 0221 0C       		.byte	12
 575 0222 2D       		.byte	45
 576 0223 3C       		.byte	60
 577 0224 30       		.byte	48
 578 0225 08       		.byte	8
 579 0226 31       		.byte	49
 580 0227 03       		.byte	3
 581 0228 32       		.byte	50
 582 0229 01       		.byte	1
 583 022a 33       		.byte	51
 584 022b 0C       		.byte	12
 585 022c 34       		.byte	52
 586 022d 06       		.byte	6
 587 022e 35       		.byte	53
 588 022f C0       		.byte	-64
 589 0230 37       		.byte	55
 590 0231 32       		.byte	50
 591 0232 3E       		.byte	62
 592 0233 11       		.byte	17
 593 0234 3F       		.byte	63
 594 0235 55       		.byte	85
 595 0236 40       		.byte	64
 596 0237 45       		.byte	69
 597 0238 41       		.byte	65
 598 0239 02       		.byte	2
 599 023a 45       		.byte	69
 600 023b 02       		.byte	2
 601 023c 47       		.byte	71
 602 023d 06       		.byte	6
 603 023e 48       		.byte	72
 604 023f 11       		.byte	17
 605 0240 56       		.byte	86
 606 0241 08       		.byte	8
 607 0242 58       		.byte	88
 608 0243 04       		.byte	4
 609 0244 59       		.byte	89
 610 0245 04       		.byte	4
 611 0246 5A       		.byte	90
 612 0247 04       		.byte	4
 613 0248 5B       		.byte	91
 614 0249 0F       		.byte	15
 615 024a 5F       		.byte	95
 616 024b 01       		.byte	1
 617 024c 61       		.byte	97
 618 024d 0C       		.byte	12
 619 024e 62       		.byte	98
 620 024f F0       		.byte	-16
 621 0250 63       		.byte	99
 622 0251 0C       		.byte	12
 623 0252 65       		.byte	101
 624 0253 0C       		.byte	12
 625 0254 67       		.byte	103
 626 0255 0C       		.byte	12
 627 0256 68       		.byte	104
ARM GAS  C:\Users\HENRIC~1\AppData\Local\Temp\ccq3SN1g.s 			page 12


 628 0257 40       		.byte	64
 629 0258 69       		.byte	105
 630 0259 4C       		.byte	76
 631 025a 6A       		.byte	106
 632 025b 40       		.byte	64
 633 025c 6B       		.byte	107
 634 025d 4C       		.byte	76
 635 025e 6C       		.byte	108
 636 025f 90       		.byte	-112
 637 0260 6D       		.byte	109
 638 0261 58       		.byte	88
 639 0262 6F       		.byte	111
 640 0263 0C       		.byte	12
 641 0264 C0       		.byte	-64
 642 0265 64       		.byte	100
 643 0266 C1       		.byte	-63
 644 0267 02       		.byte	2
 645 0268 C5       		.byte	-59
 646 0269 20       		.byte	32
 647 026a C6       		.byte	-58
 648 026b 60       		.byte	96
 649 026c C8       		.byte	-56
 650 026d 0A       		.byte	10
 651 026e DA       		.byte	-38
 652 026f 04       		.byte	4
 653 0270 DF       		.byte	-33
 654 0271 01       		.byte	1
 655 0272 E1       		.byte	-31
 656 0273 0C       		.byte	12
 657 0274 E2       		.byte	-30
 658 0275 F0       		.byte	-16
 659 0276 E3       		.byte	-29
 660 0277 0C       		.byte	12
 661 0278 E5       		.byte	-27
 662 0279 0C       		.byte	12
 663 027a E7       		.byte	-25
 664 027b 0C       		.byte	12
 665 027c E8       		.byte	-24
 666 027d 40       		.byte	64
 667 027e E9       		.byte	-23
 668 027f 4C       		.byte	76
 669 0280 EA       		.byte	-22
 670 0281 40       		.byte	64
 671 0282 EB       		.byte	-21
 672 0283 4C       		.byte	76
 673 0284 EC       		.byte	-20
 674 0285 90       		.byte	-112
 675 0286 ED       		.byte	-19
 676 0287 58       		.byte	88
 677 0288 EF       		.byte	-17
 678 0289 0C       		.byte	12
 679 028a 00       		.byte	0
 680 028b 70       		.byte	112
 681 028c 02       		.byte	2
 682 028d 20       		.byte	32
 683 028e 03       		.byte	3
 684 028f 80       		.byte	-128
ARM GAS  C:\Users\HENRIC~1\AppData\Local\Temp\ccq3SN1g.s 			page 13


 685 0290 08       		.byte	8
 686 0291 01       		.byte	1
 687 0292 09       		.byte	9
 688 0293 08       		.byte	8
 689 0294 0B       		.byte	11
 690 0295 41       		.byte	65
 691 0296 10       		.byte	16
 692 0297 A8       		.byte	-88
 693 0298 18       		.byte	24
 694 0299 10       		.byte	16
 695 029a 19       		.byte	25
 696 029b 04       		.byte	4
 697 029c 1B       		.byte	27
 698 029d 12       		.byte	18
 699 029e 20       		.byte	32
 700 029f 04       		.byte	4
 701 02a0 22       		.byte	34
 702 02a1 02       		.byte	2
 703 02a2 23       		.byte	35
 704 02a3 22       		.byte	34
 705 02a4 28       		.byte	40
 706 02a5 02       		.byte	2
 707 02a6 29       		.byte	41
 708 02a7 04       		.byte	4
 709 02a8 30       		.byte	48
 710 02a9 20       		.byte	32
 711 02aa 31       		.byte	49
 712 02ab 08       		.byte	8
 713 02ac 38       		.byte	56
 714 02ad 08       		.byte	8
 715 02ae 3A       		.byte	58
 716 02af 10       		.byte	16
 717 02b0 40       		.byte	64
 718 02b1 04       		.byte	4
 719 02b2 43       		.byte	67
 720 02b3 02       		.byte	2
 721 02b4 47       		.byte	71
 722 02b5 22       		.byte	34
 723 02b6 48       		.byte	72
 724 02b7 20       		.byte	32
 725 02b8 4A       		.byte	74
 726 02b9 02       		.byte	2
 727 02ba 4C       		.byte	76
 728 02bb 80       		.byte	-128
 729 02bc 4F       		.byte	79
 730 02bd 20       		.byte	32
 731 02be 50       		.byte	80
 732 02bf 0C       		.byte	12
 733 02c0 53       		.byte	83
 734 02c1 08       		.byte	8
 735 02c2 56       		.byte	86
 736 02c3 10       		.byte	16
 737 02c4 5A       		.byte	90
 738 02c5 40       		.byte	64
 739 02c6 60       		.byte	96
 740 02c7 02       		.byte	2
 741 02c8 63       		.byte	99
ARM GAS  C:\Users\HENRIC~1\AppData\Local\Temp\ccq3SN1g.s 			page 14


 742 02c9 01       		.byte	1
 743 02ca 78       		.byte	120
 744 02cb 01       		.byte	1
 745 02cc 80       		.byte	-128
 746 02cd 80       		.byte	-128
 747 02ce 83       		.byte	-125
 748 02cf 01       		.byte	1
 749 02d0 8D       		.byte	-115
 750 02d1 04       		.byte	4
 751 02d2 8F       		.byte	-113
 752 02d3 40       		.byte	64
 753 02d4 92       		.byte	-110
 754 02d5 40       		.byte	64
 755 02d6 96       		.byte	-106
 756 02d7 08       		.byte	8
 757 02d8 A6       		.byte	-90
 758 02d9 20       		.byte	32
 759 02da AD       		.byte	-83
 760 02db 40       		.byte	64
 761 02dc B4       		.byte	-76
 762 02dd 01       		.byte	1
 763 02de B6       		.byte	-74
 764 02df 40       		.byte	64
 765 02e0 C0       		.byte	-64
 766 02e1 0F       		.byte	15
 767 02e2 C2       		.byte	-62
 768 02e3 0D       		.byte	13
 769 02e4 C4       		.byte	-60
 770 02e5 0E       		.byte	14
 771 02e6 CA       		.byte	-54
 772 02e7 0A       		.byte	10
 773 02e8 CC       		.byte	-52
 774 02e9 06       		.byte	6
 775 02ea CE       		.byte	-50
 776 02eb 06       		.byte	6
 777 02ec D0       		.byte	-48
 778 02ed A5       		.byte	-91
 779 02ee D2       		.byte	-46
 780 02ef 28       		.byte	40
 781 02f0 D6       		.byte	-42
 782 02f1 08       		.byte	8
 783 02f2 D8       		.byte	-40
 784 02f3 08       		.byte	8
 785 02f4 DE       		.byte	-34
 786 02f5 01       		.byte	1
 787 02f6 E0       		.byte	-32
 788 02f7 01       		.byte	1
 789 02f8 EA       		.byte	-22
 790 02f9 08       		.byte	8
 791 02fa 0B       		.byte	11
 792 02fb 07       		.byte	7
 793 02fc 12       		.byte	18
 794 02fd 01       		.byte	1
 795 02fe 19       		.byte	25
 796 02ff 01       		.byte	1
 797 0300 1A       		.byte	26
 798 0301 01       		.byte	1
ARM GAS  C:\Users\HENRIC~1\AppData\Local\Temp\ccq3SN1g.s 			page 15


 799 0302 23       		.byte	35
 800 0303 04       		.byte	4
 801 0304 2E       		.byte	46
 802 0305 02       		.byte	2
 803 0306 30       		.byte	48
 804 0307 02       		.byte	2
 805 0308 31       		.byte	49
 806 0309 01       		.byte	1
 807 030a 33       		.byte	51
 808 030b 02       		.byte	2
 809 030c 34       		.byte	52
 810 030d 01       		.byte	1
 811 030e 36       		.byte	54
 812 030f 02       		.byte	2
 813 0310 37       		.byte	55
 814 0311 04       		.byte	4
 815 0312 3E       		.byte	62
 816 0313 10       		.byte	16
 817 0314 40       		.byte	64
 818 0315 10       		.byte	16
 819 0316 41       		.byte	65
 820 0317 02       		.byte	2
 821 0318 45       		.byte	69
 822 0319 D2       		.byte	-46
 823 031a 46       		.byte	70
 824 031b 10       		.byte	16
 825 031c 48       		.byte	72
 826 031d 0B       		.byte	11
 827 031e 49       		.byte	73
 828 031f FF       		.byte	-1
 829 0320 4A       		.byte	74
 830 0321 FF       		.byte	-1
 831 0322 4B       		.byte	75
 832 0323 FF       		.byte	-1
 833 0324 4D       		.byte	77
 834 0325 A0       		.byte	-96
 835 0326 4F       		.byte	79
 836 0327 04       		.byte	4
 837 0328 50       		.byte	80
 838 0329 18       		.byte	24
 839 032a 52       		.byte	82
 840 032b 80       		.byte	-128
 841 032c 54       		.byte	84
 842 032d 05       		.byte	5
 843 032e 58       		.byte	88
 844 032f 04       		.byte	4
 845 0330 59       		.byte	89
 846 0331 04       		.byte	4
 847 0332 5A       		.byte	90
 848 0333 04       		.byte	4
 849 0334 5B       		.byte	91
 850 0335 04       		.byte	4
 851 0336 5C       		.byte	92
 852 0337 22       		.byte	34
 853 0338 5D       		.byte	93
 854 0339 22       		.byte	34
 855 033a 5F       		.byte	95
ARM GAS  C:\Users\HENRIC~1\AppData\Local\Temp\ccq3SN1g.s 			page 16


 856 033b 01       		.byte	1
 857 033c 60       		.byte	96
 858 033d 40       		.byte	64
 859 033e 62       		.byte	98
 860 033f C0       		.byte	-64
 861 0340 64       		.byte	100
 862 0341 40       		.byte	64
 863 0342 65       		.byte	101
 864 0343 40       		.byte	64
 865 0344 66       		.byte	102
 866 0345 C0       		.byte	-64
 867 0346 68       		.byte	104
 868 0347 C0       		.byte	-64
 869 0348 6A       		.byte	106
 870 0349 C0       		.byte	-64
 871 034a 6C       		.byte	108
 872 034b C0       		.byte	-64
 873 034c 6E       		.byte	110
 874 034d C0       		.byte	-64
 875 034e 86       		.byte	-122
 876 034f 03       		.byte	3
 877 0350 8C       		.byte	-116
 878 0351 01       		.byte	1
 879 0352 9A       		.byte	-102
 880 0353 04       		.byte	4
 881 0354 B0       		.byte	-80
 882 0355 02       		.byte	2
 883 0356 B4       		.byte	-76
 884 0357 04       		.byte	4
 885 0358 B6       		.byte	-74
 886 0359 01       		.byte	1
 887 035a D8       		.byte	-40
 888 035b 04       		.byte	4
 889 035c DC       		.byte	-36
 890 035d 07       		.byte	7
 891 035e DF       		.byte	-33
 892 035f 01       		.byte	1
 893 0360 03       		.byte	3
 894 0361 22       		.byte	34
 895 0362 0A       		.byte	10
 896 0363 08       		.byte	8
 897 0364 0D       		.byte	13
 898 0365 20       		.byte	32
 899 0366 0E       		.byte	14
 900 0367 80       		.byte	-128
 901 0368 0F       		.byte	15
 902 0369 04       		.byte	4
 903 036a 17       		.byte	23
 904 036b 40       		.byte	64
 905 036c 19       		.byte	25
 906 036d 40       		.byte	64
 907 036e 1B       		.byte	27
 908 036f 22       		.byte	34
 909 0370 1D       		.byte	29
 910 0371 80       		.byte	-128
 911 0372 1E       		.byte	30
 912 0373 88       		.byte	-120
ARM GAS  C:\Users\HENRIC~1\AppData\Local\Temp\ccq3SN1g.s 			page 17


 913 0374 1F       		.byte	31
 914 0375 80       		.byte	-128
 915 0376 24       		.byte	36
 916 0377 41       		.byte	65
 917 0378 27       		.byte	39
 918 0379 20       		.byte	32
 919 037a 2F       		.byte	47
 920 037b 80       		.byte	-128
 921 037c 37       		.byte	55
 922 037d 20       		.byte	32
 923 037e 3F       		.byte	63
 924 037f 20       		.byte	32
 925 0380 45       		.byte	69
 926 0381 A0       		.byte	-96
 927 0382 4F       		.byte	79
 928 0383 05       		.byte	5
 929 0384 57       		.byte	87
 930 0385 10       		.byte	16
 931 0386 5C       		.byte	92
 932 0387 40       		.byte	64
 933 0388 5E       		.byte	94
 934 0389 08       		.byte	8
 935 038a 5F       		.byte	95
 936 038b 01       		.byte	1
 937 038c 77       		.byte	119
 938 038d 40       		.byte	64
 939 038e A6       		.byte	-90
 940 038f 20       		.byte	32
 941 0390 AE       		.byte	-82
 942 0391 20       		.byte	32
 943 0392 C0       		.byte	-64
 944 0393 05       		.byte	5
 945 0394 C2       		.byte	-62
 946 0395 52       		.byte	82
 947 0396 C4       		.byte	-60
 948 0397 80       		.byte	-128
 949 0398 CA       		.byte	-54
 950 0399 80       		.byte	-128
 951 039a CC       		.byte	-52
 952 039b 20       		.byte	32
 953 039c CE       		.byte	-50
 954 039d 20       		.byte	32
 955 039e D0       		.byte	-48
 956 039f 30       		.byte	48
 957 03a0 D6       		.byte	-42
 958 03a1 D0       		.byte	-48
 959 03a2 E2       		.byte	-30
 960 03a3 08       		.byte	8
 961 03a4 E6       		.byte	-26
 962 03a5 40       		.byte	64
 963 03a6 03       		.byte	3
 964 03a7 01       		.byte	1
 965 03a8 0E       		.byte	14
 966 03a9 01       		.byte	1
 967 03aa 25       		.byte	37
 968 03ab 01       		.byte	1
 969 03ac 32       		.byte	50
ARM GAS  C:\Users\HENRIC~1\AppData\Local\Temp\ccq3SN1g.s 			page 18


 970 03ad 01       		.byte	1
 971 03ae 35       		.byte	53
 972 03af 01       		.byte	1
 973 03b0 3F       		.byte	63
 974 03b1 10       		.byte	16
 975 03b2 40       		.byte	64
 976 03b3 21       		.byte	33
 977 03b4 41       		.byte	65
 978 03b5 06       		.byte	6
 979 03b6 49       		.byte	73
 980 03b7 FF       		.byte	-1
 981 03b8 4A       		.byte	74
 982 03b9 FF       		.byte	-1
 983 03ba 4B       		.byte	75
 984 03bb FF       		.byte	-1
 985 03bc 4D       		.byte	77
 986 03bd A0       		.byte	-96
 987 03be 4F       		.byte	79
 988 03bf 01       		.byte	1
 989 03c0 50       		.byte	80
 990 03c1 18       		.byte	24
 991 03c2 58       		.byte	88
 992 03c3 04       		.byte	4
 993 03c4 59       		.byte	89
 994 03c5 04       		.byte	4
 995 03c6 5A       		.byte	90
 996 03c7 04       		.byte	4
 997 03c8 5C       		.byte	92
 998 03c9 04       		.byte	4
 999 03ca 5D       		.byte	93
 1000 03cb 04       		.byte	4
 1001 03cc 5F       		.byte	95
 1002 03cd 01       		.byte	1
 1003 03ce 60       		.byte	96
 1004 03cf 40       		.byte	64
 1005 03d0 62       		.byte	98
 1006 03d1 80       		.byte	-128
 1007 03d2 64       		.byte	100
 1008 03d3 40       		.byte	64
 1009 03d4 65       		.byte	101
 1010 03d5 40       		.byte	64
 1011 03d6 66       		.byte	102
 1012 03d7 80       		.byte	-128
 1013 03d8 68       		.byte	104
 1014 03d9 40       		.byte	64
 1015 03da 6A       		.byte	106
 1016 03db 50       		.byte	80
 1017 03dc 6B       		.byte	107
 1018 03dd A8       		.byte	-88
 1019 03de 6C       		.byte	108
 1020 03df 40       		.byte	64
 1021 03e0 6D       		.byte	109
 1022 03e1 20       		.byte	32
 1023 03e2 6E       		.byte	110
 1024 03e3 50       		.byte	80
 1025 03e4 6F       		.byte	111
 1026 03e5 A8       		.byte	-88
ARM GAS  C:\Users\HENRIC~1\AppData\Local\Temp\ccq3SN1g.s 			page 19


 1027 03e6 82       		.byte	-126
 1028 03e7 01       		.byte	1
 1029 03e8 86       		.byte	-122
 1030 03e9 02       		.byte	2
 1031 03ea 87       		.byte	-121
 1032 03eb 01       		.byte	1
 1033 03ec 8C       		.byte	-116
 1034 03ed 04       		.byte	4
 1035 03ee 93       		.byte	-109
 1036 03ef 02       		.byte	2
 1037 03f0 9E       		.byte	-98
 1038 03f1 0C       		.byte	12
 1039 03f2 A8       		.byte	-88
 1040 03f3 01       		.byte	1
 1041 03f4 A9       		.byte	-87
 1042 03f5 01       		.byte	1
 1043 03f6 AF       		.byte	-81
 1044 03f7 01       		.byte	1
 1045 03f8 B0       		.byte	-80
 1046 03f9 08       		.byte	8
 1047 03fa B2       		.byte	-78
 1048 03fb 02       		.byte	2
 1049 03fc B3       		.byte	-77
 1050 03fd 02       		.byte	2
 1051 03fe B4       		.byte	-76
 1052 03ff 04       		.byte	4
 1053 0400 B5       		.byte	-75
 1054 0401 01       		.byte	1
 1055 0402 B6       		.byte	-74
 1056 0403 01       		.byte	1
 1057 0404 B8       		.byte	-72
 1058 0405 20       		.byte	32
 1059 0406 B9       		.byte	-71
 1060 0407 80       		.byte	-128
 1061 0408 BA       		.byte	-70
 1062 0409 02       		.byte	2
 1063 040a BE       		.byte	-66
 1064 040b 40       		.byte	64
 1065 040c BF       		.byte	-65
 1066 040d 10       		.byte	16
 1067 040e C0       		.byte	-64
 1068 040f 21       		.byte	33
 1069 0410 C1       		.byte	-63
 1070 0411 06       		.byte	6
 1071 0412 C5       		.byte	-59
 1072 0413 5C       		.byte	92
 1073 0414 C6       		.byte	-58
 1074 0415 20       		.byte	32
 1075 0416 C7       		.byte	-57
 1076 0417 0E       		.byte	14
 1077 0418 C8       		.byte	-56
 1078 0419 3B       		.byte	59
 1079 041a C9       		.byte	-55
 1080 041b FF       		.byte	-1
 1081 041c CA       		.byte	-54
 1082 041d FF       		.byte	-1
 1083 041e CB       		.byte	-53
ARM GAS  C:\Users\HENRIC~1\AppData\Local\Temp\ccq3SN1g.s 			page 20


 1084 041f FF       		.byte	-1
 1085 0420 CD       		.byte	-51
 1086 0421 AF       		.byte	-81
 1087 0422 CE       		.byte	-50
 1088 0423 07       		.byte	7
 1089 0424 CF       		.byte	-49
 1090 0425 01       		.byte	1
 1091 0426 D0       		.byte	-48
 1092 0427 18       		.byte	24
 1093 0428 D2       		.byte	-46
 1094 0429 80       		.byte	-128
 1095 042a D4       		.byte	-44
 1096 042b 07       		.byte	7
 1097 042c D6       		.byte	-42
 1098 042d 04       		.byte	4
 1099 042e D8       		.byte	-40
 1100 042f 04       		.byte	4
 1101 0430 D9       		.byte	-39
 1102 0431 04       		.byte	4
 1103 0432 DA       		.byte	-38
 1104 0433 04       		.byte	4
 1105 0434 DB       		.byte	-37
 1106 0435 04       		.byte	4
 1107 0436 DC       		.byte	-36
 1108 0437 44       		.byte	68
 1109 0438 DD       		.byte	-35
 1110 0439 44       		.byte	68
 1111 043a DF       		.byte	-33
 1112 043b 01       		.byte	1
 1113 043c E0       		.byte	-32
 1114 043d 40       		.byte	64
 1115 043e E2       		.byte	-30
 1116 043f 80       		.byte	-128
 1117 0440 E4       		.byte	-28
 1118 0441 40       		.byte	64
 1119 0442 E5       		.byte	-27
 1120 0443 40       		.byte	64
 1121 0444 E6       		.byte	-26
 1122 0445 80       		.byte	-128
 1123 0446 E8       		.byte	-24
 1124 0447 40       		.byte	64
 1125 0448 EA       		.byte	-22
 1126 0449 50       		.byte	80
 1127 044a EB       		.byte	-21
 1128 044b A8       		.byte	-88
 1129 044c EC       		.byte	-20
 1130 044d 40       		.byte	64
 1131 044e ED       		.byte	-19
 1132 044f 20       		.byte	32
 1133 0450 EE       		.byte	-18
 1134 0451 50       		.byte	80
 1135 0452 EF       		.byte	-17
 1136 0453 A8       		.byte	-88
 1137 0454 00       		.byte	0
 1138 0455 30       		.byte	48
 1139 0456 02       		.byte	2
 1140 0457 01       		.byte	1
ARM GAS  C:\Users\HENRIC~1\AppData\Local\Temp\ccq3SN1g.s 			page 21


 1141 0458 04       		.byte	4
 1142 0459 44       		.byte	68
 1143 045a 05       		.byte	5
 1144 045b 02       		.byte	2
 1145 045c 0D       		.byte	13
 1146 045d 80       		.byte	-128
 1147 045e 17       		.byte	23
 1148 045f 10       		.byte	16
 1149 0460 19       		.byte	25
 1150 0461 08       		.byte	8
 1151 0462 1C       		.byte	28
 1152 0463 44       		.byte	68
 1153 0464 1E       		.byte	30
 1154 0465 06       		.byte	6
 1155 0466 1F       		.byte	31
 1156 0467 08       		.byte	8
 1157 0468 23       		.byte	35
 1158 0469 08       		.byte	8
 1159 046a 25       		.byte	37
 1160 046b A0       		.byte	-96
 1161 046c 27       		.byte	39
 1162 046d 10       		.byte	16
 1163 046e 29       		.byte	41
 1164 046f 08       		.byte	8
 1165 0470 2C       		.byte	44
 1166 0471 02       		.byte	2
 1167 0472 2F       		.byte	47
 1168 0473 08       		.byte	8
 1169 0474 35       		.byte	53
 1170 0475 02       		.byte	2
 1171 0476 3A       		.byte	58
 1172 0477 02       		.byte	2
 1173 0478 3E       		.byte	62
 1174 0479 04       		.byte	4
 1175 047a 41       		.byte	65
 1176 047b 20       		.byte	32
 1177 047c 42       		.byte	66
 1178 047d 02       		.byte	2
 1179 047e 45       		.byte	69
 1180 047f 20       		.byte	32
 1181 0480 46       		.byte	70
 1182 0481 02       		.byte	2
 1183 0482 48       		.byte	72
 1184 0483 0C       		.byte	12
 1185 0484 4C       		.byte	76
 1186 0485 08       		.byte	8
 1187 0486 4D       		.byte	77
 1188 0487 02       		.byte	2
 1189 0488 4F       		.byte	79
 1190 0489 04       		.byte	4
 1191 048a 54       		.byte	84
 1192 048b 10       		.byte	16
 1193 048c 56       		.byte	86
 1194 048d 0B       		.byte	11
 1195 048e 5C       		.byte	92
 1196 048f 90       		.byte	-112
 1197 0490 5F       		.byte	95
ARM GAS  C:\Users\HENRIC~1\AppData\Local\Temp\ccq3SN1g.s 			page 22


 1198 0491 08       		.byte	8
 1199 0492 66       		.byte	102
 1200 0493 08       		.byte	8
 1201 0494 67       		.byte	103
 1202 0495 84       		.byte	-124
 1203 0496 74       		.byte	116
 1204 0497 02       		.byte	2
 1205 0498 78       		.byte	120
 1206 0499 80       		.byte	-128
 1207 049a 7A       		.byte	122
 1208 049b 01       		.byte	1
 1209 049c 87       		.byte	-121
 1210 049d 40       		.byte	64
 1211 049e A0       		.byte	-96
 1212 049f 04       		.byte	4
 1213 04a0 A4       		.byte	-92
 1214 04a1 08       		.byte	8
 1215 04a2 AA       		.byte	-86
 1216 04a3 01       		.byte	1
 1217 04a4 C0       		.byte	-64
 1218 04a5 B1       		.byte	-79
 1219 04a6 C2       		.byte	-62
 1220 04a7 80       		.byte	-128
 1221 04a8 C4       		.byte	-60
 1222 04a9 40       		.byte	64
 1223 04aa CA       		.byte	-54
 1224 04ab 32       		.byte	50
 1225 04ac CC       		.byte	-52
 1226 04ad 80       		.byte	-128
 1227 04ae CE       		.byte	-50
 1228 04af 41       		.byte	65
 1229 04b0 D0       		.byte	-48
 1230 04b1 3C       		.byte	60
 1231 04b2 D2       		.byte	-46
 1232 04b3 24       		.byte	36
 1233 04b4 D6       		.byte	-42
 1234 04b5 70       		.byte	112
 1235 04b6 D8       		.byte	-40
 1236 04b7 E0       		.byte	-32
 1237 04b8 E2       		.byte	-30
 1238 04b9 04       		.byte	4
 1239 04ba E4       		.byte	-28
 1240 04bb 01       		.byte	1
 1241 04bc EC       		.byte	-20
 1242 04bd 20       		.byte	32
 1243 04be EE       		.byte	-18
 1244 04bf 08       		.byte	8
 1245 04c0 02       		.byte	2
 1246 04c1 01       		.byte	1
 1247 04c2 06       		.byte	6
 1248 04c3 03       		.byte	3
 1249 04c4 0C       		.byte	12
 1250 04c5 04       		.byte	4
 1251 04c6 18       		.byte	24
 1252 04c7 01       		.byte	1
 1253 04c8 2A       		.byte	42
 1254 04c9 0C       		.byte	12
ARM GAS  C:\Users\HENRIC~1\AppData\Local\Temp\ccq3SN1g.s 			page 23


 1255 04ca 30       		.byte	48
 1256 04cb 08       		.byte	8
 1257 04cc 32       		.byte	50
 1258 04cd 04       		.byte	4
 1259 04ce 34       		.byte	52
 1260 04cf 02       		.byte	2
 1261 04d0 36       		.byte	54
 1262 04d1 01       		.byte	1
 1263 04d2 38       		.byte	56
 1264 04d3 08       		.byte	8
 1265 04d4 39       		.byte	57
 1266 04d5 08       		.byte	8
 1267 04d6 3A       		.byte	58
 1268 04d7 02       		.byte	2
 1269 04d8 3E       		.byte	62
 1270 04d9 40       		.byte	64
 1271 04da 40       		.byte	64
 1272 04db 15       		.byte	21
 1273 04dc 41       		.byte	65
 1274 04dd 06       		.byte	6
 1275 04de 49       		.byte	73
 1276 04df FF       		.byte	-1
 1277 04e0 4A       		.byte	74
 1278 04e1 FF       		.byte	-1
 1279 04e2 4B       		.byte	75
 1280 04e3 FF       		.byte	-1
 1281 04e4 4D       		.byte	77
 1282 04e5 A0       		.byte	-96
 1283 04e6 4F       		.byte	79
 1284 04e7 01       		.byte	1
 1285 04e8 50       		.byte	80
 1286 04e9 18       		.byte	24
 1287 04ea 52       		.byte	82
 1288 04eb 80       		.byte	-128
 1289 04ec 58       		.byte	88
 1290 04ed 04       		.byte	4
 1291 04ee 59       		.byte	89
 1292 04ef 04       		.byte	4
 1293 04f0 5A       		.byte	90
 1294 04f1 04       		.byte	4
 1295 04f2 5B       		.byte	91
 1296 04f3 04       		.byte	4
 1297 04f4 5C       		.byte	92
 1298 04f5 55       		.byte	85
 1299 04f6 5D       		.byte	93
 1300 04f7 55       		.byte	85
 1301 04f8 5F       		.byte	95
 1302 04f9 01       		.byte	1
 1303 04fa 60       		.byte	96
 1304 04fb 40       		.byte	64
 1305 04fc 62       		.byte	98
 1306 04fd 80       		.byte	-128
 1307 04fe 64       		.byte	100
 1308 04ff 40       		.byte	64
 1309 0500 65       		.byte	101
 1310 0501 40       		.byte	64
 1311 0502 66       		.byte	102
ARM GAS  C:\Users\HENRIC~1\AppData\Local\Temp\ccq3SN1g.s 			page 24


 1312 0503 80       		.byte	-128
 1313 0504 68       		.byte	104
 1314 0505 40       		.byte	64
 1315 0506 6A       		.byte	106
 1316 0507 50       		.byte	80
 1317 0508 6B       		.byte	107
 1318 0509 A8       		.byte	-88
 1319 050a 6C       		.byte	108
 1320 050b 40       		.byte	64
 1321 050c 6D       		.byte	109
 1322 050d 20       		.byte	32
 1323 050e 6E       		.byte	110
 1324 050f 50       		.byte	80
 1325 0510 6F       		.byte	111
 1326 0511 A8       		.byte	-88
 1327 0512 87       		.byte	-121
 1328 0513 03       		.byte	3
 1329 0514 8E       		.byte	-114
 1330 0515 01       		.byte	1
 1331 0516 91       		.byte	-111
 1332 0517 02       		.byte	2
 1333 0518 A5       		.byte	-91
 1334 0519 04       		.byte	4
 1335 051a AF       		.byte	-81
 1336 051b 04       		.byte	4
 1337 051c B1       		.byte	-79
 1338 051d 01       		.byte	1
 1339 051e B2       		.byte	-78
 1340 051f 01       		.byte	1
 1341 0520 B3       		.byte	-77
 1342 0521 04       		.byte	4
 1343 0522 B7       		.byte	-73
 1344 0523 02       		.byte	2
 1345 0524 BF       		.byte	-65
 1346 0525 44       		.byte	68
 1347 0526 C0       		.byte	-64
 1348 0527 15       		.byte	21
 1349 0528 C1       		.byte	-63
 1350 0529 06       		.byte	6
 1351 052a C5       		.byte	-59
 1352 052b 05       		.byte	5
 1353 052c C6       		.byte	-58
 1354 052d C2       		.byte	-62
 1355 052e C7       		.byte	-57
 1356 052f 0E       		.byte	14
 1357 0530 C8       		.byte	-56
 1358 0531 3D       		.byte	61
 1359 0532 C9       		.byte	-55
 1360 0533 FF       		.byte	-1
 1361 0534 CA       		.byte	-54
 1362 0535 FF       		.byte	-1
 1363 0536 CB       		.byte	-53
 1364 0537 FF       		.byte	-1
 1365 0538 CD       		.byte	-51
 1366 0539 AF       		.byte	-81
 1367 053a CE       		.byte	-50
 1368 053b 07       		.byte	7
ARM GAS  C:\Users\HENRIC~1\AppData\Local\Temp\ccq3SN1g.s 			page 25


 1369 053c CF       		.byte	-49
 1370 053d 01       		.byte	1
 1371 053e D0       		.byte	-48
 1372 053f 18       		.byte	24
 1373 0540 D4       		.byte	-44
 1374 0541 07       		.byte	7
 1375 0542 D6       		.byte	-42
 1376 0543 04       		.byte	4
 1377 0544 D8       		.byte	-40
 1378 0545 04       		.byte	4
 1379 0546 D9       		.byte	-39
 1380 0547 04       		.byte	4
 1381 0548 DA       		.byte	-38
 1382 0549 04       		.byte	4
 1383 054a DB       		.byte	-37
 1384 054b 04       		.byte	4
 1385 054c DC       		.byte	-36
 1386 054d 55       		.byte	85
 1387 054e DD       		.byte	-35
 1388 054f 55       		.byte	85
 1389 0550 DF       		.byte	-33
 1390 0551 01       		.byte	1
 1391 0552 E0       		.byte	-32
 1392 0553 40       		.byte	64
 1393 0554 E2       		.byte	-30
 1394 0555 80       		.byte	-128
 1395 0556 E4       		.byte	-28
 1396 0557 40       		.byte	64
 1397 0558 E5       		.byte	-27
 1398 0559 40       		.byte	64
 1399 055a E6       		.byte	-26
 1400 055b 80       		.byte	-128
 1401 055c E8       		.byte	-24
 1402 055d 40       		.byte	64
 1403 055e EA       		.byte	-22
 1404 055f 50       		.byte	80
 1405 0560 EB       		.byte	-21
 1406 0561 A8       		.byte	-88
 1407 0562 EC       		.byte	-20
 1408 0563 40       		.byte	64
 1409 0564 ED       		.byte	-19
 1410 0565 20       		.byte	32
 1411 0566 EE       		.byte	-18
 1412 0567 50       		.byte	80
 1413 0568 EF       		.byte	-17
 1414 0569 A8       		.byte	-88
 1415 056a 03       		.byte	3
 1416 056b 02       		.byte	2
 1417 056c 04       		.byte	4
 1418 056d 40       		.byte	64
 1419 056e 05       		.byte	5
 1420 056f 05       		.byte	5
 1421 0570 0E       		.byte	14
 1422 0571 04       		.byte	4
 1423 0572 17       		.byte	23
 1424 0573 10       		.byte	16
 1425 0574 19       		.byte	25
ARM GAS  C:\Users\HENRIC~1\AppData\Local\Temp\ccq3SN1g.s 			page 26


 1426 0575 08       		.byte	8
 1427 0576 1C       		.byte	28
 1428 0577 40       		.byte	64
 1429 0578 1D       		.byte	29
 1430 0579 84       		.byte	-124
 1431 057a 1E       		.byte	30
 1432 057b 04       		.byte	4
 1433 057c 21       		.byte	33
 1434 057d 02       		.byte	2
 1435 057e 22       		.byte	34
 1436 057f 44       		.byte	68
 1437 0580 27       		.byte	39
 1438 0581 10       		.byte	16
 1439 0582 29       		.byte	41
 1440 0583 08       		.byte	8
 1441 0584 2B       		.byte	43
 1442 0585 02       		.byte	2
 1443 0586 31       		.byte	49
 1444 0587 02       		.byte	2
 1445 0588 3B       		.byte	59
 1446 0589 04       		.byte	4
 1447 058a 41       		.byte	65
 1448 058b 80       		.byte	-128
 1449 058c 45       		.byte	69
 1450 058d 80       		.byte	-128
 1451 058e 48       		.byte	72
 1452 058f 06       		.byte	6
 1453 0590 4B       		.byte	75
 1454 0591 04       		.byte	4
 1455 0592 4C       		.byte	76
 1456 0593 0A       		.byte	10
 1457 0594 50       		.byte	80
 1458 0595 02       		.byte	2
 1459 0596 51       		.byte	81
 1460 0597 08       		.byte	8
 1461 0598 52       		.byte	82
 1462 0599 90       		.byte	-112
 1463 059a 53       		.byte	83
 1464 059b 02       		.byte	2
 1465 059c 59       		.byte	89
 1466 059d 10       		.byte	16
 1467 059e 5A       		.byte	90
 1468 059f 88       		.byte	-120
 1469 05a0 61       		.byte	97
 1470 05a1 08       		.byte	8
 1471 05a2 62       		.byte	98
 1472 05a3 11       		.byte	17
 1473 05a4 75       		.byte	117
 1474 05a5 01       		.byte	1
 1475 05a6 81       		.byte	-127
 1476 05a7 10       		.byte	16
 1477 05a8 82       		.byte	-126
 1478 05a9 80       		.byte	-128
 1479 05aa A0       		.byte	-96
 1480 05ab 04       		.byte	4
 1481 05ac C0       		.byte	-64
 1482 05ad B1       		.byte	-79
ARM GAS  C:\Users\HENRIC~1\AppData\Local\Temp\ccq3SN1g.s 			page 27


 1483 05ae C2       		.byte	-62
 1484 05af 40       		.byte	64
 1485 05b0 C4       		.byte	-60
 1486 05b1 40       		.byte	64
 1487 05b2 CA       		.byte	-54
 1488 05b3 0A       		.byte	10
 1489 05b4 CC       		.byte	-52
 1490 05b5 01       		.byte	1
 1491 05b6 CE       		.byte	-50
 1492 05b7 02       		.byte	2
 1493 05b8 D0       		.byte	-48
 1494 05b9 18       		.byte	24
 1495 05ba D2       		.byte	-46
 1496 05bb 3C       		.byte	60
 1497 05bc D6       		.byte	-42
 1498 05bd 0E       		.byte	14
 1499 05be D8       		.byte	-40
 1500 05bf 07       		.byte	7
 1501 05c0 E2       		.byte	-30
 1502 05c1 40       		.byte	64
 1503 05c2 E4       		.byte	-28
 1504 05c3 80       		.byte	-128
 1505 05c4 EA       		.byte	-22
 1506 05c5 80       		.byte	-128
 1507 05c6 EC       		.byte	-20
 1508 05c7 18       		.byte	24
 1509 05c8 40       		.byte	64
 1510 05c9 45       		.byte	69
 1511 05ca 49       		.byte	73
 1512 05cb FF       		.byte	-1
 1513 05cc 4A       		.byte	74
 1514 05cd FF       		.byte	-1
 1515 05ce 4B       		.byte	75
 1516 05cf FF       		.byte	-1
 1517 05d0 4F       		.byte	79
 1518 05d1 01       		.byte	1
 1519 05d2 50       		.byte	80
 1520 05d3 18       		.byte	24
 1521 05d4 52       		.byte	82
 1522 05d5 80       		.byte	-128
 1523 05d6 5A       		.byte	90
 1524 05d7 08       		.byte	8
 1525 05d8 5B       		.byte	91
 1526 05d9 09       		.byte	9
 1527 05da 5D       		.byte	93
 1528 05db 99       		.byte	-103
 1529 05dc 5F       		.byte	95
 1530 05dd 01       		.byte	1
 1531 05de 60       		.byte	96
 1532 05df 40       		.byte	64
 1533 05e0 62       		.byte	98
 1534 05e1 40       		.byte	64
 1535 05e2 64       		.byte	100
 1536 05e3 40       		.byte	64
 1537 05e4 65       		.byte	101
 1538 05e5 40       		.byte	64
 1539 05e6 66       		.byte	102
ARM GAS  C:\Users\HENRIC~1\AppData\Local\Temp\ccq3SN1g.s 			page 28


 1540 05e7 80       		.byte	-128
 1541 05e8 68       		.byte	104
 1542 05e9 80       		.byte	-128
 1543 05ea 6A       		.byte	106
 1544 05eb 80       		.byte	-128
 1545 05ec 6C       		.byte	108
 1546 05ed 80       		.byte	-128
 1547 05ee 6E       		.byte	110
 1548 05ef 80       		.byte	-128
 1549 05f0 84       		.byte	-124
 1550 05f1 0F       		.byte	15
 1551 05f2 87       		.byte	-121
 1552 05f3 02       		.byte	2
 1553 05f4 88       		.byte	-120
 1554 05f5 09       		.byte	9
 1555 05f6 89       		.byte	-119
 1556 05f7 02       		.byte	2
 1557 05f8 8A       		.byte	-118
 1558 05f9 06       		.byte	6
 1559 05fa 8B       		.byte	-117
 1560 05fb 01       		.byte	1
 1561 05fc 8C       		.byte	-116
 1562 05fd 0F       		.byte	15
 1563 05fe 8D       		.byte	-115
 1564 05ff 03       		.byte	3
 1565 0600 90       		.byte	-112
 1566 0601 01       		.byte	1
 1567 0602 91       		.byte	-111
 1568 0603 03       		.byte	3
 1569 0604 94       		.byte	-108
 1570 0605 07       		.byte	7
 1571 0606 95       		.byte	-107
 1572 0607 03       		.byte	3
 1573 0608 96       		.byte	-106
 1574 0609 08       		.byte	8
 1575 060a 99       		.byte	-103
 1576 060b 01       		.byte	1
 1577 060c 9B       		.byte	-101
 1578 060d 02       		.byte	2
 1579 060e 9C       		.byte	-100
 1580 060f 0E       		.byte	14
 1581 0610 9E       		.byte	-98
 1582 0611 01       		.byte	1
 1583 0612 9F       		.byte	-97
 1584 0613 02       		.byte	2
 1585 0614 A3       		.byte	-93
 1586 0615 04       		.byte	4
 1587 0616 A4       		.byte	-92
 1588 0617 02       		.byte	2
 1589 0618 A7       		.byte	-89
 1590 0619 01       		.byte	1
 1591 061a A8       		.byte	-88
 1592 061b 04       		.byte	4
 1593 061c AB       		.byte	-85
 1594 061d 01       		.byte	1
 1595 061e AF       		.byte	-81
 1596 061f 04       		.byte	4
ARM GAS  C:\Users\HENRIC~1\AppData\Local\Temp\ccq3SN1g.s 			page 29


 1597 0620 B1       		.byte	-79
 1598 0621 04       		.byte	4
 1599 0622 B5       		.byte	-75
 1600 0623 03       		.byte	3
 1601 0624 B6       		.byte	-74
 1602 0625 0F       		.byte	15
 1603 0626 BF       		.byte	-65
 1604 0627 01       		.byte	1
 1605 0628 C0       		.byte	-64
 1606 0629 14       		.byte	20
 1607 062a C5       		.byte	-59
 1608 062b EC       		.byte	-20
 1609 062c C7       		.byte	-57
 1610 062d 20       		.byte	32
 1611 062e C8       		.byte	-56
 1612 062f 23       		.byte	35
 1613 0630 C9       		.byte	-55
 1614 0631 FF       		.byte	-1
 1615 0632 CA       		.byte	-54
 1616 0633 FF       		.byte	-1
 1617 0634 CB       		.byte	-53
 1618 0635 FF       		.byte	-1
 1619 0636 CD       		.byte	-51
 1620 0637 83       		.byte	-125
 1621 0638 CE       		.byte	-50
 1622 0639 03       		.byte	3
 1623 063a CF       		.byte	-49
 1624 063b 01       		.byte	1
 1625 063c D0       		.byte	-48
 1626 063d 18       		.byte	24
 1627 063e D4       		.byte	-44
 1628 063f 01       		.byte	1
 1629 0640 D6       		.byte	-42
 1630 0641 04       		.byte	4
 1631 0642 D8       		.byte	-40
 1632 0643 04       		.byte	4
 1633 0644 D9       		.byte	-39
 1634 0645 04       		.byte	4
 1635 0646 DA       		.byte	-38
 1636 0647 0B       		.byte	11
 1637 0648 DB       		.byte	-37
 1638 0649 0B       		.byte	11
 1639 064a DD       		.byte	-35
 1640 064b 99       		.byte	-103
 1641 064c DF       		.byte	-33
 1642 064d 01       		.byte	1
 1643 064e E0       		.byte	-32
 1644 064f 40       		.byte	64
 1645 0650 E2       		.byte	-30
 1646 0651 40       		.byte	64
 1647 0652 E4       		.byte	-28
 1648 0653 40       		.byte	64
 1649 0654 E5       		.byte	-27
 1650 0655 40       		.byte	64
 1651 0656 E6       		.byte	-26
 1652 0657 80       		.byte	-128
 1653 0658 E8       		.byte	-24
ARM GAS  C:\Users\HENRIC~1\AppData\Local\Temp\ccq3SN1g.s 			page 30


 1654 0659 80       		.byte	-128
 1655 065a EA       		.byte	-22
 1656 065b 80       		.byte	-128
 1657 065c EC       		.byte	-20
 1658 065d 80       		.byte	-128
 1659 065e EE       		.byte	-18
 1660 065f 80       		.byte	-128
 1661 0660 00       		.byte	0
 1662 0661 64       		.byte	100
 1663 0662 01       		.byte	1
 1664 0663 10       		.byte	16
 1665 0664 09       		.byte	9
 1666 0665 08       		.byte	8
 1667 0666 0A       		.byte	10
 1668 0667 02       		.byte	2
 1669 0668 0B       		.byte	11
 1670 0669 40       		.byte	64
 1671 066a 10       		.byte	16
 1672 066b 34       		.byte	52
 1673 066c 1A       		.byte	26
 1674 066d 02       		.byte	2
 1675 066e 1B       		.byte	27
 1676 066f 80       		.byte	-128
 1677 0670 20       		.byte	32
 1678 0671 04       		.byte	4
 1679 0672 22       		.byte	34
 1680 0673 10       		.byte	16
 1681 0674 23       		.byte	35
 1682 0675 80       		.byte	-128
 1683 0676 28       		.byte	40
 1684 0677 14       		.byte	20
 1685 0678 2A       		.byte	42
 1686 0679 81       		.byte	-127
 1687 067a 2B       		.byte	43
 1688 067b 08       		.byte	8
 1689 067c 31       		.byte	49
 1690 067d 48       		.byte	72
 1691 067e 32       		.byte	50
 1692 067f 11       		.byte	17
 1693 0680 38       		.byte	56
 1694 0681 40       		.byte	64
 1695 0682 39       		.byte	57
 1696 0683 14       		.byte	20
 1697 0684 41       		.byte	65
 1698 0685 01       		.byte	1
 1699 0686 43       		.byte	67
 1700 0687 40       		.byte	64
 1701 0688 46       		.byte	70
 1702 0689 80       		.byte	-128
 1703 068a 49       		.byte	73
 1704 068b 05       		.byte	5
 1705 068c 4E       		.byte	78
 1706 068d 02       		.byte	2
 1707 068e 51       		.byte	81
 1708 068f 01       		.byte	1
 1709 0690 52       		.byte	82
 1710 0691 03       		.byte	3
ARM GAS  C:\Users\HENRIC~1\AppData\Local\Temp\ccq3SN1g.s 			page 31


 1711 0692 59       		.byte	89
 1712 0693 05       		.byte	5
 1713 0694 5B       		.byte	91
 1714 0695 80       		.byte	-128
 1715 0696 60       		.byte	96
 1716 0697 80       		.byte	-128
 1717 0698 76       		.byte	118
 1718 0699 80       		.byte	-128
 1719 069a 77       		.byte	119
 1720 069b 40       		.byte	64
 1721 069c 78       		.byte	120
 1722 069d 01       		.byte	1
 1723 069e 7F       		.byte	127
 1724 069f 05       		.byte	5
 1725 06a0 8B       		.byte	-117
 1726 06a1 10       		.byte	16
 1727 06a2 8C       		.byte	-116
 1728 06a3 08       		.byte	8
 1729 06a4 90       		.byte	-112
 1730 06a5 60       		.byte	96
 1731 06a6 91       		.byte	-111
 1732 06a7 84       		.byte	-124
 1733 06a8 92       		.byte	-110
 1734 06a9 01       		.byte	1
 1735 06aa 93       		.byte	-109
 1736 06ab 0A       		.byte	10
 1737 06ac 96       		.byte	-106
 1738 06ad 20       		.byte	32
 1739 06ae 97       		.byte	-105
 1740 06af 50       		.byte	80
 1741 06b0 98       		.byte	-104
 1742 06b1 01       		.byte	1
 1743 06b2 99       		.byte	-103
 1744 06b3 52       		.byte	82
 1745 06b4 9B       		.byte	-101
 1746 06b5 02       		.byte	2
 1747 06b6 9C       		.byte	-100
 1748 06b7 88       		.byte	-120
 1749 06b8 A0       		.byte	-96
 1750 06b9 30       		.byte	48
 1751 06ba A1       		.byte	-95
 1752 06bb 08       		.byte	8
 1753 06bc A3       		.byte	-93
 1754 06bd 0A       		.byte	10
 1755 06be A5       		.byte	-91
 1756 06bf 42       		.byte	66
 1757 06c0 A7       		.byte	-89
 1758 06c1 80       		.byte	-128
 1759 06c2 AC       		.byte	-84
 1760 06c3 01       		.byte	1
 1761 06c4 AD       		.byte	-83
 1762 06c5 20       		.byte	32
 1763 06c6 AE       		.byte	-82
 1764 06c7 40       		.byte	64
 1765 06c8 B2       		.byte	-78
 1766 06c9 04       		.byte	4
 1767 06ca C0       		.byte	-64
ARM GAS  C:\Users\HENRIC~1\AppData\Local\Temp\ccq3SN1g.s 			page 32


 1768 06cb 07       		.byte	7
 1769 06cc C2       		.byte	-62
 1770 06cd 0D       		.byte	13
 1771 06ce C4       		.byte	-60
 1772 06cf 06       		.byte	6
 1773 06d0 CA       		.byte	-54
 1774 06d1 0F       		.byte	15
 1775 06d2 CC       		.byte	-52
 1776 06d3 0F       		.byte	15
 1777 06d4 CE       		.byte	-50
 1778 06d5 0E       		.byte	14
 1779 06d6 D0       		.byte	-48
 1780 06d7 89       		.byte	-119
 1781 06d8 D2       		.byte	-46
 1782 06d9 10       		.byte	16
 1783 06da D6       		.byte	-42
 1784 06db 0B       		.byte	11
 1785 06dc D8       		.byte	-40
 1786 06dd 01       		.byte	1
 1787 06de DE       		.byte	-34
 1788 06df 31       		.byte	49
 1789 06e0 E2       		.byte	-30
 1790 06e1 40       		.byte	64
 1791 06e2 E4       		.byte	-28
 1792 06e3 80       		.byte	-128
 1793 06e4 EA       		.byte	-22
 1794 06e5 80       		.byte	-128
 1795 06e6 EC       		.byte	-20
 1796 06e7 10       		.byte	16
 1797 06e8 04       		.byte	4
 1798 06e9 01       		.byte	1
 1799 06ea 0C       		.byte	12
 1800 06eb 01       		.byte	1
 1801 06ec 0F       		.byte	15
 1802 06ed 01       		.byte	1
 1803 06ee 13       		.byte	19
 1804 06ef 01       		.byte	1
 1805 06f0 1C       		.byte	28
 1806 06f1 01       		.byte	1
 1807 06f2 22       		.byte	34
 1808 06f3 01       		.byte	1
 1809 06f4 34       		.byte	52
 1810 06f5 01       		.byte	1
 1811 06f6 37       		.byte	55
 1812 06f7 01       		.byte	1
 1813 06f8 40       		.byte	64
 1814 06f9 06       		.byte	6
 1815 06fa 41       		.byte	65
 1816 06fb 02       		.byte	2
 1817 06fc 49       		.byte	73
 1818 06fd FF       		.byte	-1
 1819 06fe 4A       		.byte	74
 1820 06ff FF       		.byte	-1
 1821 0700 4B       		.byte	75
 1822 0701 FF       		.byte	-1
 1823 0702 4C       		.byte	76
 1824 0703 02       		.byte	2
ARM GAS  C:\Users\HENRIC~1\AppData\Local\Temp\ccq3SN1g.s 			page 33


 1825 0704 4D       		.byte	77
 1826 0705 0C       		.byte	12
 1827 0706 4E       		.byte	78
 1828 0707 F8       		.byte	-8
 1829 0708 56       		.byte	86
 1830 0709 02       		.byte	2
 1831 070a 58       		.byte	88
 1832 070b 04       		.byte	4
 1833 070c 59       		.byte	89
 1834 070d 04       		.byte	4
 1835 070e 5A       		.byte	90
 1836 070f 04       		.byte	4
 1837 0710 5B       		.byte	91
 1838 0711 04       		.byte	4
 1839 0712 5C       		.byte	92
 1840 0713 30       		.byte	48
 1841 0714 5E       		.byte	94
 1842 0715 08       		.byte	8
 1843 0716 5F       		.byte	95
 1844 0717 01       		.byte	1
 1845 0718 62       		.byte	98
 1846 0719 48       		.byte	72
 1847 071a 63       		.byte	99
 1848 071b A1       		.byte	-95
 1849 071c 68       		.byte	104
 1850 071d F0       		.byte	-16
 1851 071e 6A       		.byte	106
 1852 071f F0       		.byte	-16
 1853 0720 6C       		.byte	108
 1854 0721 F0       		.byte	-16
 1855 0722 6E       		.byte	110
 1856 0723 F0       		.byte	-16
 1857 0724 83       		.byte	-125
 1858 0725 01       		.byte	1
 1859 0726 8A       		.byte	-118
 1860 0727 02       		.byte	2
 1861 0728 92       		.byte	-110
 1862 0729 02       		.byte	2
 1863 072a 9E       		.byte	-98
 1864 072b 04       		.byte	4
 1865 072c A9       		.byte	-87
 1866 072d 01       		.byte	1
 1867 072e AE       		.byte	-82
 1868 072f 01       		.byte	1
 1869 0730 B0       		.byte	-80
 1870 0731 01       		.byte	1
 1871 0732 B2       		.byte	-78
 1872 0733 04       		.byte	4
 1873 0734 B4       		.byte	-76
 1874 0735 02       		.byte	2
 1875 0736 B7       		.byte	-73
 1876 0737 01       		.byte	1
 1877 0738 BE       		.byte	-66
 1878 0739 10       		.byte	16
 1879 073a C0       		.byte	-64
 1880 073b 03       		.byte	3
 1881 073c C1       		.byte	-63
ARM GAS  C:\Users\HENRIC~1\AppData\Local\Temp\ccq3SN1g.s 			page 34


 1882 073d 06       		.byte	6
 1883 073e C6       		.byte	-58
 1884 073f 0A       		.byte	10
 1885 0740 C9       		.byte	-55
 1886 0741 FF       		.byte	-1
 1887 0742 CA       		.byte	-54
 1888 0743 FF       		.byte	-1
 1889 0744 CB       		.byte	-53
 1890 0745 FF       		.byte	-1
 1891 0746 CC       		.byte	-52
 1892 0747 03       		.byte	3
 1893 0748 CD       		.byte	-51
 1894 0749 0C       		.byte	12
 1895 074a CE       		.byte	-50
 1896 074b F4       		.byte	-12
 1897 074c D2       		.byte	-46
 1898 074d 80       		.byte	-128
 1899 074e D4       		.byte	-44
 1900 074f 05       		.byte	5
 1901 0750 D8       		.byte	-40
 1902 0751 04       		.byte	4
 1903 0752 D9       		.byte	-39
 1904 0753 04       		.byte	4
 1905 0754 DA       		.byte	-38
 1906 0755 04       		.byte	4
 1907 0756 DB       		.byte	-37
 1908 0757 04       		.byte	4
 1909 0758 DC       		.byte	-36
 1910 0759 33       		.byte	51
 1911 075a DD       		.byte	-35
 1912 075b 30       		.byte	48
 1913 075c DF       		.byte	-33
 1914 075d 01       		.byte	1
 1915 075e E2       		.byte	-30
 1916 075f 48       		.byte	72
 1917 0760 E3       		.byte	-29
 1918 0761 A1       		.byte	-95
 1919 0762 E8       		.byte	-24
 1920 0763 F0       		.byte	-16
 1921 0764 EA       		.byte	-22
 1922 0765 F0       		.byte	-16
 1923 0766 EC       		.byte	-20
 1924 0767 F0       		.byte	-16
 1925 0768 EE       		.byte	-18
 1926 0769 F0       		.byte	-16
 1927 076a 00       		.byte	0
 1928 076b 44       		.byte	68
 1929 076c 04       		.byte	4
 1930 076d 20       		.byte	32
 1931 076e 0A       		.byte	10
 1932 076f 01       		.byte	1
 1933 0770 0D       		.byte	13
 1934 0771 42       		.byte	66
 1935 0772 0F       		.byte	15
 1936 0773 02       		.byte	2
 1937 0774 13       		.byte	19
 1938 0775 02       		.byte	2
ARM GAS  C:\Users\HENRIC~1\AppData\Local\Temp\ccq3SN1g.s 			page 35


 1939 0776 17       		.byte	23
 1940 0777 40       		.byte	64
 1941 0778 18       		.byte	24
 1942 0779 04       		.byte	4
 1943 077a 1A       		.byte	26
 1944 077b 08       		.byte	8
 1945 077c 1D       		.byte	29
 1946 077d 02       		.byte	2
 1947 077e 1E       		.byte	30
 1948 077f 08       		.byte	8
 1949 0780 1F       		.byte	31
 1950 0781 08       		.byte	8
 1951 0782 20       		.byte	32
 1952 0783 02       		.byte	2
 1953 0784 26       		.byte	38
 1954 0785 40       		.byte	64
 1955 0786 2F       		.byte	47
 1956 0787 08       		.byte	8
 1957 0788 31       		.byte	49
 1958 0789 02       		.byte	2
 1959 078a 39       		.byte	57
 1960 078b 80       		.byte	-128
 1961 078c 3F       		.byte	63
 1962 078d 02       		.byte	2
 1963 078e 40       		.byte	64
 1964 078f 0C       		.byte	12
 1965 0790 46       		.byte	70
 1966 0791 10       		.byte	16
 1967 0792 49       		.byte	73
 1968 0793 10       		.byte	16
 1969 0794 4E       		.byte	78
 1970 0795 04       		.byte	4
 1971 0796 55       		.byte	85
 1972 0797 40       		.byte	64
 1973 0798 5D       		.byte	93
 1974 0799 02       		.byte	2
 1975 079a 5E       		.byte	94
 1976 079b 88       		.byte	-120
 1977 079c 61       		.byte	97
 1978 079d 10       		.byte	16
 1979 079e 62       		.byte	98
 1980 079f 10       		.byte	16
 1981 07a0 73       		.byte	115
 1982 07a1 40       		.byte	64
 1983 07a2 77       		.byte	119
 1984 07a3 40       		.byte	64
 1985 07a4 78       		.byte	120
 1986 07a5 08       		.byte	8
 1987 07a6 83       		.byte	-125
 1988 07a7 02       		.byte	2
 1989 07a8 88       		.byte	-120
 1990 07a9 01       		.byte	1
 1991 07aa 90       		.byte	-112
 1992 07ab 60       		.byte	96
 1993 07ac 91       		.byte	-111
 1994 07ad 80       		.byte	-128
 1995 07ae 92       		.byte	-110
ARM GAS  C:\Users\HENRIC~1\AppData\Local\Temp\ccq3SN1g.s 			page 36


 1996 07af 01       		.byte	1
 1997 07b0 97       		.byte	-105
 1998 07b1 40       		.byte	64
 1999 07b2 99       		.byte	-103
 2000 07b3 12       		.byte	18
 2001 07b4 9B       		.byte	-101
 2002 07b5 02       		.byte	2
 2003 07b6 9C       		.byte	-100
 2004 07b7 08       		.byte	8
 2005 07b8 A3       		.byte	-93
 2006 07b9 02       		.byte	2
 2007 07ba A5       		.byte	-91
 2008 07bb 42       		.byte	66
 2009 07bc C0       		.byte	-64
 2010 07bd 45       		.byte	69
 2011 07be C2       		.byte	-62
 2012 07bf 91       		.byte	-111
 2013 07c0 C4       		.byte	-60
 2014 07c1 88       		.byte	-120
 2015 07c2 CA       		.byte	-54
 2016 07c3 20       		.byte	32
 2017 07c4 CC       		.byte	-52
 2018 07c5 01       		.byte	1
 2019 07c6 CE       		.byte	-50
 2020 07c7 88       		.byte	-120
 2021 07c8 D0       		.byte	-48
 2022 07c9 44       		.byte	68
 2023 07ca D2       		.byte	-46
 2024 07cb 24       		.byte	36
 2025 07cc D6       		.byte	-42
 2026 07cd D0       		.byte	-48
 2027 07ce DE       		.byte	-34
 2028 07cf 02       		.byte	2
 2029 07d0 E4       		.byte	-28
 2030 07d1 01       		.byte	1
 2031 07d2 EC       		.byte	-20
 2032 07d3 20       		.byte	32
 2033 07d4 EE       		.byte	-18
 2034 07d5 08       		.byte	8
 2035 07d6 31       		.byte	49
 2036 07d7 40       		.byte	64
 2037 07d8 33       		.byte	51
 2038 07d9 02       		.byte	2
 2039 07da 37       		.byte	55
 2040 07db 12       		.byte	18
 2041 07dc 3B       		.byte	59
 2042 07dd 40       		.byte	64
 2043 07de 3D       		.byte	61
 2044 07df 80       		.byte	-128
 2045 07e0 CC       		.byte	-52
 2046 07e1 F0       		.byte	-16
 2047 07e2 CE       		.byte	-50
 2048 07e3 30       		.byte	48
 2049 07e4 30       		.byte	48
 2050 07e5 02       		.byte	2
 2051 07e6 33       		.byte	51
 2052 07e7 20       		.byte	32
ARM GAS  C:\Users\HENRIC~1\AppData\Local\Temp\ccq3SN1g.s 			page 37


 2053 07e8 35       		.byte	53
 2054 07e9 80       		.byte	-128
 2055 07ea 36       		.byte	54
 2056 07eb 08       		.byte	8
 2057 07ec 86       		.byte	-122
 2058 07ed 08       		.byte	8
 2059 07ee 8C       		.byte	-116
 2060 07ef 02       		.byte	2
 2061 07f0 9D       		.byte	-99
 2062 07f1 40       		.byte	64
 2063 07f2 9F       		.byte	-97
 2064 07f3 12       		.byte	18
 2065 07f4 A5       		.byte	-91
 2066 07f5 40       		.byte	64
 2067 07f6 A7       		.byte	-89
 2068 07f7 02       		.byte	2
 2069 07f8 AF       		.byte	-81
 2070 07f9 40       		.byte	64
 2071 07fa CC       		.byte	-52
 2072 07fb F0       		.byte	-16
 2073 07fc E2       		.byte	-30
 2074 07fd 10       		.byte	16
 2075 07fe EE       		.byte	-18
 2076 07ff 40       		.byte	64
 2077 0800 58       		.byte	88
 2078 0801 01       		.byte	1
 2079 0802 83       		.byte	-125
 2080 0803 02       		.byte	2
 2081 0804 9F       		.byte	-97
 2082 0805 12       		.byte	18
 2083 0806 A5       		.byte	-91
 2084 0807 40       		.byte	64
 2085 0808 A7       		.byte	-89
 2086 0809 22       		.byte	34
 2087 080a AD       		.byte	-83
 2088 080b C0       		.byte	-64
 2089 080c D6       		.byte	-42
 2090 080d 40       		.byte	64
 2091 080e E6       		.byte	-26
 2092 080f 80       		.byte	-128
 2093 0810 EA       		.byte	-22
 2094 0811 10       		.byte	16
 2095 0812 EE       		.byte	-18
 2096 0813 10       		.byte	16
 2097 0814 19       		.byte	25
 2098 0815 08       		.byte	8
 2099 0816 20       		.byte	32
 2100 0817 01       		.byte	1
 2101 0818 9F       		.byte	-97
 2102 0819 10       		.byte	16
 2103 081a A5       		.byte	-91
 2104 081b 40       		.byte	64
 2105 081c A7       		.byte	-89
 2106 081d 22       		.byte	34
 2107 081e AC       		.byte	-84
 2108 081f 01       		.byte	1
 2109 0820 C6       		.byte	-58
ARM GAS  C:\Users\HENRIC~1\AppData\Local\Temp\ccq3SN1g.s 			page 38


 2110 0821 10       		.byte	16
 2111 0822 C8       		.byte	-56
 2112 0823 10       		.byte	16
 2113 0824 EA       		.byte	-22
 2114 0825 40       		.byte	64
 2115 0826 39       		.byte	57
 2116 0827 80       		.byte	-128
 2117 0828 70       		.byte	112
 2118 0829 08       		.byte	8
 2119 082a CE       		.byte	-50
 2120 082b 08       		.byte	8
 2121 082c DC       		.byte	-36
 2122 082d 01       		.byte	1
 2123 082e 11       		.byte	17
 2124 082f 08       		.byte	8
 2125 0830 86       		.byte	-122
 2126 0831 01       		.byte	1
 2127 0832 8E       		.byte	-114
 2128 0833 40       		.byte	64
 2129 0834 95       		.byte	-107
 2130 0835 80       		.byte	-128
 2131 0836 A4       		.byte	-92
 2132 0837 08       		.byte	8
 2133 0838 C4       		.byte	-60
 2134 0839 08       		.byte	8
 2135 083a E6       		.byte	-26
 2136 083b 02       		.byte	2
 2137 083c 81       		.byte	-127
 2138 083d 40       		.byte	64
 2139 083e 95       		.byte	-107
 2140 083f 80       		.byte	-128
 2141 0840 96       		.byte	-106
 2142 0841 41       		.byte	65
 2143 0842 9C       		.byte	-100
 2144 0843 04       		.byte	4
 2145 0844 AC       		.byte	-84
 2146 0845 04       		.byte	4
 2147 0846 B4       		.byte	-76
 2148 0847 08       		.byte	8
 2149 0848 B5       		.byte	-75
 2150 0849 04       		.byte	4
 2151 084a EC       		.byte	-20
 2152 084b 08       		.byte	8
 2153 084c EE       		.byte	-18
 2154 084d 02       		.byte	2
 2155 084e 03       		.byte	3
 2156 084f 80       		.byte	-128
 2157 0850 08       		.byte	8
 2158 0851 04       		.byte	4
 2159 0852 0A       		.byte	10
 2160 0853 01       		.byte	1
 2161 0854 0E       		.byte	14
 2162 0855 40       		.byte	64
 2163 0856 32       		.byte	50
 2164 0857 40       		.byte	64
 2165 0858 96       		.byte	-106
 2166 0859 41       		.byte	65
ARM GAS  C:\Users\HENRIC~1\AppData\Local\Temp\ccq3SN1g.s 			page 39


 2167 085a 9C       		.byte	-100
 2168 085b 04       		.byte	4
 2169 085c C0       		.byte	-64
 2170 085d 08       		.byte	8
 2171 085e C2       		.byte	-62
 2172 085f 0E       		.byte	14
 2173 0860 CC       		.byte	-52
 2174 0861 08       		.byte	8
 2175 0862 20       		.byte	32
 2176 0863 80       		.byte	-128
 2177 0864 28       		.byte	40
 2178 0865 04       		.byte	4
 2179 0866 64       		.byte	100
 2180 0867 08       		.byte	8
 2181 0868 88       		.byte	-120
 2182 0869 04       		.byte	4
 2183 086a 8C       		.byte	-116
 2184 086b 08       		.byte	8
 2185 086c 98       		.byte	-104
 2186 086d 40       		.byte	64
 2187 086e 9F       		.byte	-97
 2188 086f 10       		.byte	16
 2189 0870 A5       		.byte	-91
 2190 0871 40       		.byte	64
 2191 0872 A7       		.byte	-89
 2192 0873 22       		.byte	34
 2193 0874 AD       		.byte	-83
 2194 0875 08       		.byte	8
 2195 0876 B0       		.byte	-80
 2196 0877 40       		.byte	64
 2197 0878 B4       		.byte	-76
 2198 0879 01       		.byte	1
 2199 087a C8       		.byte	-56
 2200 087b 40       		.byte	64
 2201 087c CA       		.byte	-54
 2202 087d 10       		.byte	16
 2203 087e D8       		.byte	-40
 2204 087f 80       		.byte	-128
 2205 0880 EC       		.byte	-20
 2206 0881 10       		.byte	16
 2207 0882 25       		.byte	37
 2208 0883 40       		.byte	64
 2209 0884 26       		.byte	38
 2210 0885 20       		.byte	32
 2211 0886 58       		.byte	88
 2212 0887 40       		.byte	64
 2213 0888 7A       		.byte	122
 2214 0889 08       		.byte	8
 2215 088a 82       		.byte	-126
 2216 088b 28       		.byte	40
 2217 088c 87       		.byte	-121
 2218 088d 02       		.byte	2
 2219 088e 98       		.byte	-104
 2220 088f 40       		.byte	64
 2221 0890 A5       		.byte	-91
 2222 0891 40       		.byte	64
 2223 0892 A7       		.byte	-89
ARM GAS  C:\Users\HENRIC~1\AppData\Local\Temp\ccq3SN1g.s 			page 40


 2224 0893 02       		.byte	2
 2225 0894 AB       		.byte	-85
 2226 0895 10       		.byte	16
 2227 0896 AF       		.byte	-81
 2228 0897 20       		.byte	32
 2229 0898 B0       		.byte	-80
 2230 0899 40       		.byte	64
 2231 089a C8       		.byte	-56
 2232 089b 20       		.byte	32
 2233 089c D4       		.byte	-44
 2234 089d 80       		.byte	-128
 2235 089e DE       		.byte	-34
 2236 089f 40       		.byte	64
 2237 08a0 E2       		.byte	-30
 2238 08a1 30       		.byte	48
 2239 08a2 E4       		.byte	-28
 2240 08a3 80       		.byte	-128
 2241 08a4 EA       		.byte	-22
 2242 08a5 20       		.byte	32
 2243 08a6 EE       		.byte	-18
 2244 08a7 10       		.byte	16
 2245 08a8 1F       		.byte	31
 2246 08a9 80       		.byte	-128
 2247 08aa 30       		.byte	48
 2248 08ab 08       		.byte	8
 2249 08ac 34       		.byte	52
 2250 08ad 01       		.byte	1
 2251 08ae 96       		.byte	-106
 2252 08af 80       		.byte	-128
 2253 08b0 A0       		.byte	-96
 2254 08b1 08       		.byte	8
 2255 08b2 B3       		.byte	-77
 2256 08b3 80       		.byte	-128
 2257 08b4 B4       		.byte	-76
 2258 08b5 08       		.byte	8
 2259 08b6 C6       		.byte	-58
 2260 08b7 01       		.byte	1
 2261 08b8 CC       		.byte	-52
 2262 08b9 03       		.byte	3
 2263 08ba EA       		.byte	-22
 2264 08bb 01       		.byte	1
 2265 08bc EC       		.byte	-20
 2266 08bd 08       		.byte	8
 2267 08be 75       		.byte	117
 2268 08bf 02       		.byte	2
 2269 08c0 82       		.byte	-126
 2270 08c1 40       		.byte	64
 2271 08c2 89       		.byte	-119
 2272 08c3 02       		.byte	2
 2273 08c4 96       		.byte	-106
 2274 08c5 80       		.byte	-128
 2275 08c6 AF       		.byte	-81
 2276 08c7 80       		.byte	-128
 2277 08c8 B0       		.byte	-80
 2278 08c9 01       		.byte	1
 2279 08ca DE       		.byte	-34
 2280 08cb 04       		.byte	4
ARM GAS  C:\Users\HENRIC~1\AppData\Local\Temp\ccq3SN1g.s 			page 41


 2281 08cc E0       		.byte	-32
 2282 08cd 01       		.byte	1
 2283 08ce EC       		.byte	-20
 2284 08cf 04       		.byte	4
 2285 08d0 00       		.byte	0
 2286 08d1 8D       		.byte	-115
 2287 08d2 01       		.byte	1
 2288 08d3 01       		.byte	1
 2289 08d4 0C       		.byte	12
 2290 08d5 09       		.byte	9
 2291 08d6 0D       		.byte	13
 2292 08d7 01       		.byte	1
 2293 08d8 0E       		.byte	14
 2294 08d9 84       		.byte	-124
 2295 08da 10       		.byte	16
 2296 08db 39       		.byte	57
 2297 08dc 11       		.byte	17
 2298 08dd 01       		.byte	1
 2299 08de 1A       		.byte	26
 2300 08df 30       		.byte	48
 2301 08e0 1C       		.byte	28
 2302 08e1 09       		.byte	9
 2303 08e2 1D       		.byte	29
 2304 08e3 01       		.byte	1
 2305 08e4 00       		.byte	0
 2306 08e5 FF       		.byte	-1
 2307 08e6 01       		.byte	1
 2308 08e7 AF       		.byte	-81
 2309 08e8 02       		.byte	2
 2310 08e9 02       		.byte	2
 2311 08ea 10       		.byte	16
 2312 08eb 02       		.byte	2
 2313 08ec 00       		.byte	0
 2314 08ed 00       		.byte	0
 2315 08ee 00       		.byte	0
 2316 08ef 00       		.byte	0
 2317 08f0 00       		.byte	0
 2318 08f1 00       		.byte	0
 2319 08f2 10       		.byte	16
 2320 08f3 00       		.byte	0
 2321 08f4 80       		.byte	-128
 2322 08f5 30       		.byte	48
 2323 08f6 30       		.byte	48
 2324 08f7 00       		.byte	0
 2325 08f8 30       		.byte	48
 2326 08f9 00       		.byte	0
 2327 08fa 00       		.byte	0
 2328 08fb 00       		.byte	0
 2329 08fc 40       		.byte	64
 2330 08fd 00       		.byte	0
 2331 08fe 00       		.byte	0
 2332 08ff 00       		.byte	0
 2333 0900 00       		.byte	0
 2334 0901 00       		.byte	0
 2335 0902 00       		.byte	0
 2336 0903 00       		.byte	0
 2337 0904 C0       		.byte	-64
ARM GAS  C:\Users\HENRIC~1\AppData\Local\Temp\ccq3SN1g.s 			page 42


 2338 0905 00       		.byte	0
 2339 0906 00       		.byte	0
 2340 0907 00       		.byte	0
 2341 0908 00       		.byte	0
 2342 0909 0B       		.byte	11
 2343 090a 0B       		.byte	11
 2344 090b 00       		.byte	0
 2345 090c 00       		.byte	0
 2346 090d 00       		.byte	0
 2347 090e 00       		.byte	0
 2348 090f 00       		.byte	0
 2349 0910 00       		.byte	0
 2350 0911 7F       		.byte	127
 2351 0912 7F       		.byte	127
 2352 0913 00       		.byte	0
 2353 0914 00       		.byte	0
 2354 0915 00       		.byte	0
 2355 0916 00       		.byte	0
 2356 0917 00       		.byte	0
 2357 0918 00       		.byte	0
 2358 0919 08       		.byte	8
 2359 091a 08       		.byte	8
 2360 091b 00       		.byte	0
 2361 091c 08       		.byte	8
 2362 091d 00       		.byte	0
 2363 091e C0       		.byte	-64
 2364 091f 00       		.byte	0
 2365 0920 00       		.byte	0
 2366 0921 00       		.byte	0
 2367 0922 7F       		.byte	127
 2368 0923 00       		.byte	0
 2369 0924 00       		.byte	0
 2370 0925 00       		.byte	0
 2371 0926 00       		.byte	0
 2372 0927 00       		.byte	0
 2373 0928 41       		.byte	65
 2374 0929 08       		.byte	8
 2375 092a 08       		.byte	8
 2376 092b 00       		.byte	0
 2377 092c 00       		.byte	0
 2378 092d 00       		.byte	0
 2379 092e 10       		.byte	16
 2380 092f 00       		.byte	0
 2381              		.section	.cywolatch,"a",%progbits
 2382              		.align	2
 2383              		.type	cy_meta_wonvl, %object
 2384              		.size	cy_meta_wonvl, 4
 2385              	cy_meta_wonvl:
 2386 0000 BC       		.byte	-68
 2387 0001 90       		.byte	-112
 2388 0002 AC       		.byte	-84
 2389 0003 AF       		.byte	-81
 2390              		.section	.cycustnvl,"a",%progbits
 2391              		.align	2
 2392              		.type	cy_meta_custnvl, %object
 2393              		.size	cy_meta_custnvl, 4
 2394              	cy_meta_custnvl:
ARM GAS  C:\Users\HENRIC~1\AppData\Local\Temp\ccq3SN1g.s 			page 43


 2395 0000 00       		.byte	0
 2396 0001 00       		.byte	0
 2397 0002 40       		.byte	64
 2398 0003 05       		.byte	5
 2399              		.section	.cymeta,"a",%progbits
 2400              		.align	2
 2401              		.type	cy_metadata, %object
 2402              		.size	cy_metadata, 12
 2403              	cy_metadata:
 2404 0000 00       		.byte	0
 2405 0001 01       		.byte	1
 2406 0002 2E       		.byte	46
 2407 0003 12       		.byte	18
 2408 0004 30       		.byte	48
 2409 0005 69       		.byte	105
 2410 0006 00       		.byte	0
 2411 0007 01       		.byte	1
 2412 0008 00       		.byte	0
 2413 0009 00       		.byte	0
 2414 000a 00       		.byte	0
 2415 000b 00       		.byte	0
 2416              		.section	.cyflashprotect,"a",%progbits
 2417              		.align	2
 2418              		.type	cy_meta_flashprotect, %object
 2419              		.size	cy_meta_flashprotect, 256
 2420              	cy_meta_flashprotect:
 2421 0000 00000000 		.space	256
 2421      00000000 
 2421      00000000 
 2421      00000000 
 2421      00000000 
 2422              		.text
 2423              	.Letext0:
 2424              		.file 1 "c:\\program files (x86)\\cypress\\psoc creator\\4.1\\psoc creator\\import\\gnu\\arm\\5.4.
 2425              		.file 2 "c:\\program files (x86)\\cypress\\psoc creator\\4.1\\psoc creator\\import\\gnu\\arm\\5.4.
 2426              		.file 3 "Generated_Source\\PSoC5\\cymetadata.c"
 2427              		.section	.debug_info,"",%progbits
 2428              	.Ldebug_info0:
 2429 0000 35010000 		.4byte	0x135
 2430 0004 0400     		.2byte	0x4
 2431 0006 00000000 		.4byte	.Ldebug_abbrev0
 2432 000a 04       		.byte	0x4
 2433 000b 01       		.uleb128 0x1
 2434 000c 24000000 		.4byte	.LASF17
 2435 0010 0C       		.byte	0xc
 2436 0011 CE010000 		.4byte	.LASF18
 2437 0015 7E010000 		.4byte	.LASF19
 2438 0019 00000000 		.4byte	.Ldebug_line0
 2439 001d 02       		.uleb128 0x2
 2440 001e 01       		.byte	0x1
 2441 001f 06       		.byte	0x6
 2442 0020 72010000 		.4byte	.LASF0
 2443 0024 03       		.uleb128 0x3
 2444 0025 00000000 		.4byte	.LASF9
 2445 0029 01       		.byte	0x1
 2446 002a 1D       		.byte	0x1d
 2447 002b 2F000000 		.4byte	0x2f
ARM GAS  C:\Users\HENRIC~1\AppData\Local\Temp\ccq3SN1g.s 			page 44


 2448 002f 02       		.uleb128 0x2
 2449 0030 01       		.byte	0x1
 2450 0031 08       		.byte	0x8
 2451 0032 16000000 		.4byte	.LASF1
 2452 0036 02       		.uleb128 0x2
 2453 0037 02       		.byte	0x2
 2454 0038 05       		.byte	0x5
 2455 0039 5F010000 		.4byte	.LASF2
 2456 003d 02       		.uleb128 0x2
 2457 003e 02       		.byte	0x2
 2458 003f 07       		.byte	0x7
 2459 0040 C4000000 		.4byte	.LASF3
 2460 0044 02       		.uleb128 0x2
 2461 0045 04       		.byte	0x4
 2462 0046 05       		.byte	0x5
 2463 0047 69010000 		.4byte	.LASF4
 2464 004b 02       		.uleb128 0x2
 2465 004c 04       		.byte	0x4
 2466 004d 07       		.byte	0x7
 2467 004e B2000000 		.4byte	.LASF5
 2468 0052 02       		.uleb128 0x2
 2469 0053 08       		.byte	0x8
 2470 0054 05       		.byte	0x5
 2471 0055 51010000 		.4byte	.LASF6
 2472 0059 02       		.uleb128 0x2
 2473 005a 08       		.byte	0x8
 2474 005b 07       		.byte	0x7
 2475 005c 06010000 		.4byte	.LASF7
 2476 0060 04       		.uleb128 0x4
 2477 0061 04       		.byte	0x4
 2478 0062 05       		.byte	0x5
 2479 0063 696E7400 		.ascii	"int\000"
 2480 0067 02       		.uleb128 0x2
 2481 0068 04       		.byte	0x4
 2482 0069 07       		.byte	0x7
 2483 006a F9000000 		.4byte	.LASF8
 2484 006e 03       		.uleb128 0x3
 2485 006f 1D010000 		.4byte	.LASF10
 2486 0073 02       		.byte	0x2
 2487 0074 18       		.byte	0x18
 2488 0075 24000000 		.4byte	0x24
 2489 0079 05       		.uleb128 0x5
 2490 007a 91000000 		.4byte	0x91
 2491 007e 8A000000 		.4byte	0x8a
 2492 0082 06       		.uleb128 0x6
 2493 0083 8A000000 		.4byte	0x8a
 2494 0087 2F09     		.2byte	0x92f
 2495 0089 00       		.byte	0
 2496 008a 02       		.uleb128 0x2
 2497 008b 04       		.byte	0x4
 2498 008c 07       		.byte	0x7
 2499 008d 48010000 		.4byte	.LASF11
 2500 0091 07       		.uleb128 0x7
 2501 0092 6E000000 		.4byte	0x6e
 2502 0096 08       		.uleb128 0x8
 2503 0097 E7000000 		.4byte	.LASF12
 2504 009b 03       		.byte	0x3
ARM GAS  C:\Users\HENRIC~1\AppData\Local\Temp\ccq3SN1g.s 			page 45


 2505 009c 1F       		.byte	0x1f
 2506 009d A7000000 		.4byte	0xa7
 2507 00a1 05       		.uleb128 0x5
 2508 00a2 03       		.byte	0x3
 2509 00a3 00000000 		.4byte	cy_meta_configecc
 2510 00a7 07       		.uleb128 0x7
 2511 00a8 79000000 		.4byte	0x79
 2512 00ac 05       		.uleb128 0x5
 2513 00ad 91000000 		.4byte	0x91
 2514 00b1 BC000000 		.4byte	0xbc
 2515 00b5 09       		.uleb128 0x9
 2516 00b6 8A000000 		.4byte	0x8a
 2517 00ba 03       		.byte	0x3
 2518 00bb 00       		.byte	0
 2519 00bc 0A       		.uleb128 0xa
 2520 00bd D7000000 		.4byte	.LASF13
 2521 00c1 03       		.byte	0x3
 2522 00c2 5201     		.2byte	0x152
 2523 00c4 CE000000 		.4byte	0xce
 2524 00c8 05       		.uleb128 0x5
 2525 00c9 03       		.byte	0x3
 2526 00ca 00000000 		.4byte	cy_meta_custnvl
 2527 00ce 07       		.uleb128 0x7
 2528 00cf AC000000 		.4byte	0xac
 2529 00d3 0A       		.uleb128 0xa
 2530 00d4 3A010000 		.4byte	.LASF14
 2531 00d8 03       		.byte	0x3
 2532 00d9 6001     		.2byte	0x160
 2533 00db E5000000 		.4byte	0xe5
 2534 00df 05       		.uleb128 0x5
 2535 00e0 03       		.byte	0x3
 2536 00e1 00000000 		.4byte	cy_meta_wonvl
 2537 00e5 07       		.uleb128 0x7
 2538 00e6 AC000000 		.4byte	0xac
 2539 00ea 05       		.uleb128 0x5
 2540 00eb 91000000 		.4byte	0x91
 2541 00ef FA000000 		.4byte	0xfa
 2542 00f3 09       		.uleb128 0x9
 2543 00f4 8A000000 		.4byte	0x8a
 2544 00f8 FF       		.byte	0xff
 2545 00f9 00       		.byte	0
 2546 00fa 0A       		.uleb128 0xa
 2547 00fb 25010000 		.4byte	.LASF15
 2548 00ff 03       		.byte	0x3
 2549 0100 6E01     		.2byte	0x16e
 2550 0102 0C010000 		.4byte	0x10c
 2551 0106 05       		.uleb128 0x5
 2552 0107 03       		.byte	0x3
 2553 0108 00000000 		.4byte	cy_meta_flashprotect
 2554 010c 07       		.uleb128 0x7
 2555 010d EA000000 		.4byte	0xea
 2556 0111 05       		.uleb128 0x5
 2557 0112 91000000 		.4byte	0x91
 2558 0116 21010000 		.4byte	0x121
 2559 011a 09       		.uleb128 0x9
 2560 011b 8A000000 		.4byte	0x8a
 2561 011f 0B       		.byte	0xb
ARM GAS  C:\Users\HENRIC~1\AppData\Local\Temp\ccq3SN1g.s 			page 46


 2562 0120 00       		.byte	0
 2563 0121 0A       		.uleb128 0xa
 2564 0122 0A000000 		.4byte	.LASF16
 2565 0126 03       		.byte	0x3
 2566 0127 9B01     		.2byte	0x19b
 2567 0129 33010000 		.4byte	0x133
 2568 012d 05       		.uleb128 0x5
 2569 012e 03       		.byte	0x3
 2570 012f 00000000 		.4byte	cy_metadata
 2571 0133 07       		.uleb128 0x7
 2572 0134 11010000 		.4byte	0x111
 2573 0138 00       		.byte	0
 2574              		.section	.debug_abbrev,"",%progbits
 2575              	.Ldebug_abbrev0:
 2576 0000 01       		.uleb128 0x1
 2577 0001 11       		.uleb128 0x11
 2578 0002 01       		.byte	0x1
 2579 0003 25       		.uleb128 0x25
 2580 0004 0E       		.uleb128 0xe
 2581 0005 13       		.uleb128 0x13
 2582 0006 0B       		.uleb128 0xb
 2583 0007 03       		.uleb128 0x3
 2584 0008 0E       		.uleb128 0xe
 2585 0009 1B       		.uleb128 0x1b
 2586 000a 0E       		.uleb128 0xe
 2587 000b 10       		.uleb128 0x10
 2588 000c 17       		.uleb128 0x17
 2589 000d 00       		.byte	0
 2590 000e 00       		.byte	0
 2591 000f 02       		.uleb128 0x2
 2592 0010 24       		.uleb128 0x24
 2593 0011 00       		.byte	0
 2594 0012 0B       		.uleb128 0xb
 2595 0013 0B       		.uleb128 0xb
 2596 0014 3E       		.uleb128 0x3e
 2597 0015 0B       		.uleb128 0xb
 2598 0016 03       		.uleb128 0x3
 2599 0017 0E       		.uleb128 0xe
 2600 0018 00       		.byte	0
 2601 0019 00       		.byte	0
 2602 001a 03       		.uleb128 0x3
 2603 001b 16       		.uleb128 0x16
 2604 001c 00       		.byte	0
 2605 001d 03       		.uleb128 0x3
 2606 001e 0E       		.uleb128 0xe
 2607 001f 3A       		.uleb128 0x3a
 2608 0020 0B       		.uleb128 0xb
 2609 0021 3B       		.uleb128 0x3b
 2610 0022 0B       		.uleb128 0xb
 2611 0023 49       		.uleb128 0x49
 2612 0024 13       		.uleb128 0x13
 2613 0025 00       		.byte	0
 2614 0026 00       		.byte	0
 2615 0027 04       		.uleb128 0x4
 2616 0028 24       		.uleb128 0x24
 2617 0029 00       		.byte	0
 2618 002a 0B       		.uleb128 0xb
ARM GAS  C:\Users\HENRIC~1\AppData\Local\Temp\ccq3SN1g.s 			page 47


 2619 002b 0B       		.uleb128 0xb
 2620 002c 3E       		.uleb128 0x3e
 2621 002d 0B       		.uleb128 0xb
 2622 002e 03       		.uleb128 0x3
 2623 002f 08       		.uleb128 0x8
 2624 0030 00       		.byte	0
 2625 0031 00       		.byte	0
 2626 0032 05       		.uleb128 0x5
 2627 0033 01       		.uleb128 0x1
 2628 0034 01       		.byte	0x1
 2629 0035 49       		.uleb128 0x49
 2630 0036 13       		.uleb128 0x13
 2631 0037 01       		.uleb128 0x1
 2632 0038 13       		.uleb128 0x13
 2633 0039 00       		.byte	0
 2634 003a 00       		.byte	0
 2635 003b 06       		.uleb128 0x6
 2636 003c 21       		.uleb128 0x21
 2637 003d 00       		.byte	0
 2638 003e 49       		.uleb128 0x49
 2639 003f 13       		.uleb128 0x13
 2640 0040 2F       		.uleb128 0x2f
 2641 0041 05       		.uleb128 0x5
 2642 0042 00       		.byte	0
 2643 0043 00       		.byte	0
 2644 0044 07       		.uleb128 0x7
 2645 0045 26       		.uleb128 0x26
 2646 0046 00       		.byte	0
 2647 0047 49       		.uleb128 0x49
 2648 0048 13       		.uleb128 0x13
 2649 0049 00       		.byte	0
 2650 004a 00       		.byte	0
 2651 004b 08       		.uleb128 0x8
 2652 004c 34       		.uleb128 0x34
 2653 004d 00       		.byte	0
 2654 004e 03       		.uleb128 0x3
 2655 004f 0E       		.uleb128 0xe
 2656 0050 3A       		.uleb128 0x3a
 2657 0051 0B       		.uleb128 0xb
 2658 0052 3B       		.uleb128 0x3b
 2659 0053 0B       		.uleb128 0xb
 2660 0054 49       		.uleb128 0x49
 2661 0055 13       		.uleb128 0x13
 2662 0056 3F       		.uleb128 0x3f
 2663 0057 19       		.uleb128 0x19
 2664 0058 02       		.uleb128 0x2
 2665 0059 18       		.uleb128 0x18
 2666 005a 00       		.byte	0
 2667 005b 00       		.byte	0
 2668 005c 09       		.uleb128 0x9
 2669 005d 21       		.uleb128 0x21
 2670 005e 00       		.byte	0
 2671 005f 49       		.uleb128 0x49
 2672 0060 13       		.uleb128 0x13
 2673 0061 2F       		.uleb128 0x2f
 2674 0062 0B       		.uleb128 0xb
 2675 0063 00       		.byte	0
ARM GAS  C:\Users\HENRIC~1\AppData\Local\Temp\ccq3SN1g.s 			page 48


 2676 0064 00       		.byte	0
 2677 0065 0A       		.uleb128 0xa
 2678 0066 34       		.uleb128 0x34
 2679 0067 00       		.byte	0
 2680 0068 03       		.uleb128 0x3
 2681 0069 0E       		.uleb128 0xe
 2682 006a 3A       		.uleb128 0x3a
 2683 006b 0B       		.uleb128 0xb
 2684 006c 3B       		.uleb128 0x3b
 2685 006d 05       		.uleb128 0x5
 2686 006e 49       		.uleb128 0x49
 2687 006f 13       		.uleb128 0x13
 2688 0070 3F       		.uleb128 0x3f
 2689 0071 19       		.uleb128 0x19
 2690 0072 02       		.uleb128 0x2
 2691 0073 18       		.uleb128 0x18
 2692 0074 00       		.byte	0
 2693 0075 00       		.byte	0
 2694 0076 00       		.byte	0
 2695              		.section	.debug_aranges,"",%progbits
 2696 0000 14000000 		.4byte	0x14
 2697 0004 0200     		.2byte	0x2
 2698 0006 00000000 		.4byte	.Ldebug_info0
 2699 000a 04       		.byte	0x4
 2700 000b 00       		.byte	0
 2701 000c 0000     		.2byte	0
 2702 000e 0000     		.2byte	0
 2703 0010 00000000 		.4byte	0
 2704 0014 00000000 		.4byte	0
 2705              		.section	.debug_line,"",%progbits
 2706              	.Ldebug_line0:
 2707 0000 3D010000 		.section	.debug_str,"MS",%progbits,1
 2707      02003701 
 2707      00000201 
 2707      FB0E0D00 
 2707      01010101 
 2708              	.LASF9:
 2709 0000 5F5F7569 		.ascii	"__uint8_t\000"
 2709      6E74385F 
 2709      7400
 2710              	.LASF16:
 2711 000a 63795F6D 		.ascii	"cy_metadata\000"
 2711      65746164 
 2711      61746100 
 2712              	.LASF1:
 2713 0016 756E7369 		.ascii	"unsigned char\000"
 2713      676E6564 
 2713      20636861 
 2713      7200
 2714              	.LASF17:
 2715 0024 474E5520 		.ascii	"GNU C11 5.4.1 20160609 (release) [ARM/embedded-5-br"
 2715      43313120 
 2715      352E342E 
 2715      31203230 
 2715      31363036 
 2716 0057 616E6368 		.ascii	"anch revision 237715] -mcpu=cortex-m3 -mthumb -g -O"
 2716      20726576 
ARM GAS  C:\Users\HENRIC~1\AppData\Local\Temp\ccq3SN1g.s 			page 49


 2716      6973696F 
 2716      6E203233 
 2716      37373135 
 2717 008a 67202D66 		.ascii	"g -ffunction-sections -ffat-lto-objects\000"
 2717      66756E63 
 2717      74696F6E 
 2717      2D736563 
 2717      74696F6E 
 2718              	.LASF5:
 2719 00b2 6C6F6E67 		.ascii	"long unsigned int\000"
 2719      20756E73 
 2719      69676E65 
 2719      6420696E 
 2719      7400
 2720              	.LASF3:
 2721 00c4 73686F72 		.ascii	"short unsigned int\000"
 2721      7420756E 
 2721      7369676E 
 2721      65642069 
 2721      6E7400
 2722              	.LASF13:
 2723 00d7 63795F6D 		.ascii	"cy_meta_custnvl\000"
 2723      6574615F 
 2723      63757374 
 2723      6E766C00 
 2724              	.LASF12:
 2725 00e7 63795F6D 		.ascii	"cy_meta_configecc\000"
 2725      6574615F 
 2725      636F6E66 
 2725      69676563 
 2725      6300
 2726              	.LASF8:
 2727 00f9 756E7369 		.ascii	"unsigned int\000"
 2727      676E6564 
 2727      20696E74 
 2727      00
 2728              	.LASF7:
 2729 0106 6C6F6E67 		.ascii	"long long unsigned int\000"
 2729      206C6F6E 
 2729      6720756E 
 2729      7369676E 
 2729      65642069 
 2730              	.LASF10:
 2731 011d 75696E74 		.ascii	"uint8_t\000"
 2731      385F7400 
 2732              	.LASF15:
 2733 0125 63795F6D 		.ascii	"cy_meta_flashprotect\000"
 2733      6574615F 
 2733      666C6173 
 2733      6870726F 
 2733      74656374 
 2734              	.LASF14:
 2735 013a 63795F6D 		.ascii	"cy_meta_wonvl\000"
 2735      6574615F 
 2735      776F6E76 
 2735      6C00
 2736              	.LASF11:
ARM GAS  C:\Users\HENRIC~1\AppData\Local\Temp\ccq3SN1g.s 			page 50


 2737 0148 73697A65 		.ascii	"sizetype\000"
 2737      74797065 
 2737      00
 2738              	.LASF6:
 2739 0151 6C6F6E67 		.ascii	"long long int\000"
 2739      206C6F6E 
 2739      6720696E 
 2739      7400
 2740              	.LASF2:
 2741 015f 73686F72 		.ascii	"short int\000"
 2741      7420696E 
 2741      7400
 2742              	.LASF4:
 2743 0169 6C6F6E67 		.ascii	"long int\000"
 2743      20696E74 
 2743      00
 2744              	.LASF0:
 2745 0172 7369676E 		.ascii	"signed char\000"
 2745      65642063 
 2745      68617200 
 2746              	.LASF19:
 2747 017e 433A5C55 		.ascii	"C:\\Users\\henrichsc\\Desktop\\School\\Senior_year\\"
 2747      73657273 
 2747      5C68656E 
 2747      72696368 
 2747      73635C44 
 2748 01ac 66616C6C 		.ascii	"fall\\CE4920\\lab\\Milestone_6.cydsn\000"
 2748      5C434534 
 2748      3932305C 
 2748      6C61625C 
 2748      4D696C65 
 2749              	.LASF18:
 2750 01ce 47656E65 		.ascii	"Generated_Source\\PSoC5\\cymetadata.c\000"
 2750      72617465 
 2750      645F536F 
 2750      75726365 
 2750      5C50536F 
 2751              		.ident	"GCC: (GNU Tools for ARM Embedded Processors) 5.4.1 20160609 (release) [ARM/embedded-5-bran
