ARM GAS  C:\Users\HENRIC~1\AppData\Local\Temp\cccU3Lqs.s 			page 1


   1              		.syntax unified
   2              		.cpu cortex-m3
   3              		.fpu softvfp
   4              		.eabi_attribute 20, 1
   5              		.eabi_attribute 21, 1
   6              		.eabi_attribute 23, 3
   7              		.eabi_attribute 24, 1
   8              		.eabi_attribute 25, 1
   9              		.eabi_attribute 26, 1
  10              		.eabi_attribute 30, 1
  11              		.eabi_attribute 34, 1
  12              		.eabi_attribute 18, 4
  13              		.thumb
  14              		.syntax unified
  15              		.file	"MotorPWM.c"
  16              		.text
  17              	.Ltext0:
  18              		.cfi_sections	.debug_frame
  19              		.section	.text.motor_init,"ax",%progbits
  20              		.align	2
  21              		.global	motor_init
  22              		.thumb
  23              		.thumb_func
  24              		.type	motor_init, %function
  25              	motor_init:
  26              	.LFB63:
  27              		.file 1 "MotorPWM.c"
   1:MotorPWM.c    **** /**
   2:MotorPWM.c    ****  * MotorPWM
   3:MotorPWM.c    ****  * @author Curt Henrichs
   4:MotorPWM.c    ****  * @date 10-17-17
   5:MotorPWM.c    ****  *
   6:MotorPWM.c    ****  * Motor PWM module controls a single PWM signal that is intended to control
   7:MotorPWM.c    ****  * a motor. This module provides a layer of decoupling between the state
   8:MotorPWM.c    ****  * machine and the hardware. Note that this module does not auto-update the
   9:MotorPWM.c    ****  * state of the motor. Instead the client software must invoke this module
  10:MotorPWM.c    ****  * appropriately.
  11:MotorPWM.c    ****  */
  12:MotorPWM.c    **** 
  13:MotorPWM.c    **** //=============================================================================
  14:MotorPWM.c    **** //                                  Libraries
  15:MotorPWM.c    **** //=============================================================================
  16:MotorPWM.c    **** 
  17:MotorPWM.c    **** #include "MotorPWM.h"
  18:MotorPWM.c    **** 
  19:MotorPWM.c    **** //=============================================================================
  20:MotorPWM.c    **** //                         Public Function Implementation
  21:MotorPWM.c    **** //=============================================================================
  22:MotorPWM.c    **** 
  23:MotorPWM.c    **** /**
  24:MotorPWM.c    ****  * Initalizes the motor software and hardware modules
  25:MotorPWM.c    ****  */
  26:MotorPWM.c    **** void motor_init(void){
  28              		.loc 1 26 0
  29              		.cfi_startproc
  30              		@ args = 0, pretend = 0, frame = 0
  31              		@ frame_needed = 0, uses_anonymous_args = 0
ARM GAS  C:\Users\HENRIC~1\AppData\Local\Temp\cccU3Lqs.s 			page 2


  32 0000 08B5     		push	{r3, lr}
  33              		.cfi_def_cfa_offset 8
  34              		.cfi_offset 3, -8
  35              		.cfi_offset 14, -4
  27:MotorPWM.c    ****     PWM_Start();   
  36              		.loc 1 27 0
  37 0002 FFF7FEFF 		bl	PWM_Start
  38              	.LVL0:
  39 0006 08BD     		pop	{r3, pc}
  40              		.cfi_endproc
  41              	.LFE63:
  42              		.size	motor_init, .-motor_init
  43              		.global	__aeabi_fcmplt
  44              		.global	__aeabi_fmul
  45              		.global	__aeabi_fcmpge
  46              		.global	__aeabi_fadd
  47              		.global	__aeabi_fcmpgt
  48              		.global	__aeabi_f2uiz
  49              		.section	.text.motor_ramp,"ax",%progbits
  50              		.align	2
  51              		.global	motor_ramp
  52              		.thumb
  53              		.thumb_func
  54              		.type	motor_ramp, %function
  55              	motor_ramp:
  56              	.LFB64:
  28:MotorPWM.c    **** }
  29:MotorPWM.c    **** 
  30:MotorPWM.c    **** /**
  31:MotorPWM.c    ****  * Calculates a step toward the desired target PWM and sets the motor. Requires
  32:MotorPWM.c    ****  * external tracking of PWM current value. This function must be called in an
  33:MotorPWM.c    ****  * external loop to actually ramp the motor to speed.
  34:MotorPWM.c    ****  * @param target is the end PWM to ramp to. Note that his value must be
  35:MotorPWM.c    ****  *        bounded between 0 and 255 inclusively 
  36:MotorPWM.c    ****  * @param base is the current PWM of the motor. Note that his value must be
  37:MotorPWM.c    ****  *        bounded between 0 and 255 inclusively 
  38:MotorPWM.c    ****  * @param step is the increment (or decrement) to reach the target. Note that
  39:MotorPWM.c    ****  *        this value should be positive
  40:MotorPWM.c    ****  * @return base + step until it reaches target, then returns target.
  41:MotorPWM.c    ****  */
  42:MotorPWM.c    **** float motor_ramp(float target, float base, float step){
  57              		.loc 1 42 0
  58              		.cfi_startproc
  59              		@ args = 0, pretend = 0, frame = 0
  60              		@ frame_needed = 0, uses_anonymous_args = 0
  61              	.LVL1:
  62 0000 70B5     		push	{r4, r5, r6, lr}
  63              		.cfi_def_cfa_offset 16
  64              		.cfi_offset 4, -16
  65              		.cfi_offset 5, -12
  66              		.cfi_offset 6, -8
  67              		.cfi_offset 14, -4
  68 0002 0446     		mov	r4, r0
  69 0004 0E46     		mov	r6, r1
  70 0006 1546     		mov	r5, r2
  71              	.LVL2:
  43:MotorPWM.c    ****     float duty = 0;
ARM GAS  C:\Users\HENRIC~1\AppData\Local\Temp\cccU3Lqs.s 			page 3


  44:MotorPWM.c    ****     step = step * ((target < base) ? -1 : 1);
  72              		.loc 1 44 0
  73 0008 FFF7FEFF 		bl	__aeabi_fcmplt
  74              	.LVL3:
  75 000c 08B1     		cbz	r0, .L15
  76 000e 1848     		ldr	r0, .L17
  77 0010 01E0     		b	.L4
  78              	.L15:
  79 0012 4FF07E50 		mov	r0, #1065353216
  80              	.L4:
  81              		.loc 1 44 0 is_stmt 0 discriminator 4
  82 0016 2946     		mov	r1, r5
  83 0018 FFF7FEFF 		bl	__aeabi_fmul
  84              	.LVL4:
  85 001c 0546     		mov	r5, r0
  86              	.LVL5:
  45:MotorPWM.c    ****     if(step >= 0 && (base + step) > target){
  87              		.loc 1 45 0 is_stmt 1 discriminator 4
  88 001e 0021     		movs	r1, #0
  89 0020 FFF7FEFF 		bl	__aeabi_fcmpge
  90              	.LVL6:
  91 0024 40B1     		cbz	r0, .L6
  92              		.loc 1 45 0 is_stmt 0 discriminator 1
  93 0026 2946     		mov	r1, r5
  94 0028 3046     		mov	r0, r6
  95 002a FFF7FEFF 		bl	__aeabi_fadd
  96              	.LVL7:
  97 002e 0146     		mov	r1, r0
  98 0030 2046     		mov	r0, r4
  99 0032 FFF7FEFF 		bl	__aeabi_fcmplt
 100              	.LVL8:
 101 0036 90B9     		cbnz	r0, .L8
 102              	.L6:
  46:MotorPWM.c    ****         duty = target;   
  47:MotorPWM.c    ****     }else if(step < 0 && (base + step) < target){
 103              		.loc 1 47 0 is_stmt 1
 104 0038 0021     		movs	r1, #0
 105 003a 2846     		mov	r0, r5
 106 003c FFF7FEFF 		bl	__aeabi_fcmplt
 107              	.LVL9:
 108 0040 40B1     		cbz	r0, .L9
 109              		.loc 1 47 0 is_stmt 0 discriminator 1
 110 0042 2946     		mov	r1, r5
 111 0044 3046     		mov	r0, r6
 112 0046 FFF7FEFF 		bl	__aeabi_fadd
 113              	.LVL10:
 114 004a 0146     		mov	r1, r0
 115 004c 2046     		mov	r0, r4
 116 004e FFF7FEFF 		bl	__aeabi_fcmpgt
 117              	.LVL11:
 118 0052 20B9     		cbnz	r0, .L8
 119              	.L9:
  48:MotorPWM.c    ****         duty = target;   
  49:MotorPWM.c    ****     }else {
  50:MotorPWM.c    ****         duty = base + step;
 120              		.loc 1 50 0 is_stmt 1
 121 0054 2946     		mov	r1, r5
ARM GAS  C:\Users\HENRIC~1\AppData\Local\Temp\cccU3Lqs.s 			page 4


 122 0056 3046     		mov	r0, r6
 123 0058 FFF7FEFF 		bl	__aeabi_fadd
 124              	.LVL12:
 125 005c 0446     		mov	r4, r0
 126              	.LVL13:
 127              	.L8:
  51:MotorPWM.c    ****     }
  52:MotorPWM.c    ****     PWM_WriteCompare((uint8_t)(duty));
 128              		.loc 1 52 0
 129 005e 2046     		mov	r0, r4
 130 0060 FFF7FEFF 		bl	__aeabi_f2uiz
 131              	.LVL14:
 132 0064 C0B2     		uxtb	r0, r0
 133 0066 FFF7FEFF 		bl	PWM_WriteCompare
 134              	.LVL15:
  53:MotorPWM.c    ****     return duty;
  54:MotorPWM.c    **** }...
 135              		.loc 1 54 0
 136 006a 2046     		mov	r0, r4
 137 006c 70BD     		pop	{r4, r5, r6, pc}
 138              	.LVL16:
 139              	.L18:
 140 006e 00BF     		.align	2
 141              	.L17:
 142 0070 000080BF 		.word	-1082130432
 143              		.cfi_endproc
 144              	.LFE64:
 145              		.size	motor_ramp, .-motor_ramp
 146              		.text
 147              	.Letext0:
 148              		.file 2 "c:\\program files (x86)\\cypress\\psoc creator\\4.1\\psoc creator\\import\\gnu\\arm\\5.4.
 149              		.file 3 "c:\\program files (x86)\\cypress\\psoc creator\\4.1\\psoc creator\\import\\gnu\\arm\\5.4.
 150              		.file 4 "Generated_Source\\PSoC5/PWM.h"
 151              		.file 5 "Generated_Source\\PSoC5/core_cm3.h"
 152              		.section	.debug_info,"",%progbits
 153              	.Ldebug_info0:
 154 0000 5C010000 		.4byte	0x15c
 155 0004 0400     		.2byte	0x4
 156 0006 00000000 		.4byte	.Ldebug_abbrev0
 157 000a 04       		.byte	0x4
 158 000b 01       		.uleb128 0x1
 159 000c 59000000 		.4byte	.LASF23
 160 0010 0C       		.byte	0xc
 161 0011 EC000000 		.4byte	.LASF24
 162 0015 BC010000 		.4byte	.LASF25
 163 0019 00000000 		.4byte	.Ldebug_ranges0+0
 164 001d 00000000 		.4byte	0
 165 0021 00000000 		.4byte	.Ldebug_line0
 166 0025 02       		.uleb128 0x2
 167 0026 04       		.byte	0x4
 168 0027 04       		.byte	0x4
 169 0028 45000000 		.4byte	.LASF0
 170 002c 02       		.uleb128 0x2
 171 002d 01       		.byte	0x1
 172 002e 06       		.byte	0x6
 173 002f B0010000 		.4byte	.LASF1
 174 0033 03       		.uleb128 0x3
ARM GAS  C:\Users\HENRIC~1\AppData\Local\Temp\cccU3Lqs.s 			page 5


 175 0034 00000000 		.4byte	.LASF5
 176 0038 02       		.byte	0x2
 177 0039 1D       		.byte	0x1d
 178 003a 3E000000 		.4byte	0x3e
 179 003e 02       		.uleb128 0x2
 180 003f 01       		.byte	0x1
 181 0040 08       		.byte	0x8
 182 0041 4B000000 		.4byte	.LASF2
 183 0045 02       		.uleb128 0x2
 184 0046 02       		.byte	0x2
 185 0047 05       		.byte	0x5
 186 0048 87010000 		.4byte	.LASF3
 187 004c 02       		.uleb128 0x2
 188 004d 02       		.byte	0x2
 189 004e 07       		.byte	0x7
 190 004f 24000000 		.4byte	.LASF4
 191 0053 03       		.uleb128 0x3
 192 0054 0A000000 		.4byte	.LASF6
 193 0058 02       		.byte	0x2
 194 0059 3F       		.byte	0x3f
 195 005a 5E000000 		.4byte	0x5e
 196 005e 02       		.uleb128 0x2
 197 005f 04       		.byte	0x4
 198 0060 05       		.byte	0x5
 199 0061 9B010000 		.4byte	.LASF7
 200 0065 02       		.uleb128 0x2
 201 0066 04       		.byte	0x4
 202 0067 07       		.byte	0x7
 203 0068 09010000 		.4byte	.LASF8
 204 006c 02       		.uleb128 0x2
 205 006d 08       		.byte	0x8
 206 006e 05       		.byte	0x5
 207 006f 74010000 		.4byte	.LASF9
 208 0073 02       		.uleb128 0x2
 209 0074 08       		.byte	0x8
 210 0075 07       		.byte	0x7
 211 0076 39010000 		.4byte	.LASF10
 212 007a 04       		.uleb128 0x4
 213 007b 04       		.byte	0x4
 214 007c 05       		.byte	0x5
 215 007d 696E7400 		.ascii	"int\000"
 216 0081 02       		.uleb128 0x2
 217 0082 04       		.byte	0x4
 218 0083 07       		.byte	0x7
 219 0084 2C010000 		.4byte	.LASF11
 220 0088 03       		.uleb128 0x3
 221 0089 50010000 		.4byte	.LASF12
 222 008d 03       		.byte	0x3
 223 008e 18       		.byte	0x18
 224 008f 33000000 		.4byte	0x33
 225 0093 03       		.uleb128 0x3
 226 0094 63010000 		.4byte	.LASF13
 227 0098 03       		.byte	0x3
 228 0099 2C       		.byte	0x2c
 229 009a 53000000 		.4byte	0x53
 230 009e 02       		.uleb128 0x2
 231 009f 08       		.byte	0x8
ARM GAS  C:\Users\HENRIC~1\AppData\Local\Temp\cccU3Lqs.s 			page 6


 232 00a0 04       		.byte	0x4
 233 00a1 37000000 		.4byte	.LASF14
 234 00a5 02       		.uleb128 0x2
 235 00a6 01       		.byte	0x1
 236 00a7 08       		.byte	0x8
 237 00a8 82010000 		.4byte	.LASF15
 238 00ac 02       		.uleb128 0x2
 239 00ad 08       		.byte	0x8
 240 00ae 04       		.byte	0x4
 241 00af A4010000 		.4byte	.LASF16
 242 00b3 02       		.uleb128 0x2
 243 00b4 04       		.byte	0x4
 244 00b5 07       		.byte	0x7
 245 00b6 6B010000 		.4byte	.LASF17
 246 00ba 05       		.uleb128 0x5
 247 00bb 19000000 		.4byte	.LASF26
 248 00bf 01       		.byte	0x1
 249 00c0 1A       		.byte	0x1a
 250 00c1 00000000 		.4byte	.LFB63
 251 00c5 08000000 		.4byte	.LFE63-.LFB63
 252 00c9 01       		.uleb128 0x1
 253 00ca 9C       		.byte	0x9c
 254 00cb D9000000 		.4byte	0xd9
 255 00cf 06       		.uleb128 0x6
 256 00d0 06000000 		.4byte	.LVL0
 257 00d4 49010000 		.4byte	0x149
 258 00d8 00       		.byte	0
 259 00d9 07       		.uleb128 0x7
 260 00da 58010000 		.4byte	.LASF27
 261 00de 01       		.byte	0x1
 262 00df 2A       		.byte	0x2a
 263 00e0 25000000 		.4byte	0x25
 264 00e4 00000000 		.4byte	.LFB64
 265 00e8 74000000 		.4byte	.LFE64-.LFB64
 266 00ec 01       		.uleb128 0x1
 267 00ed 9C       		.byte	0x9c
 268 00ee 38010000 		.4byte	0x138
 269 00f2 08       		.uleb128 0x8
 270 00f3 3E000000 		.4byte	.LASF18
 271 00f7 01       		.byte	0x1
 272 00f8 2A       		.byte	0x2a
 273 00f9 25000000 		.4byte	0x25
 274 00fd 00000000 		.4byte	.LLST0
 275 0101 08       		.uleb128 0x8
 276 0102 E7000000 		.4byte	.LASF19
 277 0106 01       		.byte	0x1
 278 0107 2A       		.byte	0x2a
 279 0108 25000000 		.4byte	0x25
 280 010c 2E000000 		.4byte	.LLST1
 281 0110 08       		.uleb128 0x8
 282 0111 14000000 		.4byte	.LASF20
 283 0115 01       		.byte	0x1
 284 0116 2A       		.byte	0x2a
 285 0117 25000000 		.4byte	0x25
 286 011b 5C000000 		.4byte	.LLST2
 287 011f 09       		.uleb128 0x9
 288 0120 F7000000 		.4byte	.LASF28
ARM GAS  C:\Users\HENRIC~1\AppData\Local\Temp\cccU3Lqs.s 			page 7


 289 0124 01       		.byte	0x1
 290 0125 2B       		.byte	0x2b
 291 0126 25000000 		.4byte	0x25
 292 012a 90000000 		.4byte	.LLST3
 293 012e 06       		.uleb128 0x6
 294 012f 6A000000 		.4byte	.LVL15
 295 0133 54010000 		.4byte	0x154
 296 0137 00       		.byte	0
 297 0138 0A       		.uleb128 0xa
 298 0139 FC000000 		.4byte	.LASF29
 299 013d 05       		.byte	0x5
 300 013e 1207     		.2byte	0x712
 301 0140 44010000 		.4byte	0x144
 302 0144 0B       		.uleb128 0xb
 303 0145 93000000 		.4byte	0x93
 304 0149 0C       		.uleb128 0xc
 305 014a 91010000 		.4byte	.LASF21
 306 014e 91010000 		.4byte	.LASF21
 307 0152 04       		.byte	0x4
 308 0153 92       		.byte	0x92
 309 0154 0C       		.uleb128 0xc
 310 0155 1B010000 		.4byte	.LASF22
 311 0159 1B010000 		.4byte	.LASF22
 312 015d 04       		.byte	0x4
 313 015e C3       		.byte	0xc3
 314 015f 00       		.byte	0
 315              		.section	.debug_abbrev,"",%progbits
 316              	.Ldebug_abbrev0:
 317 0000 01       		.uleb128 0x1
 318 0001 11       		.uleb128 0x11
 319 0002 01       		.byte	0x1
 320 0003 25       		.uleb128 0x25
 321 0004 0E       		.uleb128 0xe
 322 0005 13       		.uleb128 0x13
 323 0006 0B       		.uleb128 0xb
 324 0007 03       		.uleb128 0x3
 325 0008 0E       		.uleb128 0xe
 326 0009 1B       		.uleb128 0x1b
 327 000a 0E       		.uleb128 0xe
 328 000b 55       		.uleb128 0x55
 329 000c 17       		.uleb128 0x17
 330 000d 11       		.uleb128 0x11
 331 000e 01       		.uleb128 0x1
 332 000f 10       		.uleb128 0x10
 333 0010 17       		.uleb128 0x17
 334 0011 00       		.byte	0
 335 0012 00       		.byte	0
 336 0013 02       		.uleb128 0x2
 337 0014 24       		.uleb128 0x24
 338 0015 00       		.byte	0
 339 0016 0B       		.uleb128 0xb
 340 0017 0B       		.uleb128 0xb
 341 0018 3E       		.uleb128 0x3e
 342 0019 0B       		.uleb128 0xb
 343 001a 03       		.uleb128 0x3
 344 001b 0E       		.uleb128 0xe
 345 001c 00       		.byte	0
ARM GAS  C:\Users\HENRIC~1\AppData\Local\Temp\cccU3Lqs.s 			page 8


 346 001d 00       		.byte	0
 347 001e 03       		.uleb128 0x3
 348 001f 16       		.uleb128 0x16
 349 0020 00       		.byte	0
 350 0021 03       		.uleb128 0x3
 351 0022 0E       		.uleb128 0xe
 352 0023 3A       		.uleb128 0x3a
 353 0024 0B       		.uleb128 0xb
 354 0025 3B       		.uleb128 0x3b
 355 0026 0B       		.uleb128 0xb
 356 0027 49       		.uleb128 0x49
 357 0028 13       		.uleb128 0x13
 358 0029 00       		.byte	0
 359 002a 00       		.byte	0
 360 002b 04       		.uleb128 0x4
 361 002c 24       		.uleb128 0x24
 362 002d 00       		.byte	0
 363 002e 0B       		.uleb128 0xb
 364 002f 0B       		.uleb128 0xb
 365 0030 3E       		.uleb128 0x3e
 366 0031 0B       		.uleb128 0xb
 367 0032 03       		.uleb128 0x3
 368 0033 08       		.uleb128 0x8
 369 0034 00       		.byte	0
 370 0035 00       		.byte	0
 371 0036 05       		.uleb128 0x5
 372 0037 2E       		.uleb128 0x2e
 373 0038 01       		.byte	0x1
 374 0039 3F       		.uleb128 0x3f
 375 003a 19       		.uleb128 0x19
 376 003b 03       		.uleb128 0x3
 377 003c 0E       		.uleb128 0xe
 378 003d 3A       		.uleb128 0x3a
 379 003e 0B       		.uleb128 0xb
 380 003f 3B       		.uleb128 0x3b
 381 0040 0B       		.uleb128 0xb
 382 0041 27       		.uleb128 0x27
 383 0042 19       		.uleb128 0x19
 384 0043 11       		.uleb128 0x11
 385 0044 01       		.uleb128 0x1
 386 0045 12       		.uleb128 0x12
 387 0046 06       		.uleb128 0x6
 388 0047 40       		.uleb128 0x40
 389 0048 18       		.uleb128 0x18
 390 0049 9742     		.uleb128 0x2117
 391 004b 19       		.uleb128 0x19
 392 004c 01       		.uleb128 0x1
 393 004d 13       		.uleb128 0x13
 394 004e 00       		.byte	0
 395 004f 00       		.byte	0
 396 0050 06       		.uleb128 0x6
 397 0051 898201   		.uleb128 0x4109
 398 0054 00       		.byte	0
 399 0055 11       		.uleb128 0x11
 400 0056 01       		.uleb128 0x1
 401 0057 31       		.uleb128 0x31
 402 0058 13       		.uleb128 0x13
ARM GAS  C:\Users\HENRIC~1\AppData\Local\Temp\cccU3Lqs.s 			page 9


 403 0059 00       		.byte	0
 404 005a 00       		.byte	0
 405 005b 07       		.uleb128 0x7
 406 005c 2E       		.uleb128 0x2e
 407 005d 01       		.byte	0x1
 408 005e 3F       		.uleb128 0x3f
 409 005f 19       		.uleb128 0x19
 410 0060 03       		.uleb128 0x3
 411 0061 0E       		.uleb128 0xe
 412 0062 3A       		.uleb128 0x3a
 413 0063 0B       		.uleb128 0xb
 414 0064 3B       		.uleb128 0x3b
 415 0065 0B       		.uleb128 0xb
 416 0066 27       		.uleb128 0x27
 417 0067 19       		.uleb128 0x19
 418 0068 49       		.uleb128 0x49
 419 0069 13       		.uleb128 0x13
 420 006a 11       		.uleb128 0x11
 421 006b 01       		.uleb128 0x1
 422 006c 12       		.uleb128 0x12
 423 006d 06       		.uleb128 0x6
 424 006e 40       		.uleb128 0x40
 425 006f 18       		.uleb128 0x18
 426 0070 9642     		.uleb128 0x2116
 427 0072 19       		.uleb128 0x19
 428 0073 01       		.uleb128 0x1
 429 0074 13       		.uleb128 0x13
 430 0075 00       		.byte	0
 431 0076 00       		.byte	0
 432 0077 08       		.uleb128 0x8
 433 0078 05       		.uleb128 0x5
 434 0079 00       		.byte	0
 435 007a 03       		.uleb128 0x3
 436 007b 0E       		.uleb128 0xe
 437 007c 3A       		.uleb128 0x3a
 438 007d 0B       		.uleb128 0xb
 439 007e 3B       		.uleb128 0x3b
 440 007f 0B       		.uleb128 0xb
 441 0080 49       		.uleb128 0x49
 442 0081 13       		.uleb128 0x13
 443 0082 02       		.uleb128 0x2
 444 0083 17       		.uleb128 0x17
 445 0084 00       		.byte	0
 446 0085 00       		.byte	0
 447 0086 09       		.uleb128 0x9
 448 0087 34       		.uleb128 0x34
 449 0088 00       		.byte	0
 450 0089 03       		.uleb128 0x3
 451 008a 0E       		.uleb128 0xe
 452 008b 3A       		.uleb128 0x3a
 453 008c 0B       		.uleb128 0xb
 454 008d 3B       		.uleb128 0x3b
 455 008e 0B       		.uleb128 0xb
 456 008f 49       		.uleb128 0x49
 457 0090 13       		.uleb128 0x13
 458 0091 02       		.uleb128 0x2
 459 0092 17       		.uleb128 0x17
ARM GAS  C:\Users\HENRIC~1\AppData\Local\Temp\cccU3Lqs.s 			page 10


 460 0093 00       		.byte	0
 461 0094 00       		.byte	0
 462 0095 0A       		.uleb128 0xa
 463 0096 34       		.uleb128 0x34
 464 0097 00       		.byte	0
 465 0098 03       		.uleb128 0x3
 466 0099 0E       		.uleb128 0xe
 467 009a 3A       		.uleb128 0x3a
 468 009b 0B       		.uleb128 0xb
 469 009c 3B       		.uleb128 0x3b
 470 009d 05       		.uleb128 0x5
 471 009e 49       		.uleb128 0x49
 472 009f 13       		.uleb128 0x13
 473 00a0 3F       		.uleb128 0x3f
 474 00a1 19       		.uleb128 0x19
 475 00a2 3C       		.uleb128 0x3c
 476 00a3 19       		.uleb128 0x19
 477 00a4 00       		.byte	0
 478 00a5 00       		.byte	0
 479 00a6 0B       		.uleb128 0xb
 480 00a7 35       		.uleb128 0x35
 481 00a8 00       		.byte	0
 482 00a9 49       		.uleb128 0x49
 483 00aa 13       		.uleb128 0x13
 484 00ab 00       		.byte	0
 485 00ac 00       		.byte	0
 486 00ad 0C       		.uleb128 0xc
 487 00ae 2E       		.uleb128 0x2e
 488 00af 00       		.byte	0
 489 00b0 3F       		.uleb128 0x3f
 490 00b1 19       		.uleb128 0x19
 491 00b2 3C       		.uleb128 0x3c
 492 00b3 19       		.uleb128 0x19
 493 00b4 6E       		.uleb128 0x6e
 494 00b5 0E       		.uleb128 0xe
 495 00b6 03       		.uleb128 0x3
 496 00b7 0E       		.uleb128 0xe
 497 00b8 3A       		.uleb128 0x3a
 498 00b9 0B       		.uleb128 0xb
 499 00ba 3B       		.uleb128 0x3b
 500 00bb 0B       		.uleb128 0xb
 501 00bc 00       		.byte	0
 502 00bd 00       		.byte	0
 503 00be 00       		.byte	0
 504              		.section	.debug_loc,"",%progbits
 505              	.Ldebug_loc0:
 506              	.LLST0:
 507 0000 00000000 		.4byte	.LVL1
 508 0004 0B000000 		.4byte	.LVL3-1
 509 0008 0100     		.2byte	0x1
 510 000a 50       		.byte	0x50
 511 000b 0B000000 		.4byte	.LVL3-1
 512 000f 5E000000 		.4byte	.LVL13
 513 0013 0100     		.2byte	0x1
 514 0015 54       		.byte	0x54
 515 0016 5E000000 		.4byte	.LVL13
 516 001a 74000000 		.4byte	.LFE64
ARM GAS  C:\Users\HENRIC~1\AppData\Local\Temp\cccU3Lqs.s 			page 11


 517 001e 0600     		.2byte	0x6
 518 0020 F3       		.byte	0xf3
 519 0021 03       		.uleb128 0x3
 520 0022 F5       		.byte	0xf5
 521 0023 00       		.uleb128 0
 522 0024 25       		.uleb128 0x25
 523 0025 9F       		.byte	0x9f
 524 0026 00000000 		.4byte	0
 525 002a 00000000 		.4byte	0
 526              	.LLST1:
 527 002e 00000000 		.4byte	.LVL1
 528 0032 0B000000 		.4byte	.LVL3-1
 529 0036 0100     		.2byte	0x1
 530 0038 51       		.byte	0x51
 531 0039 0B000000 		.4byte	.LVL3-1
 532 003d 6E000000 		.4byte	.LVL16
 533 0041 0100     		.2byte	0x1
 534 0043 56       		.byte	0x56
 535 0044 6E000000 		.4byte	.LVL16
 536 0048 74000000 		.4byte	.LFE64
 537 004c 0600     		.2byte	0x6
 538 004e F3       		.byte	0xf3
 539 004f 03       		.uleb128 0x3
 540 0050 F5       		.byte	0xf5
 541 0051 01       		.uleb128 0x1
 542 0052 25       		.uleb128 0x25
 543 0053 9F       		.byte	0x9f
 544 0054 00000000 		.4byte	0
 545 0058 00000000 		.4byte	0
 546              	.LLST2:
 547 005c 00000000 		.4byte	.LVL1
 548 0060 0B000000 		.4byte	.LVL3-1
 549 0064 0100     		.2byte	0x1
 550 0066 52       		.byte	0x52
 551 0067 0B000000 		.4byte	.LVL3-1
 552 006b 1E000000 		.4byte	.LVL5
 553 006f 0100     		.2byte	0x1
 554 0071 55       		.byte	0x55
 555 0072 1E000000 		.4byte	.LVL5
 556 0076 23000000 		.4byte	.LVL6-1
 557 007a 0100     		.2byte	0x1
 558 007c 50       		.byte	0x50
 559 007d 23000000 		.4byte	.LVL6-1
 560 0081 6E000000 		.4byte	.LVL16
 561 0085 0100     		.2byte	0x1
 562 0087 55       		.byte	0x55
 563 0088 00000000 		.4byte	0
 564 008c 00000000 		.4byte	0
 565              	.LLST3:
 566 0090 08000000 		.4byte	.LVL2
 567 0094 5E000000 		.4byte	.LVL13
 568 0098 0600     		.2byte	0x6
 569 009a 9E       		.byte	0x9e
 570 009b 04       		.uleb128 0x4
 571 009c 00000000 		.4byte	0
 572 00a0 5E000000 		.4byte	.LVL13
 573 00a4 6E000000 		.4byte	.LVL16
ARM GAS  C:\Users\HENRIC~1\AppData\Local\Temp\cccU3Lqs.s 			page 12


 574 00a8 0100     		.2byte	0x1
 575 00aa 54       		.byte	0x54
 576 00ab 6E000000 		.4byte	.LVL16
 577 00af 74000000 		.4byte	.LFE64
 578 00b3 0100     		.2byte	0x1
 579 00b5 50       		.byte	0x50
 580 00b6 00000000 		.4byte	0
 581 00ba 00000000 		.4byte	0
 582              		.section	.debug_aranges,"",%progbits
 583 0000 24000000 		.4byte	0x24
 584 0004 0200     		.2byte	0x2
 585 0006 00000000 		.4byte	.Ldebug_info0
 586 000a 04       		.byte	0x4
 587 000b 00       		.byte	0
 588 000c 0000     		.2byte	0
 589 000e 0000     		.2byte	0
 590 0010 00000000 		.4byte	.LFB63
 591 0014 08000000 		.4byte	.LFE63-.LFB63
 592 0018 00000000 		.4byte	.LFB64
 593 001c 74000000 		.4byte	.LFE64-.LFB64
 594 0020 00000000 		.4byte	0
 595 0024 00000000 		.4byte	0
 596              		.section	.debug_ranges,"",%progbits
 597              	.Ldebug_ranges0:
 598 0000 00000000 		.4byte	.LFB63
 599 0004 08000000 		.4byte	.LFE63
 600 0008 00000000 		.4byte	.LFB64
 601 000c 74000000 		.4byte	.LFE64
 602 0010 00000000 		.4byte	0
 603 0014 00000000 		.4byte	0
 604              		.section	.debug_line,"",%progbits
 605              	.Ldebug_line0:
 606 0000 90010000 		.section	.debug_str,"MS",%progbits,1
 606      02004C01 
 606      00000201 
 606      FB0E0D00 
 606      01010101 
 607              	.LASF5:
 608 0000 5F5F7569 		.ascii	"__uint8_t\000"
 608      6E74385F 
 608      7400
 609              	.LASF6:
 610 000a 5F5F696E 		.ascii	"__int32_t\000"
 610      7433325F 
 610      7400
 611              	.LASF20:
 612 0014 73746570 		.ascii	"step\000"
 612      00
 613              	.LASF26:
 614 0019 6D6F746F 		.ascii	"motor_init\000"
 614      725F696E 
 614      697400
 615              	.LASF4:
 616 0024 73686F72 		.ascii	"short unsigned int\000"
 616      7420756E 
 616      7369676E 
 616      65642069 
ARM GAS  C:\Users\HENRIC~1\AppData\Local\Temp\cccU3Lqs.s 			page 13


 616      6E7400
 617              	.LASF14:
 618 0037 646F7562 		.ascii	"double\000"
 618      6C6500
 619              	.LASF18:
 620 003e 74617267 		.ascii	"target\000"
 620      657400
 621              	.LASF0:
 622 0045 666C6F61 		.ascii	"float\000"
 622      7400
 623              	.LASF2:
 624 004b 756E7369 		.ascii	"unsigned char\000"
 624      676E6564 
 624      20636861 
 624      7200
 625              	.LASF23:
 626 0059 474E5520 		.ascii	"GNU C11 5.4.1 20160609 (release) [ARM/embedded-5-br"
 626      43313120 
 626      352E342E 
 626      31203230 
 626      31363036 
 627 008c 616E6368 		.ascii	"anch revision 237715] -mcpu=cortex-m3 -mthumb -g -O"
 627      20726576 
 627      6973696F 
 627      6E203233 
 627      37373135 
 628 00bf 67202D66 		.ascii	"g -ffunction-sections -ffat-lto-objects\000"
 628      66756E63 
 628      74696F6E 
 628      2D736563 
 628      74696F6E 
 629              	.LASF19:
 630 00e7 62617365 		.ascii	"base\000"
 630      00
 631              	.LASF24:
 632 00ec 4D6F746F 		.ascii	"MotorPWM.c\000"
 632      7250574D 
 632      2E6300
 633              	.LASF28:
 634 00f7 64757479 		.ascii	"duty\000"
 634      00
 635              	.LASF29:
 636 00fc 49544D5F 		.ascii	"ITM_RxBuffer\000"
 636      52784275 
 636      66666572 
 636      00
 637              	.LASF8:
 638 0109 6C6F6E67 		.ascii	"long unsigned int\000"
 638      20756E73 
 638      69676E65 
 638      6420696E 
 638      7400
 639              	.LASF22:
 640 011b 50574D5F 		.ascii	"PWM_WriteCompare\000"
 640      57726974 
 640      65436F6D 
 640      70617265 
ARM GAS  C:\Users\HENRIC~1\AppData\Local\Temp\cccU3Lqs.s 			page 14


 640      00
 641              	.LASF11:
 642 012c 756E7369 		.ascii	"unsigned int\000"
 642      676E6564 
 642      20696E74 
 642      00
 643              	.LASF10:
 644 0139 6C6F6E67 		.ascii	"long long unsigned int\000"
 644      206C6F6E 
 644      6720756E 
 644      7369676E 
 644      65642069 
 645              	.LASF12:
 646 0150 75696E74 		.ascii	"uint8_t\000"
 646      385F7400 
 647              	.LASF27:
 648 0158 6D6F746F 		.ascii	"motor_ramp\000"
 648      725F7261 
 648      6D7000
 649              	.LASF13:
 650 0163 696E7433 		.ascii	"int32_t\000"
 650      325F7400 
 651              	.LASF17:
 652 016b 73697A65 		.ascii	"sizetype\000"
 652      74797065 
 652      00
 653              	.LASF9:
 654 0174 6C6F6E67 		.ascii	"long long int\000"
 654      206C6F6E 
 654      6720696E 
 654      7400
 655              	.LASF15:
 656 0182 63686172 		.ascii	"char\000"
 656      00
 657              	.LASF3:
 658 0187 73686F72 		.ascii	"short int\000"
 658      7420696E 
 658      7400
 659              	.LASF21:
 660 0191 50574D5F 		.ascii	"PWM_Start\000"
 660      53746172 
 660      7400
 661              	.LASF7:
 662 019b 6C6F6E67 		.ascii	"long int\000"
 662      20696E74 
 662      00
 663              	.LASF16:
 664 01a4 6C6F6E67 		.ascii	"long double\000"
 664      20646F75 
 664      626C6500 
 665              	.LASF1:
 666 01b0 7369676E 		.ascii	"signed char\000"
 666      65642063 
 666      68617200 
 667              	.LASF25:
 668 01bc 433A5C55 		.ascii	"C:\\Users\\henrichsc\\Desktop\\School\\Senior_year\\"
 668      73657273 
ARM GAS  C:\Users\HENRIC~1\AppData\Local\Temp\cccU3Lqs.s 			page 15


 668      5C68656E 
 668      72696368 
 668      73635C44 
 669 01ea 66616C6C 		.ascii	"fall\\CE4920\\lab\\Milestone_6.cydsn\000"
 669      5C434534 
 669      3932305C 
 669      6C61625C 
 669      4D696C65 
 670              		.ident	"GCC: (GNU Tools for ARM Embedded Processors) 5.4.1 20160609 (release) [ARM/embedded-5-bran
