ARM GAS  C:\Users\HENRIC~1\AppData\Local\Temp\ccRpChCT.s 			page 1


   1              		.syntax unified
   2              		.cpu cortex-m3
   3              		.fpu softvfp
   4              		.eabi_attribute 20, 1
   5              		.eabi_attribute 21, 1
   6              		.eabi_attribute 23, 3
   7              		.eabi_attribute 24, 1
   8              		.eabi_attribute 25, 1
   9              		.eabi_attribute 26, 1
  10              		.eabi_attribute 30, 1
  11              		.eabi_attribute 34, 1
  12              		.eabi_attribute 18, 4
  13              		.thumb
  14              		.syntax unified
  15              		.file	"I_Heartbeat.c"
  16              		.text
  17              	.Ltext0:
  18              		.cfi_sections	.debug_frame
  19              		.section	.text.I_Heartbeat_Enable,"ax",%progbits
  20              		.align	2
  21              		.global	I_Heartbeat_Enable
  22              		.thumb
  23              		.thumb_func
  24              		.type	I_Heartbeat_Enable, %function
  25              	I_Heartbeat_Enable:
  26              	.LFB1:
  27              		.file 1 "Generated_Source\\PSoC5\\I_Heartbeat.c"
   1:Generated_Source\PSoC5/I_Heartbeat.c **** /*******************************************************************************
   2:Generated_Source\PSoC5/I_Heartbeat.c **** * File Name: I_Heartbeat.c
   3:Generated_Source\PSoC5/I_Heartbeat.c **** * Version 2.10
   4:Generated_Source\PSoC5/I_Heartbeat.c **** *
   5:Generated_Source\PSoC5/I_Heartbeat.c **** * Description:
   6:Generated_Source\PSoC5/I_Heartbeat.c **** *  This file provides the source code for the 8-bit Waveform DAC 
   7:Generated_Source\PSoC5/I_Heartbeat.c **** *  (WaveDAC8) Component.
   8:Generated_Source\PSoC5/I_Heartbeat.c **** *
   9:Generated_Source\PSoC5/I_Heartbeat.c **** ********************************************************************************
  10:Generated_Source\PSoC5/I_Heartbeat.c **** * Copyright 2013, Cypress Semiconductor Corporation.  All rights reserved.
  11:Generated_Source\PSoC5/I_Heartbeat.c **** * You may use this file only in accordance with the license, terms, conditions,
  12:Generated_Source\PSoC5/I_Heartbeat.c **** * disclaimers, and limitations in the end user license agreement accompanying
  13:Generated_Source\PSoC5/I_Heartbeat.c **** * the software package with which this file was provided.
  14:Generated_Source\PSoC5/I_Heartbeat.c **** *******************************************************************************/
  15:Generated_Source\PSoC5/I_Heartbeat.c **** 
  16:Generated_Source\PSoC5/I_Heartbeat.c **** #include "I_Heartbeat.h"
  17:Generated_Source\PSoC5/I_Heartbeat.c **** 
  18:Generated_Source\PSoC5/I_Heartbeat.c **** uint8  I_Heartbeat_initVar = 0u;
  19:Generated_Source\PSoC5/I_Heartbeat.c **** 
  20:Generated_Source\PSoC5/I_Heartbeat.c **** const uint8 CYCODE I_Heartbeat_wave1[I_Heartbeat_WAVE1_LENGTH] = { 0u,1u,0u,0u,0u,1u,1u,2u,3u,3u,3u
  21:Generated_Source\PSoC5/I_Heartbeat.c **** const uint8 CYCODE I_Heartbeat_wave2[I_Heartbeat_WAVE2_LENGTH] = { 0u,0u,0u,0u,0u,0u,0u,0u,0u,0u,0u
  22:Generated_Source\PSoC5/I_Heartbeat.c **** 
  23:Generated_Source\PSoC5/I_Heartbeat.c **** static uint8  I_Heartbeat_Wave1Chan;
  24:Generated_Source\PSoC5/I_Heartbeat.c **** static uint8  I_Heartbeat_Wave2Chan;
  25:Generated_Source\PSoC5/I_Heartbeat.c **** static uint8  I_Heartbeat_Wave1TD;
  26:Generated_Source\PSoC5/I_Heartbeat.c **** static uint8  I_Heartbeat_Wave2TD;
  27:Generated_Source\PSoC5/I_Heartbeat.c **** 
  28:Generated_Source\PSoC5/I_Heartbeat.c **** 
  29:Generated_Source\PSoC5/I_Heartbeat.c **** /*******************************************************************************
  30:Generated_Source\PSoC5/I_Heartbeat.c **** * Function Name: I_Heartbeat_Init
ARM GAS  C:\Users\HENRIC~1\AppData\Local\Temp\ccRpChCT.s 			page 2


  31:Generated_Source\PSoC5/I_Heartbeat.c **** ********************************************************************************
  32:Generated_Source\PSoC5/I_Heartbeat.c **** *
  33:Generated_Source\PSoC5/I_Heartbeat.c **** * Summary:
  34:Generated_Source\PSoC5/I_Heartbeat.c **** *  Initializes component with parameters set in the customizer.
  35:Generated_Source\PSoC5/I_Heartbeat.c **** *
  36:Generated_Source\PSoC5/I_Heartbeat.c **** * Parameters:  
  37:Generated_Source\PSoC5/I_Heartbeat.c **** *  None
  38:Generated_Source\PSoC5/I_Heartbeat.c **** *
  39:Generated_Source\PSoC5/I_Heartbeat.c **** * Return: 
  40:Generated_Source\PSoC5/I_Heartbeat.c **** *  None
  41:Generated_Source\PSoC5/I_Heartbeat.c **** *
  42:Generated_Source\PSoC5/I_Heartbeat.c **** *******************************************************************************/
  43:Generated_Source\PSoC5/I_Heartbeat.c **** void I_Heartbeat_Init(void) 
  44:Generated_Source\PSoC5/I_Heartbeat.c **** {
  45:Generated_Source\PSoC5/I_Heartbeat.c **** 	I_Heartbeat_VDAC8_Init();
  46:Generated_Source\PSoC5/I_Heartbeat.c **** 	I_Heartbeat_VDAC8_SetSpeed(I_Heartbeat_HIGHSPEED);
  47:Generated_Source\PSoC5/I_Heartbeat.c **** 	I_Heartbeat_VDAC8_SetRange(I_Heartbeat_DAC_RANGE);
  48:Generated_Source\PSoC5/I_Heartbeat.c **** 
  49:Generated_Source\PSoC5/I_Heartbeat.c **** 	#if(I_Heartbeat_DAC_MODE == I_Heartbeat_CURRENT_MODE)
  50:Generated_Source\PSoC5/I_Heartbeat.c **** 		I_Heartbeat_IDAC8_SetPolarity(I_Heartbeat_DAC_POL);
  51:Generated_Source\PSoC5/I_Heartbeat.c **** 	#endif /* I_Heartbeat_DAC_MODE == I_Heartbeat_CURRENT_MODE */
  52:Generated_Source\PSoC5/I_Heartbeat.c **** 
  53:Generated_Source\PSoC5/I_Heartbeat.c **** 	#if(I_Heartbeat_OUT_MODE == I_Heartbeat_BUFFER_MODE)
  54:Generated_Source\PSoC5/I_Heartbeat.c **** 	   I_Heartbeat_BuffAmp_Init();
  55:Generated_Source\PSoC5/I_Heartbeat.c **** 	#endif /* I_Heartbeat_OUT_MODE == I_Heartbeat_BUFFER_MODE */
  56:Generated_Source\PSoC5/I_Heartbeat.c **** 
  57:Generated_Source\PSoC5/I_Heartbeat.c **** 	/* Get the TD Number for the DMA channel 1 and 2   */
  58:Generated_Source\PSoC5/I_Heartbeat.c **** 	I_Heartbeat_Wave1TD = CyDmaTdAllocate();
  59:Generated_Source\PSoC5/I_Heartbeat.c **** 	I_Heartbeat_Wave2TD = CyDmaTdAllocate();
  60:Generated_Source\PSoC5/I_Heartbeat.c **** 	
  61:Generated_Source\PSoC5/I_Heartbeat.c **** 	/* Initialize waveform pointers  */
  62:Generated_Source\PSoC5/I_Heartbeat.c **** 	I_Heartbeat_Wave1Setup(I_Heartbeat_wave1, I_Heartbeat_WAVE1_LENGTH) ;
  63:Generated_Source\PSoC5/I_Heartbeat.c **** 	I_Heartbeat_Wave2Setup(I_Heartbeat_wave2, I_Heartbeat_WAVE2_LENGTH) ;
  64:Generated_Source\PSoC5/I_Heartbeat.c **** 	
  65:Generated_Source\PSoC5/I_Heartbeat.c **** 	/* Initialize the internal clock if one present  */
  66:Generated_Source\PSoC5/I_Heartbeat.c **** 	#if defined(I_Heartbeat_DacClk_PHASE)
  67:Generated_Source\PSoC5/I_Heartbeat.c **** 	   I_Heartbeat_DacClk_SetPhase(I_Heartbeat_CLK_PHASE_0nS);
  68:Generated_Source\PSoC5/I_Heartbeat.c **** 	#endif /* defined(I_Heartbeat_DacClk_PHASE) */
  69:Generated_Source\PSoC5/I_Heartbeat.c **** }
  70:Generated_Source\PSoC5/I_Heartbeat.c **** 
  71:Generated_Source\PSoC5/I_Heartbeat.c **** 
  72:Generated_Source\PSoC5/I_Heartbeat.c **** /*******************************************************************************
  73:Generated_Source\PSoC5/I_Heartbeat.c **** * Function Name: I_Heartbeat_Enable
  74:Generated_Source\PSoC5/I_Heartbeat.c **** ********************************************************************************
  75:Generated_Source\PSoC5/I_Heartbeat.c **** *  
  76:Generated_Source\PSoC5/I_Heartbeat.c **** * Summary: 
  77:Generated_Source\PSoC5/I_Heartbeat.c **** *  Enables the DAC block and DMA operation.
  78:Generated_Source\PSoC5/I_Heartbeat.c **** *
  79:Generated_Source\PSoC5/I_Heartbeat.c **** * Parameters:  
  80:Generated_Source\PSoC5/I_Heartbeat.c **** *  None
  81:Generated_Source\PSoC5/I_Heartbeat.c **** *
  82:Generated_Source\PSoC5/I_Heartbeat.c **** * Return: 
  83:Generated_Source\PSoC5/I_Heartbeat.c **** *  None
  84:Generated_Source\PSoC5/I_Heartbeat.c **** *
  85:Generated_Source\PSoC5/I_Heartbeat.c **** *******************************************************************************/
  86:Generated_Source\PSoC5/I_Heartbeat.c **** void I_Heartbeat_Enable(void) 
  87:Generated_Source\PSoC5/I_Heartbeat.c **** {
ARM GAS  C:\Users\HENRIC~1\AppData\Local\Temp\ccRpChCT.s 			page 3


  28              		.loc 1 87 0
  29              		.cfi_startproc
  30              		@ args = 0, pretend = 0, frame = 0
  31              		@ frame_needed = 0, uses_anonymous_args = 0
  32 0000 10B5     		push	{r4, lr}
  33              		.cfi_def_cfa_offset 8
  34              		.cfi_offset 4, -8
  35              		.cfi_offset 14, -4
  88:Generated_Source\PSoC5/I_Heartbeat.c **** 	I_Heartbeat_VDAC8_Enable();
  36              		.loc 1 88 0
  37 0002 FFF7FEFF 		bl	I_Heartbeat_VDAC8_Enable
  38              	.LVL0:
  89:Generated_Source\PSoC5/I_Heartbeat.c **** 
  90:Generated_Source\PSoC5/I_Heartbeat.c **** 	#if(I_Heartbeat_OUT_MODE == I_Heartbeat_BUFFER_MODE)
  91:Generated_Source\PSoC5/I_Heartbeat.c **** 	   I_Heartbeat_BuffAmp_Enable();
  92:Generated_Source\PSoC5/I_Heartbeat.c **** 	#endif /* I_Heartbeat_OUT_MODE == I_Heartbeat_BUFFER_MODE */
  93:Generated_Source\PSoC5/I_Heartbeat.c **** 
  94:Generated_Source\PSoC5/I_Heartbeat.c **** 	/* 
  95:Generated_Source\PSoC5/I_Heartbeat.c **** 	* Enable the channel. It is configured to remember the TD value so that
  96:Generated_Source\PSoC5/I_Heartbeat.c **** 	* it can be restored from the place where it has been stopped.
  97:Generated_Source\PSoC5/I_Heartbeat.c **** 	*/
  98:Generated_Source\PSoC5/I_Heartbeat.c **** 	(void)CyDmaChEnable(I_Heartbeat_Wave1Chan, 1u);
  39              		.loc 1 98 0
  40 0006 074C     		ldr	r4, .L3
  41 0008 0121     		movs	r1, #1
  42 000a 2078     		ldrb	r0, [r4]	@ zero_extendqisi2
  43 000c FFF7FEFF 		bl	CyDmaChEnable
  44              	.LVL1:
  99:Generated_Source\PSoC5/I_Heartbeat.c **** 	(void)CyDmaChEnable(I_Heartbeat_Wave2Chan, 1u);
  45              		.loc 1 99 0
  46 0010 0121     		movs	r1, #1
  47 0012 6078     		ldrb	r0, [r4, #1]	@ zero_extendqisi2
  48 0014 FFF7FEFF 		bl	CyDmaChEnable
  49              	.LVL2:
 100:Generated_Source\PSoC5/I_Heartbeat.c **** 	
 101:Generated_Source\PSoC5/I_Heartbeat.c **** 	/* set the initial value */
 102:Generated_Source\PSoC5/I_Heartbeat.c **** 	I_Heartbeat_SetValue(0u);
  50              		.loc 1 102 0
  51 0018 0020     		movs	r0, #0
  52 001a FFF7FEFF 		bl	I_Heartbeat_VDAC8_SetValue
  53              	.LVL3:
 103:Generated_Source\PSoC5/I_Heartbeat.c **** 	
 104:Generated_Source\PSoC5/I_Heartbeat.c **** 	#if(I_Heartbeat_CLOCK_SRC == I_Heartbeat_CLOCK_INT)  	
 105:Generated_Source\PSoC5/I_Heartbeat.c **** 	   I_Heartbeat_DacClk_Start();
  54              		.loc 1 105 0
  55 001e FFF7FEFF 		bl	I_Heartbeat_DacClk_Start
  56              	.LVL4:
  57 0022 10BD     		pop	{r4, pc}
  58              	.L4:
  59              		.align	2
  60              	.L3:
  61 0024 00000000 		.word	.LANCHOR0
  62              		.cfi_endproc
  63              	.LFE1:
  64              		.size	I_Heartbeat_Enable, .-I_Heartbeat_Enable
  65              		.section	.text.I_Heartbeat_Stop,"ax",%progbits
  66              		.align	2
ARM GAS  C:\Users\HENRIC~1\AppData\Local\Temp\ccRpChCT.s 			page 4


  67              		.global	I_Heartbeat_Stop
  68              		.thumb
  69              		.thumb_func
  70              		.type	I_Heartbeat_Stop, %function
  71              	I_Heartbeat_Stop:
  72              	.LFB4:
 106:Generated_Source\PSoC5/I_Heartbeat.c **** 	#endif /* I_Heartbeat_CLOCK_SRC == I_Heartbeat_CLOCK_INT */
 107:Generated_Source\PSoC5/I_Heartbeat.c **** }
 108:Generated_Source\PSoC5/I_Heartbeat.c **** 
 109:Generated_Source\PSoC5/I_Heartbeat.c **** 
 110:Generated_Source\PSoC5/I_Heartbeat.c **** /*******************************************************************************
 111:Generated_Source\PSoC5/I_Heartbeat.c **** * Function Name: I_Heartbeat_Start
 112:Generated_Source\PSoC5/I_Heartbeat.c **** ********************************************************************************
 113:Generated_Source\PSoC5/I_Heartbeat.c **** *
 114:Generated_Source\PSoC5/I_Heartbeat.c **** * Summary:
 115:Generated_Source\PSoC5/I_Heartbeat.c **** *  The start function initializes the voltage DAC with the default values, 
 116:Generated_Source\PSoC5/I_Heartbeat.c **** *  and sets the power to the given level.  A power level of 0, is the same as 
 117:Generated_Source\PSoC5/I_Heartbeat.c **** *  executing the stop function.
 118:Generated_Source\PSoC5/I_Heartbeat.c **** *
 119:Generated_Source\PSoC5/I_Heartbeat.c **** * Parameters:  
 120:Generated_Source\PSoC5/I_Heartbeat.c **** *  None
 121:Generated_Source\PSoC5/I_Heartbeat.c **** *
 122:Generated_Source\PSoC5/I_Heartbeat.c **** * Return: 
 123:Generated_Source\PSoC5/I_Heartbeat.c **** *  None
 124:Generated_Source\PSoC5/I_Heartbeat.c **** *
 125:Generated_Source\PSoC5/I_Heartbeat.c **** * Reentrant:
 126:Generated_Source\PSoC5/I_Heartbeat.c **** *  No
 127:Generated_Source\PSoC5/I_Heartbeat.c **** *
 128:Generated_Source\PSoC5/I_Heartbeat.c **** *******************************************************************************/
 129:Generated_Source\PSoC5/I_Heartbeat.c **** void I_Heartbeat_Start(void) 
 130:Generated_Source\PSoC5/I_Heartbeat.c **** {
 131:Generated_Source\PSoC5/I_Heartbeat.c **** 	/* If not Initialized then initialize all required hardware and software */
 132:Generated_Source\PSoC5/I_Heartbeat.c **** 	if(I_Heartbeat_initVar == 0u)
 133:Generated_Source\PSoC5/I_Heartbeat.c **** 	{
 134:Generated_Source\PSoC5/I_Heartbeat.c **** 		I_Heartbeat_Init();
 135:Generated_Source\PSoC5/I_Heartbeat.c **** 		I_Heartbeat_initVar = 1u;
 136:Generated_Source\PSoC5/I_Heartbeat.c **** 	}
 137:Generated_Source\PSoC5/I_Heartbeat.c **** 	
 138:Generated_Source\PSoC5/I_Heartbeat.c **** 	I_Heartbeat_Enable();
 139:Generated_Source\PSoC5/I_Heartbeat.c **** }
 140:Generated_Source\PSoC5/I_Heartbeat.c **** 
 141:Generated_Source\PSoC5/I_Heartbeat.c **** 
 142:Generated_Source\PSoC5/I_Heartbeat.c **** /*******************************************************************************
 143:Generated_Source\PSoC5/I_Heartbeat.c **** * Function Name: I_Heartbeat_StartEx
 144:Generated_Source\PSoC5/I_Heartbeat.c **** ********************************************************************************
 145:Generated_Source\PSoC5/I_Heartbeat.c **** *
 146:Generated_Source\PSoC5/I_Heartbeat.c **** * Summary:
 147:Generated_Source\PSoC5/I_Heartbeat.c **** *  The StartEx function sets pointers and sizes for both waveforms
 148:Generated_Source\PSoC5/I_Heartbeat.c **** *  and then starts the component.
 149:Generated_Source\PSoC5/I_Heartbeat.c **** *
 150:Generated_Source\PSoC5/I_Heartbeat.c **** * Parameters:  
 151:Generated_Source\PSoC5/I_Heartbeat.c **** *   uint8 * wavePtr1:     Pointer to the waveform 1 array.
 152:Generated_Source\PSoC5/I_Heartbeat.c **** *   uint16  sampleSize1:  The amount of samples in the waveform 1.
 153:Generated_Source\PSoC5/I_Heartbeat.c **** *   uint8 * wavePtr2:     Pointer to the waveform 2 array.
 154:Generated_Source\PSoC5/I_Heartbeat.c **** *   uint16  sampleSize2:  The amount of samples in the waveform 2.
 155:Generated_Source\PSoC5/I_Heartbeat.c **** *
 156:Generated_Source\PSoC5/I_Heartbeat.c **** * Return: 
ARM GAS  C:\Users\HENRIC~1\AppData\Local\Temp\ccRpChCT.s 			page 5


 157:Generated_Source\PSoC5/I_Heartbeat.c **** *  None
 158:Generated_Source\PSoC5/I_Heartbeat.c **** *
 159:Generated_Source\PSoC5/I_Heartbeat.c **** * Reentrant:
 160:Generated_Source\PSoC5/I_Heartbeat.c **** *  No
 161:Generated_Source\PSoC5/I_Heartbeat.c **** *
 162:Generated_Source\PSoC5/I_Heartbeat.c **** *******************************************************************************/
 163:Generated_Source\PSoC5/I_Heartbeat.c **** void I_Heartbeat_StartEx(const uint8 * wavePtr1, uint16 sampleSize1, const uint8 * wavePtr2, uint16
 164:Generated_Source\PSoC5/I_Heartbeat.c **** 
 165:Generated_Source\PSoC5/I_Heartbeat.c **** {
 166:Generated_Source\PSoC5/I_Heartbeat.c **** 	I_Heartbeat_Wave1Setup(wavePtr1, sampleSize1);
 167:Generated_Source\PSoC5/I_Heartbeat.c **** 	I_Heartbeat_Wave2Setup(wavePtr2, sampleSize2);
 168:Generated_Source\PSoC5/I_Heartbeat.c **** 	I_Heartbeat_Start();
 169:Generated_Source\PSoC5/I_Heartbeat.c **** }
 170:Generated_Source\PSoC5/I_Heartbeat.c **** 
 171:Generated_Source\PSoC5/I_Heartbeat.c **** 
 172:Generated_Source\PSoC5/I_Heartbeat.c **** /*******************************************************************************
 173:Generated_Source\PSoC5/I_Heartbeat.c **** * Function Name: I_Heartbeat_Stop
 174:Generated_Source\PSoC5/I_Heartbeat.c **** ********************************************************************************
 175:Generated_Source\PSoC5/I_Heartbeat.c **** *
 176:Generated_Source\PSoC5/I_Heartbeat.c **** * Summary:
 177:Generated_Source\PSoC5/I_Heartbeat.c **** *  Stops the clock (if internal), disables the DMA channels
 178:Generated_Source\PSoC5/I_Heartbeat.c **** *  and powers down the DAC.
 179:Generated_Source\PSoC5/I_Heartbeat.c **** *
 180:Generated_Source\PSoC5/I_Heartbeat.c **** * Parameters:  
 181:Generated_Source\PSoC5/I_Heartbeat.c **** *  None  
 182:Generated_Source\PSoC5/I_Heartbeat.c **** *
 183:Generated_Source\PSoC5/I_Heartbeat.c **** * Return: 
 184:Generated_Source\PSoC5/I_Heartbeat.c **** *  None
 185:Generated_Source\PSoC5/I_Heartbeat.c **** *
 186:Generated_Source\PSoC5/I_Heartbeat.c **** *******************************************************************************/
 187:Generated_Source\PSoC5/I_Heartbeat.c **** void I_Heartbeat_Stop(void) 
 188:Generated_Source\PSoC5/I_Heartbeat.c **** {
  73              		.loc 1 188 0
  74              		.cfi_startproc
  75              		@ args = 0, pretend = 0, frame = 0
  76              		@ frame_needed = 0, uses_anonymous_args = 0
  77 0000 10B5     		push	{r4, lr}
  78              		.cfi_def_cfa_offset 8
  79              		.cfi_offset 4, -8
  80              		.cfi_offset 14, -4
 189:Generated_Source\PSoC5/I_Heartbeat.c **** 	/* Turn off internal clock, if one present */
 190:Generated_Source\PSoC5/I_Heartbeat.c **** 	#if(I_Heartbeat_CLOCK_SRC == I_Heartbeat_CLOCK_INT)  	
 191:Generated_Source\PSoC5/I_Heartbeat.c **** 	   I_Heartbeat_DacClk_Stop();
  81              		.loc 1 191 0
  82 0002 FFF7FEFF 		bl	I_Heartbeat_DacClk_Stop
  83              	.LVL5:
 192:Generated_Source\PSoC5/I_Heartbeat.c **** 	#endif /* I_Heartbeat_CLOCK_SRC == I_Heartbeat_CLOCK_INT */
 193:Generated_Source\PSoC5/I_Heartbeat.c **** 	
 194:Generated_Source\PSoC5/I_Heartbeat.c **** 	/* Disble DMA channels */
 195:Generated_Source\PSoC5/I_Heartbeat.c **** 	(void)CyDmaChDisable(I_Heartbeat_Wave1Chan);
  84              		.loc 1 195 0
  85 0006 054C     		ldr	r4, .L7
  86 0008 2078     		ldrb	r0, [r4]	@ zero_extendqisi2
  87 000a FFF7FEFF 		bl	CyDmaChDisable
  88              	.LVL6:
 196:Generated_Source\PSoC5/I_Heartbeat.c **** 	(void)CyDmaChDisable(I_Heartbeat_Wave2Chan);
  89              		.loc 1 196 0
ARM GAS  C:\Users\HENRIC~1\AppData\Local\Temp\ccRpChCT.s 			page 6


  90 000e 6078     		ldrb	r0, [r4, #1]	@ zero_extendqisi2
  91 0010 FFF7FEFF 		bl	CyDmaChDisable
  92              	.LVL7:
 197:Generated_Source\PSoC5/I_Heartbeat.c **** 
 198:Generated_Source\PSoC5/I_Heartbeat.c **** 	/* Disable power to DAC */
 199:Generated_Source\PSoC5/I_Heartbeat.c **** 	I_Heartbeat_VDAC8_Stop();
  93              		.loc 1 199 0
  94 0014 FFF7FEFF 		bl	I_Heartbeat_VDAC8_Stop
  95              	.LVL8:
  96 0018 10BD     		pop	{r4, pc}
  97              	.L8:
  98 001a 00BF     		.align	2
  99              	.L7:
 100 001c 00000000 		.word	.LANCHOR0
 101              		.cfi_endproc
 102              	.LFE4:
 103              		.size	I_Heartbeat_Stop, .-I_Heartbeat_Stop
 104              		.section	.text.I_Heartbeat_Wave1Setup,"ax",%progbits
 105              		.align	2
 106              		.global	I_Heartbeat_Wave1Setup
 107              		.thumb
 108              		.thumb_func
 109              		.type	I_Heartbeat_Wave1Setup, %function
 110              	I_Heartbeat_Wave1Setup:
 111              	.LFB5:
 200:Generated_Source\PSoC5/I_Heartbeat.c **** }
 201:Generated_Source\PSoC5/I_Heartbeat.c **** 
 202:Generated_Source\PSoC5/I_Heartbeat.c **** 
 203:Generated_Source\PSoC5/I_Heartbeat.c **** /*******************************************************************************
 204:Generated_Source\PSoC5/I_Heartbeat.c **** * Function Name: I_Heartbeat_Wave1Setup
 205:Generated_Source\PSoC5/I_Heartbeat.c **** ********************************************************************************
 206:Generated_Source\PSoC5/I_Heartbeat.c **** *
 207:Generated_Source\PSoC5/I_Heartbeat.c **** * Summary:
 208:Generated_Source\PSoC5/I_Heartbeat.c **** *  Sets pointer and size for waveform 1.                                    
 209:Generated_Source\PSoC5/I_Heartbeat.c **** *
 210:Generated_Source\PSoC5/I_Heartbeat.c **** * Parameters:  
 211:Generated_Source\PSoC5/I_Heartbeat.c **** *  uint8 * WavePtr:     Pointer to the waveform array.
 212:Generated_Source\PSoC5/I_Heartbeat.c **** *  uint16  SampleSize:  The amount of samples in the waveform.
 213:Generated_Source\PSoC5/I_Heartbeat.c **** *
 214:Generated_Source\PSoC5/I_Heartbeat.c **** * Return: 
 215:Generated_Source\PSoC5/I_Heartbeat.c **** *  None 
 216:Generated_Source\PSoC5/I_Heartbeat.c **** *
 217:Generated_Source\PSoC5/I_Heartbeat.c **** *******************************************************************************/
 218:Generated_Source\PSoC5/I_Heartbeat.c **** void I_Heartbeat_Wave1Setup(const uint8 * wavePtr, uint16 sampleSize)
 219:Generated_Source\PSoC5/I_Heartbeat.c **** 
 220:Generated_Source\PSoC5/I_Heartbeat.c **** {
 112              		.loc 1 220 0
 113              		.cfi_startproc
 114              		@ args = 0, pretend = 0, frame = 0
 115              		@ frame_needed = 0, uses_anonymous_args = 0
 116              	.LVL9:
 117 0000 70B5     		push	{r4, r5, r6, lr}
 118              		.cfi_def_cfa_offset 16
 119              		.cfi_offset 4, -16
 120              		.cfi_offset 5, -12
 121              		.cfi_offset 6, -8
 122              		.cfi_offset 14, -4
ARM GAS  C:\Users\HENRIC~1\AppData\Local\Temp\ccRpChCT.s 			page 7


 123 0002 0546     		mov	r5, r0
 124 0004 0E46     		mov	r6, r1
 221:Generated_Source\PSoC5/I_Heartbeat.c **** 	#if (CY_PSOC3)
 222:Generated_Source\PSoC5/I_Heartbeat.c **** 		uint16 memoryType; /* determining the source memory type */
 223:Generated_Source\PSoC5/I_Heartbeat.c **** 		memoryType = (I_Heartbeat_HI16FLASHPTR == HI16(wavePtr)) ? HI16(CYDEV_FLS_BASE) : HI16(CYDEV_SRAM
 224:Generated_Source\PSoC5/I_Heartbeat.c **** 		
 225:Generated_Source\PSoC5/I_Heartbeat.c **** 		I_Heartbeat_Wave1Chan = I_Heartbeat_Wave1_DMA_DmaInitialize(
 226:Generated_Source\PSoC5/I_Heartbeat.c **** 		I_Heartbeat_Wave1_DMA_BYTES_PER_BURST, I_Heartbeat_Wave1_DMA_REQUEST_PER_BURST,
 227:Generated_Source\PSoC5/I_Heartbeat.c **** 		memoryType, HI16(CYDEV_PERIPH_BASE));
 228:Generated_Source\PSoC5/I_Heartbeat.c **** 	#else /* PSoC 5 */
 229:Generated_Source\PSoC5/I_Heartbeat.c **** 		I_Heartbeat_Wave1Chan = I_Heartbeat_Wave1_DMA_DmaInitialize(
 125              		.loc 1 229 0
 126 0006 4FF48043 		mov	r3, #16384
 127 000a 020C     		lsrs	r2, r0, #16
 128 000c 0121     		movs	r1, #1
 129              	.LVL10:
 130 000e 0846     		mov	r0, r1
 131              	.LVL11:
 132 0010 FFF7FEFF 		bl	I_Heartbeat_Wave1_DMA_DmaInitialize
 133              	.LVL12:
 134 0014 094C     		ldr	r4, .L11
 135 0016 2070     		strb	r0, [r4]
 230:Generated_Source\PSoC5/I_Heartbeat.c **** 		I_Heartbeat_Wave1_DMA_BYTES_PER_BURST, I_Heartbeat_Wave1_DMA_REQUEST_PER_BURST,
 231:Generated_Source\PSoC5/I_Heartbeat.c **** 		HI16(wavePtr), HI16(I_Heartbeat_DAC8__D));
 232:Generated_Source\PSoC5/I_Heartbeat.c **** 	#endif /* CY_PSOC3 */
 233:Generated_Source\PSoC5/I_Heartbeat.c **** 	
 234:Generated_Source\PSoC5/I_Heartbeat.c **** 	/*
 235:Generated_Source\PSoC5/I_Heartbeat.c **** 	* TD is looping on itself. 
 236:Generated_Source\PSoC5/I_Heartbeat.c ****     * Increment the source address, but not the destination address. 
 237:Generated_Source\PSoC5/I_Heartbeat.c **** 	*/
 238:Generated_Source\PSoC5/I_Heartbeat.c **** 	(void)CyDmaTdSetConfiguration(I_Heartbeat_Wave1TD, sampleSize, I_Heartbeat_Wave1TD, 
 136              		.loc 1 238 0
 137 0018 A078     		ldrb	r0, [r4, #2]	@ zero_extendqisi2
 138 001a 0123     		movs	r3, #1
 139 001c 0246     		mov	r2, r0
 140 001e 3146     		mov	r1, r6
 141 0020 FFF7FEFF 		bl	CyDmaTdSetConfiguration
 142              	.LVL13:
 239:Generated_Source\PSoC5/I_Heartbeat.c ****                                     (uint8)CY_DMA_TD_INC_SRC_ADR | (uint8)I_Heartbeat_Wave1_DMA__TD
 240:Generated_Source\PSoC5/I_Heartbeat.c **** 	
 241:Generated_Source\PSoC5/I_Heartbeat.c **** 	/* Set the TD source and destination address */
 242:Generated_Source\PSoC5/I_Heartbeat.c **** 	(void)CyDmaTdSetAddress(I_Heartbeat_Wave1TD, LO16((uint32)wavePtr), LO16(I_Heartbeat_DAC8__D));
 143              		.loc 1 242 0
 144 0024 45F68232 		movw	r2, #23426
 145 0028 A9B2     		uxth	r1, r5
 146 002a A078     		ldrb	r0, [r4, #2]	@ zero_extendqisi2
 147 002c FFF7FEFF 		bl	CyDmaTdSetAddress
 148              	.LVL14:
 243:Generated_Source\PSoC5/I_Heartbeat.c **** 	
 244:Generated_Source\PSoC5/I_Heartbeat.c **** 	/* Associate the TD with the channel */
 245:Generated_Source\PSoC5/I_Heartbeat.c **** 	(void)CyDmaChSetInitialTd(I_Heartbeat_Wave1Chan, I_Heartbeat_Wave1TD);
 149              		.loc 1 245 0
 150 0030 A178     		ldrb	r1, [r4, #2]	@ zero_extendqisi2
 151 0032 2078     		ldrb	r0, [r4]	@ zero_extendqisi2
 152 0034 FFF7FEFF 		bl	CyDmaChSetInitialTd
 153              	.LVL15:
 154 0038 70BD     		pop	{r4, r5, r6, pc}
ARM GAS  C:\Users\HENRIC~1\AppData\Local\Temp\ccRpChCT.s 			page 8


 155              	.LVL16:
 156              	.L12:
 157 003a 00BF     		.align	2
 158              	.L11:
 159 003c 00000000 		.word	.LANCHOR0
 160              		.cfi_endproc
 161              	.LFE5:
 162              		.size	I_Heartbeat_Wave1Setup, .-I_Heartbeat_Wave1Setup
 163              		.section	.text.I_Heartbeat_Wave2Setup,"ax",%progbits
 164              		.align	2
 165              		.global	I_Heartbeat_Wave2Setup
 166              		.thumb
 167              		.thumb_func
 168              		.type	I_Heartbeat_Wave2Setup, %function
 169              	I_Heartbeat_Wave2Setup:
 170              	.LFB6:
 246:Generated_Source\PSoC5/I_Heartbeat.c **** }
 247:Generated_Source\PSoC5/I_Heartbeat.c **** 
 248:Generated_Source\PSoC5/I_Heartbeat.c **** 
 249:Generated_Source\PSoC5/I_Heartbeat.c **** /*******************************************************************************
 250:Generated_Source\PSoC5/I_Heartbeat.c **** * Function Name: I_Heartbeat_Wave2Setup
 251:Generated_Source\PSoC5/I_Heartbeat.c **** ********************************************************************************
 252:Generated_Source\PSoC5/I_Heartbeat.c **** *
 253:Generated_Source\PSoC5/I_Heartbeat.c **** * Summary:
 254:Generated_Source\PSoC5/I_Heartbeat.c **** *  Sets pointer and size for waveform 2.                                    
 255:Generated_Source\PSoC5/I_Heartbeat.c **** *
 256:Generated_Source\PSoC5/I_Heartbeat.c **** * Parameters:  
 257:Generated_Source\PSoC5/I_Heartbeat.c **** *  uint8 * WavePtr:     Pointer to the waveform array.
 258:Generated_Source\PSoC5/I_Heartbeat.c **** *  uint16  SampleSize:  The amount of samples in the waveform.
 259:Generated_Source\PSoC5/I_Heartbeat.c **** *
 260:Generated_Source\PSoC5/I_Heartbeat.c **** * Return: 
 261:Generated_Source\PSoC5/I_Heartbeat.c **** *  None
 262:Generated_Source\PSoC5/I_Heartbeat.c **** *
 263:Generated_Source\PSoC5/I_Heartbeat.c **** *******************************************************************************/
 264:Generated_Source\PSoC5/I_Heartbeat.c **** void I_Heartbeat_Wave2Setup(const uint8 * wavePtr, uint16 sampleSize)
 265:Generated_Source\PSoC5/I_Heartbeat.c ****  
 266:Generated_Source\PSoC5/I_Heartbeat.c **** {
 171              		.loc 1 266 0
 172              		.cfi_startproc
 173              		@ args = 0, pretend = 0, frame = 0
 174              		@ frame_needed = 0, uses_anonymous_args = 0
 175              	.LVL17:
 176 0000 70B5     		push	{r4, r5, r6, lr}
 177              		.cfi_def_cfa_offset 16
 178              		.cfi_offset 4, -16
 179              		.cfi_offset 5, -12
 180              		.cfi_offset 6, -8
 181              		.cfi_offset 14, -4
 182 0002 0546     		mov	r5, r0
 183 0004 0E46     		mov	r6, r1
 267:Generated_Source\PSoC5/I_Heartbeat.c **** 	#if (CY_PSOC3)
 268:Generated_Source\PSoC5/I_Heartbeat.c **** 		uint16 memoryType; /* determining the source memory type */
 269:Generated_Source\PSoC5/I_Heartbeat.c **** 		memoryType = (I_Heartbeat_HI16FLASHPTR == HI16(wavePtr)) ? HI16(CYDEV_FLS_BASE) : HI16(CYDEV_SRAM
 270:Generated_Source\PSoC5/I_Heartbeat.c **** 			
 271:Generated_Source\PSoC5/I_Heartbeat.c **** 		I_Heartbeat_Wave2Chan = I_Heartbeat_Wave2_DMA_DmaInitialize(
 272:Generated_Source\PSoC5/I_Heartbeat.c **** 		I_Heartbeat_Wave2_DMA_BYTES_PER_BURST, I_Heartbeat_Wave2_DMA_REQUEST_PER_BURST,
 273:Generated_Source\PSoC5/I_Heartbeat.c **** 		memoryType, HI16(CYDEV_PERIPH_BASE));
ARM GAS  C:\Users\HENRIC~1\AppData\Local\Temp\ccRpChCT.s 			page 9


 274:Generated_Source\PSoC5/I_Heartbeat.c **** 	#else /* PSoC 5 */
 275:Generated_Source\PSoC5/I_Heartbeat.c **** 		I_Heartbeat_Wave2Chan = I_Heartbeat_Wave2_DMA_DmaInitialize(
 184              		.loc 1 275 0
 185 0006 4FF48043 		mov	r3, #16384
 186 000a 020C     		lsrs	r2, r0, #16
 187 000c 0121     		movs	r1, #1
 188              	.LVL18:
 189 000e 0846     		mov	r0, r1
 190              	.LVL19:
 191 0010 FFF7FEFF 		bl	I_Heartbeat_Wave2_DMA_DmaInitialize
 192              	.LVL20:
 193 0014 094C     		ldr	r4, .L15
 194 0016 6070     		strb	r0, [r4, #1]
 276:Generated_Source\PSoC5/I_Heartbeat.c **** 		I_Heartbeat_Wave2_DMA_BYTES_PER_BURST, I_Heartbeat_Wave2_DMA_REQUEST_PER_BURST,
 277:Generated_Source\PSoC5/I_Heartbeat.c **** 		HI16(wavePtr), HI16(I_Heartbeat_DAC8__D));
 278:Generated_Source\PSoC5/I_Heartbeat.c **** 	#endif /* CY_PSOC3 */
 279:Generated_Source\PSoC5/I_Heartbeat.c **** 	
 280:Generated_Source\PSoC5/I_Heartbeat.c **** 	/*
 281:Generated_Source\PSoC5/I_Heartbeat.c **** 	* TD is looping on itself. 
 282:Generated_Source\PSoC5/I_Heartbeat.c **** 	* Increment the source address, but not the destination address. 
 283:Generated_Source\PSoC5/I_Heartbeat.c **** 	*/
 284:Generated_Source\PSoC5/I_Heartbeat.c **** 	(void)CyDmaTdSetConfiguration(I_Heartbeat_Wave2TD, sampleSize, I_Heartbeat_Wave2TD, 
 195              		.loc 1 284 0
 196 0018 E078     		ldrb	r0, [r4, #3]	@ zero_extendqisi2
 197 001a 0123     		movs	r3, #1
 198 001c 0246     		mov	r2, r0
 199 001e 3146     		mov	r1, r6
 200 0020 FFF7FEFF 		bl	CyDmaTdSetConfiguration
 201              	.LVL21:
 285:Generated_Source\PSoC5/I_Heartbeat.c ****                                     (uint8)CY_DMA_TD_INC_SRC_ADR | (uint8)I_Heartbeat_Wave2_DMA__TD
 286:Generated_Source\PSoC5/I_Heartbeat.c **** 	
 287:Generated_Source\PSoC5/I_Heartbeat.c **** 	/* Set the TD source and destination address */
 288:Generated_Source\PSoC5/I_Heartbeat.c **** 	(void)CyDmaTdSetAddress(I_Heartbeat_Wave2TD, LO16((uint32)wavePtr), LO16(I_Heartbeat_DAC8__D));
 202              		.loc 1 288 0
 203 0024 45F68232 		movw	r2, #23426
 204 0028 A9B2     		uxth	r1, r5
 205 002a E078     		ldrb	r0, [r4, #3]	@ zero_extendqisi2
 206 002c FFF7FEFF 		bl	CyDmaTdSetAddress
 207              	.LVL22:
 289:Generated_Source\PSoC5/I_Heartbeat.c **** 	
 290:Generated_Source\PSoC5/I_Heartbeat.c **** 	/* Associate the TD with the channel */
 291:Generated_Source\PSoC5/I_Heartbeat.c **** 	(void)CyDmaChSetInitialTd(I_Heartbeat_Wave2Chan, I_Heartbeat_Wave2TD);
 208              		.loc 1 291 0
 209 0030 E178     		ldrb	r1, [r4, #3]	@ zero_extendqisi2
 210 0032 6078     		ldrb	r0, [r4, #1]	@ zero_extendqisi2
 211 0034 FFF7FEFF 		bl	CyDmaChSetInitialTd
 212              	.LVL23:
 213 0038 70BD     		pop	{r4, r5, r6, pc}
 214              	.LVL24:
 215              	.L16:
 216 003a 00BF     		.align	2
 217              	.L15:
 218 003c 00000000 		.word	.LANCHOR0
 219              		.cfi_endproc
 220              	.LFE6:
 221              		.size	I_Heartbeat_Wave2Setup, .-I_Heartbeat_Wave2Setup
 222              		.section	.text.I_Heartbeat_Init,"ax",%progbits
ARM GAS  C:\Users\HENRIC~1\AppData\Local\Temp\ccRpChCT.s 			page 10


 223              		.align	2
 224              		.global	I_Heartbeat_Init
 225              		.thumb
 226              		.thumb_func
 227              		.type	I_Heartbeat_Init, %function
 228              	I_Heartbeat_Init:
 229              	.LFB0:
  44:Generated_Source\PSoC5/I_Heartbeat.c **** 	I_Heartbeat_VDAC8_Init();
 230              		.loc 1 44 0
 231              		.cfi_startproc
 232              		@ args = 0, pretend = 0, frame = 0
 233              		@ frame_needed = 0, uses_anonymous_args = 0
 234 0000 10B5     		push	{r4, lr}
 235              		.cfi_def_cfa_offset 8
 236              		.cfi_offset 4, -8
 237              		.cfi_offset 14, -4
  45:Generated_Source\PSoC5/I_Heartbeat.c **** 	I_Heartbeat_VDAC8_SetSpeed(I_Heartbeat_HIGHSPEED);
 238              		.loc 1 45 0
 239 0002 FFF7FEFF 		bl	I_Heartbeat_VDAC8_Init
 240              	.LVL25:
  46:Generated_Source\PSoC5/I_Heartbeat.c **** 	I_Heartbeat_VDAC8_SetRange(I_Heartbeat_DAC_RANGE);
 241              		.loc 1 46 0
 242 0006 0220     		movs	r0, #2
 243 0008 FFF7FEFF 		bl	I_Heartbeat_VDAC8_SetSpeed
 244              	.LVL26:
  47:Generated_Source\PSoC5/I_Heartbeat.c **** 
 245              		.loc 1 47 0
 246 000c 0020     		movs	r0, #0
 247 000e FFF7FEFF 		bl	I_Heartbeat_VDAC8_SetRange
 248              	.LVL27:
  58:Generated_Source\PSoC5/I_Heartbeat.c **** 	I_Heartbeat_Wave2TD = CyDmaTdAllocate();
 249              		.loc 1 58 0
 250 0012 FFF7FEFF 		bl	CyDmaTdAllocate
 251              	.LVL28:
 252 0016 074C     		ldr	r4, .L19
 253 0018 A070     		strb	r0, [r4, #2]
  59:Generated_Source\PSoC5/I_Heartbeat.c **** 	
 254              		.loc 1 59 0
 255 001a FFF7FEFF 		bl	CyDmaTdAllocate
 256              	.LVL29:
 257 001e E070     		strb	r0, [r4, #3]
  62:Generated_Source\PSoC5/I_Heartbeat.c **** 	I_Heartbeat_Wave2Setup(I_Heartbeat_wave2, I_Heartbeat_WAVE2_LENGTH) ;
 258              		.loc 1 62 0
 259 0020 054C     		ldr	r4, .L19+4
 260 0022 6421     		movs	r1, #100
 261 0024 2046     		mov	r0, r4
 262 0026 FFF7FEFF 		bl	I_Heartbeat_Wave1Setup
 263              	.LVL30:
  63:Generated_Source\PSoC5/I_Heartbeat.c **** 	
 264              		.loc 1 63 0
 265 002a 6421     		movs	r1, #100
 266 002c 6018     		adds	r0, r4, r1
 267 002e FFF7FEFF 		bl	I_Heartbeat_Wave2Setup
 268              	.LVL31:
 269 0032 10BD     		pop	{r4, pc}
 270              	.L20:
 271              		.align	2
ARM GAS  C:\Users\HENRIC~1\AppData\Local\Temp\ccRpChCT.s 			page 11


 272              	.L19:
 273 0034 00000000 		.word	.LANCHOR0
 274 0038 00000000 		.word	.LANCHOR1
 275              		.cfi_endproc
 276              	.LFE0:
 277              		.size	I_Heartbeat_Init, .-I_Heartbeat_Init
 278              		.section	.text.I_Heartbeat_Start,"ax",%progbits
 279              		.align	2
 280              		.global	I_Heartbeat_Start
 281              		.thumb
 282              		.thumb_func
 283              		.type	I_Heartbeat_Start, %function
 284              	I_Heartbeat_Start:
 285              	.LFB2:
 130:Generated_Source\PSoC5/I_Heartbeat.c **** 	/* If not Initialized then initialize all required hardware and software */
 286              		.loc 1 130 0
 287              		.cfi_startproc
 288              		@ args = 0, pretend = 0, frame = 0
 289              		@ frame_needed = 0, uses_anonymous_args = 0
 290 0000 08B5     		push	{r3, lr}
 291              		.cfi_def_cfa_offset 8
 292              		.cfi_offset 3, -8
 293              		.cfi_offset 14, -4
 132:Generated_Source\PSoC5/I_Heartbeat.c **** 	{
 294              		.loc 1 132 0
 295 0002 054B     		ldr	r3, .L24
 296 0004 1B79     		ldrb	r3, [r3, #4]	@ zero_extendqisi2
 297 0006 23B9     		cbnz	r3, .L22
 134:Generated_Source\PSoC5/I_Heartbeat.c **** 		I_Heartbeat_initVar = 1u;
 298              		.loc 1 134 0
 299 0008 FFF7FEFF 		bl	I_Heartbeat_Init
 300              	.LVL32:
 135:Generated_Source\PSoC5/I_Heartbeat.c **** 	}
 301              		.loc 1 135 0
 302 000c 0122     		movs	r2, #1
 303 000e 024B     		ldr	r3, .L24
 304 0010 1A71     		strb	r2, [r3, #4]
 305              	.L22:
 138:Generated_Source\PSoC5/I_Heartbeat.c **** }
 306              		.loc 1 138 0
 307 0012 FFF7FEFF 		bl	I_Heartbeat_Enable
 308              	.LVL33:
 309 0016 08BD     		pop	{r3, pc}
 310              	.L25:
 311              		.align	2
 312              	.L24:
 313 0018 00000000 		.word	.LANCHOR0
 314              		.cfi_endproc
 315              	.LFE2:
 316              		.size	I_Heartbeat_Start, .-I_Heartbeat_Start
 317              		.section	.text.I_Heartbeat_StartEx,"ax",%progbits
 318              		.align	2
 319              		.global	I_Heartbeat_StartEx
 320              		.thumb
 321              		.thumb_func
 322              		.type	I_Heartbeat_StartEx, %function
 323              	I_Heartbeat_StartEx:
ARM GAS  C:\Users\HENRIC~1\AppData\Local\Temp\ccRpChCT.s 			page 12


 324              	.LFB3:
 165:Generated_Source\PSoC5/I_Heartbeat.c **** 	I_Heartbeat_Wave1Setup(wavePtr1, sampleSize1);
 325              		.loc 1 165 0
 326              		.cfi_startproc
 327              		@ args = 0, pretend = 0, frame = 0
 328              		@ frame_needed = 0, uses_anonymous_args = 0
 329              	.LVL34:
 330 0000 38B5     		push	{r3, r4, r5, lr}
 331              		.cfi_def_cfa_offset 16
 332              		.cfi_offset 3, -16
 333              		.cfi_offset 4, -12
 334              		.cfi_offset 5, -8
 335              		.cfi_offset 14, -4
 336 0002 1446     		mov	r4, r2
 337 0004 1D46     		mov	r5, r3
 166:Generated_Source\PSoC5/I_Heartbeat.c **** 	I_Heartbeat_Wave2Setup(wavePtr2, sampleSize2);
 338              		.loc 1 166 0
 339 0006 FFF7FEFF 		bl	I_Heartbeat_Wave1Setup
 340              	.LVL35:
 167:Generated_Source\PSoC5/I_Heartbeat.c **** 	I_Heartbeat_Start();
 341              		.loc 1 167 0
 342 000a 2946     		mov	r1, r5
 343 000c 2046     		mov	r0, r4
 344 000e FFF7FEFF 		bl	I_Heartbeat_Wave2Setup
 345              	.LVL36:
 168:Generated_Source\PSoC5/I_Heartbeat.c **** }
 346              		.loc 1 168 0
 347 0012 FFF7FEFF 		bl	I_Heartbeat_Start
 348              	.LVL37:
 349 0016 38BD     		pop	{r3, r4, r5, pc}
 350              		.cfi_endproc
 351              	.LFE3:
 352              		.size	I_Heartbeat_StartEx, .-I_Heartbeat_StartEx
 353              		.global	I_Heartbeat_wave2
 354              		.global	I_Heartbeat_wave1
 355              		.global	I_Heartbeat_initVar
 356              		.section	.rodata
 357              		.align	2
 358              		.set	.LANCHOR1,. + 0
 359              		.type	I_Heartbeat_wave1, %object
 360              		.size	I_Heartbeat_wave1, 100
 361              	I_Heartbeat_wave1:
 362 0000 00       		.byte	0
 363 0001 01       		.byte	1
 364 0002 00       		.byte	0
 365 0003 00       		.byte	0
 366 0004 00       		.byte	0
 367 0005 01       		.byte	1
 368 0006 01       		.byte	1
 369 0007 02       		.byte	2
 370 0008 03       		.byte	3
 371 0009 03       		.byte	3
 372 000a 03       		.byte	3
 373 000b 00       		.byte	0
 374 000c 00       		.byte	0
 375 000d 00       		.byte	0
 376 000e 00       		.byte	0
ARM GAS  C:\Users\HENRIC~1\AppData\Local\Temp\ccRpChCT.s 			page 13


 377 000f 02       		.byte	2
 378 0010 0B       		.byte	11
 379 0011 0B       		.byte	11
 380 0012 0B       		.byte	11
 381 0013 0C       		.byte	12
 382 0014 0C       		.byte	12
 383 0015 0C       		.byte	12
 384 0016 0C       		.byte	12
 385 0017 0C       		.byte	12
 386 0018 0C       		.byte	12
 387 0019 0C       		.byte	12
 388 001a 0C       		.byte	12
 389 001b 0C       		.byte	12
 390 001c 0C       		.byte	12
 391 001d 0C       		.byte	12
 392 001e 0C       		.byte	12
 393 001f 0C       		.byte	12
 394 0020 0B       		.byte	11
 395 0021 0B       		.byte	11
 396 0022 00       		.byte	0
 397 0023 02       		.byte	2
 398 0024 01       		.byte	1
 399 0025 01       		.byte	1
 400 0026 00       		.byte	0
 401 0027 00       		.byte	0
 402 0028 00       		.byte	0
 403 0029 00       		.byte	0
 404 002a 00       		.byte	0
 405 002b 02       		.byte	2
 406 002c 02       		.byte	2
 407 002d 02       		.byte	2
 408 002e 02       		.byte	2
 409 002f 02       		.byte	2
 410 0030 02       		.byte	2
 411 0031 02       		.byte	2
 412 0032 02       		.byte	2
 413 0033 00       		.byte	0
 414 0034 00       		.byte	0
 415 0035 00       		.byte	0
 416 0036 00       		.byte	0
 417 0037 00       		.byte	0
 418 0038 00       		.byte	0
 419 0039 00       		.byte	0
 420 003a 00       		.byte	0
 421 003b 00       		.byte	0
 422 003c 00       		.byte	0
 423 003d 00       		.byte	0
 424 003e 00       		.byte	0
 425 003f 00       		.byte	0
 426 0040 00       		.byte	0
 427 0041 00       		.byte	0
 428 0042 00       		.byte	0
 429 0043 00       		.byte	0
 430 0044 00       		.byte	0
 431 0045 00       		.byte	0
 432 0046 00       		.byte	0
 433 0047 00       		.byte	0
ARM GAS  C:\Users\HENRIC~1\AppData\Local\Temp\ccRpChCT.s 			page 14


 434 0048 00       		.byte	0
 435 0049 00       		.byte	0
 436 004a 00       		.byte	0
 437 004b 00       		.byte	0
 438 004c 00       		.byte	0
 439 004d 00       		.byte	0
 440 004e 00       		.byte	0
 441 004f 00       		.byte	0
 442 0050 00       		.byte	0
 443 0051 00       		.byte	0
 444 0052 00       		.byte	0
 445 0053 00       		.byte	0
 446 0054 00       		.byte	0
 447 0055 00       		.byte	0
 448 0056 00       		.byte	0
 449 0057 00       		.byte	0
 450 0058 00       		.byte	0
 451 0059 00       		.byte	0
 452 005a 00       		.byte	0
 453 005b 00       		.byte	0
 454 005c 00       		.byte	0
 455 005d 00       		.byte	0
 456 005e 00       		.byte	0
 457 005f 00       		.byte	0
 458 0060 00       		.byte	0
 459 0061 00       		.byte	0
 460 0062 00       		.byte	0
 461 0063 00       		.byte	0
 462              		.type	I_Heartbeat_wave2, %object
 463              		.size	I_Heartbeat_wave2, 100
 464              	I_Heartbeat_wave2:
 465 0064 00000000 		.space	100
 465      00000000 
 465      00000000 
 465      00000000 
 465      00000000 
 466              		.bss
 467              		.set	.LANCHOR0,. + 0
 468              		.type	I_Heartbeat_Wave1Chan, %object
 469              		.size	I_Heartbeat_Wave1Chan, 1
 470              	I_Heartbeat_Wave1Chan:
 471 0000 00       		.space	1
 472              		.type	I_Heartbeat_Wave2Chan, %object
 473              		.size	I_Heartbeat_Wave2Chan, 1
 474              	I_Heartbeat_Wave2Chan:
 475 0001 00       		.space	1
 476              		.type	I_Heartbeat_Wave1TD, %object
 477              		.size	I_Heartbeat_Wave1TD, 1
 478              	I_Heartbeat_Wave1TD:
 479 0002 00       		.space	1
 480              		.type	I_Heartbeat_Wave2TD, %object
 481              		.size	I_Heartbeat_Wave2TD, 1
 482              	I_Heartbeat_Wave2TD:
 483 0003 00       		.space	1
 484              		.type	I_Heartbeat_initVar, %object
 485              		.size	I_Heartbeat_initVar, 1
 486              	I_Heartbeat_initVar:
ARM GAS  C:\Users\HENRIC~1\AppData\Local\Temp\ccRpChCT.s 			page 15


 487 0004 00       		.space	1
 488              		.text
 489              	.Letext0:
 490              		.file 2 "Generated_Source\\PSoC5\\cytypes.h"
 491              		.file 3 "Generated_Source\\PSoC5/I_Heartbeat_VDAC8.h"
 492              		.file 4 "Generated_Source\\PSoC5/CYDMAC.H"
 493              		.file 5 "Generated_Source\\PSoC5/I_Heartbeat_DacClk.h"
 494              		.file 6 "Generated_Source\\PSoC5/I_Heartbeat_Wave1_DMA_dma.h"
 495              		.file 7 "Generated_Source\\PSoC5/I_Heartbeat_Wave2_DMA_dma.h"
 496              		.section	.debug_info,"",%progbits
 497              	.Ldebug_info0:
 498 0000 03050000 		.4byte	0x503
 499 0004 0400     		.2byte	0x4
 500 0006 00000000 		.4byte	.Ldebug_abbrev0
 501 000a 04       		.byte	0x4
 502 000b 01       		.uleb128 0x1
 503 000c 1E010000 		.4byte	.LASF53
 504 0010 0C       		.byte	0xc
 505 0011 B6030000 		.4byte	.LASF54
 506 0015 10030000 		.4byte	.LASF55
 507 0019 00000000 		.4byte	.Ldebug_ranges0+0
 508 001d 00000000 		.4byte	0
 509 0021 00000000 		.4byte	.Ldebug_line0
 510 0025 02       		.uleb128 0x2
 511 0026 01       		.byte	0x1
 512 0027 06       		.byte	0x6
 513 0028 61040000 		.4byte	.LASF0
 514 002c 02       		.uleb128 0x2
 515 002d 01       		.byte	0x1
 516 002e 08       		.byte	0x8
 517 002f C7020000 		.4byte	.LASF1
 518 0033 02       		.uleb128 0x2
 519 0034 02       		.byte	0x2
 520 0035 05       		.byte	0x5
 521 0036 04040000 		.4byte	.LASF2
 522 003a 02       		.uleb128 0x2
 523 003b 02       		.byte	0x2
 524 003c 07       		.byte	0x7
 525 003d 7A000000 		.4byte	.LASF3
 526 0041 02       		.uleb128 0x2
 527 0042 04       		.byte	0x4
 528 0043 05       		.byte	0x5
 529 0044 4C040000 		.4byte	.LASF4
 530 0048 02       		.uleb128 0x2
 531 0049 04       		.byte	0x4
 532 004a 07       		.byte	0x7
 533 004b DD010000 		.4byte	.LASF5
 534 004f 02       		.uleb128 0x2
 535 0050 08       		.byte	0x8
 536 0051 05       		.byte	0x5
 537 0052 A8030000 		.4byte	.LASF6
 538 0056 02       		.uleb128 0x2
 539 0057 08       		.byte	0x8
 540 0058 07       		.byte	0x7
 541 0059 60030000 		.4byte	.LASF7
 542 005d 03       		.uleb128 0x3
 543 005e 04       		.byte	0x4
ARM GAS  C:\Users\HENRIC~1\AppData\Local\Temp\ccRpChCT.s 			page 16


 544 005f 05       		.byte	0x5
 545 0060 696E7400 		.ascii	"int\000"
 546 0064 02       		.uleb128 0x2
 547 0065 04       		.byte	0x4
 548 0066 07       		.byte	0x7
 549 0067 D5020000 		.4byte	.LASF8
 550 006b 04       		.uleb128 0x4
 551 006c F7010000 		.4byte	.LASF9
 552 0070 02       		.byte	0x2
 553 0071 9201     		.2byte	0x192
 554 0073 2C000000 		.4byte	0x2c
 555 0077 04       		.uleb128 0x4
 556 0078 A0020000 		.4byte	.LASF10
 557 007c 02       		.byte	0x2
 558 007d 9301     		.2byte	0x193
 559 007f 3A000000 		.4byte	0x3a
 560 0083 04       		.uleb128 0x4
 561 0084 A7020000 		.4byte	.LASF11
 562 0088 02       		.byte	0x2
 563 0089 9401     		.2byte	0x194
 564 008b 48000000 		.4byte	0x48
 565 008f 02       		.uleb128 0x2
 566 0090 04       		.byte	0x4
 567 0091 04       		.byte	0x4
 568 0092 0D010000 		.4byte	.LASF12
 569 0096 02       		.uleb128 0x2
 570 0097 08       		.byte	0x8
 571 0098 04       		.byte	0x4
 572 0099 61020000 		.4byte	.LASF13
 573 009d 02       		.uleb128 0x2
 574 009e 01       		.byte	0x1
 575 009f 08       		.byte	0x8
 576 00a0 DB030000 		.4byte	.LASF14
 577 00a4 02       		.uleb128 0x2
 578 00a5 08       		.byte	0x8
 579 00a6 04       		.byte	0x4
 580 00a7 55040000 		.4byte	.LASF15
 581 00ab 02       		.uleb128 0x2
 582 00ac 04       		.byte	0x4
 583 00ad 07       		.byte	0x7
 584 00ae 9F030000 		.4byte	.LASF16
 585 00b2 05       		.uleb128 0x5
 586 00b3 E2020000 		.4byte	.LASF17
 587 00b7 01       		.byte	0x1
 588 00b8 56       		.byte	0x56
 589 00b9 00000000 		.4byte	.LFB1
 590 00bd 28000000 		.4byte	.LFE1-.LFB1
 591 00c1 01       		.uleb128 0x1
 592 00c2 9C       		.byte	0x9c
 593 00c3 13010000 		.4byte	0x113
 594 00c7 06       		.uleb128 0x6
 595 00c8 06000000 		.4byte	.LVL0
 596 00cc 56040000 		.4byte	0x456
 597 00d0 07       		.uleb128 0x7
 598 00d1 10000000 		.4byte	.LVL1
 599 00d5 61040000 		.4byte	0x461
 600 00d9 E3000000 		.4byte	0xe3
ARM GAS  C:\Users\HENRIC~1\AppData\Local\Temp\ccRpChCT.s 			page 17


 601 00dd 08       		.uleb128 0x8
 602 00de 01       		.uleb128 0x1
 603 00df 51       		.byte	0x51
 604 00e0 01       		.uleb128 0x1
 605 00e1 31       		.byte	0x31
 606 00e2 00       		.byte	0
 607 00e3 07       		.uleb128 0x7
 608 00e4 18000000 		.4byte	.LVL2
 609 00e8 61040000 		.4byte	0x461
 610 00ec F6000000 		.4byte	0xf6
 611 00f0 08       		.uleb128 0x8
 612 00f1 01       		.uleb128 0x1
 613 00f2 51       		.byte	0x51
 614 00f3 01       		.uleb128 0x1
 615 00f4 31       		.byte	0x31
 616 00f5 00       		.byte	0
 617 00f6 07       		.uleb128 0x7
 618 00f7 1E000000 		.4byte	.LVL3
 619 00fb 6C040000 		.4byte	0x46c
 620 00ff 09010000 		.4byte	0x109
 621 0103 08       		.uleb128 0x8
 622 0104 01       		.uleb128 0x1
 623 0105 50       		.byte	0x50
 624 0106 01       		.uleb128 0x1
 625 0107 30       		.byte	0x30
 626 0108 00       		.byte	0
 627 0109 06       		.uleb128 0x6
 628 010a 22000000 		.4byte	.LVL4
 629 010e 77040000 		.4byte	0x477
 630 0112 00       		.byte	0
 631 0113 05       		.uleb128 0x5
 632 0114 3B040000 		.4byte	.LASF18
 633 0118 01       		.byte	0x1
 634 0119 BB       		.byte	0xbb
 635 011a 00000000 		.4byte	.LFB4
 636 011e 20000000 		.4byte	.LFE4-.LFB4
 637 0122 01       		.uleb128 0x1
 638 0123 9C       		.byte	0x9c
 639 0124 4D010000 		.4byte	0x14d
 640 0128 06       		.uleb128 0x6
 641 0129 06000000 		.4byte	.LVL5
 642 012d 82040000 		.4byte	0x482
 643 0131 06       		.uleb128 0x6
 644 0132 0E000000 		.4byte	.LVL6
 645 0136 8D040000 		.4byte	0x48d
 646 013a 06       		.uleb128 0x6
 647 013b 14000000 		.4byte	.LVL7
 648 013f 8D040000 		.4byte	0x48d
 649 0143 06       		.uleb128 0x6
 650 0144 18000000 		.4byte	.LVL8
 651 0148 98040000 		.4byte	0x498
 652 014c 00       		.byte	0
 653 014d 05       		.uleb128 0x5
 654 014e 26000000 		.4byte	.LASF19
 655 0152 01       		.byte	0x1
 656 0153 DA       		.byte	0xda
 657 0154 00000000 		.4byte	.LFB5
ARM GAS  C:\Users\HENRIC~1\AppData\Local\Temp\ccRpChCT.s 			page 18


 658 0158 40000000 		.4byte	.LFE5-.LFB5
 659 015c 01       		.uleb128 0x1
 660 015d 9C       		.byte	0x9c
 661 015e E5010000 		.4byte	0x1e5
 662 0162 09       		.uleb128 0x9
 663 0163 EF010000 		.4byte	.LASF20
 664 0167 01       		.byte	0x1
 665 0168 DA       		.byte	0xda
 666 0169 E5010000 		.4byte	0x1e5
 667 016d 00000000 		.4byte	.LLST0
 668 0171 09       		.uleb128 0x9
 669 0172 13010000 		.4byte	.LASF21
 670 0176 01       		.byte	0x1
 671 0177 DA       		.byte	0xda
 672 0178 77000000 		.4byte	0x77
 673 017c 2C000000 		.4byte	.LLST1
 674 0180 07       		.uleb128 0x7
 675 0181 14000000 		.4byte	.LVL12
 676 0185 A3040000 		.4byte	0x4a3
 677 0189 A7010000 		.4byte	0x1a7
 678 018d 08       		.uleb128 0x8
 679 018e 01       		.uleb128 0x1
 680 018f 50       		.byte	0x50
 681 0190 01       		.uleb128 0x1
 682 0191 31       		.byte	0x31
 683 0192 08       		.uleb128 0x8
 684 0193 01       		.uleb128 0x1
 685 0194 51       		.byte	0x51
 686 0195 01       		.uleb128 0x1
 687 0196 31       		.byte	0x31
 688 0197 08       		.uleb128 0x8
 689 0198 01       		.uleb128 0x1
 690 0199 52       		.byte	0x52
 691 019a 04       		.uleb128 0x4
 692 019b 75       		.byte	0x75
 693 019c 00       		.sleb128 0
 694 019d 40       		.byte	0x40
 695 019e 25       		.byte	0x25
 696 019f 08       		.uleb128 0x8
 697 01a0 01       		.uleb128 0x1
 698 01a1 53       		.byte	0x53
 699 01a2 03       		.uleb128 0x3
 700 01a3 0A       		.byte	0xa
 701 01a4 0040     		.2byte	0x4000
 702 01a6 00       		.byte	0
 703 01a7 07       		.uleb128 0x7
 704 01a8 24000000 		.4byte	.LVL13
 705 01ac AE040000 		.4byte	0x4ae
 706 01b0 C0010000 		.4byte	0x1c0
 707 01b4 08       		.uleb128 0x8
 708 01b5 01       		.uleb128 0x1
 709 01b6 51       		.byte	0x51
 710 01b7 02       		.uleb128 0x2
 711 01b8 76       		.byte	0x76
 712 01b9 00       		.sleb128 0
 713 01ba 08       		.uleb128 0x8
 714 01bb 01       		.uleb128 0x1
ARM GAS  C:\Users\HENRIC~1\AppData\Local\Temp\ccRpChCT.s 			page 19


 715 01bc 53       		.byte	0x53
 716 01bd 01       		.uleb128 0x1
 717 01be 31       		.byte	0x31
 718 01bf 00       		.byte	0
 719 01c0 07       		.uleb128 0x7
 720 01c1 30000000 		.4byte	.LVL14
 721 01c5 B9040000 		.4byte	0x4b9
 722 01c9 DB010000 		.4byte	0x1db
 723 01cd 08       		.uleb128 0x8
 724 01ce 01       		.uleb128 0x1
 725 01cf 51       		.byte	0x51
 726 01d0 02       		.uleb128 0x2
 727 01d1 75       		.byte	0x75
 728 01d2 00       		.sleb128 0
 729 01d3 08       		.uleb128 0x8
 730 01d4 01       		.uleb128 0x1
 731 01d5 52       		.byte	0x52
 732 01d6 03       		.uleb128 0x3
 733 01d7 0A       		.byte	0xa
 734 01d8 825B     		.2byte	0x5b82
 735 01da 00       		.byte	0
 736 01db 06       		.uleb128 0x6
 737 01dc 38000000 		.4byte	.LVL15
 738 01e0 C4040000 		.4byte	0x4c4
 739 01e4 00       		.byte	0
 740 01e5 0A       		.uleb128 0xa
 741 01e6 04       		.byte	0x4
 742 01e7 EB010000 		.4byte	0x1eb
 743 01eb 0B       		.uleb128 0xb
 744 01ec 6B000000 		.4byte	0x6b
 745 01f0 0C       		.uleb128 0xc
 746 01f1 88030000 		.4byte	.LASF22
 747 01f5 01       		.byte	0x1
 748 01f6 0801     		.2byte	0x108
 749 01f8 00000000 		.4byte	.LFB6
 750 01fc 40000000 		.4byte	.LFE6-.LFB6
 751 0200 01       		.uleb128 0x1
 752 0201 9C       		.byte	0x9c
 753 0202 8B020000 		.4byte	0x28b
 754 0206 0D       		.uleb128 0xd
 755 0207 EF010000 		.4byte	.LASF20
 756 020b 01       		.byte	0x1
 757 020c 0801     		.2byte	0x108
 758 020e E5010000 		.4byte	0x1e5
 759 0212 4D000000 		.4byte	.LLST2
 760 0216 0D       		.uleb128 0xd
 761 0217 13010000 		.4byte	.LASF21
 762 021b 01       		.byte	0x1
 763 021c 0801     		.2byte	0x108
 764 021e 77000000 		.4byte	0x77
 765 0222 79000000 		.4byte	.LLST3
 766 0226 07       		.uleb128 0x7
 767 0227 14000000 		.4byte	.LVL20
 768 022b CF040000 		.4byte	0x4cf
 769 022f 4D020000 		.4byte	0x24d
 770 0233 08       		.uleb128 0x8
 771 0234 01       		.uleb128 0x1
ARM GAS  C:\Users\HENRIC~1\AppData\Local\Temp\ccRpChCT.s 			page 20


 772 0235 50       		.byte	0x50
 773 0236 01       		.uleb128 0x1
 774 0237 31       		.byte	0x31
 775 0238 08       		.uleb128 0x8
 776 0239 01       		.uleb128 0x1
 777 023a 51       		.byte	0x51
 778 023b 01       		.uleb128 0x1
 779 023c 31       		.byte	0x31
 780 023d 08       		.uleb128 0x8
 781 023e 01       		.uleb128 0x1
 782 023f 52       		.byte	0x52
 783 0240 04       		.uleb128 0x4
 784 0241 75       		.byte	0x75
 785 0242 00       		.sleb128 0
 786 0243 40       		.byte	0x40
 787 0244 25       		.byte	0x25
 788 0245 08       		.uleb128 0x8
 789 0246 01       		.uleb128 0x1
 790 0247 53       		.byte	0x53
 791 0248 03       		.uleb128 0x3
 792 0249 0A       		.byte	0xa
 793 024a 0040     		.2byte	0x4000
 794 024c 00       		.byte	0
 795 024d 07       		.uleb128 0x7
 796 024e 24000000 		.4byte	.LVL21
 797 0252 AE040000 		.4byte	0x4ae
 798 0256 66020000 		.4byte	0x266
 799 025a 08       		.uleb128 0x8
 800 025b 01       		.uleb128 0x1
 801 025c 51       		.byte	0x51
 802 025d 02       		.uleb128 0x2
 803 025e 76       		.byte	0x76
 804 025f 00       		.sleb128 0
 805 0260 08       		.uleb128 0x8
 806 0261 01       		.uleb128 0x1
 807 0262 53       		.byte	0x53
 808 0263 01       		.uleb128 0x1
 809 0264 31       		.byte	0x31
 810 0265 00       		.byte	0
 811 0266 07       		.uleb128 0x7
 812 0267 30000000 		.4byte	.LVL22
 813 026b B9040000 		.4byte	0x4b9
 814 026f 81020000 		.4byte	0x281
 815 0273 08       		.uleb128 0x8
 816 0274 01       		.uleb128 0x1
 817 0275 51       		.byte	0x51
 818 0276 02       		.uleb128 0x2
 819 0277 75       		.byte	0x75
 820 0278 00       		.sleb128 0
 821 0279 08       		.uleb128 0x8
 822 027a 01       		.uleb128 0x1
 823 027b 52       		.byte	0x52
 824 027c 03       		.uleb128 0x3
 825 027d 0A       		.byte	0xa
 826 027e 825B     		.2byte	0x5b82
 827 0280 00       		.byte	0
 828 0281 06       		.uleb128 0x6
ARM GAS  C:\Users\HENRIC~1\AppData\Local\Temp\ccRpChCT.s 			page 21


 829 0282 38000000 		.4byte	.LVL23
 830 0286 C4040000 		.4byte	0x4c4
 831 028a 00       		.byte	0
 832 028b 05       		.uleb128 0x5
 833 028c 77030000 		.4byte	.LASF23
 834 0290 01       		.byte	0x1
 835 0291 2B       		.byte	0x2b
 836 0292 00000000 		.4byte	.LFB0
 837 0296 3C000000 		.4byte	.LFE0-.LFB0
 838 029a 01       		.uleb128 0x1
 839 029b 9C       		.byte	0x9c
 840 029c 13030000 		.4byte	0x313
 841 02a0 06       		.uleb128 0x6
 842 02a1 06000000 		.4byte	.LVL25
 843 02a5 DA040000 		.4byte	0x4da
 844 02a9 07       		.uleb128 0x7
 845 02aa 0C000000 		.4byte	.LVL26
 846 02ae E5040000 		.4byte	0x4e5
 847 02b2 BC020000 		.4byte	0x2bc
 848 02b6 08       		.uleb128 0x8
 849 02b7 01       		.uleb128 0x1
 850 02b8 50       		.byte	0x50
 851 02b9 01       		.uleb128 0x1
 852 02ba 32       		.byte	0x32
 853 02bb 00       		.byte	0
 854 02bc 07       		.uleb128 0x7
 855 02bd 12000000 		.4byte	.LVL27
 856 02c1 F0040000 		.4byte	0x4f0
 857 02c5 CF020000 		.4byte	0x2cf
 858 02c9 08       		.uleb128 0x8
 859 02ca 01       		.uleb128 0x1
 860 02cb 50       		.byte	0x50
 861 02cc 01       		.uleb128 0x1
 862 02cd 30       		.byte	0x30
 863 02ce 00       		.byte	0
 864 02cf 06       		.uleb128 0x6
 865 02d0 16000000 		.4byte	.LVL28
 866 02d4 FB040000 		.4byte	0x4fb
 867 02d8 06       		.uleb128 0x6
 868 02d9 1E000000 		.4byte	.LVL29
 869 02dd FB040000 		.4byte	0x4fb
 870 02e1 07       		.uleb128 0x7
 871 02e2 2A000000 		.4byte	.LVL30
 872 02e6 4D010000 		.4byte	0x14d
 873 02ea FB020000 		.4byte	0x2fb
 874 02ee 08       		.uleb128 0x8
 875 02ef 01       		.uleb128 0x1
 876 02f0 50       		.byte	0x50
 877 02f1 02       		.uleb128 0x2
 878 02f2 74       		.byte	0x74
 879 02f3 00       		.sleb128 0
 880 02f4 08       		.uleb128 0x8
 881 02f5 01       		.uleb128 0x1
 882 02f6 51       		.byte	0x51
 883 02f7 02       		.uleb128 0x2
 884 02f8 08       		.byte	0x8
 885 02f9 64       		.byte	0x64
ARM GAS  C:\Users\HENRIC~1\AppData\Local\Temp\ccRpChCT.s 			page 22


 886 02fa 00       		.byte	0
 887 02fb 0E       		.uleb128 0xe
 888 02fc 32000000 		.4byte	.LVL31
 889 0300 F0010000 		.4byte	0x1f0
 890 0304 08       		.uleb128 0x8
 891 0305 01       		.uleb128 0x1
 892 0306 50       		.byte	0x50
 893 0307 03       		.uleb128 0x3
 894 0308 74       		.byte	0x74
 895 0309 E400     		.sleb128 100
 896 030b 08       		.uleb128 0x8
 897 030c 01       		.uleb128 0x1
 898 030d 51       		.byte	0x51
 899 030e 02       		.uleb128 0x2
 900 030f 08       		.byte	0x8
 901 0310 64       		.byte	0x64
 902 0311 00       		.byte	0
 903 0312 00       		.byte	0
 904 0313 05       		.uleb128 0x5
 905 0314 0E040000 		.4byte	.LASF24
 906 0318 01       		.byte	0x1
 907 0319 81       		.byte	0x81
 908 031a 00000000 		.4byte	.LFB2
 909 031e 1C000000 		.4byte	.LFE2-.LFB2
 910 0322 01       		.uleb128 0x1
 911 0323 9C       		.byte	0x9c
 912 0324 3B030000 		.4byte	0x33b
 913 0328 06       		.uleb128 0x6
 914 0329 0C000000 		.4byte	.LVL32
 915 032d 8B020000 		.4byte	0x28b
 916 0331 06       		.uleb128 0x6
 917 0332 16000000 		.4byte	.LVL33
 918 0336 B2000000 		.4byte	0xb2
 919 033a 00       		.byte	0
 920 033b 05       		.uleb128 0x5
 921 033c 7C040000 		.4byte	.LASF25
 922 0340 01       		.byte	0x1
 923 0341 A3       		.byte	0xa3
 924 0342 00000000 		.4byte	.LFB3
 925 0346 18000000 		.4byte	.LFE3-.LFB3
 926 034a 01       		.uleb128 0x1
 927 034b 9C       		.byte	0x9c
 928 034c C5030000 		.4byte	0x3c5
 929 0350 09       		.uleb128 0x9
 930 0351 D0000000 		.4byte	.LASF26
 931 0355 01       		.byte	0x1
 932 0356 A3       		.byte	0xa3
 933 0357 E5010000 		.4byte	0x1e5
 934 035b 9A000000 		.4byte	.LLST4
 935 035f 09       		.uleb128 0x9
 936 0360 25020000 		.4byte	.LASF27
 937 0364 01       		.byte	0x1
 938 0365 A3       		.byte	0xa3
 939 0366 77000000 		.4byte	0x77
 940 036a BB000000 		.4byte	.LLST5
 941 036e 09       		.uleb128 0x9
 942 036f D9000000 		.4byte	.LASF28
ARM GAS  C:\Users\HENRIC~1\AppData\Local\Temp\ccRpChCT.s 			page 23


 943 0373 01       		.byte	0x1
 944 0374 A3       		.byte	0xa3
 945 0375 E5010000 		.4byte	0x1e5
 946 0379 DC000000 		.4byte	.LLST6
 947 037d 09       		.uleb128 0x9
 948 037e 31020000 		.4byte	.LASF29
 949 0382 01       		.byte	0x1
 950 0383 A3       		.byte	0xa3
 951 0384 77000000 		.4byte	0x77
 952 0388 FA000000 		.4byte	.LLST7
 953 038c 07       		.uleb128 0x7
 954 038d 0A000000 		.4byte	.LVL35
 955 0391 4D010000 		.4byte	0x14d
 956 0395 A1030000 		.4byte	0x3a1
 957 0399 08       		.uleb128 0x8
 958 039a 01       		.uleb128 0x1
 959 039b 50       		.byte	0x50
 960 039c 03       		.uleb128 0x3
 961 039d F3       		.byte	0xf3
 962 039e 01       		.uleb128 0x1
 963 039f 50       		.byte	0x50
 964 03a0 00       		.byte	0
 965 03a1 07       		.uleb128 0x7
 966 03a2 12000000 		.4byte	.LVL36
 967 03a6 F0010000 		.4byte	0x1f0
 968 03aa BB030000 		.4byte	0x3bb
 969 03ae 08       		.uleb128 0x8
 970 03af 01       		.uleb128 0x1
 971 03b0 50       		.byte	0x50
 972 03b1 02       		.uleb128 0x2
 973 03b2 74       		.byte	0x74
 974 03b3 00       		.sleb128 0
 975 03b4 08       		.uleb128 0x8
 976 03b5 01       		.uleb128 0x1
 977 03b6 51       		.byte	0x51
 978 03b7 02       		.uleb128 0x2
 979 03b8 75       		.byte	0x75
 980 03b9 00       		.sleb128 0
 981 03ba 00       		.byte	0
 982 03bb 06       		.uleb128 0x6
 983 03bc 16000000 		.4byte	.LVL37
 984 03c0 13030000 		.4byte	0x313
 985 03c4 00       		.byte	0
 986 03c5 0F       		.uleb128 0xf
 987 03c6 8D000000 		.4byte	.LASF30
 988 03ca 01       		.byte	0x1
 989 03cb 17       		.byte	0x17
 990 03cc 6B000000 		.4byte	0x6b
 991 03d0 05       		.uleb128 0x5
 992 03d1 03       		.byte	0x3
 993 03d2 00000000 		.4byte	I_Heartbeat_Wave1Chan
 994 03d6 0F       		.uleb128 0xf
 995 03d7 A3000000 		.4byte	.LASF31
 996 03db 01       		.byte	0x1
 997 03dc 18       		.byte	0x18
 998 03dd 6B000000 		.4byte	0x6b
 999 03e1 05       		.uleb128 0x5
ARM GAS  C:\Users\HENRIC~1\AppData\Local\Temp\ccRpChCT.s 			page 24


 1000 03e2 03       		.byte	0x3
 1001 03e3 01000000 		.4byte	I_Heartbeat_Wave2Chan
 1002 03e7 0F       		.uleb128 0xf
 1003 03e8 3D000000 		.4byte	.LASF32
 1004 03ec 01       		.byte	0x1
 1005 03ed 19       		.byte	0x19
 1006 03ee 6B000000 		.4byte	0x6b
 1007 03f2 05       		.uleb128 0x5
 1008 03f3 03       		.byte	0x3
 1009 03f4 02000000 		.4byte	I_Heartbeat_Wave1TD
 1010 03f8 0F       		.uleb128 0xf
 1011 03f9 11020000 		.4byte	.LASF33
 1012 03fd 01       		.byte	0x1
 1013 03fe 1A       		.byte	0x1a
 1014 03ff 6B000000 		.4byte	0x6b
 1015 0403 05       		.uleb128 0x5
 1016 0404 03       		.byte	0x3
 1017 0405 03000000 		.4byte	I_Heartbeat_Wave2TD
 1018 0409 10       		.uleb128 0x10
 1019 040a FD010000 		.4byte	.LASF34
 1020 040e 01       		.byte	0x1
 1021 040f 12       		.byte	0x12
 1022 0410 6B000000 		.4byte	0x6b
 1023 0414 05       		.uleb128 0x5
 1024 0415 03       		.byte	0x3
 1025 0416 00000000 		.4byte	I_Heartbeat_initVar
 1026 041a 11       		.uleb128 0x11
 1027 041b EB010000 		.4byte	0x1eb
 1028 041f 2A040000 		.4byte	0x42a
 1029 0423 12       		.uleb128 0x12
 1030 0424 AB000000 		.4byte	0xab
 1031 0428 63       		.byte	0x63
 1032 0429 00       		.byte	0
 1033 042a 10       		.uleb128 0x10
 1034 042b 00000000 		.4byte	.LASF35
 1035 042f 01       		.byte	0x1
 1036 0430 14       		.byte	0x14
 1037 0431 3B040000 		.4byte	0x43b
 1038 0435 05       		.uleb128 0x5
 1039 0436 03       		.byte	0x3
 1040 0437 00000000 		.4byte	I_Heartbeat_wave1
 1041 043b 0B       		.uleb128 0xb
 1042 043c 1A040000 		.4byte	0x41a
 1043 0440 10       		.uleb128 0x10
 1044 0441 68020000 		.4byte	.LASF36
 1045 0445 01       		.byte	0x1
 1046 0446 15       		.byte	0x15
 1047 0447 51040000 		.4byte	0x451
 1048 044b 05       		.uleb128 0x5
 1049 044c 03       		.byte	0x3
 1050 044d 00000000 		.4byte	I_Heartbeat_wave2
 1051 0451 0B       		.uleb128 0xb
 1052 0452 1A040000 		.4byte	0x41a
 1053 0456 13       		.uleb128 0x13
 1054 0457 AC010000 		.4byte	.LASF37
 1055 045b AC010000 		.4byte	.LASF37
 1056 045f 03       		.byte	0x3
ARM GAS  C:\Users\HENRIC~1\AppData\Local\Temp\ccRpChCT.s 			page 25


 1057 0460 3A       		.byte	0x3a
 1058 0461 13       		.uleb128 0x13
 1059 0462 92020000 		.4byte	.LASF38
 1060 0466 92020000 		.4byte	.LASF38
 1061 046a 04       		.byte	0x4
 1062 046b 29       		.byte	0x29
 1063 046c 13       		.uleb128 0x13
 1064 046d F2000000 		.4byte	.LASF39
 1065 0471 F2000000 		.4byte	.LASF39
 1066 0475 03       		.byte	0x3
 1067 0476 37       		.byte	0x37
 1068 0477 13       		.uleb128 0x13
 1069 0478 AE020000 		.4byte	.LASF40
 1070 047c AE020000 		.4byte	.LASF40
 1071 0480 05       		.byte	0x5
 1072 0481 27       		.byte	0x27
 1073 0482 13       		.uleb128 0x13
 1074 0483 7A020000 		.4byte	.LASF41
 1075 0487 7A020000 		.4byte	.LASF41
 1076 048b 05       		.byte	0x5
 1077 048c 28       		.byte	0x28
 1078 048d 13       		.uleb128 0x13
 1079 048e 6D040000 		.4byte	.LASF42
 1080 0492 6D040000 		.4byte	.LASF42
 1081 0496 04       		.byte	0x4
 1082 0497 2A       		.byte	0x2a
 1083 0498 13       		.uleb128 0x13
 1084 0499 B9000000 		.4byte	.LASF43
 1085 049d B9000000 		.4byte	.LASF43
 1086 04a1 03       		.byte	0x3
 1087 04a2 34       		.byte	0x34
 1088 04a3 13       		.uleb128 0x13
 1089 04a4 3D020000 		.4byte	.LASF44
 1090 04a8 3D020000 		.4byte	.LASF44
 1091 04ac 06       		.byte	0x6
 1092 04ad 1E       		.byte	0x1e
 1093 04ae 13       		.uleb128 0x13
 1094 04af C5010000 		.4byte	.LASF45
 1095 04b3 C5010000 		.4byte	.LASF45
 1096 04b7 04       		.byte	0x4
 1097 04b8 3B       		.byte	0x3b
 1098 04b9 13       		.uleb128 0x13
 1099 04ba 68000000 		.4byte	.LASF46
 1100 04be 68000000 		.4byte	.LASF46
 1101 04c2 04       		.byte	0x4
 1102 04c3 3F       		.byte	0x3f
 1103 04c4 13       		.uleb128 0x13
 1104 04c5 12000000 		.4byte	.LASF47
 1105 04c9 12000000 		.4byte	.LASF47
 1106 04cd 04       		.byte	0x4
 1107 04ce 2F       		.byte	0x2f
 1108 04cf 13       		.uleb128 0x13
 1109 04d0 E0030000 		.4byte	.LASF48
 1110 04d4 E0030000 		.4byte	.LASF48
 1111 04d8 07       		.byte	0x7
 1112 04d9 1E       		.byte	0x1e
 1113 04da 13       		.uleb128 0x13
ARM GAS  C:\Users\HENRIC~1\AppData\Local\Temp\ccRpChCT.s 			page 26


 1114 04db 51000000 		.4byte	.LASF49
 1115 04df 51000000 		.4byte	.LASF49
 1116 04e3 03       		.byte	0x3
 1117 04e4 39       		.byte	0x39
 1118 04e5 13       		.uleb128 0x13
 1119 04e6 20040000 		.4byte	.LASF50
 1120 04ea 20040000 		.4byte	.LASF50
 1121 04ee 03       		.byte	0x3
 1122 04ef 35       		.byte	0x35
 1123 04f0 13       		.uleb128 0x13
 1124 04f1 F5020000 		.4byte	.LASF51
 1125 04f5 F5020000 		.4byte	.LASF51
 1126 04f9 03       		.byte	0x3
 1127 04fa 36       		.byte	0x36
 1128 04fb 13       		.uleb128 0x13
 1129 04fc E2000000 		.4byte	.LASF52
 1130 0500 E2000000 		.4byte	.LASF52
 1131 0504 04       		.byte	0x4
 1132 0505 38       		.byte	0x38
 1133 0506 00       		.byte	0
 1134              		.section	.debug_abbrev,"",%progbits
 1135              	.Ldebug_abbrev0:
 1136 0000 01       		.uleb128 0x1
 1137 0001 11       		.uleb128 0x11
 1138 0002 01       		.byte	0x1
 1139 0003 25       		.uleb128 0x25
 1140 0004 0E       		.uleb128 0xe
 1141 0005 13       		.uleb128 0x13
 1142 0006 0B       		.uleb128 0xb
 1143 0007 03       		.uleb128 0x3
 1144 0008 0E       		.uleb128 0xe
 1145 0009 1B       		.uleb128 0x1b
 1146 000a 0E       		.uleb128 0xe
 1147 000b 55       		.uleb128 0x55
 1148 000c 17       		.uleb128 0x17
 1149 000d 11       		.uleb128 0x11
 1150 000e 01       		.uleb128 0x1
 1151 000f 10       		.uleb128 0x10
 1152 0010 17       		.uleb128 0x17
 1153 0011 00       		.byte	0
 1154 0012 00       		.byte	0
 1155 0013 02       		.uleb128 0x2
 1156 0014 24       		.uleb128 0x24
 1157 0015 00       		.byte	0
 1158 0016 0B       		.uleb128 0xb
 1159 0017 0B       		.uleb128 0xb
 1160 0018 3E       		.uleb128 0x3e
 1161 0019 0B       		.uleb128 0xb
 1162 001a 03       		.uleb128 0x3
 1163 001b 0E       		.uleb128 0xe
 1164 001c 00       		.byte	0
 1165 001d 00       		.byte	0
 1166 001e 03       		.uleb128 0x3
 1167 001f 24       		.uleb128 0x24
 1168 0020 00       		.byte	0
 1169 0021 0B       		.uleb128 0xb
 1170 0022 0B       		.uleb128 0xb
ARM GAS  C:\Users\HENRIC~1\AppData\Local\Temp\ccRpChCT.s 			page 27


 1171 0023 3E       		.uleb128 0x3e
 1172 0024 0B       		.uleb128 0xb
 1173 0025 03       		.uleb128 0x3
 1174 0026 08       		.uleb128 0x8
 1175 0027 00       		.byte	0
 1176 0028 00       		.byte	0
 1177 0029 04       		.uleb128 0x4
 1178 002a 16       		.uleb128 0x16
 1179 002b 00       		.byte	0
 1180 002c 03       		.uleb128 0x3
 1181 002d 0E       		.uleb128 0xe
 1182 002e 3A       		.uleb128 0x3a
 1183 002f 0B       		.uleb128 0xb
 1184 0030 3B       		.uleb128 0x3b
 1185 0031 05       		.uleb128 0x5
 1186 0032 49       		.uleb128 0x49
 1187 0033 13       		.uleb128 0x13
 1188 0034 00       		.byte	0
 1189 0035 00       		.byte	0
 1190 0036 05       		.uleb128 0x5
 1191 0037 2E       		.uleb128 0x2e
 1192 0038 01       		.byte	0x1
 1193 0039 3F       		.uleb128 0x3f
 1194 003a 19       		.uleb128 0x19
 1195 003b 03       		.uleb128 0x3
 1196 003c 0E       		.uleb128 0xe
 1197 003d 3A       		.uleb128 0x3a
 1198 003e 0B       		.uleb128 0xb
 1199 003f 3B       		.uleb128 0x3b
 1200 0040 0B       		.uleb128 0xb
 1201 0041 27       		.uleb128 0x27
 1202 0042 19       		.uleb128 0x19
 1203 0043 11       		.uleb128 0x11
 1204 0044 01       		.uleb128 0x1
 1205 0045 12       		.uleb128 0x12
 1206 0046 06       		.uleb128 0x6
 1207 0047 40       		.uleb128 0x40
 1208 0048 18       		.uleb128 0x18
 1209 0049 9742     		.uleb128 0x2117
 1210 004b 19       		.uleb128 0x19
 1211 004c 01       		.uleb128 0x1
 1212 004d 13       		.uleb128 0x13
 1213 004e 00       		.byte	0
 1214 004f 00       		.byte	0
 1215 0050 06       		.uleb128 0x6
 1216 0051 898201   		.uleb128 0x4109
 1217 0054 00       		.byte	0
 1218 0055 11       		.uleb128 0x11
 1219 0056 01       		.uleb128 0x1
 1220 0057 31       		.uleb128 0x31
 1221 0058 13       		.uleb128 0x13
 1222 0059 00       		.byte	0
 1223 005a 00       		.byte	0
 1224 005b 07       		.uleb128 0x7
 1225 005c 898201   		.uleb128 0x4109
 1226 005f 01       		.byte	0x1
 1227 0060 11       		.uleb128 0x11
ARM GAS  C:\Users\HENRIC~1\AppData\Local\Temp\ccRpChCT.s 			page 28


 1228 0061 01       		.uleb128 0x1
 1229 0062 31       		.uleb128 0x31
 1230 0063 13       		.uleb128 0x13
 1231 0064 01       		.uleb128 0x1
 1232 0065 13       		.uleb128 0x13
 1233 0066 00       		.byte	0
 1234 0067 00       		.byte	0
 1235 0068 08       		.uleb128 0x8
 1236 0069 8A8201   		.uleb128 0x410a
 1237 006c 00       		.byte	0
 1238 006d 02       		.uleb128 0x2
 1239 006e 18       		.uleb128 0x18
 1240 006f 9142     		.uleb128 0x2111
 1241 0071 18       		.uleb128 0x18
 1242 0072 00       		.byte	0
 1243 0073 00       		.byte	0
 1244 0074 09       		.uleb128 0x9
 1245 0075 05       		.uleb128 0x5
 1246 0076 00       		.byte	0
 1247 0077 03       		.uleb128 0x3
 1248 0078 0E       		.uleb128 0xe
 1249 0079 3A       		.uleb128 0x3a
 1250 007a 0B       		.uleb128 0xb
 1251 007b 3B       		.uleb128 0x3b
 1252 007c 0B       		.uleb128 0xb
 1253 007d 49       		.uleb128 0x49
 1254 007e 13       		.uleb128 0x13
 1255 007f 02       		.uleb128 0x2
 1256 0080 17       		.uleb128 0x17
 1257 0081 00       		.byte	0
 1258 0082 00       		.byte	0
 1259 0083 0A       		.uleb128 0xa
 1260 0084 0F       		.uleb128 0xf
 1261 0085 00       		.byte	0
 1262 0086 0B       		.uleb128 0xb
 1263 0087 0B       		.uleb128 0xb
 1264 0088 49       		.uleb128 0x49
 1265 0089 13       		.uleb128 0x13
 1266 008a 00       		.byte	0
 1267 008b 00       		.byte	0
 1268 008c 0B       		.uleb128 0xb
 1269 008d 26       		.uleb128 0x26
 1270 008e 00       		.byte	0
 1271 008f 49       		.uleb128 0x49
 1272 0090 13       		.uleb128 0x13
 1273 0091 00       		.byte	0
 1274 0092 00       		.byte	0
 1275 0093 0C       		.uleb128 0xc
 1276 0094 2E       		.uleb128 0x2e
 1277 0095 01       		.byte	0x1
 1278 0096 3F       		.uleb128 0x3f
 1279 0097 19       		.uleb128 0x19
 1280 0098 03       		.uleb128 0x3
 1281 0099 0E       		.uleb128 0xe
 1282 009a 3A       		.uleb128 0x3a
 1283 009b 0B       		.uleb128 0xb
 1284 009c 3B       		.uleb128 0x3b
ARM GAS  C:\Users\HENRIC~1\AppData\Local\Temp\ccRpChCT.s 			page 29


 1285 009d 05       		.uleb128 0x5
 1286 009e 27       		.uleb128 0x27
 1287 009f 19       		.uleb128 0x19
 1288 00a0 11       		.uleb128 0x11
 1289 00a1 01       		.uleb128 0x1
 1290 00a2 12       		.uleb128 0x12
 1291 00a3 06       		.uleb128 0x6
 1292 00a4 40       		.uleb128 0x40
 1293 00a5 18       		.uleb128 0x18
 1294 00a6 9742     		.uleb128 0x2117
 1295 00a8 19       		.uleb128 0x19
 1296 00a9 01       		.uleb128 0x1
 1297 00aa 13       		.uleb128 0x13
 1298 00ab 00       		.byte	0
 1299 00ac 00       		.byte	0
 1300 00ad 0D       		.uleb128 0xd
 1301 00ae 05       		.uleb128 0x5
 1302 00af 00       		.byte	0
 1303 00b0 03       		.uleb128 0x3
 1304 00b1 0E       		.uleb128 0xe
 1305 00b2 3A       		.uleb128 0x3a
 1306 00b3 0B       		.uleb128 0xb
 1307 00b4 3B       		.uleb128 0x3b
 1308 00b5 05       		.uleb128 0x5
 1309 00b6 49       		.uleb128 0x49
 1310 00b7 13       		.uleb128 0x13
 1311 00b8 02       		.uleb128 0x2
 1312 00b9 17       		.uleb128 0x17
 1313 00ba 00       		.byte	0
 1314 00bb 00       		.byte	0
 1315 00bc 0E       		.uleb128 0xe
 1316 00bd 898201   		.uleb128 0x4109
 1317 00c0 01       		.byte	0x1
 1318 00c1 11       		.uleb128 0x11
 1319 00c2 01       		.uleb128 0x1
 1320 00c3 31       		.uleb128 0x31
 1321 00c4 13       		.uleb128 0x13
 1322 00c5 00       		.byte	0
 1323 00c6 00       		.byte	0
 1324 00c7 0F       		.uleb128 0xf
 1325 00c8 34       		.uleb128 0x34
 1326 00c9 00       		.byte	0
 1327 00ca 03       		.uleb128 0x3
 1328 00cb 0E       		.uleb128 0xe
 1329 00cc 3A       		.uleb128 0x3a
 1330 00cd 0B       		.uleb128 0xb
 1331 00ce 3B       		.uleb128 0x3b
 1332 00cf 0B       		.uleb128 0xb
 1333 00d0 49       		.uleb128 0x49
 1334 00d1 13       		.uleb128 0x13
 1335 00d2 02       		.uleb128 0x2
 1336 00d3 18       		.uleb128 0x18
 1337 00d4 00       		.byte	0
 1338 00d5 00       		.byte	0
 1339 00d6 10       		.uleb128 0x10
 1340 00d7 34       		.uleb128 0x34
 1341 00d8 00       		.byte	0
ARM GAS  C:\Users\HENRIC~1\AppData\Local\Temp\ccRpChCT.s 			page 30


 1342 00d9 03       		.uleb128 0x3
 1343 00da 0E       		.uleb128 0xe
 1344 00db 3A       		.uleb128 0x3a
 1345 00dc 0B       		.uleb128 0xb
 1346 00dd 3B       		.uleb128 0x3b
 1347 00de 0B       		.uleb128 0xb
 1348 00df 49       		.uleb128 0x49
 1349 00e0 13       		.uleb128 0x13
 1350 00e1 3F       		.uleb128 0x3f
 1351 00e2 19       		.uleb128 0x19
 1352 00e3 02       		.uleb128 0x2
 1353 00e4 18       		.uleb128 0x18
 1354 00e5 00       		.byte	0
 1355 00e6 00       		.byte	0
 1356 00e7 11       		.uleb128 0x11
 1357 00e8 01       		.uleb128 0x1
 1358 00e9 01       		.byte	0x1
 1359 00ea 49       		.uleb128 0x49
 1360 00eb 13       		.uleb128 0x13
 1361 00ec 01       		.uleb128 0x1
 1362 00ed 13       		.uleb128 0x13
 1363 00ee 00       		.byte	0
 1364 00ef 00       		.byte	0
 1365 00f0 12       		.uleb128 0x12
 1366 00f1 21       		.uleb128 0x21
 1367 00f2 00       		.byte	0
 1368 00f3 49       		.uleb128 0x49
 1369 00f4 13       		.uleb128 0x13
 1370 00f5 2F       		.uleb128 0x2f
 1371 00f6 0B       		.uleb128 0xb
 1372 00f7 00       		.byte	0
 1373 00f8 00       		.byte	0
 1374 00f9 13       		.uleb128 0x13
 1375 00fa 2E       		.uleb128 0x2e
 1376 00fb 00       		.byte	0
 1377 00fc 3F       		.uleb128 0x3f
 1378 00fd 19       		.uleb128 0x19
 1379 00fe 3C       		.uleb128 0x3c
 1380 00ff 19       		.uleb128 0x19
 1381 0100 6E       		.uleb128 0x6e
 1382 0101 0E       		.uleb128 0xe
 1383 0102 03       		.uleb128 0x3
 1384 0103 0E       		.uleb128 0xe
 1385 0104 3A       		.uleb128 0x3a
 1386 0105 0B       		.uleb128 0xb
 1387 0106 3B       		.uleb128 0x3b
 1388 0107 0B       		.uleb128 0xb
 1389 0108 00       		.byte	0
 1390 0109 00       		.byte	0
 1391 010a 00       		.byte	0
 1392              		.section	.debug_loc,"",%progbits
 1393              	.Ldebug_loc0:
 1394              	.LLST0:
 1395 0000 00000000 		.4byte	.LVL9
 1396 0004 10000000 		.4byte	.LVL11
 1397 0008 0100     		.2byte	0x1
 1398 000a 50       		.byte	0x50
ARM GAS  C:\Users\HENRIC~1\AppData\Local\Temp\ccRpChCT.s 			page 31


 1399 000b 10000000 		.4byte	.LVL11
 1400 000f 3A000000 		.4byte	.LVL16
 1401 0013 0100     		.2byte	0x1
 1402 0015 55       		.byte	0x55
 1403 0016 3A000000 		.4byte	.LVL16
 1404 001a 40000000 		.4byte	.LFE5
 1405 001e 0400     		.2byte	0x4
 1406 0020 F3       		.byte	0xf3
 1407 0021 01       		.uleb128 0x1
 1408 0022 50       		.byte	0x50
 1409 0023 9F       		.byte	0x9f
 1410 0024 00000000 		.4byte	0
 1411 0028 00000000 		.4byte	0
 1412              	.LLST1:
 1413 002c 00000000 		.4byte	.LVL9
 1414 0030 0E000000 		.4byte	.LVL10
 1415 0034 0100     		.2byte	0x1
 1416 0036 51       		.byte	0x51
 1417 0037 0E000000 		.4byte	.LVL10
 1418 003b 40000000 		.4byte	.LFE5
 1419 003f 0400     		.2byte	0x4
 1420 0041 F3       		.byte	0xf3
 1421 0042 01       		.uleb128 0x1
 1422 0043 51       		.byte	0x51
 1423 0044 9F       		.byte	0x9f
 1424 0045 00000000 		.4byte	0
 1425 0049 00000000 		.4byte	0
 1426              	.LLST2:
 1427 004d 00000000 		.4byte	.LVL17
 1428 0051 10000000 		.4byte	.LVL19
 1429 0055 0100     		.2byte	0x1
 1430 0057 50       		.byte	0x50
 1431 0058 10000000 		.4byte	.LVL19
 1432 005c 3A000000 		.4byte	.LVL24
 1433 0060 0100     		.2byte	0x1
 1434 0062 55       		.byte	0x55
 1435 0063 3A000000 		.4byte	.LVL24
 1436 0067 40000000 		.4byte	.LFE6
 1437 006b 0400     		.2byte	0x4
 1438 006d F3       		.byte	0xf3
 1439 006e 01       		.uleb128 0x1
 1440 006f 50       		.byte	0x50
 1441 0070 9F       		.byte	0x9f
 1442 0071 00000000 		.4byte	0
 1443 0075 00000000 		.4byte	0
 1444              	.LLST3:
 1445 0079 00000000 		.4byte	.LVL17
 1446 007d 0E000000 		.4byte	.LVL18
 1447 0081 0100     		.2byte	0x1
 1448 0083 51       		.byte	0x51
 1449 0084 0E000000 		.4byte	.LVL18
 1450 0088 40000000 		.4byte	.LFE6
 1451 008c 0400     		.2byte	0x4
 1452 008e F3       		.byte	0xf3
 1453 008f 01       		.uleb128 0x1
 1454 0090 51       		.byte	0x51
 1455 0091 9F       		.byte	0x9f
ARM GAS  C:\Users\HENRIC~1\AppData\Local\Temp\ccRpChCT.s 			page 32


 1456 0092 00000000 		.4byte	0
 1457 0096 00000000 		.4byte	0
 1458              	.LLST4:
 1459 009a 00000000 		.4byte	.LVL34
 1460 009e 09000000 		.4byte	.LVL35-1
 1461 00a2 0100     		.2byte	0x1
 1462 00a4 50       		.byte	0x50
 1463 00a5 09000000 		.4byte	.LVL35-1
 1464 00a9 18000000 		.4byte	.LFE3
 1465 00ad 0400     		.2byte	0x4
 1466 00af F3       		.byte	0xf3
 1467 00b0 01       		.uleb128 0x1
 1468 00b1 50       		.byte	0x50
 1469 00b2 9F       		.byte	0x9f
 1470 00b3 00000000 		.4byte	0
 1471 00b7 00000000 		.4byte	0
 1472              	.LLST5:
 1473 00bb 00000000 		.4byte	.LVL34
 1474 00bf 09000000 		.4byte	.LVL35-1
 1475 00c3 0100     		.2byte	0x1
 1476 00c5 51       		.byte	0x51
 1477 00c6 09000000 		.4byte	.LVL35-1
 1478 00ca 18000000 		.4byte	.LFE3
 1479 00ce 0400     		.2byte	0x4
 1480 00d0 F3       		.byte	0xf3
 1481 00d1 01       		.uleb128 0x1
 1482 00d2 51       		.byte	0x51
 1483 00d3 9F       		.byte	0x9f
 1484 00d4 00000000 		.4byte	0
 1485 00d8 00000000 		.4byte	0
 1486              	.LLST6:
 1487 00dc 00000000 		.4byte	.LVL34
 1488 00e0 09000000 		.4byte	.LVL35-1
 1489 00e4 0100     		.2byte	0x1
 1490 00e6 52       		.byte	0x52
 1491 00e7 09000000 		.4byte	.LVL35-1
 1492 00eb 18000000 		.4byte	.LFE3
 1493 00ef 0100     		.2byte	0x1
 1494 00f1 54       		.byte	0x54
 1495 00f2 00000000 		.4byte	0
 1496 00f6 00000000 		.4byte	0
 1497              	.LLST7:
 1498 00fa 00000000 		.4byte	.LVL34
 1499 00fe 09000000 		.4byte	.LVL35-1
 1500 0102 0100     		.2byte	0x1
 1501 0104 53       		.byte	0x53
 1502 0105 09000000 		.4byte	.LVL35-1
 1503 0109 18000000 		.4byte	.LFE3
 1504 010d 0400     		.2byte	0x4
 1505 010f F3       		.byte	0xf3
 1506 0110 01       		.uleb128 0x1
 1507 0111 53       		.byte	0x53
 1508 0112 9F       		.byte	0x9f
 1509 0113 00000000 		.4byte	0
 1510 0117 00000000 		.4byte	0
 1511              		.section	.debug_aranges,"",%progbits
 1512 0000 4C000000 		.4byte	0x4c
ARM GAS  C:\Users\HENRIC~1\AppData\Local\Temp\ccRpChCT.s 			page 33


 1513 0004 0200     		.2byte	0x2
 1514 0006 00000000 		.4byte	.Ldebug_info0
 1515 000a 04       		.byte	0x4
 1516 000b 00       		.byte	0
 1517 000c 0000     		.2byte	0
 1518 000e 0000     		.2byte	0
 1519 0010 00000000 		.4byte	.LFB1
 1520 0014 28000000 		.4byte	.LFE1-.LFB1
 1521 0018 00000000 		.4byte	.LFB4
 1522 001c 20000000 		.4byte	.LFE4-.LFB4
 1523 0020 00000000 		.4byte	.LFB5
 1524 0024 40000000 		.4byte	.LFE5-.LFB5
 1525 0028 00000000 		.4byte	.LFB6
 1526 002c 40000000 		.4byte	.LFE6-.LFB6
 1527 0030 00000000 		.4byte	.LFB0
 1528 0034 3C000000 		.4byte	.LFE0-.LFB0
 1529 0038 00000000 		.4byte	.LFB2
 1530 003c 1C000000 		.4byte	.LFE2-.LFB2
 1531 0040 00000000 		.4byte	.LFB3
 1532 0044 18000000 		.4byte	.LFE3-.LFB3
 1533 0048 00000000 		.4byte	0
 1534 004c 00000000 		.4byte	0
 1535              		.section	.debug_ranges,"",%progbits
 1536              	.Ldebug_ranges0:
 1537 0000 00000000 		.4byte	.LFB1
 1538 0004 28000000 		.4byte	.LFE1
 1539 0008 00000000 		.4byte	.LFB4
 1540 000c 20000000 		.4byte	.LFE4
 1541 0010 00000000 		.4byte	.LFB5
 1542 0014 40000000 		.4byte	.LFE5
 1543 0018 00000000 		.4byte	.LFB6
 1544 001c 40000000 		.4byte	.LFE6
 1545 0020 00000000 		.4byte	.LFB0
 1546 0024 3C000000 		.4byte	.LFE0
 1547 0028 00000000 		.4byte	.LFB2
 1548 002c 1C000000 		.4byte	.LFE2
 1549 0030 00000000 		.4byte	.LFB3
 1550 0034 18000000 		.4byte	.LFE3
 1551 0038 00000000 		.4byte	0
 1552 003c 00000000 		.4byte	0
 1553              		.section	.debug_line,"",%progbits
 1554              	.Ldebug_line0:
 1555 0000 61010000 		.section	.debug_str,"MS",%progbits,1
 1555      0200C100 
 1555      00000201 
 1555      FB0E0D00 
 1555      01010101 
 1556              	.LASF35:
 1557 0000 495F4865 		.ascii	"I_Heartbeat_wave1\000"
 1557      61727462 
 1557      6561745F 
 1557      77617665 
 1557      3100
 1558              	.LASF47:
 1559 0012 4379446D 		.ascii	"CyDmaChSetInitialTd\000"
 1559      61436853 
 1559      6574496E 
ARM GAS  C:\Users\HENRIC~1\AppData\Local\Temp\ccRpChCT.s 			page 34


 1559      69746961 
 1559      6C546400 
 1560              	.LASF19:
 1561 0026 495F4865 		.ascii	"I_Heartbeat_Wave1Setup\000"
 1561      61727462 
 1561      6561745F 
 1561      57617665 
 1561      31536574 
 1562              	.LASF32:
 1563 003d 495F4865 		.ascii	"I_Heartbeat_Wave1TD\000"
 1563      61727462 
 1563      6561745F 
 1563      57617665 
 1563      31544400 
 1564              	.LASF49:
 1565 0051 495F4865 		.ascii	"I_Heartbeat_VDAC8_Init\000"
 1565      61727462 
 1565      6561745F 
 1565      56444143 
 1565      385F496E 
 1566              	.LASF46:
 1567 0068 4379446D 		.ascii	"CyDmaTdSetAddress\000"
 1567      61546453 
 1567      65744164 
 1567      64726573 
 1567      7300
 1568              	.LASF3:
 1569 007a 73686F72 		.ascii	"short unsigned int\000"
 1569      7420756E 
 1569      7369676E 
 1569      65642069 
 1569      6E7400
 1570              	.LASF30:
 1571 008d 495F4865 		.ascii	"I_Heartbeat_Wave1Chan\000"
 1571      61727462 
 1571      6561745F 
 1571      57617665 
 1571      31436861 
 1572              	.LASF31:
 1573 00a3 495F4865 		.ascii	"I_Heartbeat_Wave2Chan\000"
 1573      61727462 
 1573      6561745F 
 1573      57617665 
 1573      32436861 
 1574              	.LASF43:
 1575 00b9 495F4865 		.ascii	"I_Heartbeat_VDAC8_Stop\000"
 1575      61727462 
 1575      6561745F 
 1575      56444143 
 1575      385F5374 
 1576              	.LASF26:
 1577 00d0 77617665 		.ascii	"wavePtr1\000"
 1577      50747231 
 1577      00
 1578              	.LASF28:
 1579 00d9 77617665 		.ascii	"wavePtr2\000"
 1579      50747232 
ARM GAS  C:\Users\HENRIC~1\AppData\Local\Temp\ccRpChCT.s 			page 35


 1579      00
 1580              	.LASF52:
 1581 00e2 4379446D 		.ascii	"CyDmaTdAllocate\000"
 1581      61546441 
 1581      6C6C6F63 
 1581      61746500 
 1582              	.LASF39:
 1583 00f2 495F4865 		.ascii	"I_Heartbeat_VDAC8_SetValue\000"
 1583      61727462 
 1583      6561745F 
 1583      56444143 
 1583      385F5365 
 1584              	.LASF12:
 1585 010d 666C6F61 		.ascii	"float\000"
 1585      7400
 1586              	.LASF21:
 1587 0113 73616D70 		.ascii	"sampleSize\000"
 1587      6C655369 
 1587      7A6500
 1588              	.LASF53:
 1589 011e 474E5520 		.ascii	"GNU C11 5.4.1 20160609 (release) [ARM/embedded-5-br"
 1589      43313120 
 1589      352E342E 
 1589      31203230 
 1589      31363036 
 1590 0151 616E6368 		.ascii	"anch revision 237715] -mcpu=cortex-m3 -mthumb -g -O"
 1590      20726576 
 1590      6973696F 
 1590      6E203233 
 1590      37373135 
 1591 0184 67202D66 		.ascii	"g -ffunction-sections -ffat-lto-objects\000"
 1591      66756E63 
 1591      74696F6E 
 1591      2D736563 
 1591      74696F6E 
 1592              	.LASF37:
 1593 01ac 495F4865 		.ascii	"I_Heartbeat_VDAC8_Enable\000"
 1593      61727462 
 1593      6561745F 
 1593      56444143 
 1593      385F456E 
 1594              	.LASF45:
 1595 01c5 4379446D 		.ascii	"CyDmaTdSetConfiguration\000"
 1595      61546453 
 1595      6574436F 
 1595      6E666967 
 1595      75726174 
 1596              	.LASF5:
 1597 01dd 6C6F6E67 		.ascii	"long unsigned int\000"
 1597      20756E73 
 1597      69676E65 
 1597      6420696E 
 1597      7400
 1598              	.LASF20:
 1599 01ef 77617665 		.ascii	"wavePtr\000"
 1599      50747200 
 1600              	.LASF9:
ARM GAS  C:\Users\HENRIC~1\AppData\Local\Temp\ccRpChCT.s 			page 36


 1601 01f7 75696E74 		.ascii	"uint8\000"
 1601      3800
 1602              	.LASF34:
 1603 01fd 495F4865 		.ascii	"I_Heartbeat_initVar\000"
 1603      61727462 
 1603      6561745F 
 1603      696E6974 
 1603      56617200 
 1604              	.LASF33:
 1605 0211 495F4865 		.ascii	"I_Heartbeat_Wave2TD\000"
 1605      61727462 
 1605      6561745F 
 1605      57617665 
 1605      32544400 
 1606              	.LASF27:
 1607 0225 73616D70 		.ascii	"sampleSize1\000"
 1607      6C655369 
 1607      7A653100 
 1608              	.LASF29:
 1609 0231 73616D70 		.ascii	"sampleSize2\000"
 1609      6C655369 
 1609      7A653200 
 1610              	.LASF44:
 1611 023d 495F4865 		.ascii	"I_Heartbeat_Wave1_DMA_DmaInitialize\000"
 1611      61727462 
 1611      6561745F 
 1611      57617665 
 1611      315F444D 
 1612              	.LASF13:
 1613 0261 646F7562 		.ascii	"double\000"
 1613      6C6500
 1614              	.LASF36:
 1615 0268 495F4865 		.ascii	"I_Heartbeat_wave2\000"
 1615      61727462 
 1615      6561745F 
 1615      77617665 
 1615      3200
 1616              	.LASF41:
 1617 027a 495F4865 		.ascii	"I_Heartbeat_DacClk_Stop\000"
 1617      61727462 
 1617      6561745F 
 1617      44616343 
 1617      6C6B5F53 
 1618              	.LASF38:
 1619 0292 4379446D 		.ascii	"CyDmaChEnable\000"
 1619      61436845 
 1619      6E61626C 
 1619      6500
 1620              	.LASF10:
 1621 02a0 75696E74 		.ascii	"uint16\000"
 1621      313600
 1622              	.LASF11:
 1623 02a7 75696E74 		.ascii	"uint32\000"
 1623      333200
 1624              	.LASF40:
 1625 02ae 495F4865 		.ascii	"I_Heartbeat_DacClk_Start\000"
 1625      61727462 
ARM GAS  C:\Users\HENRIC~1\AppData\Local\Temp\ccRpChCT.s 			page 37


 1625      6561745F 
 1625      44616343 
 1625      6C6B5F53 
 1626              	.LASF1:
 1627 02c7 756E7369 		.ascii	"unsigned char\000"
 1627      676E6564 
 1627      20636861 
 1627      7200
 1628              	.LASF8:
 1629 02d5 756E7369 		.ascii	"unsigned int\000"
 1629      676E6564 
 1629      20696E74 
 1629      00
 1630              	.LASF17:
 1631 02e2 495F4865 		.ascii	"I_Heartbeat_Enable\000"
 1631      61727462 
 1631      6561745F 
 1631      456E6162 
 1631      6C6500
 1632              	.LASF51:
 1633 02f5 495F4865 		.ascii	"I_Heartbeat_VDAC8_SetRange\000"
 1633      61727462 
 1633      6561745F 
 1633      56444143 
 1633      385F5365 
 1634              	.LASF55:
 1635 0310 433A5C55 		.ascii	"C:\\Users\\henrichsc\\Desktop\\School\\Senior_year\\"
 1635      73657273 
 1635      5C68656E 
 1635      72696368 
 1635      73635C44 
 1636 033e 66616C6C 		.ascii	"fall\\CE4920\\lab\\Milestone_2.cydsn\000"
 1636      5C434534 
 1636      3932305C 
 1636      6C61625C 
 1636      4D696C65 
 1637              	.LASF7:
 1638 0360 6C6F6E67 		.ascii	"long long unsigned int\000"
 1638      206C6F6E 
 1638      6720756E 
 1638      7369676E 
 1638      65642069 
 1639              	.LASF23:
 1640 0377 495F4865 		.ascii	"I_Heartbeat_Init\000"
 1640      61727462 
 1640      6561745F 
 1640      496E6974 
 1640      00
 1641              	.LASF22:
 1642 0388 495F4865 		.ascii	"I_Heartbeat_Wave2Setup\000"
 1642      61727462 
 1642      6561745F 
 1642      57617665 
 1642      32536574 
 1643              	.LASF16:
 1644 039f 73697A65 		.ascii	"sizetype\000"
 1644      74797065 
ARM GAS  C:\Users\HENRIC~1\AppData\Local\Temp\ccRpChCT.s 			page 38


 1644      00
 1645              	.LASF6:
 1646 03a8 6C6F6E67 		.ascii	"long long int\000"
 1646      206C6F6E 
 1646      6720696E 
 1646      7400
 1647              	.LASF54:
 1648 03b6 47656E65 		.ascii	"Generated_Source\\PSoC5\\I_Heartbeat.c\000"
 1648      72617465 
 1648      645F536F 
 1648      75726365 
 1648      5C50536F 
 1649              	.LASF14:
 1650 03db 63686172 		.ascii	"char\000"
 1650      00
 1651              	.LASF48:
 1652 03e0 495F4865 		.ascii	"I_Heartbeat_Wave2_DMA_DmaInitialize\000"
 1652      61727462 
 1652      6561745F 
 1652      57617665 
 1652      325F444D 
 1653              	.LASF2:
 1654 0404 73686F72 		.ascii	"short int\000"
 1654      7420696E 
 1654      7400
 1655              	.LASF24:
 1656 040e 495F4865 		.ascii	"I_Heartbeat_Start\000"
 1656      61727462 
 1656      6561745F 
 1656      53746172 
 1656      7400
 1657              	.LASF50:
 1658 0420 495F4865 		.ascii	"I_Heartbeat_VDAC8_SetSpeed\000"
 1658      61727462 
 1658      6561745F 
 1658      56444143 
 1658      385F5365 
 1659              	.LASF18:
 1660 043b 495F4865 		.ascii	"I_Heartbeat_Stop\000"
 1660      61727462 
 1660      6561745F 
 1660      53746F70 
 1660      00
 1661              	.LASF4:
 1662 044c 6C6F6E67 		.ascii	"long int\000"
 1662      20696E74 
 1662      00
 1663              	.LASF15:
 1664 0455 6C6F6E67 		.ascii	"long double\000"
 1664      20646F75 
 1664      626C6500 
 1665              	.LASF0:
 1666 0461 7369676E 		.ascii	"signed char\000"
 1666      65642063 
 1666      68617200 
 1667              	.LASF42:
 1668 046d 4379446D 		.ascii	"CyDmaChDisable\000"
ARM GAS  C:\Users\HENRIC~1\AppData\Local\Temp\ccRpChCT.s 			page 39


 1668      61436844 
 1668      69736162 
 1668      6C6500
 1669              	.LASF25:
 1670 047c 495F4865 		.ascii	"I_Heartbeat_StartEx\000"
 1670      61727462 
 1670      6561745F 
 1670      53746172 
 1670      74457800 
 1671              		.ident	"GCC: (GNU Tools for ARM Embedded Processors) 5.4.1 20160609 (release) [ARM/embedded-5-bran
