ARM GAS  C:\Users\HENRIC~1\AppData\Local\Temp\cc7PL7LS.s 			page 1


   1              		.syntax unified
   2              		.cpu cortex-m3
   3              		.fpu softvfp
   4              		.eabi_attribute 20, 1
   5              		.eabi_attribute 21, 1
   6              		.eabi_attribute 23, 3
   7              		.eabi_attribute 24, 1
   8              		.eabi_attribute 25, 1
   9              		.eabi_attribute 26, 1
  10              		.eabi_attribute 30, 1
  11              		.eabi_attribute 34, 1
  12              		.eabi_attribute 18, 4
  13              		.thumb
  14              		.syntax unified
  15              		.file	"main.c"
  16              		.text
  17              	.Ltext0:
  18              		.cfi_sections	.debug_frame
  19              		.section	.text.main,"ax",%progbits
  20              		.align	2
  21              		.global	main
  22              		.thumb
  23              		.thumb_func
  24              		.type	main, %function
  25              	main:
  26              	.LFB63:
  27              		.file 1 "main.c"
   1:main.c        **** /**
   2:main.c        ****  * Main
   3:main.c        ****  * @author Curt Henrichs
   4:main.c        ****  * @date 1-11-18
   5:main.c        ****  *
   6:main.c        ****  * Main module is application hook in memory. This module will initialize
   7:main.c        ****  * hardware and drivers for selected application.
   8:main.c        ****  *
   9:main.c        ****  * Application ran is demo app for term project unless, in configuration, the 
  10:main.c        ****  * testing build option is selected. If selected then the program will load 
  11:main.c        ****  * the selected test application.
  12:main.c        ****  */
  13:main.c        **** 
  14:main.c        **** //=============================================================================
  15:main.c        **** //                               Configuration
  16:main.c        **** //=============================================================================
  17:main.c        **** 
  18:main.c        **** /**
  19:main.c        ****  * Configurable application, select either to run tests or run application
  20:main.c        ****  */
  21:main.c        **** #define TESTING_BUILD (0)
  22:main.c        **** 
  23:main.c        **** //=============================================================================
  24:main.c        **** //                                 Libraries
  25:main.c        **** //=============================================================================
  26:main.c        **** 
  27:main.c        **** #include "project.h"
  28:main.c        **** 
  29:main.c        **** #if TESTING_BUILD
  30:main.c        ****     #include "Tests.h"
ARM GAS  C:\Users\HENRIC~1\AppData\Local\Temp\cc7PL7LS.s 			page 2


  31:main.c        **** #else
  32:main.c        ****     #include "Application.h"
  33:main.c        **** #endif
  34:main.c        **** 
  35:main.c        **** //=============================================================================
  36:main.c        **** //                                   MAIN
  37:main.c        **** //=============================================================================
  38:main.c        **** 
  39:main.c        **** /**
  40:main.c        ****  * Initialize hardware and drivers. Run test or demo application.
  41:main.c        ****  * @return --ignore
  42:main.c        ****  */
  43:main.c        **** int main(void){
  28              		.loc 1 43 0
  29              		.cfi_startproc
  30              		@ args = 0, pretend = 0, frame = 0
  31              		@ frame_needed = 0, uses_anonymous_args = 0
  32 0000 08B5     		push	{r3, lr}
  33              		.cfi_def_cfa_offset 8
  34              		.cfi_offset 3, -8
  35              		.cfi_offset 14, -4
  44:main.c        ****     
  45:main.c        ****     // run selected main program
  46:main.c        **** #if TESTING_BUILD
  47:main.c        ****     return tests_main();
  48:main.c        **** #else 
  49:main.c        ****     return app_main();
  36              		.loc 1 49 0
  37 0002 FFF7FEFF 		bl	app_main
  38              	.LVL0:
  50:main.c        **** #endif
  51:main.c        **** }
  39              		.loc 1 51 0
  40 0006 08BD     		pop	{r3, pc}
  41              		.cfi_endproc
  42              	.LFE63:
  43              		.size	main, .-main
  44              		.text
  45              	.Letext0:
  46              		.file 2 "c:\\program files (x86)\\cypress\\psoc creator\\4.1\\psoc creator\\import\\gnu\\arm\\5.4.
  47              		.file 3 "c:\\program files (x86)\\cypress\\psoc creator\\4.1\\psoc creator\\import\\gnu\\arm\\5.4.
  48              		.file 4 "Generated_Source\\PSoC5/core_cm3.h"
  49              		.file 5 "Application.h"
  50              		.section	.debug_info,"",%progbits
  51              	.Ldebug_info0:
  52 0000 E0000000 		.4byte	0xe0
  53 0004 0400     		.2byte	0x4
  54 0006 00000000 		.4byte	.Ldebug_abbrev0
  55 000a 04       		.byte	0x4
  56 000b 01       		.uleb128 0x1
  57 000c 35000000 		.4byte	.LASF16
  58 0010 0C       		.byte	0xc
  59 0011 29000000 		.4byte	.LASF17
  60 0015 5C010000 		.4byte	.LASF18
  61 0019 00000000 		.4byte	.Ldebug_ranges0+0
  62 001d 00000000 		.4byte	0
  63 0021 00000000 		.4byte	.Ldebug_line0
ARM GAS  C:\Users\HENRIC~1\AppData\Local\Temp\cc7PL7LS.s 			page 3


  64 0025 02       		.uleb128 0x2
  65 0026 01       		.byte	0x1
  66 0027 06       		.byte	0x6
  67 0028 34010000 		.4byte	.LASF0
  68 002c 02       		.uleb128 0x2
  69 002d 01       		.byte	0x1
  70 002e 08       		.byte	0x8
  71 002f EC000000 		.4byte	.LASF1
  72 0033 02       		.uleb128 0x2
  73 0034 02       		.byte	0x2
  74 0035 05       		.byte	0x5
  75 0036 08010000 		.4byte	.LASF2
  76 003a 02       		.uleb128 0x2
  77 003b 02       		.byte	0x2
  78 003c 07       		.byte	0x7
  79 003d 09000000 		.4byte	.LASF3
  80 0041 03       		.uleb128 0x3
  81 0042 4C010000 		.4byte	.LASF9
  82 0046 02       		.byte	0x2
  83 0047 3F       		.byte	0x3f
  84 0048 4C000000 		.4byte	0x4c
  85 004c 02       		.uleb128 0x2
  86 004d 04       		.byte	0x4
  87 004e 05       		.byte	0x5
  88 004f FF000000 		.4byte	.LASF4
  89 0053 02       		.uleb128 0x2
  90 0054 04       		.byte	0x4
  91 0055 07       		.byte	0x7
  92 0056 C3000000 		.4byte	.LASF5
  93 005a 02       		.uleb128 0x2
  94 005b 08       		.byte	0x8
  95 005c 05       		.byte	0x5
  96 005d 19010000 		.4byte	.LASF6
  97 0061 02       		.uleb128 0x2
  98 0062 08       		.byte	0x8
  99 0063 07       		.byte	0x7
 100 0064 D5000000 		.4byte	.LASF7
 101 0068 04       		.uleb128 0x4
 102 0069 04       		.byte	0x4
 103 006a 05       		.byte	0x5
 104 006b 696E7400 		.ascii	"int\000"
 105 006f 02       		.uleb128 0x2
 106 0070 04       		.byte	0x4
 107 0071 07       		.byte	0x7
 108 0072 1C000000 		.4byte	.LASF8
 109 0076 03       		.uleb128 0x3
 110 0077 D1010000 		.4byte	.LASF10
 111 007b 03       		.byte	0x3
 112 007c 2C       		.byte	0x2c
 113 007d 41000000 		.4byte	0x41
 114 0081 02       		.uleb128 0x2
 115 0082 04       		.byte	0x4
 116 0083 04       		.byte	0x4
 117 0084 56010000 		.4byte	.LASF11
 118 0088 02       		.uleb128 0x2
 119 0089 08       		.byte	0x8
 120 008a 04       		.byte	0x4
ARM GAS  C:\Users\HENRIC~1\AppData\Local\Temp\cc7PL7LS.s 			page 4


 121 008b 12010000 		.4byte	.LASF12
 122 008f 02       		.uleb128 0x2
 123 0090 01       		.byte	0x1
 124 0091 08       		.byte	0x8
 125 0092 FA000000 		.4byte	.LASF13
 126 0096 02       		.uleb128 0x2
 127 0097 08       		.byte	0x8
 128 0098 04       		.byte	0x4
 129 0099 40010000 		.4byte	.LASF14
 130 009d 02       		.uleb128 0x2
 131 009e 04       		.byte	0x4
 132 009f 07       		.byte	0x7
 133 00a0 D9010000 		.4byte	.LASF15
 134 00a4 05       		.uleb128 0x5
 135 00a5 30000000 		.4byte	.LASF19
 136 00a9 01       		.byte	0x1
 137 00aa 2B       		.byte	0x2b
 138 00ab 68000000 		.4byte	0x68
 139 00af 00000000 		.4byte	.LFB63
 140 00b3 08000000 		.4byte	.LFE63-.LFB63
 141 00b7 01       		.uleb128 0x1
 142 00b8 9C       		.byte	0x9c
 143 00b9 C7000000 		.4byte	0xc7
 144 00bd 06       		.uleb128 0x6
 145 00be 06000000 		.4byte	.LVL0
 146 00c2 D8000000 		.4byte	0xd8
 147 00c6 00       		.byte	0
 148 00c7 07       		.uleb128 0x7
 149 00c8 27010000 		.4byte	.LASF20
 150 00cc 04       		.byte	0x4
 151 00cd 1207     		.2byte	0x712
 152 00cf D3000000 		.4byte	0xd3
 153 00d3 08       		.uleb128 0x8
 154 00d4 76000000 		.4byte	0x76
 155 00d8 09       		.uleb128 0x9
 156 00d9 00000000 		.4byte	.LASF21
 157 00dd 00000000 		.4byte	.LASF21
 158 00e1 05       		.byte	0x5
 159 00e2 1B       		.byte	0x1b
 160 00e3 00       		.byte	0
 161              		.section	.debug_abbrev,"",%progbits
 162              	.Ldebug_abbrev0:
 163 0000 01       		.uleb128 0x1
 164 0001 11       		.uleb128 0x11
 165 0002 01       		.byte	0x1
 166 0003 25       		.uleb128 0x25
 167 0004 0E       		.uleb128 0xe
 168 0005 13       		.uleb128 0x13
 169 0006 0B       		.uleb128 0xb
 170 0007 03       		.uleb128 0x3
 171 0008 0E       		.uleb128 0xe
 172 0009 1B       		.uleb128 0x1b
 173 000a 0E       		.uleb128 0xe
 174 000b 55       		.uleb128 0x55
 175 000c 17       		.uleb128 0x17
 176 000d 11       		.uleb128 0x11
 177 000e 01       		.uleb128 0x1
ARM GAS  C:\Users\HENRIC~1\AppData\Local\Temp\cc7PL7LS.s 			page 5


 178 000f 10       		.uleb128 0x10
 179 0010 17       		.uleb128 0x17
 180 0011 00       		.byte	0
 181 0012 00       		.byte	0
 182 0013 02       		.uleb128 0x2
 183 0014 24       		.uleb128 0x24
 184 0015 00       		.byte	0
 185 0016 0B       		.uleb128 0xb
 186 0017 0B       		.uleb128 0xb
 187 0018 3E       		.uleb128 0x3e
 188 0019 0B       		.uleb128 0xb
 189 001a 03       		.uleb128 0x3
 190 001b 0E       		.uleb128 0xe
 191 001c 00       		.byte	0
 192 001d 00       		.byte	0
 193 001e 03       		.uleb128 0x3
 194 001f 16       		.uleb128 0x16
 195 0020 00       		.byte	0
 196 0021 03       		.uleb128 0x3
 197 0022 0E       		.uleb128 0xe
 198 0023 3A       		.uleb128 0x3a
 199 0024 0B       		.uleb128 0xb
 200 0025 3B       		.uleb128 0x3b
 201 0026 0B       		.uleb128 0xb
 202 0027 49       		.uleb128 0x49
 203 0028 13       		.uleb128 0x13
 204 0029 00       		.byte	0
 205 002a 00       		.byte	0
 206 002b 04       		.uleb128 0x4
 207 002c 24       		.uleb128 0x24
 208 002d 00       		.byte	0
 209 002e 0B       		.uleb128 0xb
 210 002f 0B       		.uleb128 0xb
 211 0030 3E       		.uleb128 0x3e
 212 0031 0B       		.uleb128 0xb
 213 0032 03       		.uleb128 0x3
 214 0033 08       		.uleb128 0x8
 215 0034 00       		.byte	0
 216 0035 00       		.byte	0
 217 0036 05       		.uleb128 0x5
 218 0037 2E       		.uleb128 0x2e
 219 0038 01       		.byte	0x1
 220 0039 3F       		.uleb128 0x3f
 221 003a 19       		.uleb128 0x19
 222 003b 03       		.uleb128 0x3
 223 003c 0E       		.uleb128 0xe
 224 003d 3A       		.uleb128 0x3a
 225 003e 0B       		.uleb128 0xb
 226 003f 3B       		.uleb128 0x3b
 227 0040 0B       		.uleb128 0xb
 228 0041 27       		.uleb128 0x27
 229 0042 19       		.uleb128 0x19
 230 0043 49       		.uleb128 0x49
 231 0044 13       		.uleb128 0x13
 232 0045 11       		.uleb128 0x11
 233 0046 01       		.uleb128 0x1
 234 0047 12       		.uleb128 0x12
ARM GAS  C:\Users\HENRIC~1\AppData\Local\Temp\cc7PL7LS.s 			page 6


 235 0048 06       		.uleb128 0x6
 236 0049 40       		.uleb128 0x40
 237 004a 18       		.uleb128 0x18
 238 004b 9742     		.uleb128 0x2117
 239 004d 19       		.uleb128 0x19
 240 004e 01       		.uleb128 0x1
 241 004f 13       		.uleb128 0x13
 242 0050 00       		.byte	0
 243 0051 00       		.byte	0
 244 0052 06       		.uleb128 0x6
 245 0053 898201   		.uleb128 0x4109
 246 0056 00       		.byte	0
 247 0057 11       		.uleb128 0x11
 248 0058 01       		.uleb128 0x1
 249 0059 31       		.uleb128 0x31
 250 005a 13       		.uleb128 0x13
 251 005b 00       		.byte	0
 252 005c 00       		.byte	0
 253 005d 07       		.uleb128 0x7
 254 005e 34       		.uleb128 0x34
 255 005f 00       		.byte	0
 256 0060 03       		.uleb128 0x3
 257 0061 0E       		.uleb128 0xe
 258 0062 3A       		.uleb128 0x3a
 259 0063 0B       		.uleb128 0xb
 260 0064 3B       		.uleb128 0x3b
 261 0065 05       		.uleb128 0x5
 262 0066 49       		.uleb128 0x49
 263 0067 13       		.uleb128 0x13
 264 0068 3F       		.uleb128 0x3f
 265 0069 19       		.uleb128 0x19
 266 006a 3C       		.uleb128 0x3c
 267 006b 19       		.uleb128 0x19
 268 006c 00       		.byte	0
 269 006d 00       		.byte	0
 270 006e 08       		.uleb128 0x8
 271 006f 35       		.uleb128 0x35
 272 0070 00       		.byte	0
 273 0071 49       		.uleb128 0x49
 274 0072 13       		.uleb128 0x13
 275 0073 00       		.byte	0
 276 0074 00       		.byte	0
 277 0075 09       		.uleb128 0x9
 278 0076 2E       		.uleb128 0x2e
 279 0077 00       		.byte	0
 280 0078 3F       		.uleb128 0x3f
 281 0079 19       		.uleb128 0x19
 282 007a 3C       		.uleb128 0x3c
 283 007b 19       		.uleb128 0x19
 284 007c 6E       		.uleb128 0x6e
 285 007d 0E       		.uleb128 0xe
 286 007e 03       		.uleb128 0x3
 287 007f 0E       		.uleb128 0xe
 288 0080 3A       		.uleb128 0x3a
 289 0081 0B       		.uleb128 0xb
 290 0082 3B       		.uleb128 0x3b
 291 0083 0B       		.uleb128 0xb
ARM GAS  C:\Users\HENRIC~1\AppData\Local\Temp\cc7PL7LS.s 			page 7


 292 0084 00       		.byte	0
 293 0085 00       		.byte	0
 294 0086 00       		.byte	0
 295              		.section	.debug_aranges,"",%progbits
 296 0000 1C000000 		.4byte	0x1c
 297 0004 0200     		.2byte	0x2
 298 0006 00000000 		.4byte	.Ldebug_info0
 299 000a 04       		.byte	0x4
 300 000b 00       		.byte	0
 301 000c 0000     		.2byte	0
 302 000e 0000     		.2byte	0
 303 0010 00000000 		.4byte	.LFB63
 304 0014 08000000 		.4byte	.LFE63-.LFB63
 305 0018 00000000 		.4byte	0
 306 001c 00000000 		.4byte	0
 307              		.section	.debug_ranges,"",%progbits
 308              	.Ldebug_ranges0:
 309 0000 00000000 		.4byte	.LFB63
 310 0004 08000000 		.4byte	.LFE63
 311 0008 00000000 		.4byte	0
 312 000c 00000000 		.4byte	0
 313              		.section	.debug_line,"",%progbits
 314              	.Ldebug_line0:
 315 0000 67010000 		.section	.debug_str,"MS",%progbits,1
 315      02005001 
 315      00000201 
 315      FB0E0D00 
 315      01010101 
 316              	.LASF21:
 317 0000 6170705F 		.ascii	"app_main\000"
 317      6D61696E 
 317      00
 318              	.LASF3:
 319 0009 73686F72 		.ascii	"short unsigned int\000"
 319      7420756E 
 319      7369676E 
 319      65642069 
 319      6E7400
 320              	.LASF8:
 321 001c 756E7369 		.ascii	"unsigned int\000"
 321      676E6564 
 321      20696E74 
 321      00
 322              	.LASF17:
 323 0029 6D61696E 		.ascii	"main.c\000"
 323      2E6300
 324              	.LASF19:
 325 0030 6D61696E 		.ascii	"main\000"
 325      00
 326              	.LASF16:
 327 0035 474E5520 		.ascii	"GNU C11 5.4.1 20160609 (release) [ARM/embedded-5-br"
 327      43313120 
 327      352E342E 
 327      31203230 
 327      31363036 
 328 0068 616E6368 		.ascii	"anch revision 237715] -mcpu=cortex-m3 -mthumb -g -O"
 328      20726576 
ARM GAS  C:\Users\HENRIC~1\AppData\Local\Temp\cc7PL7LS.s 			page 8


 328      6973696F 
 328      6E203233 
 328      37373135 
 329 009b 67202D66 		.ascii	"g -ffunction-sections -ffat-lto-objects\000"
 329      66756E63 
 329      74696F6E 
 329      2D736563 
 329      74696F6E 
 330              	.LASF5:
 331 00c3 6C6F6E67 		.ascii	"long unsigned int\000"
 331      20756E73 
 331      69676E65 
 331      6420696E 
 331      7400
 332              	.LASF7:
 333 00d5 6C6F6E67 		.ascii	"long long unsigned int\000"
 333      206C6F6E 
 333      6720756E 
 333      7369676E 
 333      65642069 
 334              	.LASF1:
 335 00ec 756E7369 		.ascii	"unsigned char\000"
 335      676E6564 
 335      20636861 
 335      7200
 336              	.LASF13:
 337 00fa 63686172 		.ascii	"char\000"
 337      00
 338              	.LASF4:
 339 00ff 6C6F6E67 		.ascii	"long int\000"
 339      20696E74 
 339      00
 340              	.LASF2:
 341 0108 73686F72 		.ascii	"short int\000"
 341      7420696E 
 341      7400
 342              	.LASF12:
 343 0112 646F7562 		.ascii	"double\000"
 343      6C6500
 344              	.LASF6:
 345 0119 6C6F6E67 		.ascii	"long long int\000"
 345      206C6F6E 
 345      6720696E 
 345      7400
 346              	.LASF20:
 347 0127 49544D5F 		.ascii	"ITM_RxBuffer\000"
 347      52784275 
 347      66666572 
 347      00
 348              	.LASF0:
 349 0134 7369676E 		.ascii	"signed char\000"
 349      65642063 
 349      68617200 
 350              	.LASF14:
 351 0140 6C6F6E67 		.ascii	"long double\000"
 351      20646F75 
 351      626C6500 
ARM GAS  C:\Users\HENRIC~1\AppData\Local\Temp\cc7PL7LS.s 			page 9


 352              	.LASF9:
 353 014c 5F5F696E 		.ascii	"__int32_t\000"
 353      7433325F 
 353      7400
 354              	.LASF11:
 355 0156 666C6F61 		.ascii	"float\000"
 355      7400
 356              	.LASF18:
 357 015c 433A5C55 		.ascii	"C:\\Users\\henrichsc\\Desktop\\School\\Senior_year\\"
 357      73657273 
 357      5C68656E 
 357      72696368 
 357      73635C44 
 358 018a 77696E74 		.ascii	"winter\\ce4950\\ce4950-term-project\\Workspace1\\ce"
 358      65725C63 
 358      65343935 
 358      305C6365 
 358      34393530 
 359 01b9 34393530 		.ascii	"4950-term-project.cydsn\000"
 359      2D746572 
 359      6D2D7072 
 359      6F6A6563 
 359      742E6379 
 360              	.LASF10:
 361 01d1 696E7433 		.ascii	"int32_t\000"
 361      325F7400 
 362              	.LASF15:
 363 01d9 73697A65 		.ascii	"sizetype\000"
 363      74797065 
 363      00
 364              		.ident	"GCC: (GNU Tools for ARM Embedded Processors) 5.4.1 20160609 (release) [ARM/embedded-5-bran
