ARM GAS  C:\Users\HENRIC~1\AppData\Local\Temp\ccRS5BLb.s 			page 1


   1              		.syntax unified
   2              		.cpu cortex-m3
   3              		.fpu softvfp
   4              		.eabi_attribute 20, 1
   5              		.eabi_attribute 21, 1
   6              		.eabi_attribute 23, 3
   7              		.eabi_attribute 24, 1
   8              		.eabi_attribute 25, 1
   9              		.eabi_attribute 26, 1
  10              		.eabi_attribute 30, 1
  11              		.eabi_attribute 34, 1
  12              		.eabi_attribute 18, 4
  13              		.thumb
  14              		.syntax unified
  15              		.file	"Transmitter2.c"
  16              		.text
  17              	.Ltext0:
  18              		.cfi_sections	.debug_frame
  19              		.section	.text.tx_idle_isr_callback,"ax",%progbits
  20              		.align	2
  21              		.global	tx_idle_isr_callback
  22              		.thumb
  23              		.thumb_func
  24              		.type	tx_idle_isr_callback, %function
  25              	tx_idle_isr_callback:
  26              	.LFB69:
  27              		.file 1 "Transmitter2.c"
   1:Transmitter2.c **** /**
   2:Transmitter2.c ****  * Transmitter
   3:Transmitter2.c ****  * @author Curt Henrichs
   4:Transmitter2.c ****  * @date 1-1-2018
   5:Transmitter2.c ****  *
   6:Transmitter2.c ****  * Transmitter module handles RZ encoded message clockout to network bus. This
   7:Transmitter2.c ****  * module has an optional mode to enable/disbale stop on collision behavior. 
   8:Transmitter2.c ****  * (Normally enabled). Note that this module requires global interrupts to be
   9:Transmitter2.c ****  * enabled. 
  10:Transmitter2.c ****  */
  11:Transmitter2.c **** 
  12:Transmitter2.c **** //=============================================================================
  13:Transmitter2.c **** //                                 Libraries
  14:Transmitter2.c **** //=============================================================================
  15:Transmitter2.c **** 
  16:Transmitter2.c **** #include "Transmitter2.h"
  17:Transmitter2.c **** #include <project.h>
  18:Transmitter2.c **** #include "CSMA_CD_Bus.h"
  19:Transmitter2.c **** #include "ChannelMonitor.h"
  20:Transmitter2.c **** #include <stdlib.h>
  21:Transmitter2.c **** 
  22:Transmitter2.c **** //=============================================================================
  23:Transmitter2.c **** //                        Constant and Macro Definitions
  24:Transmitter2.c **** //=============================================================================
  25:Transmitter2.c **** 
  26:Transmitter2.c **** #define TX_START_MASK (0x80)    //! One is most significant bit of byte
  27:Transmitter2.c **** 
  28:Transmitter2.c **** //=============================================================================
  29:Transmitter2.c **** //                          Data Structure Declaration
  30:Transmitter2.c **** //=============================================================================
ARM GAS  C:\Users\HENRIC~1\AppData\Local\Temp\ccRS5BLb.s 			page 2


  31:Transmitter2.c **** 
  32:Transmitter2.c **** /**
  33:Transmitter2.c ****  * Character Transmission state-machine
  34:Transmitter2.c ****  */
  35:Transmitter2.c **** typedef struct Tx_Char_State_Machine {
  36:Transmitter2.c ****     uint8_t t_bit;  //! transmission mask (indicates which bit is active)
  37:Transmitter2.c ****     bool rz_bit;    //! toggle bit for which half of bit is being sent on line 
  38:Transmitter2.c ****     bool end;       //! end flag signals complete tranmission of character
  39:Transmitter2.c ****     uint8_t c;      //! character to transmit
  40:Transmitter2.c **** } Tx_Char_State_Machine_t;
  41:Transmitter2.c **** 
  42:Transmitter2.c **** typedef struct Tx_State_Machine {
  43:Transmitter2.c ****     Tx_States_e state;
  44:Transmitter2.c ****     Tx_Char_State_Machine_t chr;
  45:Transmitter2.c ****     char* buffer;
  46:Transmitter2.c ****     uint8_t buffer_len;
  47:Transmitter2.c **** } Tx_State_Machine_t;
  48:Transmitter2.c **** 
  49:Transmitter2.c **** //=============================================================================
  50:Transmitter2.c **** //                             Private Attributes
  51:Transmitter2.c **** //=============================================================================
  52:Transmitter2.c **** 
  53:Transmitter2.c **** /**
  54:Transmitter2.c ****  * Mode to enable or disbale collision detection failure behavior
  55:Transmitter2.c ****  */
  56:Transmitter2.c **** static bool _detect_collision = false;
  57:Transmitter2.c **** /**
  58:Transmitter2.c ****  * State-machine to transmit a character on bus
  59:Transmitter2.c ****  */
  60:Transmitter2.c **** static volatile Tx_State_Machine_t _tx_sm;
  61:Transmitter2.c **** 
  62:Transmitter2.c **** //=============================================================================
  63:Transmitter2.c **** //                           Private ISR Prototypes
  64:Transmitter2.c **** //=============================================================================
  65:Transmitter2.c **** 
  66:Transmitter2.c **** /**
  67:Transmitter2.c ****  * Transmission timer ISR operates on _tx_sm state_machine to transmit a single
  68:Transmitter2.c ****  * character on the network bus. The encoding used is RZ where logic high is a
  69:Transmitter2.c ****  * binary one and logic low is a binary zero.
  70:Transmitter2.c ****  */
  71:Transmitter2.c **** CY_ISR_PROTO(tx_timer_isr);
  72:Transmitter2.c **** /**
  73:Transmitter2.c ****  * Callback on collision state-change to move state-machine to backoff
  74:Transmitter2.c ****  */
  75:Transmitter2.c **** void tx_collision_isr_callback(void);
  76:Transmitter2.c **** /**
  77:Transmitter2.c ****  * Callback on idle state-change to move state-machine from waiting to clocking
  78:Transmitter2.c ****  */
  79:Transmitter2.c **** void tx_idle_isr_callback(void);
  80:Transmitter2.c **** 
  81:Transmitter2.c **** //=============================================================================
  82:Transmitter2.c **** //                        Public Function Implementation
  83:Transmitter2.c **** //=============================================================================
  84:Transmitter2.c **** 
  85:Transmitter2.c **** /**
  86:Transmitter2.c ****  * Initialize transmitter module for data clockout
  87:Transmitter2.c ****  */
ARM GAS  C:\Users\HENRIC~1\AppData\Local\Temp\ccRS5BLb.s 			page 3


  88:Transmitter2.c **** void tx_init(void){
  89:Transmitter2.c ****     //initialize state-machine
  90:Transmitter2.c ****     _tx_sm.state = TX_DONE;
  91:Transmitter2.c ****     _tx_sm.buffer = NULL;
  92:Transmitter2.c ****     _tx_sm.buffer_len = 0;
  93:Transmitter2.c ****     _tx_sm.chr.c = 0;
  94:Transmitter2.c ****     _tx_sm.chr.end = true;
  95:Transmitter2.c ****     _tx_sm.chr.rz_bit = true;
  96:Transmitter2.c ****     _tx_sm.chr.t_bit = 0;
  97:Transmitter2.c ****     
  98:Transmitter2.c ****     //start hardware and assign interrupts
  99:Transmitter2.c ****     Tx_Timer_Start();
 100:Transmitter2.c ****     Tx_Timer_Stop();
 101:Transmitter2.c ****     Tx_Timer_int_StartEx(tx_timer_isr);
 102:Transmitter2.c ****     
 103:Transmitter2.c ****     cm_assign_collision_callback(CM_COLLISION_TX_CALLBACK,tx_collision_isr_callback);
 104:Transmitter2.c ****     cm_assign_idle_callback(CM_IDLE_TX_CALLBACK,tx_idle_isr_callback);
 105:Transmitter2.c **** }
 106:Transmitter2.c **** 
 107:Transmitter2.c **** /**
 108:Transmitter2.c ****  * Transmits a string of character over bus with precaution on bus state
 109:Transmitter2.c ****  * Note that this function does use the channel monitor.
 110:Transmitter2.c ****  * Note that this is a non-blocking function and thus required polling of state
 111:Transmitter2.c ****  * function for completion
 112:Transmitter2.c ****  * @param buff is buffer start address in memory
 113:Transmitter2.c ****  * @param length is number of characters in buffer to transmit
 114:Transmitter2.c ****  * @return true if starting, false is invalid parameter or message in progress
 115:Transmitter2.c ****  */
 116:Transmitter2.c **** bool tx_write(char* buffer, uint8_t len){
 117:Transmitter2.c ****     if(buffer == NULL || len > TX_MAX_BUFFER_LENGTH){
 118:Transmitter2.c ****         return false; // invalid parameters
 119:Transmitter2.c ****     }else if(_tx_sm.state != TX_DONE){
 120:Transmitter2.c ****        return false; // already in transmit
 121:Transmitter2.c ****     }else if(len == 0){
 122:Transmitter2.c ****         return true; // No message to write, pass through 
 123:Transmitter2.c ****     }
 124:Transmitter2.c ****     _tx_sm.buffer = buffer;
 125:Transmitter2.c ****     _tx_sm.buffer_len = len;
 126:Transmitter2.c ****     _tx_sm.state = TX_WAIT;
 127:Transmitter2.c ****     return true;
 128:Transmitter2.c **** }
 129:Transmitter2.c **** 
 130:Transmitter2.c **** /**
 131:Transmitter2.c ****  * Gets current status of the transmission state-machine. Do not call tx_write
 132:Transmitter2.c ****  * until status is done.
 133:Transmitter2.c ****  * @return currrent status
 134:Transmitter2.c ****  */
 135:Transmitter2.c **** Tx_States_e tx_get_status(void){
 136:Transmitter2.c ****     return _tx_sm.state;
 137:Transmitter2.c **** }
 138:Transmitter2.c **** 
 139:Transmitter2.c **** /**
 140:Transmitter2.c ****  * Abort the current transmission regardless of state. (Does nothing if done)
 141:Transmitter2.c ****  */
 142:Transmitter2.c **** void tx_abort(void){
 143:Transmitter2.c ****     Tx_Timer_Stop();
 144:Transmitter2.c ****     _tx_sm.state = TX_DONE;
ARM GAS  C:\Users\HENRIC~1\AppData\Local\Temp\ccRS5BLb.s 			page 4


 145:Transmitter2.c ****     _tx_sm.buffer = NULL;
 146:Transmitter2.c ****     _tx_sm.buffer_len = 0;
 147:Transmitter2.c ****     CSMA_TX_Write(0);
 148:Transmitter2.c **** }
 149:Transmitter2.c **** 
 150:Transmitter2.c **** //=============================================================================
 151:Transmitter2.c **** //                           Private ISR Implementation
 152:Transmitter2.c **** //=============================================================================
 153:Transmitter2.c **** 
 154:Transmitter2.c **** /**
 155:Transmitter2.c ****  * Transmission timer ISR operates on _tx_sm state_machine to transmit a single
 156:Transmitter2.c ****  * character on the network bus. The encoding used is RZ where logic high is a
 157:Transmitter2.c ****  * binary one and logic low is a binary zero.
 158:Transmitter2.c ****  */
 159:Transmitter2.c **** CY_ISR(tx_timer_isr){
 160:Transmitter2.c ****     
 161:Transmitter2.c ****     //TODO restructure for full state-machine
 162:Transmitter2.c ****     
 163:Transmitter2.c ****     if(!_tx_sm.chr.end){
 164:Transmitter2.c ****         
 165:Transmitter2.c ****         // Send data bit
 166:Transmitter2.c ****         if(_tx_sm.chr.rz_bit){
 167:Transmitter2.c ****             CSMA_TX_Write((_tx_sm.chr.c & _tx_sm.chr.t_bit) != 0);
 168:Transmitter2.c ****             _tx_sm.chr.t_bit >>= 1;
 169:Transmitter2.c ****             _tx_sm.chr.rz_bit = false;
 170:Transmitter2.c ****         }
 171:Transmitter2.c ****         // Send ground reference
 172:Transmitter2.c ****         else{
 173:Transmitter2.c ****             CSMA_TX_Write(0);
 174:Transmitter2.c ****             _tx_sm.chr.rz_bit = true;
 175:Transmitter2.c ****         }
 176:Transmitter2.c ****     }
 177:Transmitter2.c ****     
 178:Transmitter2.c ****     //check for end state
 179:Transmitter2.c ****     if(_tx_sm.chr.t_bit == 0 && _tx_sm.chr.rz_bit){
 180:Transmitter2.c ****         CSMA_TX_Write(0);
 181:Transmitter2.c ****         _tx_sm.chr.end = true;
 182:Transmitter2.c ****     }
 183:Transmitter2.c ****     
 184:Transmitter2.c ****     //clear interrupt
 185:Transmitter2.c ****     Tx_Timer_ReadStatusRegister();
 186:Transmitter2.c **** }
 187:Transmitter2.c **** 
 188:Transmitter2.c **** /**
 189:Transmitter2.c ****  * Callback on collision state-change to move state-machine to backoff
 190:Transmitter2.c ****  */
 191:Transmitter2.c **** void tx_collision_isr_callback(void){
 192:Transmitter2.c ****     if(_tx_sm.state == TX_CHAR){
 193:Transmitter2.c ****         //stop transmitting character
 194:Transmitter2.c ****         
 195:Transmitter2.c ****         //move to backoff state
 196:Transmitter2.c ****         uint16_t delay = rand() % 1000;
 197:Transmitter2.c ****         
 198:Transmitter2.c ****         Tx_Timer_WritePeriod(delay);
 199:Transmitter2.c ****         _tx_sm.state = TX_BACKOFF;
 200:Transmitter2.c ****     }
 201:Transmitter2.c **** }
ARM GAS  C:\Users\HENRIC~1\AppData\Local\Temp\ccRS5BLb.s 			page 5


 202:Transmitter2.c **** 
 203:Transmitter2.c **** /**
 204:Transmitter2.c ****  * Callback on idle state-change to move state-machine from waiting to clocking
 205:Transmitter2.c ****  */
 206:Transmitter2.c **** void tx_idle_isr_callback(void){
  28              		.loc 1 206 0
  29              		.cfi_startproc
  30              		@ args = 0, pretend = 0, frame = 0
  31              		@ frame_needed = 0, uses_anonymous_args = 0
  32              		@ link register save eliminated.
 207:Transmitter2.c ****     if(_tx_sm.state == TX_WAIT){
  33              		.loc 1 207 0
  34 0000 014B     		ldr	r3, .L2
  35 0002 1B78     		ldrb	r3, [r3]	@ zero_extendqisi2
  36 0004 7047     		bx	lr
  37              	.L3:
  38 0006 00BF     		.align	2
  39              	.L2:
  40 0008 00000000 		.word	.LANCHOR0
  41              		.cfi_endproc
  42              	.LFE69:
  43              		.size	tx_idle_isr_callback, .-tx_idle_isr_callback
  44              		.section	.text.tx_timer_isr,"ax",%progbits
  45              		.align	2
  46              		.global	tx_timer_isr
  47              		.thumb
  48              		.thumb_func
  49              		.type	tx_timer_isr, %function
  50              	tx_timer_isr:
  51              	.LFB67:
 159:Transmitter2.c ****     
  52              		.loc 1 159 0
  53              		.cfi_startproc
  54              		@ args = 0, pretend = 0, frame = 0
  55              		@ frame_needed = 0, uses_anonymous_args = 0
  56 0000 10B5     		push	{r4, lr}
  57              		.cfi_def_cfa_offset 8
  58              		.cfi_offset 4, -8
  59              		.cfi_offset 14, -4
 163:Transmitter2.c ****         
  60              		.loc 1 163 0
  61 0002 194B     		ldr	r3, .L9
  62 0004 DB78     		ldrb	r3, [r3, #3]	@ zero_extendqisi2
  63 0006 13F0FF0F 		tst	r3, #255
  64 000a 19D1     		bne	.L5
 166:Transmitter2.c ****             CSMA_TX_Write((_tx_sm.chr.c & _tx_sm.chr.t_bit) != 0);
  65              		.loc 1 166 0
  66 000c 164B     		ldr	r3, .L9
  67 000e 9B78     		ldrb	r3, [r3, #2]	@ zero_extendqisi2
  68 0010 13F0FF0F 		tst	r3, #255
  69 0014 0ED0     		beq	.L6
 167:Transmitter2.c ****             _tx_sm.chr.t_bit >>= 1;
  70              		.loc 1 167 0
  71 0016 144C     		ldr	r4, .L9
  72 0018 2379     		ldrb	r3, [r4, #4]	@ zero_extendqisi2
  73 001a 6278     		ldrb	r2, [r4, #1]	@ zero_extendqisi2
  74 001c 1A42     		tst	r2, r3
ARM GAS  C:\Users\HENRIC~1\AppData\Local\Temp\ccRS5BLb.s 			page 6


  75 001e 14BF     		ite	ne
  76 0020 0120     		movne	r0, #1
  77 0022 0020     		moveq	r0, #0
  78 0024 FFF7FEFF 		bl	CSMA_TX_Write
  79              	.LVL0:
 168:Transmitter2.c ****             _tx_sm.chr.rz_bit = false;
  80              		.loc 1 168 0
  81 0028 6378     		ldrb	r3, [r4, #1]	@ zero_extendqisi2
  82 002a 5B08     		lsrs	r3, r3, #1
  83 002c 6370     		strb	r3, [r4, #1]
 169:Transmitter2.c ****         }
  84              		.loc 1 169 0
  85 002e 0023     		movs	r3, #0
  86 0030 A370     		strb	r3, [r4, #2]
  87 0032 05E0     		b	.L5
  88              	.L6:
 173:Transmitter2.c ****             _tx_sm.chr.rz_bit = true;
  89              		.loc 1 173 0
  90 0034 0020     		movs	r0, #0
  91 0036 FFF7FEFF 		bl	CSMA_TX_Write
  92              	.LVL1:
 174:Transmitter2.c ****         }
  93              		.loc 1 174 0
  94 003a 0122     		movs	r2, #1
  95 003c 0A4B     		ldr	r3, .L9
  96 003e 9A70     		strb	r2, [r3, #2]
  97              	.L5:
 179:Transmitter2.c ****         CSMA_TX_Write(0);
  98              		.loc 1 179 0
  99 0040 094B     		ldr	r3, .L9
 100 0042 5B78     		ldrb	r3, [r3, #1]	@ zero_extendqisi2
 101 0044 13F0FF0F 		tst	r3, #255
 102 0048 0AD1     		bne	.L7
 179:Transmitter2.c ****         CSMA_TX_Write(0);
 103              		.loc 1 179 0 is_stmt 0 discriminator 1
 104 004a 074B     		ldr	r3, .L9
 105 004c 9B78     		ldrb	r3, [r3, #2]	@ zero_extendqisi2
 106 004e 13F0FF0F 		tst	r3, #255
 107 0052 05D0     		beq	.L7
 180:Transmitter2.c ****         _tx_sm.chr.end = true;
 108              		.loc 1 180 0 is_stmt 1
 109 0054 0020     		movs	r0, #0
 110 0056 FFF7FEFF 		bl	CSMA_TX_Write
 111              	.LVL2:
 181:Transmitter2.c ****     }
 112              		.loc 1 181 0
 113 005a 0122     		movs	r2, #1
 114 005c 024B     		ldr	r3, .L9
 115 005e DA70     		strb	r2, [r3, #3]
 116              	.L7:
 185:Transmitter2.c **** }
 117              		.loc 1 185 0
 118 0060 FFF7FEFF 		bl	Tx_Timer_ReadStatusRegister
 119              	.LVL3:
 120 0064 10BD     		pop	{r4, pc}
 121              	.L10:
 122 0066 00BF     		.align	2
ARM GAS  C:\Users\HENRIC~1\AppData\Local\Temp\ccRS5BLb.s 			page 7


 123              	.L9:
 124 0068 00000000 		.word	.LANCHOR0
 125              		.cfi_endproc
 126              	.LFE67:
 127              		.size	tx_timer_isr, .-tx_timer_isr
 128              		.section	.text.tx_collision_isr_callback,"ax",%progbits
 129              		.align	2
 130              		.global	tx_collision_isr_callback
 131              		.thumb
 132              		.thumb_func
 133              		.type	tx_collision_isr_callback, %function
 134              	tx_collision_isr_callback:
 135              	.LFB68:
 191:Transmitter2.c ****     if(_tx_sm.state == TX_CHAR){
 136              		.loc 1 191 0
 137              		.cfi_startproc
 138              		@ args = 0, pretend = 0, frame = 0
 139              		@ frame_needed = 0, uses_anonymous_args = 0
 140 0000 08B5     		push	{r3, lr}
 141              		.cfi_def_cfa_offset 8
 142              		.cfi_offset 3, -8
 143              		.cfi_offset 14, -4
 192:Transmitter2.c ****         //stop transmitting character
 144              		.loc 1 192 0
 145 0002 0C4B     		ldr	r3, .L14
 146 0004 1B78     		ldrb	r3, [r3]	@ zero_extendqisi2
 147 0006 DBB2     		uxtb	r3, r3
 148 0008 012B     		cmp	r3, #1
 149 000a 11D1     		bne	.L11
 150              	.LBB2:
 196:Transmitter2.c ****         
 151              		.loc 1 196 0
 152 000c FFF7FEFF 		bl	rand
 153              	.LVL4:
 154 0010 094B     		ldr	r3, .L14+4
 155 0012 83FB0032 		smull	r3, r2, r3, r0
 156 0016 C317     		asrs	r3, r0, #31
 157 0018 C3EBA213 		rsb	r3, r3, r2, asr #6
 158 001c 4FF47A72 		mov	r2, #1000
 159 0020 02FB1303 		mls	r3, r2, r3, r0
 160              	.LVL5:
 198:Transmitter2.c ****         _tx_sm.state = TX_BACKOFF;
 161              		.loc 1 198 0
 162 0024 98B2     		uxth	r0, r3
 163 0026 FFF7FEFF 		bl	Tx_Timer_WritePeriod
 164              	.LVL6:
 199:Transmitter2.c ****     }
 165              		.loc 1 199 0
 166 002a 0222     		movs	r2, #2
 167 002c 014B     		ldr	r3, .L14
 168 002e 1A70     		strb	r2, [r3]
 169              	.L11:
 170 0030 08BD     		pop	{r3, pc}
 171              	.L15:
 172 0032 00BF     		.align	2
 173              	.L14:
 174 0034 00000000 		.word	.LANCHOR0
ARM GAS  C:\Users\HENRIC~1\AppData\Local\Temp\ccRS5BLb.s 			page 8


 175 0038 D34D6210 		.word	274877907
 176              	.LBE2:
 177              		.cfi_endproc
 178              	.LFE68:
 179              		.size	tx_collision_isr_callback, .-tx_collision_isr_callback
 180              		.section	.text.tx_init,"ax",%progbits
 181              		.align	2
 182              		.global	tx_init
 183              		.thumb
 184              		.thumb_func
 185              		.type	tx_init, %function
 186              	tx_init:
 187              	.LFB63:
  88:Transmitter2.c ****     //initialize state-machine
 188              		.loc 1 88 0
 189              		.cfi_startproc
 190              		@ args = 0, pretend = 0, frame = 0
 191              		@ frame_needed = 0, uses_anonymous_args = 0
 192 0000 10B5     		push	{r4, lr}
 193              		.cfi_def_cfa_offset 8
 194              		.cfi_offset 4, -8
 195              		.cfi_offset 14, -4
  90:Transmitter2.c ****     _tx_sm.buffer = NULL;
 196              		.loc 1 90 0
 197 0002 0D4B     		ldr	r3, .L18
 198 0004 0322     		movs	r2, #3
 199 0006 1A70     		strb	r2, [r3]
  91:Transmitter2.c ****     _tx_sm.buffer_len = 0;
 200              		.loc 1 91 0
 201 0008 0024     		movs	r4, #0
 202 000a 9C60     		str	r4, [r3, #8]
  92:Transmitter2.c ****     _tx_sm.chr.c = 0;
 203              		.loc 1 92 0
 204 000c 1C73     		strb	r4, [r3, #12]
  93:Transmitter2.c ****     _tx_sm.chr.end = true;
 205              		.loc 1 93 0
 206 000e 1C71     		strb	r4, [r3, #4]
  94:Transmitter2.c ****     _tx_sm.chr.rz_bit = true;
 207              		.loc 1 94 0
 208 0010 0122     		movs	r2, #1
 209 0012 DA70     		strb	r2, [r3, #3]
  95:Transmitter2.c ****     _tx_sm.chr.t_bit = 0;
 210              		.loc 1 95 0
 211 0014 9A70     		strb	r2, [r3, #2]
  96:Transmitter2.c ****     
 212              		.loc 1 96 0
 213 0016 5C70     		strb	r4, [r3, #1]
  99:Transmitter2.c ****     Tx_Timer_Stop();
 214              		.loc 1 99 0
 215 0018 FFF7FEFF 		bl	Tx_Timer_Start
 216              	.LVL7:
 100:Transmitter2.c ****     Tx_Timer_int_StartEx(tx_timer_isr);
 217              		.loc 1 100 0
 218 001c FFF7FEFF 		bl	Tx_Timer_Stop
 219              	.LVL8:
 101:Transmitter2.c ****     
 220              		.loc 1 101 0
ARM GAS  C:\Users\HENRIC~1\AppData\Local\Temp\ccRS5BLb.s 			page 9


 221 0020 0648     		ldr	r0, .L18+4
 222 0022 FFF7FEFF 		bl	Tx_Timer_int_StartEx
 223              	.LVL9:
 103:Transmitter2.c ****     cm_assign_idle_callback(CM_IDLE_TX_CALLBACK,tx_idle_isr_callback);
 224              		.loc 1 103 0
 225 0026 0649     		ldr	r1, .L18+8
 226 0028 2046     		mov	r0, r4
 227 002a FFF7FEFF 		bl	cm_assign_collision_callback
 228              	.LVL10:
 104:Transmitter2.c **** }
 229              		.loc 1 104 0
 230 002e 0549     		ldr	r1, .L18+12
 231 0030 2046     		mov	r0, r4
 232 0032 FFF7FEFF 		bl	cm_assign_idle_callback
 233              	.LVL11:
 234 0036 10BD     		pop	{r4, pc}
 235              	.L19:
 236              		.align	2
 237              	.L18:
 238 0038 00000000 		.word	.LANCHOR0
 239 003c 00000000 		.word	tx_timer_isr
 240 0040 00000000 		.word	tx_collision_isr_callback
 241 0044 00000000 		.word	tx_idle_isr_callback
 242              		.cfi_endproc
 243              	.LFE63:
 244              		.size	tx_init, .-tx_init
 245              		.section	.text.tx_write,"ax",%progbits
 246              		.align	2
 247              		.global	tx_write
 248              		.thumb
 249              		.thumb_func
 250              		.type	tx_write, %function
 251              	tx_write:
 252              	.LFB64:
 116:Transmitter2.c ****     if(buffer == NULL || len > TX_MAX_BUFFER_LENGTH){
 253              		.loc 1 116 0
 254              		.cfi_startproc
 255              		@ args = 0, pretend = 0, frame = 0
 256              		@ frame_needed = 0, uses_anonymous_args = 0
 257              		@ link register save eliminated.
 258              	.LVL12:
 117:Transmitter2.c ****         return false; // invalid parameters
 259              		.loc 1 117 0
 260 0000 70B1     		cbz	r0, .L22
 117:Transmitter2.c ****         return false; // invalid parameters
 261              		.loc 1 117 0 is_stmt 0 discriminator 1
 262 0002 3429     		cmp	r1, #52
 263 0004 0ED8     		bhi	.L23
 119:Transmitter2.c ****        return false; // already in transmit
 264              		.loc 1 119 0 is_stmt 1
 265 0006 0A4B     		ldr	r3, .L26
 266 0008 1B78     		ldrb	r3, [r3]	@ zero_extendqisi2
 267 000a DBB2     		uxtb	r3, r3
 268 000c 032B     		cmp	r3, #3
 269 000e 0BD1     		bne	.L24
 121:Transmitter2.c ****         return true; // No message to write, pass through 
 270              		.loc 1 121 0
ARM GAS  C:\Users\HENRIC~1\AppData\Local\Temp\ccRS5BLb.s 			page 10


 271 0010 61B1     		cbz	r1, .L25
 124:Transmitter2.c ****     _tx_sm.buffer_len = len;
 272              		.loc 1 124 0
 273 0012 074B     		ldr	r3, .L26
 274 0014 9860     		str	r0, [r3, #8]
 125:Transmitter2.c ****     _tx_sm.state = TX_WAIT;
 275              		.loc 1 125 0
 276 0016 1973     		strb	r1, [r3, #12]
 126:Transmitter2.c ****     return true;
 277              		.loc 1 126 0
 278 0018 0022     		movs	r2, #0
 279 001a 1A70     		strb	r2, [r3]
 127:Transmitter2.c **** }
 280              		.loc 1 127 0
 281 001c 0120     		movs	r0, #1
 282              	.LVL13:
 283 001e 7047     		bx	lr
 284              	.LVL14:
 285              	.L22:
 118:Transmitter2.c ****     }else if(_tx_sm.state != TX_DONE){
 286              		.loc 1 118 0
 287 0020 0020     		movs	r0, #0
 288              	.LVL15:
 289 0022 7047     		bx	lr
 290              	.LVL16:
 291              	.L23:
 292 0024 0020     		movs	r0, #0
 293              	.LVL17:
 294 0026 7047     		bx	lr
 295              	.LVL18:
 296              	.L24:
 120:Transmitter2.c ****     }else if(len == 0){
 297              		.loc 1 120 0
 298 0028 0020     		movs	r0, #0
 299              	.LVL19:
 300 002a 7047     		bx	lr
 301              	.LVL20:
 302              	.L25:
 122:Transmitter2.c ****     }
 303              		.loc 1 122 0
 304 002c 0120     		movs	r0, #1
 305              	.LVL21:
 128:Transmitter2.c **** 
 306              		.loc 1 128 0
 307 002e 7047     		bx	lr
 308              	.L27:
 309              		.align	2
 310              	.L26:
 311 0030 00000000 		.word	.LANCHOR0
 312              		.cfi_endproc
 313              	.LFE64:
 314              		.size	tx_write, .-tx_write
 315              		.section	.text.tx_get_status,"ax",%progbits
 316              		.align	2
 317              		.global	tx_get_status
 318              		.thumb
 319              		.thumb_func
ARM GAS  C:\Users\HENRIC~1\AppData\Local\Temp\ccRS5BLb.s 			page 11


 320              		.type	tx_get_status, %function
 321              	tx_get_status:
 322              	.LFB65:
 135:Transmitter2.c ****     return _tx_sm.state;
 323              		.loc 1 135 0
 324              		.cfi_startproc
 325              		@ args = 0, pretend = 0, frame = 0
 326              		@ frame_needed = 0, uses_anonymous_args = 0
 327              		@ link register save eliminated.
 136:Transmitter2.c **** }
 328              		.loc 1 136 0
 329 0000 014B     		ldr	r3, .L29
 330 0002 1878     		ldrb	r0, [r3]	@ zero_extendqisi2
 137:Transmitter2.c **** 
 331              		.loc 1 137 0
 332 0004 7047     		bx	lr
 333              	.L30:
 334 0006 00BF     		.align	2
 335              	.L29:
 336 0008 00000000 		.word	.LANCHOR0
 337              		.cfi_endproc
 338              	.LFE65:
 339              		.size	tx_get_status, .-tx_get_status
 340              		.section	.text.tx_abort,"ax",%progbits
 341              		.align	2
 342              		.global	tx_abort
 343              		.thumb
 344              		.thumb_func
 345              		.type	tx_abort, %function
 346              	tx_abort:
 347              	.LFB66:
 142:Transmitter2.c ****     Tx_Timer_Stop();
 348              		.loc 1 142 0
 349              		.cfi_startproc
 350              		@ args = 0, pretend = 0, frame = 0
 351              		@ frame_needed = 0, uses_anonymous_args = 0
 352 0000 08B5     		push	{r3, lr}
 353              		.cfi_def_cfa_offset 8
 354              		.cfi_offset 3, -8
 355              		.cfi_offset 14, -4
 143:Transmitter2.c ****     _tx_sm.state = TX_DONE;
 356              		.loc 1 143 0
 357 0002 FFF7FEFF 		bl	Tx_Timer_Stop
 358              	.LVL22:
 144:Transmitter2.c ****     _tx_sm.buffer = NULL;
 359              		.loc 1 144 0
 360 0006 044B     		ldr	r3, .L33
 361 0008 0322     		movs	r2, #3
 362 000a 1A70     		strb	r2, [r3]
 145:Transmitter2.c ****     _tx_sm.buffer_len = 0;
 363              		.loc 1 145 0
 364 000c 0020     		movs	r0, #0
 365 000e 9860     		str	r0, [r3, #8]
 146:Transmitter2.c ****     CSMA_TX_Write(0);
 366              		.loc 1 146 0
 367 0010 1873     		strb	r0, [r3, #12]
 147:Transmitter2.c **** }
ARM GAS  C:\Users\HENRIC~1\AppData\Local\Temp\ccRS5BLb.s 			page 12


 368              		.loc 1 147 0
 369 0012 FFF7FEFF 		bl	CSMA_TX_Write
 370              	.LVL23:
 371 0016 08BD     		pop	{r3, pc}
 372              	.L34:
 373              		.align	2
 374              	.L33:
 375 0018 00000000 		.word	.LANCHOR0
 376              		.cfi_endproc
 377              	.LFE66:
 378              		.size	tx_abort, .-tx_abort
 379              		.bss
 380              		.align	2
 381              		.set	.LANCHOR0,. + 0
 382              		.type	_tx_sm, %object
 383              		.size	_tx_sm, 16
 384              	_tx_sm:
 385 0000 00000000 		.space	16
 385      00000000 
 385      00000000 
 385      00000000 
 386              		.text
 387              	.Letext0:
 388              		.file 2 "c:\\program files (x86)\\cypress\\psoc creator\\4.1\\psoc creator\\import\\gnu\\arm\\5.4.
 389              		.file 3 "c:\\program files (x86)\\cypress\\psoc creator\\4.1\\psoc creator\\import\\gnu\\arm\\5.4.
 390              		.file 4 "Transmitter2.h"
 391              		.file 5 "ChannelMonitor.h"
 392              		.file 6 "Generated_Source\\PSoC5/CSMA_TX.h"
 393              		.file 7 "Generated_Source\\PSoC5/Tx_Timer.h"
 394              		.file 8 "c:\\program files (x86)\\cypress\\psoc creator\\4.1\\psoc creator\\import\\gnu\\arm\\5.4.
 395              		.file 9 "Generated_Source\\PSoC5/Tx_Timer_int.h"
 396              		.file 10 "Generated_Source\\PSoC5/core_cm3.h"
 397              		.section	.debug_info,"",%progbits
 398              	.Ldebug_info0:
 399 0000 00040000 		.4byte	0x400
 400 0004 0400     		.2byte	0x4
 401 0006 00000000 		.4byte	.Ldebug_abbrev0
 402 000a 04       		.byte	0x4
 403 000b 01       		.uleb128 0x1
 404 000c A5030000 		.4byte	.LASF59
 405 0010 0C       		.byte	0xc
 406 0011 C6020000 		.4byte	.LASF60
 407 0015 23020000 		.4byte	.LASF61
 408 0019 00000000 		.4byte	.Ldebug_ranges0+0
 409 001d 00000000 		.4byte	0
 410 0021 00000000 		.4byte	.Ldebug_line0
 411 0025 02       		.uleb128 0x2
 412 0026 01       		.byte	0x1
 413 0027 06       		.byte	0x6
 414 0028 B1010000 		.4byte	.LASF0
 415 002c 03       		.uleb128 0x3
 416 002d 43010000 		.4byte	.LASF3
 417 0031 02       		.byte	0x2
 418 0032 1D       		.byte	0x1d
 419 0033 37000000 		.4byte	0x37
 420 0037 02       		.uleb128 0x2
 421 0038 01       		.byte	0x1
ARM GAS  C:\Users\HENRIC~1\AppData\Local\Temp\ccRS5BLb.s 			page 13


 422 0039 08       		.byte	0x8
 423 003a 72010000 		.4byte	.LASF1
 424 003e 02       		.uleb128 0x2
 425 003f 02       		.byte	0x2
 426 0040 05       		.byte	0x5
 427 0041 20000000 		.4byte	.LASF2
 428 0045 03       		.uleb128 0x3
 429 0046 5A000000 		.4byte	.LASF4
 430 004a 02       		.byte	0x2
 431 004b 2B       		.byte	0x2b
 432 004c 50000000 		.4byte	0x50
 433 0050 02       		.uleb128 0x2
 434 0051 02       		.byte	0x2
 435 0052 07       		.byte	0x7
 436 0053 A6020000 		.4byte	.LASF5
 437 0057 03       		.uleb128 0x3
 438 0058 4C030000 		.4byte	.LASF6
 439 005c 02       		.byte	0x2
 440 005d 3F       		.byte	0x3f
 441 005e 62000000 		.4byte	0x62
 442 0062 02       		.uleb128 0x2
 443 0063 04       		.byte	0x4
 444 0064 05       		.byte	0x5
 445 0065 FC000000 		.4byte	.LASF7
 446 0069 02       		.uleb128 0x2
 447 006a 04       		.byte	0x4
 448 006b 07       		.byte	0x7
 449 006c 16030000 		.4byte	.LASF8
 450 0070 02       		.uleb128 0x2
 451 0071 08       		.byte	0x8
 452 0072 05       		.byte	0x5
 453 0073 D9000000 		.4byte	.LASF9
 454 0077 02       		.uleb128 0x2
 455 0078 08       		.byte	0x8
 456 0079 07       		.byte	0x7
 457 007a BD010000 		.4byte	.LASF10
 458 007e 04       		.uleb128 0x4
 459 007f 04       		.byte	0x4
 460 0080 05       		.byte	0x5
 461 0081 696E7400 		.ascii	"int\000"
 462 0085 02       		.uleb128 0x2
 463 0086 04       		.byte	0x4
 464 0087 07       		.byte	0x7
 465 0088 F0010000 		.4byte	.LASF11
 466 008c 03       		.uleb128 0x3
 467 008d A4000000 		.4byte	.LASF12
 468 0091 03       		.byte	0x3
 469 0092 18       		.byte	0x18
 470 0093 2C000000 		.4byte	0x2c
 471 0097 03       		.uleb128 0x3
 472 0098 DA020000 		.4byte	.LASF13
 473 009c 03       		.byte	0x3
 474 009d 24       		.byte	0x24
 475 009e 45000000 		.4byte	0x45
 476 00a2 03       		.uleb128 0x3
 477 00a3 EB020000 		.4byte	.LASF14
 478 00a7 03       		.byte	0x3
ARM GAS  C:\Users\HENRIC~1\AppData\Local\Temp\ccRS5BLb.s 			page 14


 479 00a8 2C       		.byte	0x2c
 480 00a9 57000000 		.4byte	0x57
 481 00ad 05       		.uleb128 0x5
 482 00ae 50000000 		.4byte	.LASF26
 483 00b2 01       		.byte	0x1
 484 00b3 37000000 		.4byte	0x37
 485 00b7 04       		.byte	0x4
 486 00b8 1A       		.byte	0x1a
 487 00b9 DC000000 		.4byte	0xdc
 488 00bd 06       		.uleb128 0x6
 489 00be E3020000 		.4byte	.LASF15
 490 00c2 00       		.byte	0
 491 00c3 06       		.uleb128 0x6
 492 00c4 D1000000 		.4byte	.LASF16
 493 00c8 01       		.byte	0x1
 494 00c9 06       		.uleb128 0x6
 495 00ca 4D010000 		.4byte	.LASF17
 496 00ce 02       		.byte	0x2
 497 00cf 06       		.uleb128 0x6
 498 00d0 26010000 		.4byte	.LASF18
 499 00d4 03       		.byte	0x3
 500 00d5 06       		.uleb128 0x6
 501 00d6 9C000000 		.4byte	.LASF19
 502 00da 04       		.byte	0x4
 503 00db 00       		.byte	0
 504 00dc 03       		.uleb128 0x3
 505 00dd AC000000 		.4byte	.LASF20
 506 00e1 04       		.byte	0x4
 507 00e2 20       		.byte	0x20
 508 00e3 AD000000 		.4byte	0xad
 509 00e7 02       		.uleb128 0x2
 510 00e8 04       		.byte	0x4
 511 00e9 04       		.byte	0x4
 512 00ea CB000000 		.4byte	.LASF21
 513 00ee 02       		.uleb128 0x2
 514 00ef 08       		.byte	0x8
 515 00f0 04       		.byte	0x4
 516 00f1 28030000 		.4byte	.LASF22
 517 00f5 02       		.uleb128 0x2
 518 00f6 01       		.byte	0x1
 519 00f7 08       		.byte	0x8
 520 00f8 D5020000 		.4byte	.LASF23
 521 00fc 02       		.uleb128 0x2
 522 00fd 08       		.byte	0x8
 523 00fe 04       		.byte	0x4
 524 00ff 3E000000 		.4byte	.LASF24
 525 0103 02       		.uleb128 0x2
 526 0104 04       		.byte	0x4
 527 0105 07       		.byte	0x7
 528 0106 2A000000 		.4byte	.LASF25
 529 010a 07       		.uleb128 0x7
 530 010b 04       		.byte	0x4
 531 010c F5000000 		.4byte	0xf5
 532 0110 05       		.uleb128 0x5
 533 0111 59040000 		.4byte	.LASF27
 534 0115 01       		.byte	0x1
 535 0116 37000000 		.4byte	0x37
ARM GAS  C:\Users\HENRIC~1\AppData\Local\Temp\ccRS5BLb.s 			page 15


 536 011a 05       		.byte	0x5
 537 011b 24       		.byte	0x24
 538 011c 2D010000 		.4byte	0x12d
 539 0120 06       		.uleb128 0x6
 540 0121 65030000 		.4byte	.LASF28
 541 0125 00       		.byte	0
 542 0126 06       		.uleb128 0x6
 543 0127 05010000 		.4byte	.LASF29
 544 012b 01       		.byte	0x1
 545 012c 00       		.byte	0
 546 012d 05       		.uleb128 0x5
 547 012e 73000000 		.4byte	.LASF30
 548 0132 01       		.byte	0x1
 549 0133 37000000 		.4byte	0x37
 550 0137 05       		.byte	0x5
 551 0138 2C       		.byte	0x2c
 552 0139 4A010000 		.4byte	0x14a
 553 013d 06       		.uleb128 0x6
 554 013e FD010000 		.4byte	.LASF31
 555 0142 00       		.byte	0
 556 0143 06       		.uleb128 0x6
 557 0144 06000000 		.4byte	.LASF32
 558 0148 01       		.byte	0x1
 559 0149 00       		.byte	0
 560 014a 08       		.uleb128 0x8
 561 014b 00030000 		.4byte	.LASF37
 562 014f 04       		.byte	0x4
 563 0150 01       		.byte	0x1
 564 0151 23       		.byte	0x23
 565 0152 85010000 		.4byte	0x185
 566 0156 09       		.uleb128 0x9
 567 0157 00000000 		.4byte	.LASF33
 568 015b 01       		.byte	0x1
 569 015c 24       		.byte	0x24
 570 015d 8C000000 		.4byte	0x8c
 571 0161 00       		.byte	0
 572 0162 09       		.uleb128 0x9
 573 0163 9F020000 		.4byte	.LASF34
 574 0167 01       		.byte	0x1
 575 0168 25       		.byte	0x25
 576 0169 85010000 		.4byte	0x185
 577 016d 01       		.byte	0x1
 578 016e 0A       		.uleb128 0xa
 579 016f 656E6400 		.ascii	"end\000"
 580 0173 01       		.byte	0x1
 581 0174 26       		.byte	0x26
 582 0175 85010000 		.4byte	0x185
 583 0179 02       		.byte	0x2
 584 017a 0A       		.uleb128 0xa
 585 017b 6300     		.ascii	"c\000"
 586 017d 01       		.byte	0x1
 587 017e 27       		.byte	0x27
 588 017f 8C000000 		.4byte	0x8c
 589 0183 03       		.byte	0x3
 590 0184 00       		.byte	0
 591 0185 02       		.uleb128 0x2
 592 0186 01       		.byte	0x1
ARM GAS  C:\Users\HENRIC~1\AppData\Local\Temp\ccRS5BLb.s 			page 16


 593 0187 02       		.byte	0x2
 594 0188 F3020000 		.4byte	.LASF35
 595 018c 03       		.uleb128 0x3
 596 018d 41040000 		.4byte	.LASF36
 597 0191 01       		.byte	0x1
 598 0192 28       		.byte	0x28
 599 0193 4A010000 		.4byte	0x14a
 600 0197 08       		.uleb128 0x8
 601 0198 58010000 		.4byte	.LASF38
 602 019c 10       		.byte	0x10
 603 019d 01       		.byte	0x1
 604 019e 2A       		.byte	0x2a
 605 019f D4010000 		.4byte	0x1d4
 606 01a3 09       		.uleb128 0x9
 607 01a4 1A000000 		.4byte	.LASF39
 608 01a8 01       		.byte	0x1
 609 01a9 2B       		.byte	0x2b
 610 01aa DC000000 		.4byte	0xdc
 611 01ae 00       		.byte	0
 612 01af 0A       		.uleb128 0xa
 613 01b0 63687200 		.ascii	"chr\000"
 614 01b4 01       		.byte	0x1
 615 01b5 2C       		.byte	0x2c
 616 01b6 8C010000 		.4byte	0x18c
 617 01ba 01       		.byte	0x1
 618 01bb 09       		.uleb128 0x9
 619 01bc F9020000 		.4byte	.LASF40
 620 01c0 01       		.byte	0x1
 621 01c1 2D       		.byte	0x2d
 622 01c2 0A010000 		.4byte	0x10a
 623 01c6 08       		.byte	0x8
 624 01c7 09       		.uleb128 0x9
 625 01c8 33000000 		.4byte	.LASF41
 626 01cc 01       		.byte	0x1
 627 01cd 2E       		.byte	0x2e
 628 01ce 8C000000 		.4byte	0x8c
 629 01d2 0C       		.byte	0xc
 630 01d3 00       		.byte	0
 631 01d4 03       		.uleb128 0x3
 632 01d5 9E010000 		.4byte	.LASF42
 633 01d9 01       		.byte	0x1
 634 01da 2F       		.byte	0x2f
 635 01db 97010000 		.4byte	0x197
 636 01df 0B       		.uleb128 0xb
 637 01e0 2E010000 		.4byte	.LASF62
 638 01e4 01       		.byte	0x1
 639 01e5 CE       		.byte	0xce
 640 01e6 00000000 		.4byte	.LFB69
 641 01ea 0C000000 		.4byte	.LFE69-.LFB69
 642 01ee 01       		.uleb128 0x1
 643 01ef 9C       		.byte	0x9c
 644 01f0 0C       		.uleb128 0xc
 645 01f1 B9020000 		.4byte	.LASF43
 646 01f5 01       		.byte	0x1
 647 01f6 9F       		.byte	0x9f
 648 01f7 00000000 		.4byte	.LFB67
 649 01fb 6C000000 		.4byte	.LFE67-.LFB67
ARM GAS  C:\Users\HENRIC~1\AppData\Local\Temp\ccRS5BLb.s 			page 17


 650 01ff 01       		.uleb128 0x1
 651 0200 9C       		.byte	0x9c
 652 0201 3E020000 		.4byte	0x23e
 653 0205 0D       		.uleb128 0xd
 654 0206 28000000 		.4byte	.LVL0
 655 020a A0030000 		.4byte	0x3a0
 656 020e 0E       		.uleb128 0xe
 657 020f 3A000000 		.4byte	.LVL1
 658 0213 A0030000 		.4byte	0x3a0
 659 0217 21020000 		.4byte	0x221
 660 021b 0F       		.uleb128 0xf
 661 021c 01       		.uleb128 0x1
 662 021d 50       		.byte	0x50
 663 021e 01       		.uleb128 0x1
 664 021f 30       		.byte	0x30
 665 0220 00       		.byte	0
 666 0221 0E       		.uleb128 0xe
 667 0222 5A000000 		.4byte	.LVL2
 668 0226 A0030000 		.4byte	0x3a0
 669 022a 34020000 		.4byte	0x234
 670 022e 0F       		.uleb128 0xf
 671 022f 01       		.uleb128 0x1
 672 0230 50       		.byte	0x50
 673 0231 01       		.uleb128 0x1
 674 0232 30       		.byte	0x30
 675 0233 00       		.byte	0
 676 0234 0D       		.uleb128 0xd
 677 0235 64000000 		.4byte	.LVL3
 678 0239 AB030000 		.4byte	0x3ab
 679 023d 00       		.byte	0
 680 023e 0C       		.uleb128 0xc
 681 023f 7E030000 		.4byte	.LASF44
 682 0243 01       		.byte	0x1
 683 0244 BF       		.byte	0xbf
 684 0245 00000000 		.4byte	.LFB68
 685 0249 3C000000 		.4byte	.LFE68-.LFB68
 686 024d 01       		.uleb128 0x1
 687 024e 9C       		.byte	0x9c
 688 024f 7F020000 		.4byte	0x27f
 689 0253 10       		.uleb128 0x10
 690 0254 0C000000 		.4byte	.LBB2
 691 0258 30000000 		.4byte	.LBE2-.LBB2
 692 025c 11       		.uleb128 0x11
 693 025d 4A000000 		.4byte	.LASF47
 694 0261 01       		.byte	0x1
 695 0262 C4       		.byte	0xc4
 696 0263 97000000 		.4byte	0x97
 697 0267 00000000 		.4byte	.LLST0
 698 026b 0D       		.uleb128 0xd
 699 026c 10000000 		.4byte	.LVL4
 700 0270 B6030000 		.4byte	0x3b6
 701 0274 0D       		.uleb128 0xd
 702 0275 2A000000 		.4byte	.LVL6
 703 0279 C1030000 		.4byte	0x3c1
 704 027d 00       		.byte	0
 705 027e 00       		.byte	0
 706 027f 0C       		.uleb128 0xc
ARM GAS  C:\Users\HENRIC~1\AppData\Local\Temp\ccRS5BLb.s 			page 18


 707 0280 1E010000 		.4byte	.LASF45
 708 0284 01       		.byte	0x1
 709 0285 58       		.byte	0x58
 710 0286 00000000 		.4byte	.LFB63
 711 028a 48000000 		.4byte	.LFE63-.LFB63
 712 028e 01       		.uleb128 0x1
 713 028f 9C       		.byte	0x9c
 714 0290 F4020000 		.4byte	0x2f4
 715 0294 0D       		.uleb128 0xd
 716 0295 1C000000 		.4byte	.LVL7
 717 0299 CC030000 		.4byte	0x3cc
 718 029d 0D       		.uleb128 0xd
 719 029e 20000000 		.4byte	.LVL8
 720 02a2 D7030000 		.4byte	0x3d7
 721 02a6 0E       		.uleb128 0xe
 722 02a7 26000000 		.4byte	.LVL9
 723 02ab E2030000 		.4byte	0x3e2
 724 02af BD020000 		.4byte	0x2bd
 725 02b3 0F       		.uleb128 0xf
 726 02b4 01       		.uleb128 0x1
 727 02b5 50       		.byte	0x50
 728 02b6 05       		.uleb128 0x5
 729 02b7 03       		.byte	0x3
 730 02b8 00000000 		.4byte	tx_timer_isr
 731 02bc 00       		.byte	0
 732 02bd 0E       		.uleb128 0xe
 733 02be 2E000000 		.4byte	.LVL10
 734 02c2 ED030000 		.4byte	0x3ed
 735 02c6 DA020000 		.4byte	0x2da
 736 02ca 0F       		.uleb128 0xf
 737 02cb 01       		.uleb128 0x1
 738 02cc 50       		.byte	0x50
 739 02cd 02       		.uleb128 0x2
 740 02ce 74       		.byte	0x74
 741 02cf 00       		.sleb128 0
 742 02d0 0F       		.uleb128 0xf
 743 02d1 01       		.uleb128 0x1
 744 02d2 51       		.byte	0x51
 745 02d3 05       		.uleb128 0x5
 746 02d4 03       		.byte	0x3
 747 02d5 00000000 		.4byte	tx_collision_isr_callback
 748 02d9 00       		.byte	0
 749 02da 12       		.uleb128 0x12
 750 02db 36000000 		.4byte	.LVL11
 751 02df F8030000 		.4byte	0x3f8
 752 02e3 0F       		.uleb128 0xf
 753 02e4 01       		.uleb128 0x1
 754 02e5 50       		.byte	0x50
 755 02e6 02       		.uleb128 0x2
 756 02e7 74       		.byte	0x74
 757 02e8 00       		.sleb128 0
 758 02e9 0F       		.uleb128 0xf
 759 02ea 01       		.uleb128 0x1
 760 02eb 51       		.byte	0x51
 761 02ec 05       		.uleb128 0x5
 762 02ed 03       		.byte	0x3
 763 02ee 00000000 		.4byte	tx_idle_isr_callback
ARM GAS  C:\Users\HENRIC~1\AppData\Local\Temp\ccRS5BLb.s 			page 19


 764 02f2 00       		.byte	0
 765 02f3 00       		.byte	0
 766 02f4 13       		.uleb128 0x13
 767 02f5 80010000 		.4byte	.LASF63
 768 02f9 01       		.byte	0x1
 769 02fa 74       		.byte	0x74
 770 02fb 85010000 		.4byte	0x185
 771 02ff 00000000 		.4byte	.LFB64
 772 0303 34000000 		.4byte	.LFE64-.LFB64
 773 0307 01       		.uleb128 0x1
 774 0308 9C       		.byte	0x9c
 775 0309 2A030000 		.4byte	0x32a
 776 030d 14       		.uleb128 0x14
 777 030e F9020000 		.4byte	.LASF40
 778 0312 01       		.byte	0x1
 779 0313 74       		.byte	0x74
 780 0314 0A010000 		.4byte	0x10a
 781 0318 13000000 		.4byte	.LLST1
 782 031c 15       		.uleb128 0x15
 783 031d 6C656E00 		.ascii	"len\000"
 784 0321 01       		.byte	0x1
 785 0322 74       		.byte	0x74
 786 0323 8C000000 		.4byte	0x8c
 787 0327 01       		.uleb128 0x1
 788 0328 51       		.byte	0x51
 789 0329 00       		.byte	0
 790 032a 16       		.uleb128 0x16
 791 032b BD000000 		.4byte	.LASF64
 792 032f 01       		.byte	0x1
 793 0330 87       		.byte	0x87
 794 0331 DC000000 		.4byte	0xdc
 795 0335 00000000 		.4byte	.LFB65
 796 0339 0C000000 		.4byte	.LFE65-.LFB65
 797 033d 01       		.uleb128 0x1
 798 033e 9C       		.byte	0x9c
 799 033f 0C       		.uleb128 0xc
 800 0340 69010000 		.4byte	.LASF46
 801 0344 01       		.byte	0x1
 802 0345 8E       		.byte	0x8e
 803 0346 00000000 		.4byte	.LFB66
 804 034a 1C000000 		.4byte	.LFE66-.LFB66
 805 034e 01       		.uleb128 0x1
 806 034f 9C       		.byte	0x9c
 807 0350 6D030000 		.4byte	0x36d
 808 0354 0D       		.uleb128 0xd
 809 0355 06000000 		.4byte	.LVL22
 810 0359 D7030000 		.4byte	0x3d7
 811 035d 12       		.uleb128 0x12
 812 035e 16000000 		.4byte	.LVL23
 813 0362 A0030000 		.4byte	0x3a0
 814 0366 0F       		.uleb128 0xf
 815 0367 01       		.uleb128 0x1
 816 0368 50       		.byte	0x50
 817 0369 01       		.uleb128 0x1
 818 036a 30       		.byte	0x30
 819 036b 00       		.byte	0
 820 036c 00       		.byte	0
ARM GAS  C:\Users\HENRIC~1\AppData\Local\Temp\ccRS5BLb.s 			page 20


 821 036d 17       		.uleb128 0x17
 822 036e 11020000 		.4byte	.LASF48
 823 0372 01       		.byte	0x1
 824 0373 38       		.byte	0x38
 825 0374 85010000 		.4byte	0x185
 826 0378 00       		.byte	0
 827 0379 18       		.uleb128 0x18
 828 037a 98020000 		.4byte	.LASF49
 829 037e 01       		.byte	0x1
 830 037f 3C       		.byte	0x3c
 831 0380 8A030000 		.4byte	0x38a
 832 0384 05       		.uleb128 0x5
 833 0385 03       		.byte	0x3
 834 0386 00000000 		.4byte	_tx_sm
 835 038a 19       		.uleb128 0x19
 836 038b D4010000 		.4byte	0x1d4
 837 038f 1A       		.uleb128 0x1a
 838 0390 98030000 		.4byte	.LASF65
 839 0394 0A       		.byte	0xa
 840 0395 1207     		.2byte	0x712
 841 0397 9B030000 		.4byte	0x39b
 842 039b 19       		.uleb128 0x19
 843 039c A2000000 		.4byte	0xa2
 844 03a0 1B       		.uleb128 0x1b
 845 03a1 65000000 		.4byte	.LASF50
 846 03a5 65000000 		.4byte	.LASF50
 847 03a9 06       		.byte	0x6
 848 03aa 26       		.byte	0x26
 849 03ab 1B       		.uleb128 0x1b
 850 03ac D4010000 		.4byte	.LASF51
 851 03b0 D4010000 		.4byte	.LASF51
 852 03b4 07       		.byte	0x7
 853 03b5 5E       		.byte	0x5e
 854 03b6 1B       		.uleb128 0x1b
 855 03b7 B8000000 		.4byte	.LASF52
 856 03bb B8000000 		.4byte	.LASF52
 857 03bf 08       		.byte	0x8
 858 03c0 88       		.byte	0x88
 859 03c1 1B       		.uleb128 0x1b
 860 03c2 89010000 		.4byte	.LASF53
 861 03c6 89010000 		.4byte	.LASF53
 862 03ca 07       		.byte	0x7
 863 03cb 68       		.byte	0x68
 864 03cc 1B       		.uleb128 0x1b
 865 03cd 56030000 		.4byte	.LASF54
 866 03d1 56030000 		.4byte	.LASF54
 867 03d5 07       		.byte	0x7
 868 03d6 5A       		.byte	0x5a
 869 03d7 1B       		.uleb128 0x1b
 870 03d8 33040000 		.4byte	.LASF55
 871 03dc 33040000 		.4byte	.LASF55
 872 03e0 07       		.byte	0x7
 873 03e1 5B       		.byte	0x5b
 874 03e2 1B       		.uleb128 0x1b
 875 03e3 E7000000 		.4byte	.LASF56
 876 03e7 E7000000 		.4byte	.LASF56
 877 03eb 09       		.byte	0x9
ARM GAS  C:\Users\HENRIC~1\AppData\Local\Temp\ccRS5BLb.s 			page 21


 878 03ec 18       		.byte	0x18
 879 03ed 1B       		.uleb128 0x1b
 880 03ee 2F030000 		.4byte	.LASF57
 881 03f2 2F030000 		.4byte	.LASF57
 882 03f6 05       		.byte	0x5
 883 03f7 44       		.byte	0x44
 884 03f8 1B       		.uleb128 0x1b
 885 03f9 84000000 		.4byte	.LASF58
 886 03fd 84000000 		.4byte	.LASF58
 887 0401 05       		.byte	0x5
 888 0402 4A       		.byte	0x4a
 889 0403 00       		.byte	0
 890              		.section	.debug_abbrev,"",%progbits
 891              	.Ldebug_abbrev0:
 892 0000 01       		.uleb128 0x1
 893 0001 11       		.uleb128 0x11
 894 0002 01       		.byte	0x1
 895 0003 25       		.uleb128 0x25
 896 0004 0E       		.uleb128 0xe
 897 0005 13       		.uleb128 0x13
 898 0006 0B       		.uleb128 0xb
 899 0007 03       		.uleb128 0x3
 900 0008 0E       		.uleb128 0xe
 901 0009 1B       		.uleb128 0x1b
 902 000a 0E       		.uleb128 0xe
 903 000b 55       		.uleb128 0x55
 904 000c 17       		.uleb128 0x17
 905 000d 11       		.uleb128 0x11
 906 000e 01       		.uleb128 0x1
 907 000f 10       		.uleb128 0x10
 908 0010 17       		.uleb128 0x17
 909 0011 00       		.byte	0
 910 0012 00       		.byte	0
 911 0013 02       		.uleb128 0x2
 912 0014 24       		.uleb128 0x24
 913 0015 00       		.byte	0
 914 0016 0B       		.uleb128 0xb
 915 0017 0B       		.uleb128 0xb
 916 0018 3E       		.uleb128 0x3e
 917 0019 0B       		.uleb128 0xb
 918 001a 03       		.uleb128 0x3
 919 001b 0E       		.uleb128 0xe
 920 001c 00       		.byte	0
 921 001d 00       		.byte	0
 922 001e 03       		.uleb128 0x3
 923 001f 16       		.uleb128 0x16
 924 0020 00       		.byte	0
 925 0021 03       		.uleb128 0x3
 926 0022 0E       		.uleb128 0xe
 927 0023 3A       		.uleb128 0x3a
 928 0024 0B       		.uleb128 0xb
 929 0025 3B       		.uleb128 0x3b
 930 0026 0B       		.uleb128 0xb
 931 0027 49       		.uleb128 0x49
 932 0028 13       		.uleb128 0x13
 933 0029 00       		.byte	0
 934 002a 00       		.byte	0
ARM GAS  C:\Users\HENRIC~1\AppData\Local\Temp\ccRS5BLb.s 			page 22


 935 002b 04       		.uleb128 0x4
 936 002c 24       		.uleb128 0x24
 937 002d 00       		.byte	0
 938 002e 0B       		.uleb128 0xb
 939 002f 0B       		.uleb128 0xb
 940 0030 3E       		.uleb128 0x3e
 941 0031 0B       		.uleb128 0xb
 942 0032 03       		.uleb128 0x3
 943 0033 08       		.uleb128 0x8
 944 0034 00       		.byte	0
 945 0035 00       		.byte	0
 946 0036 05       		.uleb128 0x5
 947 0037 04       		.uleb128 0x4
 948 0038 01       		.byte	0x1
 949 0039 03       		.uleb128 0x3
 950 003a 0E       		.uleb128 0xe
 951 003b 0B       		.uleb128 0xb
 952 003c 0B       		.uleb128 0xb
 953 003d 49       		.uleb128 0x49
 954 003e 13       		.uleb128 0x13
 955 003f 3A       		.uleb128 0x3a
 956 0040 0B       		.uleb128 0xb
 957 0041 3B       		.uleb128 0x3b
 958 0042 0B       		.uleb128 0xb
 959 0043 01       		.uleb128 0x1
 960 0044 13       		.uleb128 0x13
 961 0045 00       		.byte	0
 962 0046 00       		.byte	0
 963 0047 06       		.uleb128 0x6
 964 0048 28       		.uleb128 0x28
 965 0049 00       		.byte	0
 966 004a 03       		.uleb128 0x3
 967 004b 0E       		.uleb128 0xe
 968 004c 1C       		.uleb128 0x1c
 969 004d 0B       		.uleb128 0xb
 970 004e 00       		.byte	0
 971 004f 00       		.byte	0
 972 0050 07       		.uleb128 0x7
 973 0051 0F       		.uleb128 0xf
 974 0052 00       		.byte	0
 975 0053 0B       		.uleb128 0xb
 976 0054 0B       		.uleb128 0xb
 977 0055 49       		.uleb128 0x49
 978 0056 13       		.uleb128 0x13
 979 0057 00       		.byte	0
 980 0058 00       		.byte	0
 981 0059 08       		.uleb128 0x8
 982 005a 13       		.uleb128 0x13
 983 005b 01       		.byte	0x1
 984 005c 03       		.uleb128 0x3
 985 005d 0E       		.uleb128 0xe
 986 005e 0B       		.uleb128 0xb
 987 005f 0B       		.uleb128 0xb
 988 0060 3A       		.uleb128 0x3a
 989 0061 0B       		.uleb128 0xb
 990 0062 3B       		.uleb128 0x3b
 991 0063 0B       		.uleb128 0xb
ARM GAS  C:\Users\HENRIC~1\AppData\Local\Temp\ccRS5BLb.s 			page 23


 992 0064 01       		.uleb128 0x1
 993 0065 13       		.uleb128 0x13
 994 0066 00       		.byte	0
 995 0067 00       		.byte	0
 996 0068 09       		.uleb128 0x9
 997 0069 0D       		.uleb128 0xd
 998 006a 00       		.byte	0
 999 006b 03       		.uleb128 0x3
 1000 006c 0E       		.uleb128 0xe
 1001 006d 3A       		.uleb128 0x3a
 1002 006e 0B       		.uleb128 0xb
 1003 006f 3B       		.uleb128 0x3b
 1004 0070 0B       		.uleb128 0xb
 1005 0071 49       		.uleb128 0x49
 1006 0072 13       		.uleb128 0x13
 1007 0073 38       		.uleb128 0x38
 1008 0074 0B       		.uleb128 0xb
 1009 0075 00       		.byte	0
 1010 0076 00       		.byte	0
 1011 0077 0A       		.uleb128 0xa
 1012 0078 0D       		.uleb128 0xd
 1013 0079 00       		.byte	0
 1014 007a 03       		.uleb128 0x3
 1015 007b 08       		.uleb128 0x8
 1016 007c 3A       		.uleb128 0x3a
 1017 007d 0B       		.uleb128 0xb
 1018 007e 3B       		.uleb128 0x3b
 1019 007f 0B       		.uleb128 0xb
 1020 0080 49       		.uleb128 0x49
 1021 0081 13       		.uleb128 0x13
 1022 0082 38       		.uleb128 0x38
 1023 0083 0B       		.uleb128 0xb
 1024 0084 00       		.byte	0
 1025 0085 00       		.byte	0
 1026 0086 0B       		.uleb128 0xb
 1027 0087 2E       		.uleb128 0x2e
 1028 0088 00       		.byte	0
 1029 0089 3F       		.uleb128 0x3f
 1030 008a 19       		.uleb128 0x19
 1031 008b 03       		.uleb128 0x3
 1032 008c 0E       		.uleb128 0xe
 1033 008d 3A       		.uleb128 0x3a
 1034 008e 0B       		.uleb128 0xb
 1035 008f 3B       		.uleb128 0x3b
 1036 0090 0B       		.uleb128 0xb
 1037 0091 27       		.uleb128 0x27
 1038 0092 19       		.uleb128 0x19
 1039 0093 11       		.uleb128 0x11
 1040 0094 01       		.uleb128 0x1
 1041 0095 12       		.uleb128 0x12
 1042 0096 06       		.uleb128 0x6
 1043 0097 40       		.uleb128 0x40
 1044 0098 18       		.uleb128 0x18
 1045 0099 9742     		.uleb128 0x2117
 1046 009b 19       		.uleb128 0x19
 1047 009c 00       		.byte	0
 1048 009d 00       		.byte	0
ARM GAS  C:\Users\HENRIC~1\AppData\Local\Temp\ccRS5BLb.s 			page 24


 1049 009e 0C       		.uleb128 0xc
 1050 009f 2E       		.uleb128 0x2e
 1051 00a0 01       		.byte	0x1
 1052 00a1 3F       		.uleb128 0x3f
 1053 00a2 19       		.uleb128 0x19
 1054 00a3 03       		.uleb128 0x3
 1055 00a4 0E       		.uleb128 0xe
 1056 00a5 3A       		.uleb128 0x3a
 1057 00a6 0B       		.uleb128 0xb
 1058 00a7 3B       		.uleb128 0x3b
 1059 00a8 0B       		.uleb128 0xb
 1060 00a9 27       		.uleb128 0x27
 1061 00aa 19       		.uleb128 0x19
 1062 00ab 11       		.uleb128 0x11
 1063 00ac 01       		.uleb128 0x1
 1064 00ad 12       		.uleb128 0x12
 1065 00ae 06       		.uleb128 0x6
 1066 00af 40       		.uleb128 0x40
 1067 00b0 18       		.uleb128 0x18
 1068 00b1 9742     		.uleb128 0x2117
 1069 00b3 19       		.uleb128 0x19
 1070 00b4 01       		.uleb128 0x1
 1071 00b5 13       		.uleb128 0x13
 1072 00b6 00       		.byte	0
 1073 00b7 00       		.byte	0
 1074 00b8 0D       		.uleb128 0xd
 1075 00b9 898201   		.uleb128 0x4109
 1076 00bc 00       		.byte	0
 1077 00bd 11       		.uleb128 0x11
 1078 00be 01       		.uleb128 0x1
 1079 00bf 31       		.uleb128 0x31
 1080 00c0 13       		.uleb128 0x13
 1081 00c1 00       		.byte	0
 1082 00c2 00       		.byte	0
 1083 00c3 0E       		.uleb128 0xe
 1084 00c4 898201   		.uleb128 0x4109
 1085 00c7 01       		.byte	0x1
 1086 00c8 11       		.uleb128 0x11
 1087 00c9 01       		.uleb128 0x1
 1088 00ca 31       		.uleb128 0x31
 1089 00cb 13       		.uleb128 0x13
 1090 00cc 01       		.uleb128 0x1
 1091 00cd 13       		.uleb128 0x13
 1092 00ce 00       		.byte	0
 1093 00cf 00       		.byte	0
 1094 00d0 0F       		.uleb128 0xf
 1095 00d1 8A8201   		.uleb128 0x410a
 1096 00d4 00       		.byte	0
 1097 00d5 02       		.uleb128 0x2
 1098 00d6 18       		.uleb128 0x18
 1099 00d7 9142     		.uleb128 0x2111
 1100 00d9 18       		.uleb128 0x18
 1101 00da 00       		.byte	0
 1102 00db 00       		.byte	0
 1103 00dc 10       		.uleb128 0x10
 1104 00dd 0B       		.uleb128 0xb
 1105 00de 01       		.byte	0x1
ARM GAS  C:\Users\HENRIC~1\AppData\Local\Temp\ccRS5BLb.s 			page 25


 1106 00df 11       		.uleb128 0x11
 1107 00e0 01       		.uleb128 0x1
 1108 00e1 12       		.uleb128 0x12
 1109 00e2 06       		.uleb128 0x6
 1110 00e3 00       		.byte	0
 1111 00e4 00       		.byte	0
 1112 00e5 11       		.uleb128 0x11
 1113 00e6 34       		.uleb128 0x34
 1114 00e7 00       		.byte	0
 1115 00e8 03       		.uleb128 0x3
 1116 00e9 0E       		.uleb128 0xe
 1117 00ea 3A       		.uleb128 0x3a
 1118 00eb 0B       		.uleb128 0xb
 1119 00ec 3B       		.uleb128 0x3b
 1120 00ed 0B       		.uleb128 0xb
 1121 00ee 49       		.uleb128 0x49
 1122 00ef 13       		.uleb128 0x13
 1123 00f0 02       		.uleb128 0x2
 1124 00f1 17       		.uleb128 0x17
 1125 00f2 00       		.byte	0
 1126 00f3 00       		.byte	0
 1127 00f4 12       		.uleb128 0x12
 1128 00f5 898201   		.uleb128 0x4109
 1129 00f8 01       		.byte	0x1
 1130 00f9 11       		.uleb128 0x11
 1131 00fa 01       		.uleb128 0x1
 1132 00fb 31       		.uleb128 0x31
 1133 00fc 13       		.uleb128 0x13
 1134 00fd 00       		.byte	0
 1135 00fe 00       		.byte	0
 1136 00ff 13       		.uleb128 0x13
 1137 0100 2E       		.uleb128 0x2e
 1138 0101 01       		.byte	0x1
 1139 0102 3F       		.uleb128 0x3f
 1140 0103 19       		.uleb128 0x19
 1141 0104 03       		.uleb128 0x3
 1142 0105 0E       		.uleb128 0xe
 1143 0106 3A       		.uleb128 0x3a
 1144 0107 0B       		.uleb128 0xb
 1145 0108 3B       		.uleb128 0x3b
 1146 0109 0B       		.uleb128 0xb
 1147 010a 27       		.uleb128 0x27
 1148 010b 19       		.uleb128 0x19
 1149 010c 49       		.uleb128 0x49
 1150 010d 13       		.uleb128 0x13
 1151 010e 11       		.uleb128 0x11
 1152 010f 01       		.uleb128 0x1
 1153 0110 12       		.uleb128 0x12
 1154 0111 06       		.uleb128 0x6
 1155 0112 40       		.uleb128 0x40
 1156 0113 18       		.uleb128 0x18
 1157 0114 9742     		.uleb128 0x2117
 1158 0116 19       		.uleb128 0x19
 1159 0117 01       		.uleb128 0x1
 1160 0118 13       		.uleb128 0x13
 1161 0119 00       		.byte	0
 1162 011a 00       		.byte	0
ARM GAS  C:\Users\HENRIC~1\AppData\Local\Temp\ccRS5BLb.s 			page 26


 1163 011b 14       		.uleb128 0x14
 1164 011c 05       		.uleb128 0x5
 1165 011d 00       		.byte	0
 1166 011e 03       		.uleb128 0x3
 1167 011f 0E       		.uleb128 0xe
 1168 0120 3A       		.uleb128 0x3a
 1169 0121 0B       		.uleb128 0xb
 1170 0122 3B       		.uleb128 0x3b
 1171 0123 0B       		.uleb128 0xb
 1172 0124 49       		.uleb128 0x49
 1173 0125 13       		.uleb128 0x13
 1174 0126 02       		.uleb128 0x2
 1175 0127 17       		.uleb128 0x17
 1176 0128 00       		.byte	0
 1177 0129 00       		.byte	0
 1178 012a 15       		.uleb128 0x15
 1179 012b 05       		.uleb128 0x5
 1180 012c 00       		.byte	0
 1181 012d 03       		.uleb128 0x3
 1182 012e 08       		.uleb128 0x8
 1183 012f 3A       		.uleb128 0x3a
 1184 0130 0B       		.uleb128 0xb
 1185 0131 3B       		.uleb128 0x3b
 1186 0132 0B       		.uleb128 0xb
 1187 0133 49       		.uleb128 0x49
 1188 0134 13       		.uleb128 0x13
 1189 0135 02       		.uleb128 0x2
 1190 0136 18       		.uleb128 0x18
 1191 0137 00       		.byte	0
 1192 0138 00       		.byte	0
 1193 0139 16       		.uleb128 0x16
 1194 013a 2E       		.uleb128 0x2e
 1195 013b 00       		.byte	0
 1196 013c 3F       		.uleb128 0x3f
 1197 013d 19       		.uleb128 0x19
 1198 013e 03       		.uleb128 0x3
 1199 013f 0E       		.uleb128 0xe
 1200 0140 3A       		.uleb128 0x3a
 1201 0141 0B       		.uleb128 0xb
 1202 0142 3B       		.uleb128 0x3b
 1203 0143 0B       		.uleb128 0xb
 1204 0144 27       		.uleb128 0x27
 1205 0145 19       		.uleb128 0x19
 1206 0146 49       		.uleb128 0x49
 1207 0147 13       		.uleb128 0x13
 1208 0148 11       		.uleb128 0x11
 1209 0149 01       		.uleb128 0x1
 1210 014a 12       		.uleb128 0x12
 1211 014b 06       		.uleb128 0x6
 1212 014c 40       		.uleb128 0x40
 1213 014d 18       		.uleb128 0x18
 1214 014e 9742     		.uleb128 0x2117
 1215 0150 19       		.uleb128 0x19
 1216 0151 00       		.byte	0
 1217 0152 00       		.byte	0
 1218 0153 17       		.uleb128 0x17
 1219 0154 34       		.uleb128 0x34
ARM GAS  C:\Users\HENRIC~1\AppData\Local\Temp\ccRS5BLb.s 			page 27


 1220 0155 00       		.byte	0
 1221 0156 03       		.uleb128 0x3
 1222 0157 0E       		.uleb128 0xe
 1223 0158 3A       		.uleb128 0x3a
 1224 0159 0B       		.uleb128 0xb
 1225 015a 3B       		.uleb128 0x3b
 1226 015b 0B       		.uleb128 0xb
 1227 015c 49       		.uleb128 0x49
 1228 015d 13       		.uleb128 0x13
 1229 015e 1C       		.uleb128 0x1c
 1230 015f 0B       		.uleb128 0xb
 1231 0160 00       		.byte	0
 1232 0161 00       		.byte	0
 1233 0162 18       		.uleb128 0x18
 1234 0163 34       		.uleb128 0x34
 1235 0164 00       		.byte	0
 1236 0165 03       		.uleb128 0x3
 1237 0166 0E       		.uleb128 0xe
 1238 0167 3A       		.uleb128 0x3a
 1239 0168 0B       		.uleb128 0xb
 1240 0169 3B       		.uleb128 0x3b
 1241 016a 0B       		.uleb128 0xb
 1242 016b 49       		.uleb128 0x49
 1243 016c 13       		.uleb128 0x13
 1244 016d 02       		.uleb128 0x2
 1245 016e 18       		.uleb128 0x18
 1246 016f 00       		.byte	0
 1247 0170 00       		.byte	0
 1248 0171 19       		.uleb128 0x19
 1249 0172 35       		.uleb128 0x35
 1250 0173 00       		.byte	0
 1251 0174 49       		.uleb128 0x49
 1252 0175 13       		.uleb128 0x13
 1253 0176 00       		.byte	0
 1254 0177 00       		.byte	0
 1255 0178 1A       		.uleb128 0x1a
 1256 0179 34       		.uleb128 0x34
 1257 017a 00       		.byte	0
 1258 017b 03       		.uleb128 0x3
 1259 017c 0E       		.uleb128 0xe
 1260 017d 3A       		.uleb128 0x3a
 1261 017e 0B       		.uleb128 0xb
 1262 017f 3B       		.uleb128 0x3b
 1263 0180 05       		.uleb128 0x5
 1264 0181 49       		.uleb128 0x49
 1265 0182 13       		.uleb128 0x13
 1266 0183 3F       		.uleb128 0x3f
 1267 0184 19       		.uleb128 0x19
 1268 0185 3C       		.uleb128 0x3c
 1269 0186 19       		.uleb128 0x19
 1270 0187 00       		.byte	0
 1271 0188 00       		.byte	0
 1272 0189 1B       		.uleb128 0x1b
 1273 018a 2E       		.uleb128 0x2e
 1274 018b 00       		.byte	0
 1275 018c 3F       		.uleb128 0x3f
 1276 018d 19       		.uleb128 0x19
ARM GAS  C:\Users\HENRIC~1\AppData\Local\Temp\ccRS5BLb.s 			page 28


 1277 018e 3C       		.uleb128 0x3c
 1278 018f 19       		.uleb128 0x19
 1279 0190 6E       		.uleb128 0x6e
 1280 0191 0E       		.uleb128 0xe
 1281 0192 03       		.uleb128 0x3
 1282 0193 0E       		.uleb128 0xe
 1283 0194 3A       		.uleb128 0x3a
 1284 0195 0B       		.uleb128 0xb
 1285 0196 3B       		.uleb128 0x3b
 1286 0197 0B       		.uleb128 0xb
 1287 0198 00       		.byte	0
 1288 0199 00       		.byte	0
 1289 019a 00       		.byte	0
 1290              		.section	.debug_loc,"",%progbits
 1291              	.Ldebug_loc0:
 1292              	.LLST0:
 1293 0000 24000000 		.4byte	.LVL5
 1294 0004 29000000 		.4byte	.LVL6-1
 1295 0008 0100     		.2byte	0x1
 1296 000a 53       		.byte	0x53
 1297 000b 00000000 		.4byte	0
 1298 000f 00000000 		.4byte	0
 1299              	.LLST1:
 1300 0013 00000000 		.4byte	.LVL12
 1301 0017 1E000000 		.4byte	.LVL13
 1302 001b 0100     		.2byte	0x1
 1303 001d 50       		.byte	0x50
 1304 001e 1E000000 		.4byte	.LVL13
 1305 0022 20000000 		.4byte	.LVL14
 1306 0026 0400     		.2byte	0x4
 1307 0028 F3       		.byte	0xf3
 1308 0029 01       		.uleb128 0x1
 1309 002a 50       		.byte	0x50
 1310 002b 9F       		.byte	0x9f
 1311 002c 20000000 		.4byte	.LVL14
 1312 0030 22000000 		.4byte	.LVL15
 1313 0034 0100     		.2byte	0x1
 1314 0036 50       		.byte	0x50
 1315 0037 22000000 		.4byte	.LVL15
 1316 003b 24000000 		.4byte	.LVL16
 1317 003f 0400     		.2byte	0x4
 1318 0041 F3       		.byte	0xf3
 1319 0042 01       		.uleb128 0x1
 1320 0043 50       		.byte	0x50
 1321 0044 9F       		.byte	0x9f
 1322 0045 24000000 		.4byte	.LVL16
 1323 0049 26000000 		.4byte	.LVL17
 1324 004d 0100     		.2byte	0x1
 1325 004f 50       		.byte	0x50
 1326 0050 26000000 		.4byte	.LVL17
 1327 0054 28000000 		.4byte	.LVL18
 1328 0058 0400     		.2byte	0x4
 1329 005a F3       		.byte	0xf3
 1330 005b 01       		.uleb128 0x1
 1331 005c 50       		.byte	0x50
 1332 005d 9F       		.byte	0x9f
 1333 005e 28000000 		.4byte	.LVL18
ARM GAS  C:\Users\HENRIC~1\AppData\Local\Temp\ccRS5BLb.s 			page 29


 1334 0062 2A000000 		.4byte	.LVL19
 1335 0066 0100     		.2byte	0x1
 1336 0068 50       		.byte	0x50
 1337 0069 2A000000 		.4byte	.LVL19
 1338 006d 2C000000 		.4byte	.LVL20
 1339 0071 0400     		.2byte	0x4
 1340 0073 F3       		.byte	0xf3
 1341 0074 01       		.uleb128 0x1
 1342 0075 50       		.byte	0x50
 1343 0076 9F       		.byte	0x9f
 1344 0077 2C000000 		.4byte	.LVL20
 1345 007b 2E000000 		.4byte	.LVL21
 1346 007f 0100     		.2byte	0x1
 1347 0081 50       		.byte	0x50
 1348 0082 2E000000 		.4byte	.LVL21
 1349 0086 34000000 		.4byte	.LFE64
 1350 008a 0400     		.2byte	0x4
 1351 008c F3       		.byte	0xf3
 1352 008d 01       		.uleb128 0x1
 1353 008e 50       		.byte	0x50
 1354 008f 9F       		.byte	0x9f
 1355 0090 00000000 		.4byte	0
 1356 0094 00000000 		.4byte	0
 1357              		.section	.debug_aranges,"",%progbits
 1358 0000 4C000000 		.4byte	0x4c
 1359 0004 0200     		.2byte	0x2
 1360 0006 00000000 		.4byte	.Ldebug_info0
 1361 000a 04       		.byte	0x4
 1362 000b 00       		.byte	0
 1363 000c 0000     		.2byte	0
 1364 000e 0000     		.2byte	0
 1365 0010 00000000 		.4byte	.LFB69
 1366 0014 0C000000 		.4byte	.LFE69-.LFB69
 1367 0018 00000000 		.4byte	.LFB67
 1368 001c 6C000000 		.4byte	.LFE67-.LFB67
 1369 0020 00000000 		.4byte	.LFB68
 1370 0024 3C000000 		.4byte	.LFE68-.LFB68
 1371 0028 00000000 		.4byte	.LFB63
 1372 002c 48000000 		.4byte	.LFE63-.LFB63
 1373 0030 00000000 		.4byte	.LFB64
 1374 0034 34000000 		.4byte	.LFE64-.LFB64
 1375 0038 00000000 		.4byte	.LFB65
 1376 003c 0C000000 		.4byte	.LFE65-.LFB65
 1377 0040 00000000 		.4byte	.LFB66
 1378 0044 1C000000 		.4byte	.LFE66-.LFB66
 1379 0048 00000000 		.4byte	0
 1380 004c 00000000 		.4byte	0
 1381              		.section	.debug_ranges,"",%progbits
 1382              	.Ldebug_ranges0:
 1383 0000 00000000 		.4byte	.LFB69
 1384 0004 0C000000 		.4byte	.LFE69
 1385 0008 00000000 		.4byte	.LFB67
 1386 000c 6C000000 		.4byte	.LFE67
 1387 0010 00000000 		.4byte	.LFB68
 1388 0014 3C000000 		.4byte	.LFE68
 1389 0018 00000000 		.4byte	.LFB63
 1390 001c 48000000 		.4byte	.LFE63
ARM GAS  C:\Users\HENRIC~1\AppData\Local\Temp\ccRS5BLb.s 			page 30


 1391 0020 00000000 		.4byte	.LFB64
 1392 0024 34000000 		.4byte	.LFE64
 1393 0028 00000000 		.4byte	.LFB65
 1394 002c 0C000000 		.4byte	.LFE65
 1395 0030 00000000 		.4byte	.LFB66
 1396 0034 1C000000 		.4byte	.LFE66
 1397 0038 00000000 		.4byte	0
 1398 003c 00000000 		.4byte	0
 1399              		.section	.debug_line,"",%progbits
 1400              	.Ldebug_line0:
 1401 0000 C2020000 		.section	.debug_str,"MS",%progbits,1
 1401      02000E02 
 1401      00000201 
 1401      FB0E0D00 
 1401      01010101 
 1402              	.LASF33:
 1403 0000 745F6269 		.ascii	"t_bit\000"
 1403      7400
 1404              	.LASF32:
 1405 0006 434D5F49 		.ascii	"CM_IDLE_RX_CALLBACK\000"
 1405      444C455F 
 1405      52585F43 
 1405      414C4C42 
 1405      41434B00 
 1406              	.LASF39:
 1407 001a 73746174 		.ascii	"state\000"
 1407      6500
 1408              	.LASF2:
 1409 0020 73686F72 		.ascii	"short int\000"
 1409      7420696E 
 1409      7400
 1410              	.LASF25:
 1411 002a 73697A65 		.ascii	"sizetype\000"
 1411      74797065 
 1411      00
 1412              	.LASF41:
 1413 0033 62756666 		.ascii	"buffer_len\000"
 1413      65725F6C 
 1413      656E00
 1414              	.LASF24:
 1415 003e 6C6F6E67 		.ascii	"long double\000"
 1415      20646F75 
 1415      626C6500 
 1416              	.LASF47:
 1417 004a 64656C61 		.ascii	"delay\000"
 1417      7900
 1418              	.LASF26:
 1419 0050 54785F53 		.ascii	"Tx_States\000"
 1419      74617465 
 1419      7300
 1420              	.LASF4:
 1421 005a 5F5F7569 		.ascii	"__uint16_t\000"
 1421      6E743136 
 1421      5F7400
 1422              	.LASF50:
 1423 0065 43534D41 		.ascii	"CSMA_TX_Write\000"
 1423      5F54585F 
ARM GAS  C:\Users\HENRIC~1\AppData\Local\Temp\ccRS5BLb.s 			page 31


 1423      57726974 
 1423      6500
 1424              	.LASF30:
 1425 0073 434D5F49 		.ascii	"CM_Idle_Callback\000"
 1425      646C655F 
 1425      43616C6C 
 1425      6261636B 
 1425      00
 1426              	.LASF58:
 1427 0084 636D5F61 		.ascii	"cm_assign_idle_callback\000"
 1427      73736967 
 1427      6E5F6964 
 1427      6C655F63 
 1427      616C6C62 
 1428              	.LASF19:
 1429 009c 54585F46 		.ascii	"TX_FAIL\000"
 1429      41494C00 
 1430              	.LASF12:
 1431 00a4 75696E74 		.ascii	"uint8_t\000"
 1431      385F7400 
 1432              	.LASF20:
 1433 00ac 54785F53 		.ascii	"Tx_States_e\000"
 1433      74617465 
 1433      735F6500 
 1434              	.LASF52:
 1435 00b8 72616E64 		.ascii	"rand\000"
 1435      00
 1436              	.LASF64:
 1437 00bd 74785F67 		.ascii	"tx_get_status\000"
 1437      65745F73 
 1437      74617475 
 1437      7300
 1438              	.LASF21:
 1439 00cb 666C6F61 		.ascii	"float\000"
 1439      7400
 1440              	.LASF16:
 1441 00d1 54585F43 		.ascii	"TX_CHAR\000"
 1441      48415200 
 1442              	.LASF9:
 1443 00d9 6C6F6E67 		.ascii	"long long int\000"
 1443      206C6F6E 
 1443      6720696E 
 1443      7400
 1444              	.LASF56:
 1445 00e7 54785F54 		.ascii	"Tx_Timer_int_StartEx\000"
 1445      696D6572 
 1445      5F696E74 
 1445      5F537461 
 1445      72744578 
 1446              	.LASF7:
 1447 00fc 6C6F6E67 		.ascii	"long int\000"
 1447      20696E74 
 1447      00
 1448              	.LASF29:
 1449 0105 434D5F43 		.ascii	"CM_COLLISION_RX_CALLBACK\000"
 1449      4F4C4C49 
 1449      53494F4E 
ARM GAS  C:\Users\HENRIC~1\AppData\Local\Temp\ccRS5BLb.s 			page 32


 1449      5F52585F 
 1449      43414C4C 
 1450              	.LASF45:
 1451 011e 74785F69 		.ascii	"tx_init\000"
 1451      6E697400 
 1452              	.LASF18:
 1453 0126 54585F44 		.ascii	"TX_DONE\000"
 1453      4F4E4500 
 1454              	.LASF62:
 1455 012e 74785F69 		.ascii	"tx_idle_isr_callback\000"
 1455      646C655F 
 1455      6973725F 
 1455      63616C6C 
 1455      6261636B 
 1456              	.LASF3:
 1457 0143 5F5F7569 		.ascii	"__uint8_t\000"
 1457      6E74385F 
 1457      7400
 1458              	.LASF17:
 1459 014d 54585F42 		.ascii	"TX_BACKOFF\000"
 1459      41434B4F 
 1459      464600
 1460              	.LASF38:
 1461 0158 54785F53 		.ascii	"Tx_State_Machine\000"
 1461      74617465 
 1461      5F4D6163 
 1461      68696E65 
 1461      00
 1462              	.LASF46:
 1463 0169 74785F61 		.ascii	"tx_abort\000"
 1463      626F7274 
 1463      00
 1464              	.LASF1:
 1465 0172 756E7369 		.ascii	"unsigned char\000"
 1465      676E6564 
 1465      20636861 
 1465      7200
 1466              	.LASF63:
 1467 0180 74785F77 		.ascii	"tx_write\000"
 1467      72697465 
 1467      00
 1468              	.LASF53:
 1469 0189 54785F54 		.ascii	"Tx_Timer_WritePeriod\000"
 1469      696D6572 
 1469      5F577269 
 1469      74655065 
 1469      72696F64 
 1470              	.LASF42:
 1471 019e 54785F53 		.ascii	"Tx_State_Machine_t\000"
 1471      74617465 
 1471      5F4D6163 
 1471      68696E65 
 1471      5F7400
 1472              	.LASF0:
 1473 01b1 7369676E 		.ascii	"signed char\000"
 1473      65642063 
 1473      68617200 
ARM GAS  C:\Users\HENRIC~1\AppData\Local\Temp\ccRS5BLb.s 			page 33


 1474              	.LASF10:
 1475 01bd 6C6F6E67 		.ascii	"long long unsigned int\000"
 1475      206C6F6E 
 1475      6720756E 
 1475      7369676E 
 1475      65642069 
 1476              	.LASF51:
 1477 01d4 54785F54 		.ascii	"Tx_Timer_ReadStatusRegister\000"
 1477      696D6572 
 1477      5F526561 
 1477      64537461 
 1477      74757352 
 1478              	.LASF11:
 1479 01f0 756E7369 		.ascii	"unsigned int\000"
 1479      676E6564 
 1479      20696E74 
 1479      00
 1480              	.LASF31:
 1481 01fd 434D5F49 		.ascii	"CM_IDLE_TX_CALLBACK\000"
 1481      444C455F 
 1481      54585F43 
 1481      414C4C42 
 1481      41434B00 
 1482              	.LASF48:
 1483 0211 5F646574 		.ascii	"_detect_collision\000"
 1483      6563745F 
 1483      636F6C6C 
 1483      6973696F 
 1483      6E00
 1484              	.LASF61:
 1485 0223 433A5C55 		.ascii	"C:\\Users\\henrichsc\\Desktop\\School\\Senior_year\\"
 1485      73657273 
 1485      5C68656E 
 1485      72696368 
 1485      73635C44 
 1486 0251 77696E74 		.ascii	"winter\\ce4950\\ce4950-term-project\\Workspace1\\ce"
 1486      65725C63 
 1486      65343935 
 1486      305C6365 
 1486      34393530 
 1487 0280 34393530 		.ascii	"4950-term-project.cydsn\000"
 1487      2D746572 
 1487      6D2D7072 
 1487      6F6A6563 
 1487      742E6379 
 1488              	.LASF49:
 1489 0298 5F74785F 		.ascii	"_tx_sm\000"
 1489      736D00
 1490              	.LASF34:
 1491 029f 727A5F62 		.ascii	"rz_bit\000"
 1491      697400
 1492              	.LASF5:
 1493 02a6 73686F72 		.ascii	"short unsigned int\000"
 1493      7420756E 
 1493      7369676E 
 1493      65642069 
 1493      6E7400
ARM GAS  C:\Users\HENRIC~1\AppData\Local\Temp\ccRS5BLb.s 			page 34


 1494              	.LASF43:
 1495 02b9 74785F74 		.ascii	"tx_timer_isr\000"
 1495      696D6572 
 1495      5F697372 
 1495      00
 1496              	.LASF60:
 1497 02c6 5472616E 		.ascii	"Transmitter2.c\000"
 1497      736D6974 
 1497      74657232 
 1497      2E6300
 1498              	.LASF23:
 1499 02d5 63686172 		.ascii	"char\000"
 1499      00
 1500              	.LASF13:
 1501 02da 75696E74 		.ascii	"uint16_t\000"
 1501      31365F74 
 1501      00
 1502              	.LASF15:
 1503 02e3 54585F57 		.ascii	"TX_WAIT\000"
 1503      41495400 
 1504              	.LASF14:
 1505 02eb 696E7433 		.ascii	"int32_t\000"
 1505      325F7400 
 1506              	.LASF35:
 1507 02f3 5F426F6F 		.ascii	"_Bool\000"
 1507      6C00
 1508              	.LASF40:
 1509 02f9 62756666 		.ascii	"buffer\000"
 1509      657200
 1510              	.LASF37:
 1511 0300 54785F43 		.ascii	"Tx_Char_State_Machine\000"
 1511      6861725F 
 1511      53746174 
 1511      655F4D61 
 1511      6368696E 
 1512              	.LASF8:
 1513 0316 6C6F6E67 		.ascii	"long unsigned int\000"
 1513      20756E73 
 1513      69676E65 
 1513      6420696E 
 1513      7400
 1514              	.LASF22:
 1515 0328 646F7562 		.ascii	"double\000"
 1515      6C6500
 1516              	.LASF57:
 1517 032f 636D5F61 		.ascii	"cm_assign_collision_callback\000"
 1517      73736967 
 1517      6E5F636F 
 1517      6C6C6973 
 1517      696F6E5F 
 1518              	.LASF6:
 1519 034c 5F5F696E 		.ascii	"__int32_t\000"
 1519      7433325F 
 1519      7400
 1520              	.LASF54:
 1521 0356 54785F54 		.ascii	"Tx_Timer_Start\000"
 1521      696D6572 
ARM GAS  C:\Users\HENRIC~1\AppData\Local\Temp\ccRS5BLb.s 			page 35


 1521      5F537461 
 1521      727400
 1522              	.LASF28:
 1523 0365 434D5F43 		.ascii	"CM_COLLISION_TX_CALLBACK\000"
 1523      4F4C4C49 
 1523      53494F4E 
 1523      5F54585F 
 1523      43414C4C 
 1524              	.LASF44:
 1525 037e 74785F63 		.ascii	"tx_collision_isr_callback\000"
 1525      6F6C6C69 
 1525      73696F6E 
 1525      5F697372 
 1525      5F63616C 
 1526              	.LASF65:
 1527 0398 49544D5F 		.ascii	"ITM_RxBuffer\000"
 1527      52784275 
 1527      66666572 
 1527      00
 1528              	.LASF59:
 1529 03a5 474E5520 		.ascii	"GNU C11 5.4.1 20160609 (release) [ARM/embedded-5-br"
 1529      43313120 
 1529      352E342E 
 1529      31203230 
 1529      31363036 
 1530 03d8 616E6368 		.ascii	"anch revision 237715] -mcpu=cortex-m3 -mthumb -g -O"
 1530      20726576 
 1530      6973696F 
 1530      6E203233 
 1530      37373135 
 1531 040b 67202D66 		.ascii	"g -ffunction-sections -ffat-lto-objects\000"
 1531      66756E63 
 1531      74696F6E 
 1531      2D736563 
 1531      74696F6E 
 1532              	.LASF55:
 1533 0433 54785F54 		.ascii	"Tx_Timer_Stop\000"
 1533      696D6572 
 1533      5F53746F 
 1533      7000
 1534              	.LASF36:
 1535 0441 54785F43 		.ascii	"Tx_Char_State_Machine_t\000"
 1535      6861725F 
 1535      53746174 
 1535      655F4D61 
 1535      6368696E 
 1536              	.LASF27:
 1537 0459 434D5F43 		.ascii	"CM_Collision_Callback\000"
 1537      6F6C6C69 
 1537      73696F6E 
 1537      5F43616C 
 1537      6C626163 
 1538              		.ident	"GCC: (GNU Tools for ARM Embedded Processors) 5.4.1 20160609 (release) [ARM/embedded-5-bran
