ARM GAS  C:\Users\HENRIC~1\AppData\Local\Temp\cc86ot75.s 			page 1


   1              		.syntax unified
   2              		.cpu cortex-m3
   3              		.fpu softvfp
   4              		.eabi_attribute 20, 1
   5              		.eabi_attribute 21, 1
   6              		.eabi_attribute 23, 3
   7              		.eabi_attribute 24, 1
   8              		.eabi_attribute 25, 1
   9              		.eabi_attribute 26, 1
  10              		.eabi_attribute 30, 6
  11              		.eabi_attribute 34, 1
  12              		.eabi_attribute 18, 4
  13              		.thumb
  14              		.syntax unified
  15              		.file	"main.c"
  16              		.text
  17              	.Ltext0:
  18              		.cfi_sections	.debug_frame
  19              		.comm	curPos,2,2
  20              		.comm	oldPos,2,2
  21              		.section	.rodata
  22              		.align	2
  23              	.LC0:
  24 0000 43534430 		.ascii	"CSD01\000"
  24      3100
  25              		.section	.text.main,"ax",%progbits
  26              		.align	2
  27              		.global	main
  28              		.thumb
  29              		.thumb_func
  30              		.type	main, %function
  31              	main:
  32              	.LFB63:
  33              		.file 1 "main.c"
   1:main.c        **** /*******************************************************************************
   2:main.c        **** * File Name: main.c
   3:main.c        **** *
   4:main.c        **** * Version: 2.40
   5:main.c        **** *
   6:main.c        **** * Description:
   7:main.c        **** *  The project explains the usage of CapSense CSD component. The 2 buttons and
   8:main.c        **** *  linear sliders are used as sensing elements. LED displays buttons active
   9:main.c        **** *  state and slider position is shown on LCD.
  10:main.c        **** *
  11:main.c        **** ********************************************************************************
  12:main.c        **** * Copyright 2012-2014, Cypress Semiconductor Corporation. All rights reserved.
  13:main.c        **** * This software is owned by Cypress Semiconductor Corporation and is protected
  14:main.c        **** * by and subject to worldwide patent and copyright laws and treaties.
  15:main.c        **** * Therefore, you may use this software only as provided in the license agreement
  16:main.c        **** * accompanying the software package from which you obtained this software.
  17:main.c        **** * CYPRESS AND ITS SUPPLIERS MAKE NO WARRANTY OF ANY KIND, EXPRESS OR IMPLIED,
  18:main.c        **** * WITH REGARD TO THIS SOFTWARE, INCLUDING, BUT NOT LIMITED TO, NONINFRINGEMENT,
  19:main.c        **** * IMPLIED WARRANTIES OF MERCHANTABILITY AND FITNESS FOR A PARTICULAR PURPOSE.
  20:main.c        **** *******************************************************************************/
  21:main.c        **** 
  22:main.c        **** #include <project.h>
  23:main.c        **** 
ARM GAS  C:\Users\HENRIC~1\AppData\Local\Temp\cc86ot75.s 			page 2


  24:main.c        **** void CapSense_DisplayState(void);
  25:main.c        **** 
  26:main.c        **** /* Needed for Bargraph */
  27:main.c        **** extern uint8 const CYCODE LCD_customFonts[];
  28:main.c        **** 
  29:main.c        **** uint16 curPos, oldPos;
  30:main.c        **** 
  31:main.c        **** /*******************************************************************************
  32:main.c        **** * Function Name: main
  33:main.c        **** ********************************************************************************
  34:main.c        **** * Summary:
  35:main.c        **** *  Main function performs following functions:
  36:main.c        **** *   1. Enable global interrupts.
  37:main.c        **** *   2. Initialize CapSense CSD and Start the sensor scanning loop.
  38:main.c        **** *   3. Process scanning results and display it on LCD/LED.
  39:main.c        **** *
  40:main.c        **** * Parameters:
  41:main.c        **** *  None
  42:main.c        **** *
  43:main.c        **** * Return:
  44:main.c        **** *  None
  45:main.c        **** *
  46:main.c        **** *******************************************************************************/
  47:main.c        **** int main()
  48:main.c        **** {
  34              		.loc 1 48 0
  35              		.cfi_startproc
  36              		@ args = 0, pretend = 0, frame = 0
  37              		@ frame_needed = 1, uses_anonymous_args = 0
  38 0000 80B5     		push	{r7, lr}
  39              		.cfi_def_cfa_offset 8
  40              		.cfi_offset 7, -8
  41              		.cfi_offset 14, -4
  42 0002 00AF     		add	r7, sp, #0
  43              		.cfi_def_cfa_register 7
  49:main.c        ****     /* Enable global interrupts */
  50:main.c        ****     CyGlobalIntEnable;
  44              		.loc 1 50 0
  45              		.syntax unified
  46              	@ 50 "main.c" 1
  47 0004 62B6     		CPSIE   i
  48              	@ 0 "" 2
  51:main.c        ****     
  52:main.c        ****     LCD_Start();
  49              		.loc 1 52 0
  50              		.thumb
  51              		.syntax unified
  52 0006 FFF7FEFF 		bl	LCD_Start
  53:main.c        ****     CapSense_CSD_Start();
  53              		.loc 1 53 0
  54 000a FFF7FEFF 		bl	CapSense_CSD_Start
  54:main.c        **** 
  55:main.c        ****     /* The custom fonts for the bargraph need to be manually loaded */
  56:main.c        ****     LCD_LoadCustomFonts(LCD_customFonts);
  55              		.loc 1 56 0
  56 000e 0C48     		ldr	r0, .L4
  57 0010 FFF7FEFF 		bl	LCD_LoadCustomFonts
ARM GAS  C:\Users\HENRIC~1\AppData\Local\Temp\cc86ot75.s 			page 3


  57:main.c        **** 
  58:main.c        ****     LCD_Position(0u, 0u);
  58              		.loc 1 58 0
  59 0014 0021     		movs	r1, #0
  60 0016 0020     		movs	r0, #0
  61 0018 FFF7FEFF 		bl	LCD_Position
  59:main.c        ****     LCD_PrintString("CSD01");
  62              		.loc 1 59 0
  63 001c 0948     		ldr	r0, .L4+4
  64 001e FFF7FEFF 		bl	LCD_PrintString
  60:main.c        **** 
  61:main.c        ****     /* Initialize baselines */
  62:main.c        ****     CapSense_CSD_InitializeAllBaselines();
  65              		.loc 1 62 0
  66 0022 FFF7FEFF 		bl	CapSense_CSD_InitializeAllBaselines
  67              	.L3:
  63:main.c        **** 
  64:main.c        ****     while(1u)
  65:main.c        ****     {
  66:main.c        ****         /* Check whether the scanning of all enabled widgets is completed. */
  67:main.c        ****         if(0u == CapSense_CSD_IsBusy())
  68              		.loc 1 67 0
  69 0026 FFF7FEFF 		bl	CapSense_CSD_IsBusy
  70 002a 0346     		mov	r3, r0
  71 002c 002B     		cmp	r3, #0
  72 002e 03D1     		bne	.L2
  68:main.c        ****         {
  69:main.c        ****             /* Update all baselines */
  70:main.c        ****             CapSense_CSD_UpdateEnabledBaselines();
  73              		.loc 1 70 0
  74 0030 FFF7FEFF 		bl	CapSense_CSD_UpdateEnabledBaselines
  71:main.c        **** 
  72:main.c        ****             /* Start scanning all enabled sensors */
  73:main.c        ****             CapSense_CSD_ScanEnabledWidgets();
  75              		.loc 1 73 0
  76 0034 FFF7FEFF 		bl	CapSense_CSD_ScanEnabledWidgets
  77              	.L2:
  74:main.c        ****         }
  75:main.c        **** 
  76:main.c        ****         /* Display CapSense state using LED/LCD */
  77:main.c        ****         CapSense_DisplayState();
  78              		.loc 1 77 0
  79 0038 FFF7FEFF 		bl	CapSense_DisplayState
  78:main.c        ****     }
  80              		.loc 1 78 0
  81 003c F3E7     		b	.L3
  82              	.L5:
  83 003e 00BF     		.align	2
  84              	.L4:
  85 0040 00000000 		.word	LCD_customFonts
  86 0044 00000000 		.word	.LC0
  87              		.cfi_endproc
  88              	.LFE63:
  89              		.size	main, .-main
  90              		.section	.text.CapSense_DisplayState,"ax",%progbits
  91              		.align	2
  92              		.global	CapSense_DisplayState
ARM GAS  C:\Users\HENRIC~1\AppData\Local\Temp\cc86ot75.s 			page 4


  93              		.thumb
  94              		.thumb_func
  95              		.type	CapSense_DisplayState, %function
  96              	CapSense_DisplayState:
  97              	.LFB64:
  79:main.c        **** }
  80:main.c        **** 
  81:main.c        **** /*******************************************************************************
  82:main.c        **** * Function Name: CapSense_DisplayState
  83:main.c        **** ********************************************************************************
  84:main.c        **** * Summary:
  85:main.c        **** *  Function performs following functions:
  86:main.c        **** *   Display Buttons' state using LEDs and Slider state using LCD bargraph
  87:main.c        **** *
  88:main.c        **** * Parameters:
  89:main.c        **** *  None
  90:main.c        **** *
  91:main.c        **** * Return:
  92:main.c        **** *  None
  93:main.c        **** *
  94:main.c        **** *******************************************************************************/
  95:main.c        **** void CapSense_DisplayState(void)
  96:main.c        **** {
  98              		.loc 1 96 0
  99              		.cfi_startproc
 100              		@ args = 0, pretend = 0, frame = 0
 101              		@ frame_needed = 1, uses_anonymous_args = 0
 102 0000 80B5     		push	{r7, lr}
 103              		.cfi_def_cfa_offset 8
 104              		.cfi_offset 7, -8
 105              		.cfi_offset 14, -4
 106 0002 00AF     		add	r7, sp, #0
 107              		.cfi_def_cfa_register 7
  97:main.c        ****     /* Display BUTTON0 state */
  98:main.c        ****     if (CapSense_CSD_CheckIsWidgetActive(CapSense_CSD_BUTTON0__BTN))
 108              		.loc 1 98 0
 109 0004 0120     		movs	r0, #1
 110 0006 FFF7FEFF 		bl	CapSense_CSD_CheckIsWidgetActive
 111 000a 0346     		mov	r3, r0
 112 000c 002B     		cmp	r3, #0
 113 000e 03D0     		beq	.L7
  99:main.c        ****     {
 100:main.c        ****         LED1_Write(1u);
 114              		.loc 1 100 0
 115 0010 0120     		movs	r0, #1
 116 0012 FFF7FEFF 		bl	LED1_Write
 117 0016 02E0     		b	.L8
 118              	.L7:
 101:main.c        ****     }
 102:main.c        ****     else
 103:main.c        ****     {
 104:main.c        ****         LED1_Write(0u);
 119              		.loc 1 104 0
 120 0018 0020     		movs	r0, #0
 121 001a FFF7FEFF 		bl	LED1_Write
 122              	.L8:
 105:main.c        ****     }
ARM GAS  C:\Users\HENRIC~1\AppData\Local\Temp\cc86ot75.s 			page 5


 106:main.c        **** 
 107:main.c        ****     /* Display BUTTON1 state */
 108:main.c        ****     if (CapSense_CSD_CheckIsWidgetActive(CapSense_CSD_BUTTON1__BTN))
 123              		.loc 1 108 0
 124 001e 0220     		movs	r0, #2
 125 0020 FFF7FEFF 		bl	CapSense_CSD_CheckIsWidgetActive
 126 0024 0346     		mov	r3, r0
 127 0026 002B     		cmp	r3, #0
 128 0028 03D0     		beq	.L9
 109:main.c        ****     {
 110:main.c        ****         LED2_Write(1u);
 129              		.loc 1 110 0
 130 002a 0120     		movs	r0, #1
 131 002c FFF7FEFF 		bl	LED2_Write
 132 0030 02E0     		b	.L10
 133              	.L9:
 111:main.c        ****     }
 112:main.c        ****     else
 113:main.c        ****     {
 114:main.c        ****         LED2_Write(0u);
 134              		.loc 1 114 0
 135 0032 0020     		movs	r0, #0
 136 0034 FFF7FEFF 		bl	LED2_Write
 137              	.L10:
 115:main.c        ****     }
 116:main.c        **** 
 117:main.c        ****     /* Find Slider Position */
 118:main.c        ****     curPos = CapSense_CSD_GetCentroidPos(CapSense_CSD_LINEARSLIDER0__LS);
 138              		.loc 1 118 0
 139 0038 0020     		movs	r0, #0
 140 003a FFF7FEFF 		bl	CapSense_CSD_GetCentroidPos
 141 003e 0346     		mov	r3, r0
 142 0040 1A46     		mov	r2, r3
 143 0042 174B     		ldr	r3, .L15
 144 0044 1A80     		strh	r2, [r3]	@ movhi
 119:main.c        **** 
 120:main.c        ****     /* Reset position */
 121:main.c        ****     if(curPos == 0xFFFFu)
 145              		.loc 1 121 0
 146 0046 164B     		ldr	r3, .L15
 147 0048 1B88     		ldrh	r3, [r3]
 148 004a 4FF6FF72 		movw	r2, #65535
 149 004e 9342     		cmp	r3, r2
 150 0050 02D1     		bne	.L11
 122:main.c        ****     {
 123:main.c        ****         curPos = 0u;
 151              		.loc 1 123 0
 152 0052 134B     		ldr	r3, .L15
 153 0054 0022     		movs	r2, #0
 154 0056 1A80     		strh	r2, [r3]	@ movhi
 155              	.L11:
 124:main.c        ****     }
 125:main.c        **** 
 126:main.c        ****     /* Move bargraph */
 127:main.c        ****     if (curPos != oldPos)
 156              		.loc 1 127 0
 157 0058 114B     		ldr	r3, .L15
ARM GAS  C:\Users\HENRIC~1\AppData\Local\Temp\cc86ot75.s 			page 6


 158 005a 1A88     		ldrh	r2, [r3]
 159 005c 114B     		ldr	r3, .L15+4
 160 005e 1B88     		ldrh	r3, [r3]
 161 0060 9A42     		cmp	r2, r3
 162 0062 1AD0     		beq	.L14
 128:main.c        ****     {
 129:main.c        ****         oldPos = curPos;
 163              		.loc 1 129 0
 164 0064 0E4B     		ldr	r3, .L15
 165 0066 1A88     		ldrh	r2, [r3]
 166 0068 0E4B     		ldr	r3, .L15+4
 167 006a 1A80     		strh	r2, [r3]	@ movhi
 130:main.c        ****         /* Display Slider bargraph */
 131:main.c        ****         if (curPos != 0u)
 168              		.loc 1 131 0
 169 006c 0C4B     		ldr	r3, .L15
 170 006e 1B88     		ldrh	r3, [r3]
 171 0070 002B     		cmp	r3, #0
 172 0072 09D0     		beq	.L13
 132:main.c        ****         {
 133:main.c        ****             LCD_DrawHorizontalBG(0u, 9u, 6u, curPos >> 2);
 173              		.loc 1 133 0
 174 0074 0A4B     		ldr	r3, .L15
 175 0076 1B88     		ldrh	r3, [r3]
 176 0078 9B08     		lsrs	r3, r3, #2
 177 007a 9BB2     		uxth	r3, r3
 178 007c DBB2     		uxtb	r3, r3
 179 007e 0622     		movs	r2, #6
 180 0080 0921     		movs	r1, #9
 181 0082 0020     		movs	r0, #0
 182 0084 FFF7FEFF 		bl	LCD_DrawHorizontalBG
 183              	.L13:
 134:main.c        ****         }
 135:main.c        **** 
 136:main.c        ****         /* Display Slider position value */
 137:main.c        ****         LCD_Position(1u, 10u);
 184              		.loc 1 137 0
 185 0088 0A21     		movs	r1, #10
 186 008a 0120     		movs	r0, #1
 187 008c FFF7FEFF 		bl	LCD_Position
 138:main.c        ****         LCD_PrintInt16(curPos);
 188              		.loc 1 138 0
 189 0090 034B     		ldr	r3, .L15
 190 0092 1B88     		ldrh	r3, [r3]
 191 0094 1846     		mov	r0, r3
 192 0096 FFF7FEFF 		bl	LCD_PrintInt16
 193              	.L14:
 139:main.c        ****     }
 140:main.c        **** }
 194              		.loc 1 140 0
 195 009a 00BF     		nop
 196 009c 80BD     		pop	{r7, pc}
 197              	.L16:
 198 009e 00BF     		.align	2
 199              	.L15:
 200 00a0 00000000 		.word	curPos
 201 00a4 00000000 		.word	oldPos
ARM GAS  C:\Users\HENRIC~1\AppData\Local\Temp\cc86ot75.s 			page 7


 202              		.cfi_endproc
 203              	.LFE64:
 204              		.size	CapSense_DisplayState, .-CapSense_DisplayState
 205              		.text
 206              	.Letext0:
 207              		.file 2 "c:\\program files (x86)\\cypress\\psoc creator\\4.1\\psoc creator\\import\\gnu\\arm\\5.4.
 208              		.file 3 "c:\\program files (x86)\\cypress\\psoc creator\\4.1\\psoc creator\\import\\gnu\\arm\\5.4.
 209              		.file 4 "Generated_Source\\PSoC5/cytypes.h"
 210              		.file 5 "Generated_Source\\PSoC5/core_cm3.h"
 211              		.section	.debug_info,"",%progbits
 212              	.Ldebug_info0:
 213 0000 37010000 		.4byte	0x137
 214 0004 0400     		.2byte	0x4
 215 0006 00000000 		.4byte	.Ldebug_abbrev0
 216 000a 04       		.byte	0x4
 217 000b 01       		.uleb128 0x1
 218 000c D4000000 		.4byte	.LASF24
 219 0010 0C       		.byte	0xc
 220 0011 91000000 		.4byte	.LASF25
 221 0015 00000000 		.4byte	.LASF26
 222 0019 00000000 		.4byte	.Ldebug_ranges0+0
 223 001d 00000000 		.4byte	0
 224 0021 00000000 		.4byte	.Ldebug_line0
 225 0025 02       		.uleb128 0x2
 226 0026 01       		.byte	0x1
 227 0027 06       		.byte	0x6
 228 0028 A0010000 		.4byte	.LASF0
 229 002c 02       		.uleb128 0x2
 230 002d 01       		.byte	0x1
 231 002e 08       		.byte	0x8
 232 002f 62010000 		.4byte	.LASF1
 233 0033 02       		.uleb128 0x2
 234 0034 02       		.byte	0x2
 235 0035 05       		.byte	0x5
 236 0036 C8010000 		.4byte	.LASF2
 237 003a 02       		.uleb128 0x2
 238 003b 02       		.byte	0x2
 239 003c 07       		.byte	0x7
 240 003d 5A000000 		.4byte	.LASF3
 241 0041 03       		.uleb128 0x3
 242 0042 B8010000 		.4byte	.LASF9
 243 0046 02       		.byte	0x2
 244 0047 3F       		.byte	0x3f
 245 0048 4C000000 		.4byte	0x4c
 246 004c 02       		.uleb128 0x2
 247 004d 04       		.byte	0x4
 248 004e 05       		.byte	0x5
 249 004f 75010000 		.4byte	.LASF4
 250 0053 02       		.uleb128 0x2
 251 0054 04       		.byte	0x4
 252 0055 07       		.byte	0x7
 253 0056 AB000000 		.4byte	.LASF5
 254 005a 02       		.uleb128 0x2
 255 005b 08       		.byte	0x8
 256 005c 05       		.byte	0x5
 257 005d 85010000 		.4byte	.LASF6
 258 0061 02       		.uleb128 0x2
ARM GAS  C:\Users\HENRIC~1\AppData\Local\Temp\cc86ot75.s 			page 8


 259 0062 08       		.byte	0x8
 260 0063 07       		.byte	0x7
 261 0064 BD000000 		.4byte	.LASF7
 262 0068 04       		.uleb128 0x4
 263 0069 04       		.byte	0x4
 264 006a 05       		.byte	0x5
 265 006b 696E7400 		.ascii	"int\000"
 266 006f 02       		.uleb128 0x2
 267 0070 04       		.byte	0x4
 268 0071 07       		.byte	0x7
 269 0072 6D000000 		.4byte	.LASF8
 270 0076 03       		.uleb128 0x3
 271 0077 A3000000 		.4byte	.LASF10
 272 007b 03       		.byte	0x3
 273 007c 2C       		.byte	0x2c
 274 007d 41000000 		.4byte	0x41
 275 0081 05       		.uleb128 0x5
 276 0082 9D000000 		.4byte	.LASF11
 277 0086 04       		.byte	0x4
 278 0087 9201     		.2byte	0x192
 279 0089 2C000000 		.4byte	0x2c
 280 008d 05       		.uleb128 0x5
 281 008e D2010000 		.4byte	.LASF12
 282 0092 04       		.byte	0x4
 283 0093 9301     		.2byte	0x193
 284 0095 3A000000 		.4byte	0x3a
 285 0099 02       		.uleb128 0x2
 286 009a 04       		.byte	0x4
 287 009b 04       		.byte	0x4
 288 009c C2010000 		.4byte	.LASF13
 289 00a0 02       		.uleb128 0x2
 290 00a1 08       		.byte	0x8
 291 00a2 04       		.byte	0x4
 292 00a3 7E010000 		.4byte	.LASF14
 293 00a7 02       		.uleb128 0x2
 294 00a8 01       		.byte	0x1
 295 00a9 08       		.byte	0x8
 296 00aa 70010000 		.4byte	.LASF15
 297 00ae 02       		.uleb128 0x2
 298 00af 08       		.byte	0x8
 299 00b0 04       		.byte	0x4
 300 00b1 AC010000 		.4byte	.LASF16
 301 00b5 02       		.uleb128 0x2
 302 00b6 04       		.byte	0x4
 303 00b7 07       		.byte	0x7
 304 00b8 E0010000 		.4byte	.LASF17
 305 00bc 06       		.uleb128 0x6
 306 00bd 98000000 		.4byte	.LASF18
 307 00c1 01       		.byte	0x1
 308 00c2 2F       		.byte	0x2f
 309 00c3 68000000 		.4byte	0x68
 310 00c7 00000000 		.4byte	.LFB63
 311 00cb 48000000 		.4byte	.LFE63-.LFB63
 312 00cf 01       		.uleb128 0x1
 313 00d0 9C       		.byte	0x9c
 314 00d1 07       		.uleb128 0x7
 315 00d2 E9010000 		.4byte	.LASF19
ARM GAS  C:\Users\HENRIC~1\AppData\Local\Temp\cc86ot75.s 			page 9


 316 00d6 01       		.byte	0x1
 317 00d7 5F       		.byte	0x5f
 318 00d8 00000000 		.4byte	.LFB64
 319 00dc A8000000 		.4byte	.LFE64-.LFB64
 320 00e0 01       		.uleb128 0x1
 321 00e1 9C       		.byte	0x9c
 322 00e2 08       		.uleb128 0x8
 323 00e3 F2000000 		.4byte	0xf2
 324 00e7 F2000000 		.4byte	0xf2
 325 00eb 09       		.uleb128 0x9
 326 00ec B5000000 		.4byte	0xb5
 327 00f0 3F       		.byte	0x3f
 328 00f1 00       		.byte	0
 329 00f2 0A       		.uleb128 0xa
 330 00f3 81000000 		.4byte	0x81
 331 00f7 0B       		.uleb128 0xb
 332 00f8 7A000000 		.4byte	.LASF20
 333 00fc 01       		.byte	0x1
 334 00fd 1B       		.byte	0x1b
 335 00fe 02010000 		.4byte	0x102
 336 0102 0A       		.uleb128 0xa
 337 0103 E2000000 		.4byte	0xe2
 338 0107 0C       		.uleb128 0xc
 339 0108 93010000 		.4byte	.LASF21
 340 010c 05       		.byte	0x5
 341 010d 1207     		.2byte	0x712
 342 010f 13010000 		.4byte	0x113
 343 0113 0D       		.uleb128 0xd
 344 0114 76000000 		.4byte	0x76
 345 0118 0E       		.uleb128 0xe
 346 0119 D9010000 		.4byte	.LASF22
 347 011d 01       		.byte	0x1
 348 011e 1D       		.byte	0x1d
 349 011f 8D000000 		.4byte	0x8d
 350 0123 05       		.uleb128 0x5
 351 0124 03       		.byte	0x3
 352 0125 00000000 		.4byte	curPos
 353 0129 0E       		.uleb128 0xe
 354 012a 8A000000 		.4byte	.LASF23
 355 012e 01       		.byte	0x1
 356 012f 1D       		.byte	0x1d
 357 0130 8D000000 		.4byte	0x8d
 358 0134 05       		.uleb128 0x5
 359 0135 03       		.byte	0x3
 360 0136 00000000 		.4byte	oldPos
 361 013a 00       		.byte	0
 362              		.section	.debug_abbrev,"",%progbits
 363              	.Ldebug_abbrev0:
 364 0000 01       		.uleb128 0x1
 365 0001 11       		.uleb128 0x11
 366 0002 01       		.byte	0x1
 367 0003 25       		.uleb128 0x25
 368 0004 0E       		.uleb128 0xe
 369 0005 13       		.uleb128 0x13
 370 0006 0B       		.uleb128 0xb
 371 0007 03       		.uleb128 0x3
 372 0008 0E       		.uleb128 0xe
ARM GAS  C:\Users\HENRIC~1\AppData\Local\Temp\cc86ot75.s 			page 10


 373 0009 1B       		.uleb128 0x1b
 374 000a 0E       		.uleb128 0xe
 375 000b 55       		.uleb128 0x55
 376 000c 17       		.uleb128 0x17
 377 000d 11       		.uleb128 0x11
 378 000e 01       		.uleb128 0x1
 379 000f 10       		.uleb128 0x10
 380 0010 17       		.uleb128 0x17
 381 0011 00       		.byte	0
 382 0012 00       		.byte	0
 383 0013 02       		.uleb128 0x2
 384 0014 24       		.uleb128 0x24
 385 0015 00       		.byte	0
 386 0016 0B       		.uleb128 0xb
 387 0017 0B       		.uleb128 0xb
 388 0018 3E       		.uleb128 0x3e
 389 0019 0B       		.uleb128 0xb
 390 001a 03       		.uleb128 0x3
 391 001b 0E       		.uleb128 0xe
 392 001c 00       		.byte	0
 393 001d 00       		.byte	0
 394 001e 03       		.uleb128 0x3
 395 001f 16       		.uleb128 0x16
 396 0020 00       		.byte	0
 397 0021 03       		.uleb128 0x3
 398 0022 0E       		.uleb128 0xe
 399 0023 3A       		.uleb128 0x3a
 400 0024 0B       		.uleb128 0xb
 401 0025 3B       		.uleb128 0x3b
 402 0026 0B       		.uleb128 0xb
 403 0027 49       		.uleb128 0x49
 404 0028 13       		.uleb128 0x13
 405 0029 00       		.byte	0
 406 002a 00       		.byte	0
 407 002b 04       		.uleb128 0x4
 408 002c 24       		.uleb128 0x24
 409 002d 00       		.byte	0
 410 002e 0B       		.uleb128 0xb
 411 002f 0B       		.uleb128 0xb
 412 0030 3E       		.uleb128 0x3e
 413 0031 0B       		.uleb128 0xb
 414 0032 03       		.uleb128 0x3
 415 0033 08       		.uleb128 0x8
 416 0034 00       		.byte	0
 417 0035 00       		.byte	0
 418 0036 05       		.uleb128 0x5
 419 0037 16       		.uleb128 0x16
 420 0038 00       		.byte	0
 421 0039 03       		.uleb128 0x3
 422 003a 0E       		.uleb128 0xe
 423 003b 3A       		.uleb128 0x3a
 424 003c 0B       		.uleb128 0xb
 425 003d 3B       		.uleb128 0x3b
 426 003e 05       		.uleb128 0x5
 427 003f 49       		.uleb128 0x49
 428 0040 13       		.uleb128 0x13
 429 0041 00       		.byte	0
ARM GAS  C:\Users\HENRIC~1\AppData\Local\Temp\cc86ot75.s 			page 11


 430 0042 00       		.byte	0
 431 0043 06       		.uleb128 0x6
 432 0044 2E       		.uleb128 0x2e
 433 0045 00       		.byte	0
 434 0046 3F       		.uleb128 0x3f
 435 0047 19       		.uleb128 0x19
 436 0048 03       		.uleb128 0x3
 437 0049 0E       		.uleb128 0xe
 438 004a 3A       		.uleb128 0x3a
 439 004b 0B       		.uleb128 0xb
 440 004c 3B       		.uleb128 0x3b
 441 004d 0B       		.uleb128 0xb
 442 004e 49       		.uleb128 0x49
 443 004f 13       		.uleb128 0x13
 444 0050 11       		.uleb128 0x11
 445 0051 01       		.uleb128 0x1
 446 0052 12       		.uleb128 0x12
 447 0053 06       		.uleb128 0x6
 448 0054 40       		.uleb128 0x40
 449 0055 18       		.uleb128 0x18
 450 0056 9642     		.uleb128 0x2116
 451 0058 19       		.uleb128 0x19
 452 0059 00       		.byte	0
 453 005a 00       		.byte	0
 454 005b 07       		.uleb128 0x7
 455 005c 2E       		.uleb128 0x2e
 456 005d 00       		.byte	0
 457 005e 3F       		.uleb128 0x3f
 458 005f 19       		.uleb128 0x19
 459 0060 03       		.uleb128 0x3
 460 0061 0E       		.uleb128 0xe
 461 0062 3A       		.uleb128 0x3a
 462 0063 0B       		.uleb128 0xb
 463 0064 3B       		.uleb128 0x3b
 464 0065 0B       		.uleb128 0xb
 465 0066 27       		.uleb128 0x27
 466 0067 19       		.uleb128 0x19
 467 0068 11       		.uleb128 0x11
 468 0069 01       		.uleb128 0x1
 469 006a 12       		.uleb128 0x12
 470 006b 06       		.uleb128 0x6
 471 006c 40       		.uleb128 0x40
 472 006d 18       		.uleb128 0x18
 473 006e 9642     		.uleb128 0x2116
 474 0070 19       		.uleb128 0x19
 475 0071 00       		.byte	0
 476 0072 00       		.byte	0
 477 0073 08       		.uleb128 0x8
 478 0074 01       		.uleb128 0x1
 479 0075 01       		.byte	0x1
 480 0076 49       		.uleb128 0x49
 481 0077 13       		.uleb128 0x13
 482 0078 01       		.uleb128 0x1
 483 0079 13       		.uleb128 0x13
 484 007a 00       		.byte	0
 485 007b 00       		.byte	0
 486 007c 09       		.uleb128 0x9
ARM GAS  C:\Users\HENRIC~1\AppData\Local\Temp\cc86ot75.s 			page 12


 487 007d 21       		.uleb128 0x21
 488 007e 00       		.byte	0
 489 007f 49       		.uleb128 0x49
 490 0080 13       		.uleb128 0x13
 491 0081 2F       		.uleb128 0x2f
 492 0082 0B       		.uleb128 0xb
 493 0083 00       		.byte	0
 494 0084 00       		.byte	0
 495 0085 0A       		.uleb128 0xa
 496 0086 26       		.uleb128 0x26
 497 0087 00       		.byte	0
 498 0088 49       		.uleb128 0x49
 499 0089 13       		.uleb128 0x13
 500 008a 00       		.byte	0
 501 008b 00       		.byte	0
 502 008c 0B       		.uleb128 0xb
 503 008d 34       		.uleb128 0x34
 504 008e 00       		.byte	0
 505 008f 03       		.uleb128 0x3
 506 0090 0E       		.uleb128 0xe
 507 0091 3A       		.uleb128 0x3a
 508 0092 0B       		.uleb128 0xb
 509 0093 3B       		.uleb128 0x3b
 510 0094 0B       		.uleb128 0xb
 511 0095 49       		.uleb128 0x49
 512 0096 13       		.uleb128 0x13
 513 0097 3F       		.uleb128 0x3f
 514 0098 19       		.uleb128 0x19
 515 0099 3C       		.uleb128 0x3c
 516 009a 19       		.uleb128 0x19
 517 009b 00       		.byte	0
 518 009c 00       		.byte	0
 519 009d 0C       		.uleb128 0xc
 520 009e 34       		.uleb128 0x34
 521 009f 00       		.byte	0
 522 00a0 03       		.uleb128 0x3
 523 00a1 0E       		.uleb128 0xe
 524 00a2 3A       		.uleb128 0x3a
 525 00a3 0B       		.uleb128 0xb
 526 00a4 3B       		.uleb128 0x3b
 527 00a5 05       		.uleb128 0x5
 528 00a6 49       		.uleb128 0x49
 529 00a7 13       		.uleb128 0x13
 530 00a8 3F       		.uleb128 0x3f
 531 00a9 19       		.uleb128 0x19
 532 00aa 3C       		.uleb128 0x3c
 533 00ab 19       		.uleb128 0x19
 534 00ac 00       		.byte	0
 535 00ad 00       		.byte	0
 536 00ae 0D       		.uleb128 0xd
 537 00af 35       		.uleb128 0x35
 538 00b0 00       		.byte	0
 539 00b1 49       		.uleb128 0x49
 540 00b2 13       		.uleb128 0x13
 541 00b3 00       		.byte	0
 542 00b4 00       		.byte	0
 543 00b5 0E       		.uleb128 0xe
ARM GAS  C:\Users\HENRIC~1\AppData\Local\Temp\cc86ot75.s 			page 13


 544 00b6 34       		.uleb128 0x34
 545 00b7 00       		.byte	0
 546 00b8 03       		.uleb128 0x3
 547 00b9 0E       		.uleb128 0xe
 548 00ba 3A       		.uleb128 0x3a
 549 00bb 0B       		.uleb128 0xb
 550 00bc 3B       		.uleb128 0x3b
 551 00bd 0B       		.uleb128 0xb
 552 00be 49       		.uleb128 0x49
 553 00bf 13       		.uleb128 0x13
 554 00c0 3F       		.uleb128 0x3f
 555 00c1 19       		.uleb128 0x19
 556 00c2 02       		.uleb128 0x2
 557 00c3 18       		.uleb128 0x18
 558 00c4 00       		.byte	0
 559 00c5 00       		.byte	0
 560 00c6 00       		.byte	0
 561              		.section	.debug_aranges,"",%progbits
 562 0000 24000000 		.4byte	0x24
 563 0004 0200     		.2byte	0x2
 564 0006 00000000 		.4byte	.Ldebug_info0
 565 000a 04       		.byte	0x4
 566 000b 00       		.byte	0
 567 000c 0000     		.2byte	0
 568 000e 0000     		.2byte	0
 569 0010 00000000 		.4byte	.LFB63
 570 0014 48000000 		.4byte	.LFE63-.LFB63
 571 0018 00000000 		.4byte	.LFB64
 572 001c A8000000 		.4byte	.LFE64-.LFB64
 573 0020 00000000 		.4byte	0
 574 0024 00000000 		.4byte	0
 575              		.section	.debug_ranges,"",%progbits
 576              	.Ldebug_ranges0:
 577 0000 00000000 		.4byte	.LFB63
 578 0004 48000000 		.4byte	.LFE63
 579 0008 00000000 		.4byte	.LFB64
 580 000c A8000000 		.4byte	.LFE64
 581 0010 00000000 		.4byte	0
 582 0014 00000000 		.4byte	0
 583              		.section	.debug_line,"",%progbits
 584              	.Ldebug_line0:
 585 0000 8D010000 		.section	.debug_str,"MS",%progbits,1
 585      02004C01 
 585      00000201 
 585      FB0E0D00 
 585      01010101 
 586              	.LASF26:
 587 0000 433A5C55 		.ascii	"C:\\Users\\henrichsc\\Desktop\\School\\Senior_year\\"
 587      73657273 
 587      5C68656E 
 587      72696368 
 587      73635C44 
 588 002e 66616C6C 		.ascii	"fall\\CE4920\\lab\\CapSense_CSD_Design01.cydsn\000"
 588      5C434534 
 588      3932305C 
 588      6C61625C 
 588      43617053 
ARM GAS  C:\Users\HENRIC~1\AppData\Local\Temp\cc86ot75.s 			page 14


 589              	.LASF3:
 590 005a 73686F72 		.ascii	"short unsigned int\000"
 590      7420756E 
 590      7369676E 
 590      65642069 
 590      6E7400
 591              	.LASF8:
 592 006d 756E7369 		.ascii	"unsigned int\000"
 592      676E6564 
 592      20696E74 
 592      00
 593              	.LASF20:
 594 007a 4C43445F 		.ascii	"LCD_customFonts\000"
 594      63757374 
 594      6F6D466F 
 594      6E747300 
 595              	.LASF23:
 596 008a 6F6C6450 		.ascii	"oldPos\000"
 596      6F7300
 597              	.LASF25:
 598 0091 6D61696E 		.ascii	"main.c\000"
 598      2E6300
 599              	.LASF18:
 600 0098 6D61696E 		.ascii	"main\000"
 600      00
 601              	.LASF11:
 602 009d 75696E74 		.ascii	"uint8\000"
 602      3800
 603              	.LASF10:
 604 00a3 696E7433 		.ascii	"int32_t\000"
 604      325F7400 
 605              	.LASF5:
 606 00ab 6C6F6E67 		.ascii	"long unsigned int\000"
 606      20756E73 
 606      69676E65 
 606      6420696E 
 606      7400
 607              	.LASF7:
 608 00bd 6C6F6E67 		.ascii	"long long unsigned int\000"
 608      206C6F6E 
 608      6720756E 
 608      7369676E 
 608      65642069 
 609              	.LASF24:
 610 00d4 474E5520 		.ascii	"GNU C11 5.4.1 20160609 (release) [ARM/embedded-5-br"
 610      43313120 
 610      352E342E 
 610      31203230 
 610      31363036 
 611 0107 616E6368 		.ascii	"anch revision 237715] -mcpu=cortex-m3 -mthumb -g -O"
 611      20726576 
 611      6973696F 
 611      6E203233 
 611      37373135 
 612 013a 30202D66 		.ascii	"0 -ffunction-sections -ffat-lto-objects\000"
 612      66756E63 
 612      74696F6E 
ARM GAS  C:\Users\HENRIC~1\AppData\Local\Temp\cc86ot75.s 			page 15


 612      2D736563 
 612      74696F6E 
 613              	.LASF1:
 614 0162 756E7369 		.ascii	"unsigned char\000"
 614      676E6564 
 614      20636861 
 614      7200
 615              	.LASF15:
 616 0170 63686172 		.ascii	"char\000"
 616      00
 617              	.LASF4:
 618 0175 6C6F6E67 		.ascii	"long int\000"
 618      20696E74 
 618      00
 619              	.LASF14:
 620 017e 646F7562 		.ascii	"double\000"
 620      6C6500
 621              	.LASF6:
 622 0185 6C6F6E67 		.ascii	"long long int\000"
 622      206C6F6E 
 622      6720696E 
 622      7400
 623              	.LASF21:
 624 0193 49544D5F 		.ascii	"ITM_RxBuffer\000"
 624      52784275 
 624      66666572 
 624      00
 625              	.LASF0:
 626 01a0 7369676E 		.ascii	"signed char\000"
 626      65642063 
 626      68617200 
 627              	.LASF16:
 628 01ac 6C6F6E67 		.ascii	"long double\000"
 628      20646F75 
 628      626C6500 
 629              	.LASF9:
 630 01b8 5F5F696E 		.ascii	"__int32_t\000"
 630      7433325F 
 630      7400
 631              	.LASF13:
 632 01c2 666C6F61 		.ascii	"float\000"
 632      7400
 633              	.LASF2:
 634 01c8 73686F72 		.ascii	"short int\000"
 634      7420696E 
 634      7400
 635              	.LASF12:
 636 01d2 75696E74 		.ascii	"uint16\000"
 636      313600
 637              	.LASF22:
 638 01d9 63757250 		.ascii	"curPos\000"
 638      6F7300
 639              	.LASF17:
 640 01e0 73697A65 		.ascii	"sizetype\000"
 640      74797065 
 640      00
 641              	.LASF19:
ARM GAS  C:\Users\HENRIC~1\AppData\Local\Temp\cc86ot75.s 			page 16


 642 01e9 43617053 		.ascii	"CapSense_DisplayState\000"
 642      656E7365 
 642      5F446973 
 642      706C6179 
 642      53746174 
 643              		.ident	"GCC: (GNU Tools for ARM Embedded Processors) 5.4.1 20160609 (release) [ARM/embedded-5-bran
