--------------- Clean Started: 10/16/2017 21:59:54 Project: Milestone_6, Configuration: ARM GCC 5.4-2016-q2-update Debug ---------------
Deleting file ".\CortexM3\ARM_GCC_541\Debug\main.o"
Deleting file ".\CortexM3\ARM_GCC_541\Debug\Display.o"
Deleting file ".\CortexM3\ARM_GCC_541\Debug\Heartbeat.o"
Deleting file ".\CortexM3\ARM_GCC_541\Debug\Music.o"
Deleting file ".\CortexM3\ARM_GCC_541\Debug\Profile.o"
Deleting file ".\CortexM3\ARM_GCC_541\Debug\RunningAverage.o"
Deleting file ".\CortexM3\ARM_GCC_541\Debug\Uart.o"
Deleting file ".\CortexM3\ARM_GCC_541\Debug\UserIn.o"
Deleting file ".\CortexM3\ARM_GCC_541\Debug\Fault.o"
Deleting file ".\CortexM3\ARM_GCC_541\Debug\Motor.o"
Deleting file ".\CortexM3\ARM_GCC_541\Debug\cyfitter_cfg.o"
Deleting file ".\CortexM3\ARM_GCC_541\Debug\cymetadata.o"
Deleting file ".\CortexM3\ARM_GCC_541\Debug\Cm3Start.o"
Deleting file ".\CortexM3\ARM_GCC_541\Debug\CyBootAsmGnu.o"
Deleting file ".\CortexM3\ARM_GCC_541\Debug\CyDmac.o"
Deleting file ".\CortexM3\ARM_GCC_541\Debug\CyFlash.o"
Deleting file ".\CortexM3\ARM_GCC_541\Debug\CyLib.o"
Deleting file ".\CortexM3\ARM_GCC_541\Debug\cyPm.o"
Deleting file ".\CortexM3\ARM_GCC_541\Debug\CySpc.o"
Deleting file ".\CortexM3\ARM_GCC_541\Debug\cyutils.o"
Deleting file ".\CortexM3\ARM_GCC_541\Debug\LCD.o"
Deleting file ".\CortexM3\ARM_GCC_541\Debug\LCD_PM.o"
Deleting file ".\CortexM3\ARM_GCC_541\Debug\LCD_CustChars.o"
Deleting file ".\CortexM3\ARM_GCC_541\Debug\LCD_LCDPort.o"
Deleting file ".\CortexM3\ARM_GCC_541\Debug\Tone_Int.o"
Deleting file ".\CortexM3\ARM_GCC_541\Debug\Tone_D.o"
Deleting file ".\CortexM3\ARM_GCC_541\Debug\Tone_D_PM.o"
Deleting file ".\CortexM3\ARM_GCC_541\Debug\PWM.o"
Deleting file ".\CortexM3\ARM_GCC_541\Debug\PWM_PM.o"
Deleting file ".\CortexM3\ARM_GCC_541\Debug\PWM_CLK.o"
Deleting file ".\CortexM3\ARM_GCC_541\Debug\USBUART.o"
Deleting file ".\CortexM3\ARM_GCC_541\Debug\USBUART_audio.o"
Deleting file ".\CortexM3\ARM_GCC_541\Debug\USBUART_boot.o"
Deleting file ".\CortexM3\ARM_GCC_541\Debug\USBUART_cdc.o"
Deleting file ".\CortexM3\ARM_GCC_541\Debug\USBUART_cls.o"
Deleting file ".\CortexM3\ARM_GCC_541\Debug\USBUART_descr.o"
Deleting file ".\CortexM3\ARM_GCC_541\Debug\USBUART_drv.o"
Deleting file ".\CortexM3\ARM_GCC_541\Debug\USBUART_episr.o"
Deleting file ".\CortexM3\ARM_GCC_541\Debug\USBUART_hid.o"
Deleting file ".\CortexM3\ARM_GCC_541\Debug\USBUART_pm.o"
Deleting file ".\CortexM3\ARM_GCC_541\Debug\USBUART_std.o"
Deleting file ".\CortexM3\ARM_GCC_541\Debug\USBUART_vnd.o"
Deleting file ".\CortexM3\ARM_GCC_541\Debug\USBUART_midi.o"
Deleting file ".\CortexM3\ARM_GCC_541\Debug\USBUART_msc.o"
Deleting file ".\CortexM3\ARM_GCC_541\Debug\Tone_F.o"
Deleting file ".\CortexM3\ARM_GCC_541\Debug\Tone_F_PM.o"
Deleting file ".\CortexM3\ARM_GCC_541\Debug\Tone_F_CLK.o"
Deleting file ".\CortexM3\ARM_GCC_541\Debug\USBUART_Dm.o"
Deleting file ".\CortexM3\ARM_GCC_541\Debug\USBUART_Dp.o"
Deleting file ".\CortexM3\ARM_GCC_541\Debug\Tone.o"
Deleting file ".\CortexM3\ARM_GCC_541\Debug\CapSense.o"
Deleting file ".\CortexM3\ARM_GCC_541\Debug\CapSense_CSHL.o"
Deleting file ".\CortexM3\ARM_GCC_541\Debug\CapSense_INT.o"
Deleting file ".\CortexM3\ARM_GCC_541\Debug\CapSense_Pins.o"
Deleting file ".\CortexM3\ARM_GCC_541\Debug\CapSense_PM.o"
Deleting file ".\CortexM3\ARM_GCC_541\Debug\CapSense_SMS_Wrapper.o"
Deleting file ".\CortexM3\ARM_GCC_541\Debug\CapSense_TunerHelper.o"
Deleting file ".\CortexM3\ARM_GCC_541\Debug\CapSense_CompCH0.o"
Deleting file ".\CortexM3\ARM_GCC_541\Debug\CapSense_CompCH0_PM.o"
Deleting file ".\CortexM3\ARM_GCC_541\Debug\CapSense_IdacCH0.o"
Deleting file ".\CortexM3\ARM_GCC_541\Debug\CapSense_IdacCH0_PM.o"
Deleting file ".\CortexM3\ARM_GCC_541\Debug\CapSense_AMuxCH0.o"
Deleting file ".\CortexM3\ARM_GCC_541\Debug\CapSense_IntClock.o"
Deleting file ".\CortexM3\ARM_GCC_541\Debug\LED.o"
Deleting file ".\CortexM3\ARM_GCC_541\Debug\HB_Comp.o"
Deleting file ".\CortexM3\ARM_GCC_541\Debug\HB_Comp_PM.o"
Deleting file ".\CortexM3\ARM_GCC_541\Debug\HB_Comp_Int.o"
Deleting file ".\CortexM3\ARM_GCC_541\Debug\HB_ADC.o"
Deleting file ".\CortexM3\ARM_GCC_541\Debug\HB_ADC_INT.o"
Deleting file ".\CortexM3\ARM_GCC_541\Debug\HB_ADC_PM.o"
Deleting file ".\CortexM3\ARM_GCC_541\Debug\E_HB.o"
Deleting file ".\CortexM3\ARM_GCC_541\Debug\I_HB.o"
Deleting file ".\CortexM3\ARM_GCC_541\Debug\I_HB_PM.o"
Deleting file ".\CortexM3\ARM_GCC_541\Debug\HB_Overflow_Int.o"
Deleting file ".\CortexM3\ARM_GCC_541\Debug\HB_Counter.o"
Deleting file ".\CortexM3\ARM_GCC_541\Debug\HB_Counter_PM.o"
Deleting file ".\CortexM3\ARM_GCC_541\Debug\HB_ADC_IRQ.o"
Deleting file ".\CortexM3\ARM_GCC_541\Debug\HB_ADC_theACLK.o"
Deleting file ".\CortexM3\ARM_GCC_541\Debug\I_HB_DacClk.o"
Deleting file ".\CortexM3\ARM_GCC_541\Debug\I_HB_Wave1_DMA_dma.o"
Deleting file ".\CortexM3\ARM_GCC_541\Debug\I_HB_Wave2_DMA_dma.o"
Deleting file ".\CortexM3\ARM_GCC_541\Debug\I_HB_VDAC8.o"
Deleting file ".\CortexM3\ARM_GCC_541\Debug\I_HB_VDAC8_PM.o"
Deleting file ".\CortexM3\ARM_GCC_541\Debug\HB_DAC.o"
Deleting file ".\CortexM3\ARM_GCC_541\Debug\HB_DAC_PM.o"
Deleting file ".\CortexM3\ARM_GCC_541\Debug\HB_RCST.o"
Deleting file ".\CortexM3\ARM_GCC_541\Debug\HB_MUX.o"
Deleting file ".\CortexM3\ARM_GCC_541\Debug\HB_Comp_Neg_DAC.o"
Deleting file ".\CortexM3\ARM_GCC_541\Debug\HB_Comp_Neg_DAC_PM.o"
Deleting file ".\CortexM3\ARM_GCC_541\Debug\HB_PGA.o"
Deleting file ".\CortexM3\ARM_GCC_541\Debug\HB_PGA_PM.o"
Deleting file ".\CortexM3\ARM_GCC_541\Debug\Slow_CLK.o"
Deleting file ".\CortexM3\ARM_GCC_541\Debug\CLK_2KHZ.o"
Deleting file ".\CortexM3\ARM_GCC_541\Debug\PGA_Test_Pin.o"
Deleting file ".\CortexM3\ARM_GCC_541\Debug\HB_Detect_Pin.o"
Deleting file ".\CortexM3\ARM_GCC_541\Debug\CLK_2KHZ_1.o"
Deleting file ".\CortexM3\ARM_GCC_541\Debug\Motor_Fault_Status.o"
Deleting file ".\CortexM3\ARM_GCC_541\Debug\User_Input_Fault_Status.o"
Deleting file ".\CortexM3\ARM_GCC_541\Debug\Heartbeat_Fault_Status.o"
Deleting file ".\CortexM3\ARM_GCC_541\Debug\Watchdog_Timer.o"
Deleting file ".\CortexM3\ARM_GCC_541\Debug\Watchdog_Timer_PM.o"
Deleting file ".\CortexM3\ARM_GCC_541\Debug\Watchdog_Timer_Overflow_Int.o"
Deleting file ".\CortexM3\ARM_GCC_541\Debug\Milestone_6.hex"
Deleting file ".\CortexM3\ARM_GCC_541\Debug\Milestone_6.map"
Deleting file ".\Milestone_6.cycdx"
Deleting file ".\Milestone_6.svd"
Deleting file ".\Milestone_6.rpt"
Deleting file ".\Milestone_6_timing.html"
Deleting file ".\CortexM3\ARM_GCC_541\Debug\.deps\SOURCE_C__ARM_GCC_GENERIC.P"
Deleting file ".\CortexM3\ARM_GCC_541\Debug\.deps\SOURCE_ASM__ARM_GCC_GENERIC.P"
--------------- Clean Succeeded: 10/16/2017 21:59:54 ---------------
