--------------- Build Started: 09/10/2017 23:18:26 Project: CapSense_CSD_Design01, Configuration: ARM GCC 5.4-2016-q2-update Debug ---------------
cydsfit.exe -.appdatapath "C:\Users\henrichsc\AppData\Local\Cypress Semiconductor\PSoC Creator\4.1" -.fdsnotice -.fdswarpdepfile=warp_dependencies.txt -.fdselabdepfile=elab_dependencies.txt -.fdsbldfile=generated_files.txt -.fdsreffile=referenced_files.txt -p C:\Users\henrichsc\Desktop\School\Senior_year\fall\CE4920\lab\CapSense_CSD_Design01.cydsn\CapSense_CSD_Design01.cyprj -d CY8C5868AXI-LP035 -s C:\Users\henrichsc\Desktop\School\Senior_year\fall\CE4920\lab\CapSense_CSD_Design01.cydsn\Generated_Source\PSoC5 -- -yv2 -q10 -ygs -o2 -v3 -.fftcfgtype=LE
Elaborating Design...
HDL Generation...
Synthesis...
Tech Mapping...
Analog Placement...
Log: apr.M0058: The analog placement iterative improvement is 59% done. (App=cydsfit)
Log: apr.M0058: The analog placement iterative improvement is 79% done. (App=cydsfit)
Analog Routing...
Analog Code Generation...
Digital Placement...
Digital Routing...
Bitstream Generation...
Bitstream Verification...
Static timing analysis...
API Generation...
Dependency Generation...
Cleanup...
arm-none-eabi-gcc.exe -mcpu=cortex-m3 -mthumb -I. -IGenerated_Source\PSoC5 -Wa,-alh=.\ARM_GCC_541\Debug/main.lst -g -ffunction-sections -ffat-lto-objects -O0 -c main.c -o .\ARM_GCC_541\Debug\main.o
arm-none-eabi-gcc.exe -mcpu=cortex-m3 -mthumb -I. -IGenerated_Source\PSoC5 -Wa,-alh=.\ARM_GCC_541\Debug/cyfitter_cfg.lst -g -ffunction-sections -ffat-lto-objects -O0 -c Generated_Source\PSoC5\cyfitter_cfg.c -o .\ARM_GCC_541\Debug\cyfitter_cfg.o
arm-none-eabi-gcc.exe -mcpu=cortex-m3 -mthumb -I. -IGenerated_Source\PSoC5 -Wa,-alh=.\ARM_GCC_541\Debug/cymetadata.lst -g -ffunction-sections -ffat-lto-objects -O0 -c Generated_Source\PSoC5\cymetadata.c -o .\ARM_GCC_541\Debug\cymetadata.o
arm-none-eabi-gcc.exe -mcpu=cortex-m3 -mthumb -I. -IGenerated_Source\PSoC5 -Wa,-alh=.\ARM_GCC_541\Debug/CapSense_CSD.lst -g -ffunction-sections -ffat-lto-objects -O0 -c Generated_Source\PSoC5\CapSense_CSD.c -o .\ARM_GCC_541\Debug\CapSense_CSD.o
arm-none-eabi-gcc.exe -mcpu=cortex-m3 -mthumb -I. -IGenerated_Source\PSoC5 -Wa,-alh=.\ARM_GCC_541\Debug/CapSense_CSD_CSHL.lst -g -ffunction-sections -ffat-lto-objects -O0 -c Generated_Source\PSoC5\CapSense_CSD_CSHL.c -o .\ARM_GCC_541\Debug\CapSense_CSD_CSHL.o
arm-none-eabi-gcc.exe -mcpu=cortex-m3 -mthumb -I. -IGenerated_Source\PSoC5 -Wa,-alh=.\ARM_GCC_541\Debug/CapSense_CSD_INT.lst -g -ffunction-sections -ffat-lto-objects -O0 -c Generated_Source\PSoC5\CapSense_CSD_INT.c -o .\ARM_GCC_541\Debug\CapSense_CSD_INT.o
arm-none-eabi-gcc.exe -mcpu=cortex-m3 -mthumb -I. -IGenerated_Source\PSoC5 -Wa,-alh=.\ARM_GCC_541\Debug/CapSense_CSD_Pins.lst -g -ffunction-sections -ffat-lto-objects -O0 -c Generated_Source\PSoC5\CapSense_CSD_Pins.c -o .\ARM_GCC_541\Debug\CapSense_CSD_Pins.o
arm-none-eabi-gcc.exe -mcpu=cortex-m3 -mthumb -I. -IGenerated_Source\PSoC5 -Wa,-alh=.\ARM_GCC_541\Debug/CapSense_CSD_PM.lst -g -ffunction-sections -ffat-lto-objects -O0 -c Generated_Source\PSoC5\CapSense_CSD_PM.c -o .\ARM_GCC_541\Debug\CapSense_CSD_PM.o
arm-none-eabi-gcc.exe -mcpu=cortex-m3 -mthumb -I. -IGenerated_Source\PSoC5 -Wa,-alh=.\ARM_GCC_541\Debug/CapSense_CSD_SMS_Wrapper.lst -g -ffunction-sections -ffat-lto-objects -O0 -c Generated_Source\PSoC5\CapSense_CSD_SMS_Wrapper.c -o .\ARM_GCC_541\Debug\CapSense_CSD_SMS_Wrapper.o
arm-none-eabi-gcc.exe -mcpu=cortex-m3 -mthumb -I. -IGenerated_Source\PSoC5 -Wa,-alh=.\ARM_GCC_541\Debug/CapSense_CSD_TunerHelper.lst -g -ffunction-sections -ffat-lto-objects -O0 -c Generated_Source\PSoC5\CapSense_CSD_TunerHelper.c -o .\ARM_GCC_541\Debug\CapSense_CSD_TunerHelper.o
arm-none-eabi-gcc.exe -mcpu=cortex-m3 -mthumb -I. -IGenerated_Source\PSoC5 -Wa,-alh=.\ARM_GCC_541\Debug/LCD_BarGraph.lst -g -ffunction-sections -ffat-lto-objects -O0 -c Generated_Source\PSoC5\LCD_BarGraph.c -o .\ARM_GCC_541\Debug\LCD_BarGraph.o
arm-none-eabi-gcc.exe -mcpu=cortex-m3 -mthumb -I. -IGenerated_Source\PSoC5 -Wa,-alh=.\ARM_GCC_541\Debug/LCD.lst -g -ffunction-sections -ffat-lto-objects -O0 -c Generated_Source\PSoC5\LCD.c -o .\ARM_GCC_541\Debug\LCD.o
arm-none-eabi-gcc.exe -mcpu=cortex-m3 -mthumb -I. -IGenerated_Source\PSoC5 -Wa,-alh=.\ARM_GCC_541\Debug/LCD_PM.lst -g -ffunction-sections -ffat-lto-objects -O0 -c Generated_Source\PSoC5\LCD_PM.c -o .\ARM_GCC_541\Debug\LCD_PM.o
arm-none-eabi-gcc.exe -mcpu=cortex-m3 -mthumb -I. -IGenerated_Source\PSoC5 -Wa,-alh=.\ARM_GCC_541\Debug/LED1.lst -g -ffunction-sections -ffat-lto-objects -O0 -c Generated_Source\PSoC5\LED1.c -o .\ARM_GCC_541\Debug\LED1.o
arm-none-eabi-gcc.exe -mcpu=cortex-m3 -mthumb -I. -IGenerated_Source\PSoC5 -Wa,-alh=.\ARM_GCC_541\Debug/LED2.lst -g -ffunction-sections -ffat-lto-objects -O0 -c Generated_Source\PSoC5\LED2.c -o .\ARM_GCC_541\Debug\LED2.o
arm-none-eabi-gcc.exe -mcpu=cortex-m3 -mthumb -I. -IGenerated_Source\PSoC5 -Wa,-alh=.\ARM_GCC_541\Debug/CapSense_CSD_CompCH0.lst -g -ffunction-sections -ffat-lto-objects -O0 -c Generated_Source\PSoC5\CapSense_CSD_CompCH0.c -o .\ARM_GCC_541\Debug\CapSense_CSD_CompCH0.o
arm-none-eabi-gcc.exe -mcpu=cortex-m3 -mthumb -I. -IGenerated_Source\PSoC5 -Wa,-alh=.\ARM_GCC_541\Debug/CapSense_CSD_CompCH0_PM.lst -g -ffunction-sections -ffat-lto-objects -O0 -c Generated_Source\PSoC5\CapSense_CSD_CompCH0_PM.c -o .\ARM_GCC_541\Debug\CapSense_CSD_CompCH0_PM.o
arm-none-eabi-gcc.exe -mcpu=cortex-m3 -mthumb -I. -IGenerated_Source\PSoC5 -Wa,-alh=.\ARM_GCC_541\Debug/CapSense_CSD_IdacCH0.lst -g -ffunction-sections -ffat-lto-objects -O0 -c Generated_Source\PSoC5\CapSense_CSD_IdacCH0.c -o .\ARM_GCC_541\Debug\CapSense_CSD_IdacCH0.o
arm-none-eabi-gcc.exe -mcpu=cortex-m3 -mthumb -I. -IGenerated_Source\PSoC5 -Wa,-alh=.\ARM_GCC_541\Debug/CapSense_CSD_IdacCH0_PM.lst -g -ffunction-sections -ffat-lto-objects -O0 -c Generated_Source\PSoC5\CapSense_CSD_IdacCH0_PM.c -o .\ARM_GCC_541\Debug\CapSense_CSD_IdacCH0_PM.o
arm-none-eabi-gcc.exe -mcpu=cortex-m3 -mthumb -I. -IGenerated_Source\PSoC5 -Wa,-alh=.\ARM_GCC_541\Debug/CapSense_CSD_AMuxCH0.lst -g -ffunction-sections -ffat-lto-objects -O0 -c Generated_Source\PSoC5\CapSense_CSD_AMuxCH0.c -o .\ARM_GCC_541\Debug\CapSense_CSD_AMuxCH0.o
arm-none-eabi-gcc.exe -mcpu=cortex-m3 -mthumb -I. -IGenerated_Source\PSoC5 -Wa,-alh=.\ARM_GCC_541\Debug/CapSense_CSD_IntClock.lst -g -ffunction-sections -ffat-lto-objects -O0 -c Generated_Source\PSoC5\CapSense_CSD_IntClock.c -o .\ARM_GCC_541\Debug\CapSense_CSD_IntClock.o
arm-none-eabi-gcc.exe -mcpu=cortex-m3 -mthumb -I. -IGenerated_Source\PSoC5 -Wa,-alh=.\ARM_GCC_541\Debug/LCD_LCDPort.lst -g -ffunction-sections -ffat-lto-objects -O0 -c Generated_Source\PSoC5\LCD_LCDPort.c -o .\ARM_GCC_541\Debug\LCD_LCDPort.o
arm-none-eabi-gcc.exe -mcpu=cortex-m3 -mthumb -I. -IGenerated_Source\PSoC5 -Wa,-alh=.\ARM_GCC_541\Debug/Cm3Start.lst -g -ffunction-sections -ffat-lto-objects -O0 -c Generated_Source\PSoC5\Cm3Start.c -o .\ARM_GCC_541\Debug\Cm3Start.o
arm-none-eabi-gcc.exe -mcpu=cortex-m3 -mthumb -I. -IGenerated_Source\PSoC5 -Wa,-alh=.\ARM_GCC_541\Debug/CyDmac.lst -g -ffunction-sections -ffat-lto-objects -O0 -c Generated_Source\PSoC5\CyDmac.c -o .\ARM_GCC_541\Debug\CyDmac.o
arm-none-eabi-gcc.exe -mcpu=cortex-m3 -mthumb -I. -IGenerated_Source\PSoC5 -Wa,-alh=.\ARM_GCC_541\Debug/CyFlash.lst -g -ffunction-sections -ffat-lto-objects -O0 -c Generated_Source\PSoC5\CyFlash.c -o .\ARM_GCC_541\Debug\CyFlash.o
arm-none-eabi-gcc.exe -mcpu=cortex-m3 -mthumb -I. -IGenerated_Source\PSoC5 -Wa,-alh=.\ARM_GCC_541\Debug/CyLib.lst -g -ffunction-sections -ffat-lto-objects -O0 -c Generated_Source\PSoC5\CyLib.c -o .\ARM_GCC_541\Debug\CyLib.o
arm-none-eabi-gcc.exe -mcpu=cortex-m3 -mthumb -I. -IGenerated_Source\PSoC5 -Wa,-alh=.\ARM_GCC_541\Debug/cyPm.lst -g -ffunction-sections -ffat-lto-objects -O0 -c Generated_Source\PSoC5\cyPm.c -o .\ARM_GCC_541\Debug\cyPm.o
arm-none-eabi-gcc.exe -mcpu=cortex-m3 -mthumb -I. -IGenerated_Source\PSoC5 -Wa,-alh=.\ARM_GCC_541\Debug/CySpc.lst -g -ffunction-sections -ffat-lto-objects -O0 -c Generated_Source\PSoC5\CySpc.c -o .\ARM_GCC_541\Debug\CySpc.o
arm-none-eabi-gcc.exe -mcpu=cortex-m3 -mthumb -I. -IGenerated_Source\PSoC5 -Wa,-alh=.\ARM_GCC_541\Debug/cyutils.lst -g -ffunction-sections -ffat-lto-objects -O0 -c Generated_Source\PSoC5\cyutils.c -o .\ARM_GCC_541\Debug\cyutils.o
arm-none-eabi-as.exe -mcpu=cortex-m3 -mthumb -I. -IGenerated_Source\PSoC5 -alh=.\ARM_GCC_541\Debug/CyBootAsmGnu.lst -g -o .\ARM_GCC_541\Debug\CyBootAsmGnu.o Generated_Source\PSoC5\CyBootAsmGnu.s
arm-none-eabi-ar.exe -rs .\ARM_GCC_541\Debug\CapSense_CSD_Design01.a .\ARM_GCC_541\Debug\CapSense_CSD.o .\ARM_GCC_541\Debug\CapSense_CSD_CSHL.o .\ARM_GCC_541\Debug\CapSense_CSD_INT.o .\ARM_GCC_541\Debug\CapSense_CSD_Pins.o .\ARM_GCC_541\Debug\CapSense_CSD_PM.o .\ARM_GCC_541\Debug\CapSense_CSD_SMS_Wrapper.o .\ARM_GCC_541\Debug\CapSense_CSD_TunerHelper.o .\ARM_GCC_541\Debug\LCD_BarGraph.o .\ARM_GCC_541\Debug\LCD.o .\ARM_GCC_541\Debug\LCD_PM.o .\ARM_GCC_541\Debug\LED1.o .\ARM_GCC_541\Debug\LED2.o .\ARM_GCC_541\Debug\CapSense_CSD_CompCH0.o .\ARM_GCC_541\Debug\CapSense_CSD_CompCH0_PM.o .\ARM_GCC_541\Debug\CapSense_CSD_IdacCH0.o .\ARM_GCC_541\Debug\CapSense_CSD_IdacCH0_PM.o .\ARM_GCC_541\Debug\CapSense_CSD_AMuxCH0.o .\ARM_GCC_541\Debug\CapSense_CSD_IntClock.o .\ARM_GCC_541\Debug\LCD_LCDPort.o .\ARM_GCC_541\Debug\CyDmac.o .\ARM_GCC_541\Debug\CyFlash.o .\ARM_GCC_541\Debug\CyLib.o .\ARM_GCC_541\Debug\cyPm.o .\ARM_GCC_541\Debug\CySpc.o .\ARM_GCC_541\Debug\cyutils.o .\ARM_GCC_541\Debug\CyBootAsmGnu.o
arm-none-eabi-ar.exe: creating .\ARM_GCC_541\Debug\CapSense_CSD_Design01.a
arm-none-eabi-gcc.exe -Wl,--start-group -o C:\Users\henrichsc\Desktop\School\Senior_year\fall\CE4920\lab\CapSense_CSD_Design01.cydsn\ARM_GCC_541\Debug\CapSense_CSD_Design01.elf .\ARM_GCC_541\Debug\main.o .\ARM_GCC_541\Debug\cyfitter_cfg.o .\ARM_GCC_541\Debug\cymetadata.o .\ARM_GCC_541\Debug\Cm3Start.o .\ARM_GCC_541\Debug\CapSense_CSD_Design01.a "C:\Program Files (x86)\Cypress\PSoC Creator\4.1\PSoC Creator\psoc\content\CyComponentLibrary\CyComponentLibrary.cylib\CapSense_CSD_v3_50\Library\CapSenseLibrary_GCC.a" "C:\Program Files (x86)\Cypress\PSoC Creator\4.1\PSoC Creator\psoc\content\cycomponentlibrary\CyComponentLibrary.cylib\CortexM3\ARM_GCC_541\Debug\CyComponentLibrary.a" -mcpu=cortex-m3 -mthumb -L Generated_Source\PSoC5 -Wl,-Map,.\ARM_GCC_541\Debug/CapSense_CSD_Design01.map -T Generated_Source\PSoC5\cm3gcc.ld -specs=nano.specs -Wl,--gc-sections -g -ffunction-sections -O0 -ffat-lto-objects -Wl,--end-group
cyelftool.exe -C C:\Users\henrichsc\Desktop\School\Senior_year\fall\CE4920\lab\CapSense_CSD_Design01.cydsn\ARM_GCC_541\Debug\CapSense_CSD_Design01.elf --flash_row_size 256 --flash_size 262144 --flash_offset 0x00000000
cyelftool.exe -S C:\Users\henrichsc\Desktop\School\Senior_year\fall\CE4920\lab\CapSense_CSD_Design01.cydsn\ARM_GCC_541\Debug\CapSense_CSD_Design01.elf
Flash used: 8222 of 262144 bytes (3.1 %).
SRAM used: 2629 of 65536 bytes (4.0 %). Stack: 2048 bytes. Heap: 128 bytes.
--------------- Build Succeeded: 09/10/2017 23:18:44 ---------------
