ARM GAS  C:\Users\HENRIC~1\AppData\Local\Temp\ccFvS6yX.s 			page 1


   1              		.syntax unified
   2              		.cpu cortex-m3
   3              		.fpu softvfp
   4              		.eabi_attribute 20, 1
   5              		.eabi_attribute 21, 1
   6              		.eabi_attribute 23, 3
   7              		.eabi_attribute 24, 1
   8              		.eabi_attribute 25, 1
   9              		.eabi_attribute 26, 1
  10              		.eabi_attribute 30, 1
  11              		.eabi_attribute 34, 1
  12              		.eabi_attribute 18, 4
  13              		.thumb
  14              		.syntax unified
  15              		.file	"Heartbeat.c"
  16              		.text
  17              	.Ltext0:
  18              		.cfi_sections	.debug_frame
  19              		.global	__aeabi_i2f
  20              		.global	__aeabi_fcmpgt
  21              		.global	__aeabi_f2uiz
  22              		.section	.text.comp_isr,"ax",%progbits
  23              		.align	2
  24              		.global	comp_isr
  25              		.thumb
  26              		.thumb_func
  27              		.type	comp_isr, %function
  28              	comp_isr:
  29              	.LFB68:
  30              		.file 1 "Heartbeat.c"
   1:Heartbeat.c   **** /**
   2:Heartbeat.c   ****  * Heartbeat
   3:Heartbeat.c   ****  * @author Curt Henrichs
   4:Heartbeat.c   ****  * @date 9-17-17
   5:Heartbeat.c   ****  *
   6:Heartbeat.c   ****  * Heartbeat module is a software module tasked with collecting heartbeat
   7:Heartbeat.c   ****  * rate from the user for the treadmill application. Heartbeat module operates
   8:Heartbeat.c   ****  * via interrupts. Interrupts are on ADC (for waveform recreation), on counter
   9:Heartbeat.c   ****  * (for overflow, signalling no pulse), and on an analog comparator (to detect
  10:Heartbeat.c   ****  * heartbeat peak and therefore measure frequency).
  11:Heartbeat.c   ****  */
  12:Heartbeat.c   **** 
  13:Heartbeat.c   **** //=============================================================================
  14:Heartbeat.c   **** //                                  Libraries
  15:Heartbeat.c   **** //=============================================================================
  16:Heartbeat.c   ****    
  17:Heartbeat.c   **** #include "Heartbeat.h"
  18:Heartbeat.c   **** #include <project.h>
  19:Heartbeat.c   **** #include "RunningAverage.h"
  20:Heartbeat.c   **** 
  21:Heartbeat.c   **** //=============================================================================
  22:Heartbeat.c   **** //                        Constant and Macro Defintions
  23:Heartbeat.c   **** //=============================================================================
  24:Heartbeat.c   **** 
  25:Heartbeat.c   **** #define HB_MUX_INTERNAL_CH 0 //! Heartbeat internal channel connected to DAC
  26:Heartbeat.c   **** 
  27:Heartbeat.c   **** #define HB_MUX_EXTERNAL_CH 1 //! Heartbeat external channel connected to pin
ARM GAS  C:\Users\HENRIC~1\AppData\Local\Temp\ccFvS6yX.s 			page 2


  28:Heartbeat.c   **** 
  29:Heartbeat.c   **** #define HB_COMP_HEARTBEAT_THRESHOLD_VALUE 100 //! DAC value for comparator
  30:Heartbeat.c   **** 
  31:Heartbeat.c   **** #define HEARTBEAT_FILTER_SIZE 8 //! Filter bins for running average
  32:Heartbeat.c   **** 
  33:Heartbeat.c   **** #define MAX_POSSIBLE_HEARTBEAT 300 //! Highest heartbeat allowed, else zero
  34:Heartbeat.c   **** 
  35:Heartbeat.c   **** //=============================================================================
  36:Heartbeat.c   **** //                             Private Attributes
  37:Heartbeat.c   **** //=============================================================================
  38:Heartbeat.c   **** 
  39:Heartbeat.c   **** /**
  40:Heartbeat.c   ****  * FIR filter of BPM to remove noise in measurement
  41:Heartbeat.c   ****  */
  42:Heartbeat.c   **** static volatile Running_Average_t _filter;
  43:Heartbeat.c   **** /**
  44:Heartbeat.c   ****  * Boolean flag to signal whether the heartbeat detection will flash LED
  45:Heartbeat.c   ****  */
  46:Heartbeat.c   **** static volatile bool _use_led_state = false;
  47:Heartbeat.c   **** 
  48:Heartbeat.c   **** //=============================================================================
  49:Heartbeat.c   **** //                         Interrupt Handler Prototypes
  50:Heartbeat.c   **** //=============================================================================
  51:Heartbeat.c   **** 
  52:Heartbeat.c   **** /**
  53:Heartbeat.c   ****  * Comparator ISR is triggered on rising edge of peak detection. Responsible
  54:Heartbeat.c   ****  * for calculating current beats per minute and storing that result into
  55:Heartbeat.c   ****  * running average. Resets counter to zero for next comparison.
  56:Heartbeat.c   ****  */
  57:Heartbeat.c   **** CY_ISR_PROTO(comp_isr);
  58:Heartbeat.c   **** /**
  59:Heartbeat.c   ****  * ADC EOC ISR is triggered on end of conversion event. Responsible for reading
  60:Heartbeat.c   ****  * result from ADC, scaling it, and recreating it on the DAC.
  61:Heartbeat.c   ****  */
  62:Heartbeat.c   **** CY_ISR_PROTO(ADC_EOC_isr);
  63:Heartbeat.c   **** /**
  64:Heartbeat.c   ****  * Counter overflow ISR is triggered when counter register overflows. This
  65:Heartbeat.c   ****  * interrupt is a fail-safe to record zero heartbeat. 
  66:Heartbeat.c   ****  */
  67:Heartbeat.c   **** CY_ISR_PROTO(counter_overflow_isr);
  68:Heartbeat.c   **** 
  69:Heartbeat.c   **** //=============================================================================
  70:Heartbeat.c   **** //                         Public Function Implementation
  71:Heartbeat.c   **** //=============================================================================
  72:Heartbeat.c   ****   
  73:Heartbeat.c   **** /**
  74:Heartbeat.c   ****  * Heartbeat module intialization function will start all module hardware and
  75:Heartbeat.c   ****  * intialize all private attributes. This module is entirely driven by
  76:Heartbeat.c   ****  * interrupts so it is crucial that global interrupts are enabled.
  77:Heartbeat.c   ****  * @param source is the heartbeat input source for analog MUX channel select
  78:Heartbeat.c   ****  */
  79:Heartbeat.c   **** void heartbeat_init(Heartbeat_Source_e source){
  80:Heartbeat.c   ****     
  81:Heartbeat.c   ****     //initalize attributes
  82:Heartbeat.c   ****     running_average_init((Running_Average_t*)(&_filter),HEARTBEAT_FILTER_SIZE);
  83:Heartbeat.c   ****     
  84:Heartbeat.c   ****     //start analog output hardware
ARM GAS  C:\Users\HENRIC~1\AppData\Local\Temp\ccFvS6yX.s 			page 3


  85:Heartbeat.c   ****     HB_Comp_Neg_DAC_Start();
  86:Heartbeat.c   ****     HB_Comp_Neg_DAC_SetValue(HB_COMP_HEARTBEAT_THRESHOLD_VALUE);
  87:Heartbeat.c   ****     HB_DAC_Start();
  88:Heartbeat.c   ****     HB_DAC_SetValue(0);
  89:Heartbeat.c   ****     
  90:Heartbeat.c   ****     //start analog input hardware
  91:Heartbeat.c   ****     HB_ADC_Start();
  92:Heartbeat.c   ****     HB_ADC_StartConvert();
  93:Heartbeat.c   ****     HB_ADC_IRQ_Enable();
  94:Heartbeat.c   ****     HB_Comp_Start();
  95:Heartbeat.c   ****     HB_Counter_Start();
  96:Heartbeat.c   ****     
  97:Heartbeat.c   ****     //select source and start
  98:Heartbeat.c   ****     HB_MUX_Start();
  99:Heartbeat.c   ****     HB_PGA_Start();
 100:Heartbeat.c   ****     if(source == HEARTBEAT_SOURCE_INTERNAL){
 101:Heartbeat.c   ****         //internal state
 102:Heartbeat.c   ****         I_HB_Start();
 103:Heartbeat.c   ****         HB_MUX_FastSelect(HB_MUX_INTERNAL_CH);
 104:Heartbeat.c   ****     }else if(source == HEARTBEAT_SOURCE_EXTERNAL){
 105:Heartbeat.c   ****         //external state
 106:Heartbeat.c   ****         HB_MUX_FastSelect(HB_MUX_EXTERNAL_CH);
 107:Heartbeat.c   ****     }else{
 108:Heartbeat.c   ****         //off state uses turned off DAC for 0V input
 109:Heartbeat.c   ****         HB_MUX_FastSelect(HB_MUX_INTERNAL_CH);
 110:Heartbeat.c   ****     }
 111:Heartbeat.c   ****     
 112:Heartbeat.c   ****     //start interrupts
 113:Heartbeat.c   ****     HB_ADC_IRQ_StartEx(ADC_EOC_isr);
 114:Heartbeat.c   ****     HB_Comp_Int_StartEx(comp_isr);
 115:Heartbeat.c   ****     HB_Overflow_Int_StartEx(counter_overflow_isr);
 116:Heartbeat.c   **** }
 117:Heartbeat.c   **** 
 118:Heartbeat.c   **** /**
 119:Heartbeat.c   ****  * @return heartbeat beats per minute as standard measure of user's heartrate
 120:Heartbeat.c   ****  */
 121:Heartbeat.c   **** uint16_t heartbeat_get_bpm(void){
 122:Heartbeat.c   ****     return running_average_result((Running_Average_t*)(&_filter));
 123:Heartbeat.c   **** }
 124:Heartbeat.c   **** 
 125:Heartbeat.c   **** /**
 126:Heartbeat.c   ****  * Clears the previous heartbeat data, thereby reseting the module
 127:Heartbeat.c   ****  * Note hardware is not modified.
 128:Heartbeat.c   ****  */
 129:Heartbeat.c   **** void heartbeat_clear(void){
 130:Heartbeat.c   ****     running_average_clear((Running_Average_t*)(&_filter));
 131:Heartbeat.c   **** }
 132:Heartbeat.c   **** 
 133:Heartbeat.c   **** /**
 134:Heartbeat.c   ****  * Sets the use LED flag so that heartbeat is pulsed out
 135:Heartbeat.c   ****  * @param state, true if activate LED heartbeat, false if disable
 136:Heartbeat.c   ****  */
 137:Heartbeat.c   **** void heartbeat_set_use_LED(bool state){
 138:Heartbeat.c   ****     _use_led_state = state;
 139:Heartbeat.c   ****     if(!_use_led_state){
 140:Heartbeat.c   ****         LED_Write(0);     
 141:Heartbeat.c   ****     }
ARM GAS  C:\Users\HENRIC~1\AppData\Local\Temp\ccFvS6yX.s 			page 4


 142:Heartbeat.c   **** }
 143:Heartbeat.c   **** 
 144:Heartbeat.c   **** /**
 145:Heartbeat.c   ****  * @return gets the use LED flag state. true if using, false if disabled
 146:Heartbeat.c   ****  */
 147:Heartbeat.c   **** bool heartbeat_get_use_LED(void){
 148:Heartbeat.c   ****     return _use_led_state;
 149:Heartbeat.c   **** }
 150:Heartbeat.c   ****     
 151:Heartbeat.c   **** //=============================================================================
 152:Heartbeat.c   **** //                       Interrupt Handler Implementation
 153:Heartbeat.c   **** //=============================================================================
 154:Heartbeat.c   **** 
 155:Heartbeat.c   **** /**
 156:Heartbeat.c   ****  * Comparator ISR is triggered on rising edge of peak detection. Responsible
 157:Heartbeat.c   ****  * for calculating current beats per minute and storing that result into
 158:Heartbeat.c   ****  * running average. Resets counter to zero for next comparison.
 159:Heartbeat.c   ****  */
 160:Heartbeat.c   **** CY_ISR(comp_isr){
  31              		.loc 1 160 0
  32              		.cfi_startproc
  33              		@ args = 0, pretend = 0, frame = 0
  34              		@ frame_needed = 0, uses_anonymous_args = 0
  35 0000 10B5     		push	{r4, lr}
  36              		.cfi_def_cfa_offset 8
  37              		.cfi_offset 4, -8
  38              		.cfi_offset 14, -4
 161:Heartbeat.c   ****     static uint16_t count = 0;
 162:Heartbeat.c   ****     static float bpm = 0;
 163:Heartbeat.c   ****     
 164:Heartbeat.c   ****     //calculate the new heartrate in BPM
 165:Heartbeat.c   ****     count = HB_Counter_ReadCounter(); //count is ms between peaks
  39              		.loc 1 165 0
  40 0002 FFF7FEFF 		bl	HB_Counter_ReadCounter
  41              	.LVL0:
 166:Heartbeat.c   ****     bpm = 60000 / ((count > 0) ? (count) : (1)); // in BPM
  42              		.loc 1 166 0
  43 0006 40B1     		cbz	r0, .L6
  44 0008 0346     		mov	r3, r0
  45              		.loc 1 166 0 is_stmt 0 discriminator 1
  46 000a 4EF66020 		movw	r0, #60000
  47 000e 90FBF3F0 		sdiv	r0, r0, r3
  48 0012 FFF7FEFF 		bl	__aeabi_i2f
  49              	.LVL1:
  50 0016 0446     		mov	r4, r0
  51 0018 00E0     		b	.L2
  52              	.L6:
  53              		.loc 1 166 0
  54 001a 104C     		ldr	r4, .L9
  55              	.L2:
 167:Heartbeat.c   ****     bpm = (bpm > MAX_POSSIBLE_HEARTBEAT) ? (0) : (bpm);
  56              		.loc 1 167 0 is_stmt 1 discriminator 4
  57 001c 1049     		ldr	r1, .L9+4
  58 001e 2046     		mov	r0, r4
  59 0020 FFF7FEFF 		bl	__aeabi_fcmpgt
  60              	.LVL2:
  61 0024 00B1     		cbz	r0, .L3
ARM GAS  C:\Users\HENRIC~1\AppData\Local\Temp\ccFvS6yX.s 			page 5


  62              		.loc 1 167 0 is_stmt 0
  63 0026 0024     		movs	r4, #0
  64              	.L3:
 168:Heartbeat.c   ****     running_average_update((Running_Average_t*)(&_filter),(uint16_t)(bpm));
  65              		.loc 1 168 0 is_stmt 1 discriminator 4
  66 0028 2046     		mov	r0, r4
  67 002a FFF7FEFF 		bl	__aeabi_f2uiz
  68              	.LVL3:
  69 002e 0D4C     		ldr	r4, .L9+8
  70 0030 81B2     		uxth	r1, r0
  71 0032 2046     		mov	r0, r4
  72 0034 FFF7FEFF 		bl	running_average_update
  73              	.LVL4:
 169:Heartbeat.c   ****     
 170:Heartbeat.c   ****     //clear source of interrupt
 171:Heartbeat.c   ****     HB_Counter_WriteCounter(0);
  74              		.loc 1 171 0 discriminator 4
  75 0038 0020     		movs	r0, #0
  76 003a FFF7FEFF 		bl	HB_Counter_WriteCounter
  77              	.LVL5:
 172:Heartbeat.c   ****     HB_Comp_Int_ClearPending();
  78              		.loc 1 172 0 discriminator 4
  79 003e FFF7FEFF 		bl	HB_Comp_Int_ClearPending
  80              	.LVL6:
 173:Heartbeat.c   ****     
 174:Heartbeat.c   ****     //pulse LED to simulate heartbeat
 175:Heartbeat.c   ****     if(_use_led_state){
  81              		.loc 1 175 0 discriminator 4
  82 0042 237A     		ldrb	r3, [r4, #8]	@ zero_extendqisi2
  83 0044 13F0FF0F 		tst	r3, #255
  84 0048 06D0     		beq	.L1
 176:Heartbeat.c   ****         LED_Write(!LED_Read());
  85              		.loc 1 176 0
  86 004a FFF7FEFF 		bl	LED_Read
  87              	.LVL7:
  88 004e B0FA80F0 		clz	r0, r0
  89 0052 4009     		lsrs	r0, r0, #5
  90 0054 FFF7FEFF 		bl	LED_Write
  91              	.LVL8:
  92              	.L1:
  93 0058 10BD     		pop	{r4, pc}
  94              	.L10:
  95 005a 00BF     		.align	2
  96              	.L9:
  97 005c 00606A47 		.word	1198153728
  98 0060 00009643 		.word	1133903872
  99 0064 00000000 		.word	.LANCHOR0
 100              		.cfi_endproc
 101              	.LFE68:
 102              		.size	comp_isr, .-comp_isr
 103              		.section	.text.ADC_EOC_isr,"ax",%progbits
 104              		.align	2
 105              		.global	ADC_EOC_isr
 106              		.thumb
 107              		.thumb_func
 108              		.type	ADC_EOC_isr, %function
 109              	ADC_EOC_isr:
ARM GAS  C:\Users\HENRIC~1\AppData\Local\Temp\ccFvS6yX.s 			page 6


 110              	.LFB69:
 177:Heartbeat.c   ****     }
 178:Heartbeat.c   **** }
 179:Heartbeat.c   **** 
 180:Heartbeat.c   **** /**
 181:Heartbeat.c   ****  * ADC EOC ISR is triggered on end of conversion event. Responsible for reading
 182:Heartbeat.c   ****  * result from ADC, scaling it, and recreating it on the DAC.
 183:Heartbeat.c   ****  */
 184:Heartbeat.c   **** CY_ISR(ADC_EOC_isr){
 111              		.loc 1 184 0
 112              		.cfi_startproc
 113              		@ args = 0, pretend = 0, frame = 0
 114              		@ frame_needed = 0, uses_anonymous_args = 0
 115 0000 08B5     		push	{r3, lr}
 116              		.cfi_def_cfa_offset 8
 117              		.cfi_offset 3, -8
 118              		.cfi_offset 14, -4
 185:Heartbeat.c   ****     static uint8_t adc_val = 0;
 186:Heartbeat.c   ****     
 187:Heartbeat.c   ****     //get value and clear interrupt source
 188:Heartbeat.c   ****     adc_val = HB_ADC_GetResult8();
 119              		.loc 1 188 0
 120 0002 FFF7FEFF 		bl	HB_ADC_GetResult8
 121              	.LVL9:
 189:Heartbeat.c   ****     
 190:Heartbeat.c   ****     //send DAC new value
 191:Heartbeat.c   ****     HB_DAC_SetValue(adc_val);
 122              		.loc 1 191 0
 123 0006 C0B2     		uxtb	r0, r0
 124 0008 FFF7FEFF 		bl	HB_DAC_SetValue
 125              	.LVL10:
 192:Heartbeat.c   ****     HB_ADC_IRQ_ClearPending();
 126              		.loc 1 192 0
 127 000c FFF7FEFF 		bl	HB_ADC_IRQ_ClearPending
 128              	.LVL11:
 129 0010 08BD     		pop	{r3, pc}
 130              		.cfi_endproc
 131              	.LFE69:
 132              		.size	ADC_EOC_isr, .-ADC_EOC_isr
 133 0012 00BF     		.section	.text.counter_overflow_isr,"ax",%progbits
 134              		.align	2
 135              		.global	counter_overflow_isr
 136              		.thumb
 137              		.thumb_func
 138              		.type	counter_overflow_isr, %function
 139              	counter_overflow_isr:
 140              	.LFB70:
 193:Heartbeat.c   **** }
 194:Heartbeat.c   **** 
 195:Heartbeat.c   **** /**
 196:Heartbeat.c   ****  * Counter overflow ISR is triggered when counter register overflows. This
 197:Heartbeat.c   ****  * interrupt is a fail-safe to record zero heartbeat. 
 198:Heartbeat.c   ****  */
 199:Heartbeat.c   **** CY_ISR(counter_overflow_isr){
 141              		.loc 1 199 0
 142              		.cfi_startproc
 143              		@ args = 0, pretend = 0, frame = 0
ARM GAS  C:\Users\HENRIC~1\AppData\Local\Temp\ccFvS6yX.s 			page 7


 144              		@ frame_needed = 0, uses_anonymous_args = 0
 145 0000 08B5     		push	{r3, lr}
 146              		.cfi_def_cfa_offset 8
 147              		.cfi_offset 3, -8
 148              		.cfi_offset 14, -4
 200:Heartbeat.c   ****     //store zero to heartbeat
 201:Heartbeat.c   ****     running_average_clear((Running_Average_t*)(&_filter));
 149              		.loc 1 201 0
 150 0002 0448     		ldr	r0, .L15
 151 0004 FFF7FEFF 		bl	running_average_clear
 152              	.LVL12:
 202:Heartbeat.c   ****     
 203:Heartbeat.c   ****     //clear source of interrupt
 204:Heartbeat.c   ****     HB_Counter_ReadStatusRegister();
 153              		.loc 1 204 0
 154 0008 FFF7FEFF 		bl	HB_Counter_ReadStatusRegister
 155              	.LVL13:
 205:Heartbeat.c   ****     HB_Overflow_Int_ClearPending(); 
 156              		.loc 1 205 0
 157 000c FFF7FEFF 		bl	HB_Overflow_Int_ClearPending
 158              	.LVL14:
 159 0010 08BD     		pop	{r3, pc}
 160              	.L16:
 161 0012 00BF     		.align	2
 162              	.L15:
 163 0014 00000000 		.word	.LANCHOR0
 164              		.cfi_endproc
 165              	.LFE70:
 166              		.size	counter_overflow_isr, .-counter_overflow_isr
 167              		.section	.text.heartbeat_init,"ax",%progbits
 168              		.align	2
 169              		.global	heartbeat_init
 170              		.thumb
 171              		.thumb_func
 172              		.type	heartbeat_init, %function
 173              	heartbeat_init:
 174              	.LFB63:
  79:Heartbeat.c   ****     
 175              		.loc 1 79 0
 176              		.cfi_startproc
 177              		@ args = 0, pretend = 0, frame = 0
 178              		@ frame_needed = 0, uses_anonymous_args = 0
 179              	.LVL15:
 180 0000 10B5     		push	{r4, lr}
 181              		.cfi_def_cfa_offset 8
 182              		.cfi_offset 4, -8
 183              		.cfi_offset 14, -4
 184 0002 0446     		mov	r4, r0
  82:Heartbeat.c   ****     
 185              		.loc 1 82 0
 186 0004 0821     		movs	r1, #8
 187 0006 1B48     		ldr	r0, .L22
 188              	.LVL16:
 189 0008 FFF7FEFF 		bl	running_average_init
 190              	.LVL17:
  85:Heartbeat.c   ****     HB_Comp_Neg_DAC_SetValue(HB_COMP_HEARTBEAT_THRESHOLD_VALUE);
 191              		.loc 1 85 0
ARM GAS  C:\Users\HENRIC~1\AppData\Local\Temp\ccFvS6yX.s 			page 8


 192 000c FFF7FEFF 		bl	HB_Comp_Neg_DAC_Start
 193              	.LVL18:
  86:Heartbeat.c   ****     HB_DAC_Start();
 194              		.loc 1 86 0
 195 0010 6420     		movs	r0, #100
 196 0012 FFF7FEFF 		bl	HB_Comp_Neg_DAC_SetValue
 197              	.LVL19:
  87:Heartbeat.c   ****     HB_DAC_SetValue(0);
 198              		.loc 1 87 0
 199 0016 FFF7FEFF 		bl	HB_DAC_Start
 200              	.LVL20:
  88:Heartbeat.c   ****     
 201              		.loc 1 88 0
 202 001a 0020     		movs	r0, #0
 203 001c FFF7FEFF 		bl	HB_DAC_SetValue
 204              	.LVL21:
  91:Heartbeat.c   ****     HB_ADC_StartConvert();
 205              		.loc 1 91 0
 206 0020 FFF7FEFF 		bl	HB_ADC_Start
 207              	.LVL22:
  92:Heartbeat.c   ****     HB_ADC_IRQ_Enable();
 208              		.loc 1 92 0
 209 0024 FFF7FEFF 		bl	HB_ADC_StartConvert
 210              	.LVL23:
  93:Heartbeat.c   ****     HB_Comp_Start();
 211              		.loc 1 93 0
 212 0028 FFF7FEFF 		bl	HB_ADC_IRQ_Enable
 213              	.LVL24:
  94:Heartbeat.c   ****     HB_Counter_Start();
 214              		.loc 1 94 0
 215 002c FFF7FEFF 		bl	HB_Comp_Start
 216              	.LVL25:
  95:Heartbeat.c   ****     
 217              		.loc 1 95 0
 218 0030 FFF7FEFF 		bl	HB_Counter_Start
 219              	.LVL26:
  98:Heartbeat.c   ****     HB_PGA_Start();
 220              		.loc 1 98 0
 221 0034 FFF7FEFF 		bl	HB_MUX_Start
 222              	.LVL27:
  99:Heartbeat.c   ****     if(source == HEARTBEAT_SOURCE_INTERNAL){
 223              		.loc 1 99 0
 224 0038 FFF7FEFF 		bl	HB_PGA_Start
 225              	.LVL28:
 100:Heartbeat.c   ****         //internal state
 226              		.loc 1 100 0
 227 003c 012C     		cmp	r4, #1
 228 003e 05D1     		bne	.L18
 102:Heartbeat.c   ****         HB_MUX_FastSelect(HB_MUX_INTERNAL_CH);
 229              		.loc 1 102 0
 230 0040 FFF7FEFF 		bl	I_HB_Start
 231              	.LVL29:
 103:Heartbeat.c   ****     }else if(source == HEARTBEAT_SOURCE_EXTERNAL){
 232              		.loc 1 103 0
 233 0044 0020     		movs	r0, #0
 234 0046 FFF7FEFF 		bl	HB_MUX_FastSelect
 235              	.LVL30:
ARM GAS  C:\Users\HENRIC~1\AppData\Local\Temp\ccFvS6yX.s 			page 9


 236 004a 08E0     		b	.L19
 237              	.L18:
 104:Heartbeat.c   ****         //external state
 238              		.loc 1 104 0
 239 004c 022C     		cmp	r4, #2
 240 004e 03D1     		bne	.L20
 106:Heartbeat.c   ****     }else{
 241              		.loc 1 106 0
 242 0050 0120     		movs	r0, #1
 243 0052 FFF7FEFF 		bl	HB_MUX_FastSelect
 244              	.LVL31:
 245 0056 02E0     		b	.L19
 246              	.L20:
 109:Heartbeat.c   ****     }
 247              		.loc 1 109 0
 248 0058 0020     		movs	r0, #0
 249 005a FFF7FEFF 		bl	HB_MUX_FastSelect
 250              	.LVL32:
 251              	.L19:
 113:Heartbeat.c   ****     HB_Comp_Int_StartEx(comp_isr);
 252              		.loc 1 113 0
 253 005e 0648     		ldr	r0, .L22+4
 254 0060 FFF7FEFF 		bl	HB_ADC_IRQ_StartEx
 255              	.LVL33:
 114:Heartbeat.c   ****     HB_Overflow_Int_StartEx(counter_overflow_isr);
 256              		.loc 1 114 0
 257 0064 0548     		ldr	r0, .L22+8
 258 0066 FFF7FEFF 		bl	HB_Comp_Int_StartEx
 259              	.LVL34:
 115:Heartbeat.c   **** }
 260              		.loc 1 115 0
 261 006a 0548     		ldr	r0, .L22+12
 262 006c FFF7FEFF 		bl	HB_Overflow_Int_StartEx
 263              	.LVL35:
 264 0070 10BD     		pop	{r4, pc}
 265              	.L23:
 266 0072 00BF     		.align	2
 267              	.L22:
 268 0074 00000000 		.word	.LANCHOR0
 269 0078 00000000 		.word	ADC_EOC_isr
 270 007c 00000000 		.word	comp_isr
 271 0080 00000000 		.word	counter_overflow_isr
 272              		.cfi_endproc
 273              	.LFE63:
 274              		.size	heartbeat_init, .-heartbeat_init
 275              		.section	.text.heartbeat_get_bpm,"ax",%progbits
 276              		.align	2
 277              		.global	heartbeat_get_bpm
 278              		.thumb
 279              		.thumb_func
 280              		.type	heartbeat_get_bpm, %function
 281              	heartbeat_get_bpm:
 282              	.LFB64:
 121:Heartbeat.c   ****     return running_average_result((Running_Average_t*)(&_filter));
 283              		.loc 1 121 0
 284              		.cfi_startproc
 285              		@ args = 0, pretend = 0, frame = 0
ARM GAS  C:\Users\HENRIC~1\AppData\Local\Temp\ccFvS6yX.s 			page 10


 286              		@ frame_needed = 0, uses_anonymous_args = 0
 287 0000 08B5     		push	{r3, lr}
 288              		.cfi_def_cfa_offset 8
 289              		.cfi_offset 3, -8
 290              		.cfi_offset 14, -4
 122:Heartbeat.c   **** }
 291              		.loc 1 122 0
 292 0002 0248     		ldr	r0, .L26
 293 0004 FFF7FEFF 		bl	running_average_result
 294              	.LVL36:
 123:Heartbeat.c   **** 
 295              		.loc 1 123 0
 296 0008 08BD     		pop	{r3, pc}
 297              	.L27:
 298 000a 00BF     		.align	2
 299              	.L26:
 300 000c 00000000 		.word	.LANCHOR0
 301              		.cfi_endproc
 302              	.LFE64:
 303              		.size	heartbeat_get_bpm, .-heartbeat_get_bpm
 304              		.section	.text.heartbeat_clear,"ax",%progbits
 305              		.align	2
 306              		.global	heartbeat_clear
 307              		.thumb
 308              		.thumb_func
 309              		.type	heartbeat_clear, %function
 310              	heartbeat_clear:
 311              	.LFB65:
 129:Heartbeat.c   ****     running_average_clear((Running_Average_t*)(&_filter));
 312              		.loc 1 129 0
 313              		.cfi_startproc
 314              		@ args = 0, pretend = 0, frame = 0
 315              		@ frame_needed = 0, uses_anonymous_args = 0
 316 0000 08B5     		push	{r3, lr}
 317              		.cfi_def_cfa_offset 8
 318              		.cfi_offset 3, -8
 319              		.cfi_offset 14, -4
 130:Heartbeat.c   **** }
 320              		.loc 1 130 0
 321 0002 0248     		ldr	r0, .L30
 322 0004 FFF7FEFF 		bl	running_average_clear
 323              	.LVL37:
 324 0008 08BD     		pop	{r3, pc}
 325              	.L31:
 326 000a 00BF     		.align	2
 327              	.L30:
 328 000c 00000000 		.word	.LANCHOR0
 329              		.cfi_endproc
 330              	.LFE65:
 331              		.size	heartbeat_clear, .-heartbeat_clear
 332              		.section	.text.heartbeat_set_use_LED,"ax",%progbits
 333              		.align	2
 334              		.global	heartbeat_set_use_LED
 335              		.thumb
 336              		.thumb_func
 337              		.type	heartbeat_set_use_LED, %function
 338              	heartbeat_set_use_LED:
ARM GAS  C:\Users\HENRIC~1\AppData\Local\Temp\ccFvS6yX.s 			page 11


 339              	.LFB66:
 137:Heartbeat.c   ****     _use_led_state = state;
 340              		.loc 1 137 0
 341              		.cfi_startproc
 342              		@ args = 0, pretend = 0, frame = 0
 343              		@ frame_needed = 0, uses_anonymous_args = 0
 344              	.LVL38:
 345 0000 08B5     		push	{r3, lr}
 346              		.cfi_def_cfa_offset 8
 347              		.cfi_offset 3, -8
 348              		.cfi_offset 14, -4
 138:Heartbeat.c   ****     if(!_use_led_state){
 349              		.loc 1 138 0
 350 0002 054B     		ldr	r3, .L35
 351 0004 1872     		strb	r0, [r3, #8]
 139:Heartbeat.c   ****         LED_Write(0);     
 352              		.loc 1 139 0
 353 0006 1B7A     		ldrb	r3, [r3, #8]	@ zero_extendqisi2
 354 0008 13F0FF0F 		tst	r3, #255
 355 000c 02D1     		bne	.L32
 140:Heartbeat.c   ****     }
 356              		.loc 1 140 0
 357 000e 0020     		movs	r0, #0
 358              	.LVL39:
 359 0010 FFF7FEFF 		bl	LED_Write
 360              	.LVL40:
 361              	.L32:
 362 0014 08BD     		pop	{r3, pc}
 363              	.L36:
 364 0016 00BF     		.align	2
 365              	.L35:
 366 0018 00000000 		.word	.LANCHOR0
 367              		.cfi_endproc
 368              	.LFE66:
 369              		.size	heartbeat_set_use_LED, .-heartbeat_set_use_LED
 370              		.section	.text.heartbeat_get_use_LED,"ax",%progbits
 371              		.align	2
 372              		.global	heartbeat_get_use_LED
 373              		.thumb
 374              		.thumb_func
 375              		.type	heartbeat_get_use_LED, %function
 376              	heartbeat_get_use_LED:
 377              	.LFB67:
 147:Heartbeat.c   ****     return _use_led_state;
 378              		.loc 1 147 0
 379              		.cfi_startproc
 380              		@ args = 0, pretend = 0, frame = 0
 381              		@ frame_needed = 0, uses_anonymous_args = 0
 382              		@ link register save eliminated.
 148:Heartbeat.c   **** }
 383              		.loc 1 148 0
 384 0000 014B     		ldr	r3, .L38
 385 0002 187A     		ldrb	r0, [r3, #8]	@ zero_extendqisi2
 149:Heartbeat.c   ****     
 386              		.loc 1 149 0
 387 0004 7047     		bx	lr
 388              	.L39:
ARM GAS  C:\Users\HENRIC~1\AppData\Local\Temp\ccFvS6yX.s 			page 12


 389 0006 00BF     		.align	2
 390              	.L38:
 391 0008 00000000 		.word	.LANCHOR0
 392              		.cfi_endproc
 393              	.LFE67:
 394              		.size	heartbeat_get_use_LED, .-heartbeat_get_use_LED
 395              		.bss
 396              		.align	2
 397              		.set	.LANCHOR0,. + 0
 398              		.type	_filter, %object
 399              		.size	_filter, 8
 400              	_filter:
 401 0000 00000000 		.space	8
 401      00000000 
 402              		.type	_use_led_state, %object
 403              		.size	_use_led_state, 1
 404              	_use_led_state:
 405 0008 00       		.space	1
 406              		.text
 407              	.Letext0:
 408              		.file 2 "c:\\program files (x86)\\cypress\\psoc creator\\4.1\\psoc creator\\import\\gnu\\arm\\5.4.
 409              		.file 3 "c:\\program files (x86)\\cypress\\psoc creator\\4.1\\psoc creator\\import\\gnu\\arm\\5.4.
 410              		.file 4 "Heartbeat.h"
 411              		.file 5 "RunningAverage.h"
 412              		.file 6 "Generated_Source\\PSoC5/HB_Counter.h"
 413              		.file 7 "Generated_Source\\PSoC5/HB_Comp_Int.h"
 414              		.file 8 "Generated_Source\\PSoC5/LED.h"
 415              		.file 9 "Generated_Source\\PSoC5/HB_ADC.h"
 416              		.file 10 "Generated_Source\\PSoC5/HB_DAC.h"
 417              		.file 11 "Generated_Source\\PSoC5/HB_ADC_IRQ.h"
 418              		.file 12 "Generated_Source\\PSoC5/HB_Overflow_Int.h"
 419              		.file 13 "Generated_Source\\PSoC5/HB_Comp_Neg_DAC.h"
 420              		.file 14 "Generated_Source\\PSoC5/HB_Comp.h"
 421              		.file 15 "Generated_Source\\PSoC5/HB_MUX.h"
 422              		.file 16 "Generated_Source\\PSoC5/HB_PGA.h"
 423              		.file 17 "Generated_Source\\PSoC5/I_HB.h"
 424              		.file 18 "Generated_Source\\PSoC5/core_cm3.h"
 425              		.section	.debug_info,"",%progbits
 426              	.Ldebug_info0:
 427 0000 8D050000 		.4byte	0x58d
 428 0004 0400     		.2byte	0x4
 429 0006 00000000 		.4byte	.Ldebug_abbrev0
 430 000a 04       		.byte	0x4
 431 000b 01       		.uleb128 0x1
 432 000c 8B040000 		.4byte	.LASF70
 433 0010 0C       		.byte	0xc
 434 0011 42050000 		.4byte	.LASF71
 435 0015 00000000 		.4byte	.LASF72
 436 0019 00000000 		.4byte	.Ldebug_ranges0+0
 437 001d 00000000 		.4byte	0
 438 0021 00000000 		.4byte	.Ldebug_line0
 439 0025 02       		.uleb128 0x2
 440 0026 01       		.byte	0x1
 441 0027 06       		.byte	0x6
 442 0028 4C010000 		.4byte	.LASF0
 443 002c 03       		.uleb128 0x3
 444 002d B6010000 		.4byte	.LASF3
ARM GAS  C:\Users\HENRIC~1\AppData\Local\Temp\ccFvS6yX.s 			page 13


 445 0031 02       		.byte	0x2
 446 0032 1D       		.byte	0x1d
 447 0033 37000000 		.4byte	0x37
 448 0037 02       		.uleb128 0x2
 449 0038 01       		.byte	0x1
 450 0039 08       		.byte	0x8
 451 003a 05020000 		.4byte	.LASF1
 452 003e 02       		.uleb128 0x2
 453 003f 02       		.byte	0x2
 454 0040 05       		.byte	0x5
 455 0041 9E000000 		.4byte	.LASF2
 456 0045 03       		.uleb128 0x3
 457 0046 EE000000 		.4byte	.LASF4
 458 004a 02       		.byte	0x2
 459 004b 2B       		.byte	0x2b
 460 004c 50000000 		.4byte	0x50
 461 0050 02       		.uleb128 0x2
 462 0051 02       		.byte	0x2
 463 0052 07       		.byte	0x7
 464 0053 AA020000 		.4byte	.LASF5
 465 0057 03       		.uleb128 0x3
 466 0058 BF030000 		.4byte	.LASF6
 467 005c 02       		.byte	0x2
 468 005d 3F       		.byte	0x3f
 469 005e 62000000 		.4byte	0x62
 470 0062 02       		.uleb128 0x2
 471 0063 04       		.byte	0x4
 472 0064 05       		.byte	0x5
 473 0065 D9020000 		.4byte	.LASF7
 474 0069 02       		.uleb128 0x2
 475 006a 04       		.byte	0x4
 476 006b 07       		.byte	0x7
 477 006c 53030000 		.4byte	.LASF8
 478 0070 02       		.uleb128 0x2
 479 0071 08       		.byte	0x8
 480 0072 05       		.byte	0x5
 481 0073 73010000 		.4byte	.LASF9
 482 0077 02       		.uleb128 0x2
 483 0078 08       		.byte	0x8
 484 0079 07       		.byte	0x7
 485 007a 3A020000 		.4byte	.LASF10
 486 007e 04       		.uleb128 0x4
 487 007f 04       		.byte	0x4
 488 0080 05       		.byte	0x5
 489 0081 696E7400 		.ascii	"int\000"
 490 0085 02       		.uleb128 0x2
 491 0086 04       		.byte	0x4
 492 0087 07       		.byte	0x7
 493 0088 74020000 		.4byte	.LASF11
 494 008c 03       		.uleb128 0x3
 495 008d FE000000 		.4byte	.LASF12
 496 0091 03       		.byte	0x3
 497 0092 18       		.byte	0x18
 498 0093 2C000000 		.4byte	0x2c
 499 0097 03       		.uleb128 0x3
 500 0098 81020000 		.4byte	.LASF13
 501 009c 03       		.byte	0x3
ARM GAS  C:\Users\HENRIC~1\AppData\Local\Temp\ccFvS6yX.s 			page 14


 502 009d 24       		.byte	0x24
 503 009e 45000000 		.4byte	0x45
 504 00a2 03       		.uleb128 0x3
 505 00a3 E2020000 		.4byte	.LASF14
 506 00a7 03       		.byte	0x3
 507 00a8 2C       		.byte	0x2c
 508 00a9 57000000 		.4byte	0x57
 509 00ad 05       		.uleb128 0x5
 510 00ae 41040000 		.4byte	.LASF73
 511 00b2 01       		.byte	0x1
 512 00b3 37000000 		.4byte	0x37
 513 00b7 04       		.byte	0x4
 514 00b8 1E       		.byte	0x1e
 515 00b9 D0000000 		.4byte	0xd0
 516 00bd 06       		.uleb128 0x6
 517 00be 5E010000 		.4byte	.LASF15
 518 00c2 00       		.byte	0
 519 00c3 06       		.uleb128 0x6
 520 00c4 F7030000 		.4byte	.LASF16
 521 00c8 01       		.byte	0x1
 522 00c9 06       		.uleb128 0x6
 523 00ca 52040000 		.4byte	.LASF17
 524 00ce 02       		.byte	0x2
 525 00cf 00       		.byte	0
 526 00d0 03       		.uleb128 0x3
 527 00d1 2F050000 		.4byte	.LASF18
 528 00d5 04       		.byte	0x4
 529 00d6 22       		.byte	0x22
 530 00d7 AD000000 		.4byte	0xad
 531 00db 02       		.uleb128 0x2
 532 00dc 04       		.byte	0x4
 533 00dd 04       		.byte	0x4
 534 00de 58010000 		.4byte	.LASF19
 535 00e2 02       		.uleb128 0x2
 536 00e3 08       		.byte	0x8
 537 00e4 04       		.byte	0x4
 538 00e5 7D030000 		.4byte	.LASF20
 539 00e9 02       		.uleb128 0x2
 540 00ea 01       		.byte	0x1
 541 00eb 08       		.byte	0x8
 542 00ec BD020000 		.4byte	.LASF21
 543 00f0 02       		.uleb128 0x2
 544 00f1 08       		.byte	0x8
 545 00f2 04       		.byte	0x4
 546 00f3 F9010000 		.4byte	.LASF22
 547 00f7 02       		.uleb128 0x2
 548 00f8 04       		.byte	0x4
 549 00f9 07       		.byte	0x7
 550 00fa A8000000 		.4byte	.LASF23
 551 00fe 07       		.uleb128 0x7
 552 00ff 06010000 		.4byte	.LASF74
 553 0103 08       		.byte	0x8
 554 0104 05       		.byte	0x5
 555 0105 24       		.byte	0x24
 556 0106 2F010000 		.4byte	0x12f
 557 010a 08       		.uleb128 0x8
 558 010b 38030000 		.4byte	.LASF24
ARM GAS  C:\Users\HENRIC~1\AppData\Local\Temp\ccFvS6yX.s 			page 15


 559 010f 05       		.byte	0x5
 560 0110 25       		.byte	0x25
 561 0111 2F010000 		.4byte	0x12f
 562 0115 00       		.byte	0
 563 0116 08       		.uleb128 0x8
 564 0117 91030000 		.4byte	.LASF25
 565 011b 05       		.byte	0x5
 566 011c 26       		.byte	0x26
 567 011d 97000000 		.4byte	0x97
 568 0121 04       		.byte	0x4
 569 0122 08       		.uleb128 0x8
 570 0123 F9000000 		.4byte	.LASF26
 571 0127 05       		.byte	0x5
 572 0128 27       		.byte	0x27
 573 0129 97000000 		.4byte	0x97
 574 012d 06       		.byte	0x6
 575 012e 00       		.byte	0
 576 012f 09       		.uleb128 0x9
 577 0130 04       		.byte	0x4
 578 0131 97000000 		.4byte	0x97
 579 0135 03       		.uleb128 0x3
 580 0136 68000000 		.4byte	.LASF27
 581 013a 05       		.byte	0x5
 582 013b 28       		.byte	0x28
 583 013c FE000000 		.4byte	0xfe
 584 0140 0A       		.uleb128 0xa
 585 0141 8A020000 		.4byte	.LASF29
 586 0145 01       		.byte	0x1
 587 0146 A0       		.byte	0xa0
 588 0147 00000000 		.4byte	.LFB68
 589 014b 68000000 		.4byte	.LFE68-.LFB68
 590 014f 01       		.uleb128 0x1
 591 0150 9C       		.byte	0x9c
 592 0151 B7010000 		.4byte	0x1b7
 593 0155 0B       		.uleb128 0xb
 594 0156 2B010000 		.4byte	.LASF28
 595 015a 01       		.byte	0x1
 596 015b A1       		.byte	0xa1
 597 015c 97000000 		.4byte	0x97
 598 0160 0C       		.uleb128 0xc
 599 0161 62706D00 		.ascii	"bpm\000"
 600 0165 01       		.byte	0x1
 601 0166 A2       		.byte	0xa2
 602 0167 DB000000 		.4byte	0xdb
 603 016b 0D       		.uleb128 0xd
 604 016c 06000000 		.4byte	.LVL0
 605 0170 51040000 		.4byte	0x451
 606 0174 0E       		.uleb128 0xe
 607 0175 38000000 		.4byte	.LVL4
 608 0179 5C040000 		.4byte	0x45c
 609 017d 88010000 		.4byte	0x188
 610 0181 0F       		.uleb128 0xf
 611 0182 01       		.uleb128 0x1
 612 0183 50       		.byte	0x50
 613 0184 02       		.uleb128 0x2
 614 0185 74       		.byte	0x74
 615 0186 00       		.sleb128 0
ARM GAS  C:\Users\HENRIC~1\AppData\Local\Temp\ccFvS6yX.s 			page 16


 616 0187 00       		.byte	0
 617 0188 0E       		.uleb128 0xe
 618 0189 3E000000 		.4byte	.LVL5
 619 018d 67040000 		.4byte	0x467
 620 0191 9B010000 		.4byte	0x19b
 621 0195 0F       		.uleb128 0xf
 622 0196 01       		.uleb128 0x1
 623 0197 50       		.byte	0x50
 624 0198 01       		.uleb128 0x1
 625 0199 30       		.byte	0x30
 626 019a 00       		.byte	0
 627 019b 0D       		.uleb128 0xd
 628 019c 42000000 		.4byte	.LVL6
 629 01a0 72040000 		.4byte	0x472
 630 01a4 0D       		.uleb128 0xd
 631 01a5 4E000000 		.4byte	.LVL7
 632 01a9 7D040000 		.4byte	0x47d
 633 01ad 0D       		.uleb128 0xd
 634 01ae 58000000 		.4byte	.LVL8
 635 01b2 88040000 		.4byte	0x488
 636 01b6 00       		.byte	0
 637 01b7 10       		.uleb128 0x10
 638 01b8 B3030000 		.4byte	.LASF30
 639 01bc 01       		.byte	0x1
 640 01bd B8       		.byte	0xb8
 641 01be 00000000 		.4byte	.LFB69
 642 01c2 12000000 		.4byte	.LFE69-.LFB69
 643 01c6 01       		.uleb128 0x1
 644 01c7 9C       		.byte	0x9c
 645 01c8 F3010000 		.4byte	0x1f3
 646 01cc 0B       		.uleb128 0xb
 647 01cd F1010000 		.4byte	.LASF31
 648 01d1 01       		.byte	0x1
 649 01d2 B9       		.byte	0xb9
 650 01d3 8C000000 		.4byte	0x8c
 651 01d7 0D       		.uleb128 0xd
 652 01d8 06000000 		.4byte	.LVL9
 653 01dc 93040000 		.4byte	0x493
 654 01e0 0D       		.uleb128 0xd
 655 01e1 0C000000 		.4byte	.LVL10
 656 01e5 9E040000 		.4byte	0x49e
 657 01e9 0D       		.uleb128 0xd
 658 01ea 10000000 		.4byte	.LVL11
 659 01ee A9040000 		.4byte	0x4a9
 660 01f2 00       		.byte	0
 661 01f3 10       		.uleb128 0x10
 662 01f4 E2030000 		.4byte	.LASF32
 663 01f8 01       		.byte	0x1
 664 01f9 C7       		.byte	0xc7
 665 01fa 00000000 		.4byte	.LFB70
 666 01fe 18000000 		.4byte	.LFE70-.LFB70
 667 0202 01       		.uleb128 0x1
 668 0203 9C       		.byte	0x9c
 669 0204 32020000 		.4byte	0x232
 670 0208 0E       		.uleb128 0xe
 671 0209 08000000 		.4byte	.LVL12
 672 020d B4040000 		.4byte	0x4b4
ARM GAS  C:\Users\HENRIC~1\AppData\Local\Temp\ccFvS6yX.s 			page 17


 673 0211 1F020000 		.4byte	0x21f
 674 0215 0F       		.uleb128 0xf
 675 0216 01       		.uleb128 0x1
 676 0217 50       		.byte	0x50
 677 0218 05       		.uleb128 0x5
 678 0219 03       		.byte	0x3
 679 021a 00000000 		.4byte	.LANCHOR0
 680 021e 00       		.byte	0
 681 021f 0D       		.uleb128 0xd
 682 0220 0C000000 		.4byte	.LVL13
 683 0224 BF040000 		.4byte	0x4bf
 684 0228 0D       		.uleb128 0xd
 685 0229 10000000 		.4byte	.LVL14
 686 022d CA040000 		.4byte	0x4ca
 687 0231 00       		.byte	0
 688 0232 10       		.uleb128 0x10
 689 0233 DF000000 		.4byte	.LASF33
 690 0237 01       		.byte	0x1
 691 0238 4F       		.byte	0x4f
 692 0239 00000000 		.4byte	.LFB63
 693 023d 84000000 		.4byte	.LFE63-.LFB63
 694 0241 01       		.uleb128 0x1
 695 0242 9C       		.byte	0x9c
 696 0243 6E030000 		.4byte	0x36e
 697 0247 11       		.uleb128 0x11
 698 0248 D6010000 		.4byte	.LASF36
 699 024c 01       		.byte	0x1
 700 024d 4F       		.byte	0x4f
 701 024e D0000000 		.4byte	0xd0
 702 0252 00000000 		.4byte	.LLST0
 703 0256 0E       		.uleb128 0xe
 704 0257 0C000000 		.4byte	.LVL17
 705 025b D5040000 		.4byte	0x4d5
 706 025f 72020000 		.4byte	0x272
 707 0263 0F       		.uleb128 0xf
 708 0264 01       		.uleb128 0x1
 709 0265 50       		.byte	0x50
 710 0266 05       		.uleb128 0x5
 711 0267 03       		.byte	0x3
 712 0268 00000000 		.4byte	.LANCHOR0
 713 026c 0F       		.uleb128 0xf
 714 026d 01       		.uleb128 0x1
 715 026e 51       		.byte	0x51
 716 026f 01       		.uleb128 0x1
 717 0270 38       		.byte	0x38
 718 0271 00       		.byte	0
 719 0272 0D       		.uleb128 0xd
 720 0273 10000000 		.4byte	.LVL18
 721 0277 E0040000 		.4byte	0x4e0
 722 027b 0E       		.uleb128 0xe
 723 027c 16000000 		.4byte	.LVL19
 724 0280 EB040000 		.4byte	0x4eb
 725 0284 8F020000 		.4byte	0x28f
 726 0288 0F       		.uleb128 0xf
 727 0289 01       		.uleb128 0x1
 728 028a 50       		.byte	0x50
 729 028b 02       		.uleb128 0x2
ARM GAS  C:\Users\HENRIC~1\AppData\Local\Temp\ccFvS6yX.s 			page 18


 730 028c 08       		.byte	0x8
 731 028d 64       		.byte	0x64
 732 028e 00       		.byte	0
 733 028f 0D       		.uleb128 0xd
 734 0290 1A000000 		.4byte	.LVL20
 735 0294 F6040000 		.4byte	0x4f6
 736 0298 0E       		.uleb128 0xe
 737 0299 20000000 		.4byte	.LVL21
 738 029d 9E040000 		.4byte	0x49e
 739 02a1 AB020000 		.4byte	0x2ab
 740 02a5 0F       		.uleb128 0xf
 741 02a6 01       		.uleb128 0x1
 742 02a7 50       		.byte	0x50
 743 02a8 01       		.uleb128 0x1
 744 02a9 30       		.byte	0x30
 745 02aa 00       		.byte	0
 746 02ab 0D       		.uleb128 0xd
 747 02ac 24000000 		.4byte	.LVL22
 748 02b0 01050000 		.4byte	0x501
 749 02b4 0D       		.uleb128 0xd
 750 02b5 28000000 		.4byte	.LVL23
 751 02b9 0C050000 		.4byte	0x50c
 752 02bd 0D       		.uleb128 0xd
 753 02be 2C000000 		.4byte	.LVL24
 754 02c2 17050000 		.4byte	0x517
 755 02c6 0D       		.uleb128 0xd
 756 02c7 30000000 		.4byte	.LVL25
 757 02cb 22050000 		.4byte	0x522
 758 02cf 0D       		.uleb128 0xd
 759 02d0 34000000 		.4byte	.LVL26
 760 02d4 2D050000 		.4byte	0x52d
 761 02d8 0D       		.uleb128 0xd
 762 02d9 38000000 		.4byte	.LVL27
 763 02dd 38050000 		.4byte	0x538
 764 02e1 0D       		.uleb128 0xd
 765 02e2 3C000000 		.4byte	.LVL28
 766 02e6 43050000 		.4byte	0x543
 767 02ea 0D       		.uleb128 0xd
 768 02eb 44000000 		.4byte	.LVL29
 769 02ef 4E050000 		.4byte	0x54e
 770 02f3 0E       		.uleb128 0xe
 771 02f4 4A000000 		.4byte	.LVL30
 772 02f8 59050000 		.4byte	0x559
 773 02fc 06030000 		.4byte	0x306
 774 0300 0F       		.uleb128 0xf
 775 0301 01       		.uleb128 0x1
 776 0302 50       		.byte	0x50
 777 0303 01       		.uleb128 0x1
 778 0304 30       		.byte	0x30
 779 0305 00       		.byte	0
 780 0306 0E       		.uleb128 0xe
 781 0307 56000000 		.4byte	.LVL31
 782 030b 59050000 		.4byte	0x559
 783 030f 19030000 		.4byte	0x319
 784 0313 0F       		.uleb128 0xf
 785 0314 01       		.uleb128 0x1
 786 0315 50       		.byte	0x50
ARM GAS  C:\Users\HENRIC~1\AppData\Local\Temp\ccFvS6yX.s 			page 19


 787 0316 01       		.uleb128 0x1
 788 0317 31       		.byte	0x31
 789 0318 00       		.byte	0
 790 0319 0E       		.uleb128 0xe
 791 031a 5E000000 		.4byte	.LVL32
 792 031e 59050000 		.4byte	0x559
 793 0322 2C030000 		.4byte	0x32c
 794 0326 0F       		.uleb128 0xf
 795 0327 01       		.uleb128 0x1
 796 0328 50       		.byte	0x50
 797 0329 01       		.uleb128 0x1
 798 032a 30       		.byte	0x30
 799 032b 00       		.byte	0
 800 032c 0E       		.uleb128 0xe
 801 032d 64000000 		.4byte	.LVL33
 802 0331 64050000 		.4byte	0x564
 803 0335 43030000 		.4byte	0x343
 804 0339 0F       		.uleb128 0xf
 805 033a 01       		.uleb128 0x1
 806 033b 50       		.byte	0x50
 807 033c 05       		.uleb128 0x5
 808 033d 03       		.byte	0x3
 809 033e 00000000 		.4byte	ADC_EOC_isr
 810 0342 00       		.byte	0
 811 0343 0E       		.uleb128 0xe
 812 0344 6A000000 		.4byte	.LVL34
 813 0348 6F050000 		.4byte	0x56f
 814 034c 5A030000 		.4byte	0x35a
 815 0350 0F       		.uleb128 0xf
 816 0351 01       		.uleb128 0x1
 817 0352 50       		.byte	0x50
 818 0353 05       		.uleb128 0x5
 819 0354 03       		.byte	0x3
 820 0355 00000000 		.4byte	comp_isr
 821 0359 00       		.byte	0
 822 035a 12       		.uleb128 0x12
 823 035b 70000000 		.4byte	.LVL35
 824 035f 7A050000 		.4byte	0x57a
 825 0363 0F       		.uleb128 0xf
 826 0364 01       		.uleb128 0x1
 827 0365 50       		.byte	0x50
 828 0366 05       		.uleb128 0x5
 829 0367 03       		.byte	0x3
 830 0368 00000000 		.4byte	counter_overflow_isr
 831 036c 00       		.byte	0
 832 036d 00       		.byte	0
 833 036e 13       		.uleb128 0x13
 834 036f 26030000 		.4byte	.LASF75
 835 0373 01       		.byte	0x1
 836 0374 79       		.byte	0x79
 837 0375 97000000 		.4byte	0x97
 838 0379 00000000 		.4byte	.LFB64
 839 037d 10000000 		.4byte	.LFE64-.LFB64
 840 0381 01       		.uleb128 0x1
 841 0382 9C       		.byte	0x9c
 842 0383 9B030000 		.4byte	0x39b
 843 0387 12       		.uleb128 0x12
ARM GAS  C:\Users\HENRIC~1\AppData\Local\Temp\ccFvS6yX.s 			page 20


 844 0388 08000000 		.4byte	.LVL36
 845 038c 85050000 		.4byte	0x585
 846 0390 0F       		.uleb128 0xf
 847 0391 01       		.uleb128 0x1
 848 0392 50       		.byte	0x50
 849 0393 05       		.uleb128 0x5
 850 0394 03       		.byte	0x3
 851 0395 00000000 		.4byte	.LANCHOR0
 852 0399 00       		.byte	0
 853 039a 00       		.byte	0
 854 039b 10       		.uleb128 0x10
 855 039c CF000000 		.4byte	.LASF34
 856 03a0 01       		.byte	0x1
 857 03a1 81       		.byte	0x81
 858 03a2 00000000 		.4byte	.LFB65
 859 03a6 10000000 		.4byte	.LFE65-.LFB65
 860 03aa 01       		.uleb128 0x1
 861 03ab 9C       		.byte	0x9c
 862 03ac C4030000 		.4byte	0x3c4
 863 03b0 12       		.uleb128 0x12
 864 03b1 08000000 		.4byte	.LVL37
 865 03b5 B4040000 		.4byte	0x4b4
 866 03b9 0F       		.uleb128 0xf
 867 03ba 01       		.uleb128 0x1
 868 03bb 50       		.byte	0x50
 869 03bc 05       		.uleb128 0x5
 870 03bd 03       		.byte	0x3
 871 03be 00000000 		.4byte	.LANCHOR0
 872 03c2 00       		.byte	0
 873 03c3 00       		.byte	0
 874 03c4 10       		.uleb128 0x10
 875 03c5 3D030000 		.4byte	.LASF35
 876 03c9 01       		.byte	0x1
 877 03ca 89       		.byte	0x89
 878 03cb 00000000 		.4byte	.LFB66
 879 03cf 1C000000 		.4byte	.LFE66-.LFB66
 880 03d3 01       		.uleb128 0x1
 881 03d4 9C       		.byte	0x9c
 882 03d5 F8030000 		.4byte	0x3f8
 883 03d9 11       		.uleb128 0x11
 884 03da 98000000 		.4byte	.LASF37
 885 03de 01       		.byte	0x1
 886 03df 89       		.byte	0x89
 887 03e0 F8030000 		.4byte	0x3f8
 888 03e4 21000000 		.4byte	.LLST1
 889 03e8 12       		.uleb128 0x12
 890 03e9 14000000 		.4byte	.LVL40
 891 03ed 88040000 		.4byte	0x488
 892 03f1 0F       		.uleb128 0xf
 893 03f2 01       		.uleb128 0x1
 894 03f3 50       		.byte	0x50
 895 03f4 01       		.uleb128 0x1
 896 03f5 30       		.byte	0x30
 897 03f6 00       		.byte	0
 898 03f7 00       		.byte	0
 899 03f8 02       		.uleb128 0x2
 900 03f9 01       		.byte	0x1
ARM GAS  C:\Users\HENRIC~1\AppData\Local\Temp\ccFvS6yX.s 			page 21


 901 03fa 02       		.byte	0x2
 902 03fb 05030000 		.4byte	.LASF38
 903 03ff 14       		.uleb128 0x14
 904 0400 C0010000 		.4byte	.LASF76
 905 0404 01       		.byte	0x1
 906 0405 93       		.byte	0x93
 907 0406 F8030000 		.4byte	0x3f8
 908 040a 00000000 		.4byte	.LFB67
 909 040e 0C000000 		.4byte	.LFE67-.LFB67
 910 0412 01       		.uleb128 0x1
 911 0413 9C       		.byte	0x9c
 912 0414 15       		.uleb128 0x15
 913 0415 EA020000 		.4byte	.LASF39
 914 0419 01       		.byte	0x1
 915 041a 2A       		.byte	0x2a
 916 041b 25040000 		.4byte	0x425
 917 041f 05       		.uleb128 0x5
 918 0420 03       		.byte	0x3
 919 0421 00000000 		.4byte	_filter
 920 0425 16       		.uleb128 0x16
 921 0426 35010000 		.4byte	0x135
 922 042a 15       		.uleb128 0x15
 923 042b 2B020000 		.4byte	.LASF40
 924 042f 01       		.byte	0x1
 925 0430 2E       		.byte	0x2e
 926 0431 3B040000 		.4byte	0x43b
 927 0435 05       		.uleb128 0x5
 928 0436 03       		.byte	0x3
 929 0437 08000000 		.4byte	_use_led_state
 930 043b 16       		.uleb128 0x16
 931 043c F8030000 		.4byte	0x3f8
 932 0440 17       		.uleb128 0x17
 933 0441 7E040000 		.4byte	.LASF77
 934 0445 12       		.byte	0x12
 935 0446 1207     		.2byte	0x712
 936 0448 4C040000 		.4byte	0x44c
 937 044c 16       		.uleb128 0x16
 938 044d A2000000 		.4byte	0xa2
 939 0451 18       		.uleb128 0x18
 940 0452 2A040000 		.4byte	.LASF41
 941 0456 2A040000 		.4byte	.LASF41
 942 045a 06       		.byte	0x6
 943 045b 5D       		.byte	0x5d
 944 045c 18       		.uleb128 0x18
 945 045d C2020000 		.4byte	.LASF42
 946 0461 C2020000 		.4byte	.LASF42
 947 0465 05       		.byte	0x5
 948 0466 3D       		.byte	0x3d
 949 0467 18       		.uleb128 0x18
 950 0468 13020000 		.4byte	.LASF43
 951 046c 13020000 		.4byte	.LASF43
 952 0470 06       		.byte	0x6
 953 0471 5A       		.byte	0x5a
 954 0472 18       		.uleb128 0x18
 955 0473 11040000 		.4byte	.LASF44
 956 0477 11040000 		.4byte	.LASF44
 957 047b 07       		.byte	0x7
ARM GAS  C:\Users\HENRIC~1\AppData\Local\Temp\ccFvS6yX.s 			page 22


 958 047c 28       		.byte	0x28
 959 047d 18       		.uleb128 0x18
 960 047e 19050000 		.4byte	.LASF45
 961 0482 19050000 		.4byte	.LASF45
 962 0486 08       		.byte	0x8
 963 0487 29       		.byte	0x29
 964 0488 18       		.uleb128 0x18
 965 0489 8E000000 		.4byte	.LASF46
 966 048d 8E000000 		.4byte	.LASF46
 967 0491 08       		.byte	0x8
 968 0492 26       		.byte	0x26
 969 0493 18       		.uleb128 0x18
 970 0494 6C040000 		.4byte	.LASF47
 971 0498 6C040000 		.4byte	.LASF47
 972 049c 09       		.byte	0x9
 973 049d 3A       		.byte	0x3a
 974 049e 18       		.uleb128 0x18
 975 049f 16030000 		.4byte	.LASF48
 976 04a3 16030000 		.4byte	.LASF48
 977 04a7 0A       		.byte	0xa
 978 04a8 37       		.byte	0x37
 979 04a9 18       		.uleb128 0x18
 980 04aa 65030000 		.4byte	.LASF49
 981 04ae 65030000 		.4byte	.LASF49
 982 04b2 0B       		.byte	0xb
 983 04b3 28       		.byte	0x28
 984 04b4 18       		.uleb128 0x18
 985 04b5 A0010000 		.4byte	.LASF50
 986 04b9 A0010000 		.4byte	.LASF50
 987 04bd 05       		.byte	0x5
 988 04be 4B       		.byte	0x4b
 989 04bf 18       		.uleb128 0x18
 990 04c0 B1000000 		.4byte	.LASF51
 991 04c4 B1000000 		.4byte	.LASF51
 992 04c8 06       		.byte	0x6
 993 04c9 52       		.byte	0x52
 994 04ca 18       		.uleb128 0x18
 995 04cb 96030000 		.4byte	.LASF52
 996 04cf 96030000 		.4byte	.LASF52
 997 04d3 0C       		.byte	0xc
 998 04d4 28       		.byte	0x28
 999 04d5 18       		.uleb128 0x18
 1000 04d6 16010000 		.4byte	.LASF53
 1001 04da 16010000 		.4byte	.LASF53
 1002 04de 05       		.byte	0x5
 1003 04df 36       		.byte	0x36
 1004 04e0 18       		.uleb128 0x18
 1005 04e1 4E050000 		.4byte	.LASF54
 1006 04e5 4E050000 		.4byte	.LASF54
 1007 04e9 0D       		.byte	0xd
 1008 04ea 33       		.byte	0x33
 1009 04eb 18       		.uleb128 0x18
 1010 04ec C9030000 		.4byte	.LASF55
 1011 04f0 C9030000 		.4byte	.LASF55
 1012 04f4 0D       		.byte	0xd
 1013 04f5 37       		.byte	0x37
 1014 04f6 18       		.uleb128 0x18
ARM GAS  C:\Users\HENRIC~1\AppData\Local\Temp\ccFvS6yX.s 			page 23


 1015 04f7 81010000 		.4byte	.LASF56
 1016 04fb 81010000 		.4byte	.LASF56
 1017 04ff 0A       		.byte	0xa
 1018 0500 33       		.byte	0x33
 1019 0501 18       		.uleb128 0x18
 1020 0502 84030000 		.4byte	.LASF57
 1021 0506 84030000 		.4byte	.LASF57
 1022 050a 09       		.byte	0x9
 1023 050b 34       		.byte	0x34
 1024 050c 18       		.uleb128 0x18
 1025 050d 7A000000 		.4byte	.LASF58
 1026 0511 7A000000 		.4byte	.LASF58
 1027 0515 09       		.byte	0x9
 1028 0516 D1       		.byte	0xd1
 1029 0517 18       		.uleb128 0x18
 1030 0518 51020000 		.4byte	.LASF59
 1031 051c 51020000 		.4byte	.LASF59
 1032 0520 0B       		.byte	0xb
 1033 0521 23       		.byte	0x23
 1034 0522 18       		.uleb128 0x18
 1035 0523 31010000 		.4byte	.LASF60
 1036 0527 31010000 		.4byte	.LASF60
 1037 052b 0E       		.byte	0xe
 1038 052c 3F       		.byte	0x3f
 1039 052d 18       		.uleb128 0x18
 1040 052e 63020000 		.4byte	.LASF61
 1041 0532 63020000 		.4byte	.LASF61
 1042 0536 06       		.byte	0x6
 1043 0537 4F       		.byte	0x4f
 1044 0538 18       		.uleb128 0x18
 1045 0539 22050000 		.4byte	.LASF62
 1046 053d 22050000 		.4byte	.LASF62
 1047 0541 0F       		.byte	0xf
 1048 0542 25       		.byte	0x25
 1049 0543 18       		.uleb128 0x18
 1050 0544 3F010000 		.4byte	.LASF63
 1051 0548 3F010000 		.4byte	.LASF63
 1052 054c 10       		.byte	0x10
 1053 054d 3E       		.byte	0x3e
 1054 054e 18       		.uleb128 0x18
 1055 054f 0B030000 		.4byte	.LASF64
 1056 0553 0B030000 		.4byte	.LASF64
 1057 0557 11       		.byte	0x11
 1058 0558 67       		.byte	0x67
 1059 0559 18       		.uleb128 0x18
 1060 055a 8E010000 		.4byte	.LASF65
 1061 055e 8E010000 		.4byte	.LASF65
 1062 0562 0F       		.byte	0xf
 1063 0563 27       		.byte	0x27
 1064 0564 18       		.uleb128 0x18
 1065 0565 F2020000 		.4byte	.LASF66
 1066 0569 F2020000 		.4byte	.LASF66
 1067 056d 0B       		.byte	0xb
 1068 056e 18       		.byte	0x18
 1069 056f 18       		.uleb128 0x18
 1070 0570 DD010000 		.4byte	.LASF67
 1071 0574 DD010000 		.4byte	.LASF67
ARM GAS  C:\Users\HENRIC~1\AppData\Local\Temp\ccFvS6yX.s 			page 24


 1072 0578 07       		.byte	0x7
 1073 0579 18       		.byte	0x18
 1074 057a 18       		.uleb128 0x18
 1075 057b 50000000 		.4byte	.LASF68
 1076 057f 50000000 		.4byte	.LASF68
 1077 0583 0C       		.byte	0xc
 1078 0584 18       		.byte	0x18
 1079 0585 18       		.uleb128 0x18
 1080 0586 93020000 		.4byte	.LASF69
 1081 058a 93020000 		.4byte	.LASF69
 1082 058e 05       		.byte	0x5
 1083 058f 46       		.byte	0x46
 1084 0590 00       		.byte	0
 1085              		.section	.debug_abbrev,"",%progbits
 1086              	.Ldebug_abbrev0:
 1087 0000 01       		.uleb128 0x1
 1088 0001 11       		.uleb128 0x11
 1089 0002 01       		.byte	0x1
 1090 0003 25       		.uleb128 0x25
 1091 0004 0E       		.uleb128 0xe
 1092 0005 13       		.uleb128 0x13
 1093 0006 0B       		.uleb128 0xb
 1094 0007 03       		.uleb128 0x3
 1095 0008 0E       		.uleb128 0xe
 1096 0009 1B       		.uleb128 0x1b
 1097 000a 0E       		.uleb128 0xe
 1098 000b 55       		.uleb128 0x55
 1099 000c 17       		.uleb128 0x17
 1100 000d 11       		.uleb128 0x11
 1101 000e 01       		.uleb128 0x1
 1102 000f 10       		.uleb128 0x10
 1103 0010 17       		.uleb128 0x17
 1104 0011 00       		.byte	0
 1105 0012 00       		.byte	0
 1106 0013 02       		.uleb128 0x2
 1107 0014 24       		.uleb128 0x24
 1108 0015 00       		.byte	0
 1109 0016 0B       		.uleb128 0xb
 1110 0017 0B       		.uleb128 0xb
 1111 0018 3E       		.uleb128 0x3e
 1112 0019 0B       		.uleb128 0xb
 1113 001a 03       		.uleb128 0x3
 1114 001b 0E       		.uleb128 0xe
 1115 001c 00       		.byte	0
 1116 001d 00       		.byte	0
 1117 001e 03       		.uleb128 0x3
 1118 001f 16       		.uleb128 0x16
 1119 0020 00       		.byte	0
 1120 0021 03       		.uleb128 0x3
 1121 0022 0E       		.uleb128 0xe
 1122 0023 3A       		.uleb128 0x3a
 1123 0024 0B       		.uleb128 0xb
 1124 0025 3B       		.uleb128 0x3b
 1125 0026 0B       		.uleb128 0xb
 1126 0027 49       		.uleb128 0x49
 1127 0028 13       		.uleb128 0x13
 1128 0029 00       		.byte	0
ARM GAS  C:\Users\HENRIC~1\AppData\Local\Temp\ccFvS6yX.s 			page 25


 1129 002a 00       		.byte	0
 1130 002b 04       		.uleb128 0x4
 1131 002c 24       		.uleb128 0x24
 1132 002d 00       		.byte	0
 1133 002e 0B       		.uleb128 0xb
 1134 002f 0B       		.uleb128 0xb
 1135 0030 3E       		.uleb128 0x3e
 1136 0031 0B       		.uleb128 0xb
 1137 0032 03       		.uleb128 0x3
 1138 0033 08       		.uleb128 0x8
 1139 0034 00       		.byte	0
 1140 0035 00       		.byte	0
 1141 0036 05       		.uleb128 0x5
 1142 0037 04       		.uleb128 0x4
 1143 0038 01       		.byte	0x1
 1144 0039 03       		.uleb128 0x3
 1145 003a 0E       		.uleb128 0xe
 1146 003b 0B       		.uleb128 0xb
 1147 003c 0B       		.uleb128 0xb
 1148 003d 49       		.uleb128 0x49
 1149 003e 13       		.uleb128 0x13
 1150 003f 3A       		.uleb128 0x3a
 1151 0040 0B       		.uleb128 0xb
 1152 0041 3B       		.uleb128 0x3b
 1153 0042 0B       		.uleb128 0xb
 1154 0043 01       		.uleb128 0x1
 1155 0044 13       		.uleb128 0x13
 1156 0045 00       		.byte	0
 1157 0046 00       		.byte	0
 1158 0047 06       		.uleb128 0x6
 1159 0048 28       		.uleb128 0x28
 1160 0049 00       		.byte	0
 1161 004a 03       		.uleb128 0x3
 1162 004b 0E       		.uleb128 0xe
 1163 004c 1C       		.uleb128 0x1c
 1164 004d 0B       		.uleb128 0xb
 1165 004e 00       		.byte	0
 1166 004f 00       		.byte	0
 1167 0050 07       		.uleb128 0x7
 1168 0051 13       		.uleb128 0x13
 1169 0052 01       		.byte	0x1
 1170 0053 03       		.uleb128 0x3
 1171 0054 0E       		.uleb128 0xe
 1172 0055 0B       		.uleb128 0xb
 1173 0056 0B       		.uleb128 0xb
 1174 0057 3A       		.uleb128 0x3a
 1175 0058 0B       		.uleb128 0xb
 1176 0059 3B       		.uleb128 0x3b
 1177 005a 0B       		.uleb128 0xb
 1178 005b 01       		.uleb128 0x1
 1179 005c 13       		.uleb128 0x13
 1180 005d 00       		.byte	0
 1181 005e 00       		.byte	0
 1182 005f 08       		.uleb128 0x8
 1183 0060 0D       		.uleb128 0xd
 1184 0061 00       		.byte	0
 1185 0062 03       		.uleb128 0x3
ARM GAS  C:\Users\HENRIC~1\AppData\Local\Temp\ccFvS6yX.s 			page 26


 1186 0063 0E       		.uleb128 0xe
 1187 0064 3A       		.uleb128 0x3a
 1188 0065 0B       		.uleb128 0xb
 1189 0066 3B       		.uleb128 0x3b
 1190 0067 0B       		.uleb128 0xb
 1191 0068 49       		.uleb128 0x49
 1192 0069 13       		.uleb128 0x13
 1193 006a 38       		.uleb128 0x38
 1194 006b 0B       		.uleb128 0xb
 1195 006c 00       		.byte	0
 1196 006d 00       		.byte	0
 1197 006e 09       		.uleb128 0x9
 1198 006f 0F       		.uleb128 0xf
 1199 0070 00       		.byte	0
 1200 0071 0B       		.uleb128 0xb
 1201 0072 0B       		.uleb128 0xb
 1202 0073 49       		.uleb128 0x49
 1203 0074 13       		.uleb128 0x13
 1204 0075 00       		.byte	0
 1205 0076 00       		.byte	0
 1206 0077 0A       		.uleb128 0xa
 1207 0078 2E       		.uleb128 0x2e
 1208 0079 01       		.byte	0x1
 1209 007a 3F       		.uleb128 0x3f
 1210 007b 19       		.uleb128 0x19
 1211 007c 03       		.uleb128 0x3
 1212 007d 0E       		.uleb128 0xe
 1213 007e 3A       		.uleb128 0x3a
 1214 007f 0B       		.uleb128 0xb
 1215 0080 3B       		.uleb128 0x3b
 1216 0081 0B       		.uleb128 0xb
 1217 0082 27       		.uleb128 0x27
 1218 0083 19       		.uleb128 0x19
 1219 0084 11       		.uleb128 0x11
 1220 0085 01       		.uleb128 0x1
 1221 0086 12       		.uleb128 0x12
 1222 0087 06       		.uleb128 0x6
 1223 0088 40       		.uleb128 0x40
 1224 0089 18       		.uleb128 0x18
 1225 008a 9642     		.uleb128 0x2116
 1226 008c 19       		.uleb128 0x19
 1227 008d 01       		.uleb128 0x1
 1228 008e 13       		.uleb128 0x13
 1229 008f 00       		.byte	0
 1230 0090 00       		.byte	0
 1231 0091 0B       		.uleb128 0xb
 1232 0092 34       		.uleb128 0x34
 1233 0093 00       		.byte	0
 1234 0094 03       		.uleb128 0x3
 1235 0095 0E       		.uleb128 0xe
 1236 0096 3A       		.uleb128 0x3a
 1237 0097 0B       		.uleb128 0xb
 1238 0098 3B       		.uleb128 0x3b
 1239 0099 0B       		.uleb128 0xb
 1240 009a 49       		.uleb128 0x49
 1241 009b 13       		.uleb128 0x13
 1242 009c 00       		.byte	0
ARM GAS  C:\Users\HENRIC~1\AppData\Local\Temp\ccFvS6yX.s 			page 27


 1243 009d 00       		.byte	0
 1244 009e 0C       		.uleb128 0xc
 1245 009f 34       		.uleb128 0x34
 1246 00a0 00       		.byte	0
 1247 00a1 03       		.uleb128 0x3
 1248 00a2 08       		.uleb128 0x8
 1249 00a3 3A       		.uleb128 0x3a
 1250 00a4 0B       		.uleb128 0xb
 1251 00a5 3B       		.uleb128 0x3b
 1252 00a6 0B       		.uleb128 0xb
 1253 00a7 49       		.uleb128 0x49
 1254 00a8 13       		.uleb128 0x13
 1255 00a9 00       		.byte	0
 1256 00aa 00       		.byte	0
 1257 00ab 0D       		.uleb128 0xd
 1258 00ac 898201   		.uleb128 0x4109
 1259 00af 00       		.byte	0
 1260 00b0 11       		.uleb128 0x11
 1261 00b1 01       		.uleb128 0x1
 1262 00b2 31       		.uleb128 0x31
 1263 00b3 13       		.uleb128 0x13
 1264 00b4 00       		.byte	0
 1265 00b5 00       		.byte	0
 1266 00b6 0E       		.uleb128 0xe
 1267 00b7 898201   		.uleb128 0x4109
 1268 00ba 01       		.byte	0x1
 1269 00bb 11       		.uleb128 0x11
 1270 00bc 01       		.uleb128 0x1
 1271 00bd 31       		.uleb128 0x31
 1272 00be 13       		.uleb128 0x13
 1273 00bf 01       		.uleb128 0x1
 1274 00c0 13       		.uleb128 0x13
 1275 00c1 00       		.byte	0
 1276 00c2 00       		.byte	0
 1277 00c3 0F       		.uleb128 0xf
 1278 00c4 8A8201   		.uleb128 0x410a
 1279 00c7 00       		.byte	0
 1280 00c8 02       		.uleb128 0x2
 1281 00c9 18       		.uleb128 0x18
 1282 00ca 9142     		.uleb128 0x2111
 1283 00cc 18       		.uleb128 0x18
 1284 00cd 00       		.byte	0
 1285 00ce 00       		.byte	0
 1286 00cf 10       		.uleb128 0x10
 1287 00d0 2E       		.uleb128 0x2e
 1288 00d1 01       		.byte	0x1
 1289 00d2 3F       		.uleb128 0x3f
 1290 00d3 19       		.uleb128 0x19
 1291 00d4 03       		.uleb128 0x3
 1292 00d5 0E       		.uleb128 0xe
 1293 00d6 3A       		.uleb128 0x3a
 1294 00d7 0B       		.uleb128 0xb
 1295 00d8 3B       		.uleb128 0x3b
 1296 00d9 0B       		.uleb128 0xb
 1297 00da 27       		.uleb128 0x27
 1298 00db 19       		.uleb128 0x19
 1299 00dc 11       		.uleb128 0x11
ARM GAS  C:\Users\HENRIC~1\AppData\Local\Temp\ccFvS6yX.s 			page 28


 1300 00dd 01       		.uleb128 0x1
 1301 00de 12       		.uleb128 0x12
 1302 00df 06       		.uleb128 0x6
 1303 00e0 40       		.uleb128 0x40
 1304 00e1 18       		.uleb128 0x18
 1305 00e2 9742     		.uleb128 0x2117
 1306 00e4 19       		.uleb128 0x19
 1307 00e5 01       		.uleb128 0x1
 1308 00e6 13       		.uleb128 0x13
 1309 00e7 00       		.byte	0
 1310 00e8 00       		.byte	0
 1311 00e9 11       		.uleb128 0x11
 1312 00ea 05       		.uleb128 0x5
 1313 00eb 00       		.byte	0
 1314 00ec 03       		.uleb128 0x3
 1315 00ed 0E       		.uleb128 0xe
 1316 00ee 3A       		.uleb128 0x3a
 1317 00ef 0B       		.uleb128 0xb
 1318 00f0 3B       		.uleb128 0x3b
 1319 00f1 0B       		.uleb128 0xb
 1320 00f2 49       		.uleb128 0x49
 1321 00f3 13       		.uleb128 0x13
 1322 00f4 02       		.uleb128 0x2
 1323 00f5 17       		.uleb128 0x17
 1324 00f6 00       		.byte	0
 1325 00f7 00       		.byte	0
 1326 00f8 12       		.uleb128 0x12
 1327 00f9 898201   		.uleb128 0x4109
 1328 00fc 01       		.byte	0x1
 1329 00fd 11       		.uleb128 0x11
 1330 00fe 01       		.uleb128 0x1
 1331 00ff 31       		.uleb128 0x31
 1332 0100 13       		.uleb128 0x13
 1333 0101 00       		.byte	0
 1334 0102 00       		.byte	0
 1335 0103 13       		.uleb128 0x13
 1336 0104 2E       		.uleb128 0x2e
 1337 0105 01       		.byte	0x1
 1338 0106 3F       		.uleb128 0x3f
 1339 0107 19       		.uleb128 0x19
 1340 0108 03       		.uleb128 0x3
 1341 0109 0E       		.uleb128 0xe
 1342 010a 3A       		.uleb128 0x3a
 1343 010b 0B       		.uleb128 0xb
 1344 010c 3B       		.uleb128 0x3b
 1345 010d 0B       		.uleb128 0xb
 1346 010e 27       		.uleb128 0x27
 1347 010f 19       		.uleb128 0x19
 1348 0110 49       		.uleb128 0x49
 1349 0111 13       		.uleb128 0x13
 1350 0112 11       		.uleb128 0x11
 1351 0113 01       		.uleb128 0x1
 1352 0114 12       		.uleb128 0x12
 1353 0115 06       		.uleb128 0x6
 1354 0116 40       		.uleb128 0x40
 1355 0117 18       		.uleb128 0x18
 1356 0118 9742     		.uleb128 0x2117
ARM GAS  C:\Users\HENRIC~1\AppData\Local\Temp\ccFvS6yX.s 			page 29


 1357 011a 19       		.uleb128 0x19
 1358 011b 01       		.uleb128 0x1
 1359 011c 13       		.uleb128 0x13
 1360 011d 00       		.byte	0
 1361 011e 00       		.byte	0
 1362 011f 14       		.uleb128 0x14
 1363 0120 2E       		.uleb128 0x2e
 1364 0121 00       		.byte	0
 1365 0122 3F       		.uleb128 0x3f
 1366 0123 19       		.uleb128 0x19
 1367 0124 03       		.uleb128 0x3
 1368 0125 0E       		.uleb128 0xe
 1369 0126 3A       		.uleb128 0x3a
 1370 0127 0B       		.uleb128 0xb
 1371 0128 3B       		.uleb128 0x3b
 1372 0129 0B       		.uleb128 0xb
 1373 012a 27       		.uleb128 0x27
 1374 012b 19       		.uleb128 0x19
 1375 012c 49       		.uleb128 0x49
 1376 012d 13       		.uleb128 0x13
 1377 012e 11       		.uleb128 0x11
 1378 012f 01       		.uleb128 0x1
 1379 0130 12       		.uleb128 0x12
 1380 0131 06       		.uleb128 0x6
 1381 0132 40       		.uleb128 0x40
 1382 0133 18       		.uleb128 0x18
 1383 0134 9742     		.uleb128 0x2117
 1384 0136 19       		.uleb128 0x19
 1385 0137 00       		.byte	0
 1386 0138 00       		.byte	0
 1387 0139 15       		.uleb128 0x15
 1388 013a 34       		.uleb128 0x34
 1389 013b 00       		.byte	0
 1390 013c 03       		.uleb128 0x3
 1391 013d 0E       		.uleb128 0xe
 1392 013e 3A       		.uleb128 0x3a
 1393 013f 0B       		.uleb128 0xb
 1394 0140 3B       		.uleb128 0x3b
 1395 0141 0B       		.uleb128 0xb
 1396 0142 49       		.uleb128 0x49
 1397 0143 13       		.uleb128 0x13
 1398 0144 02       		.uleb128 0x2
 1399 0145 18       		.uleb128 0x18
 1400 0146 00       		.byte	0
 1401 0147 00       		.byte	0
 1402 0148 16       		.uleb128 0x16
 1403 0149 35       		.uleb128 0x35
 1404 014a 00       		.byte	0
 1405 014b 49       		.uleb128 0x49
 1406 014c 13       		.uleb128 0x13
 1407 014d 00       		.byte	0
 1408 014e 00       		.byte	0
 1409 014f 17       		.uleb128 0x17
 1410 0150 34       		.uleb128 0x34
 1411 0151 00       		.byte	0
 1412 0152 03       		.uleb128 0x3
 1413 0153 0E       		.uleb128 0xe
ARM GAS  C:\Users\HENRIC~1\AppData\Local\Temp\ccFvS6yX.s 			page 30


 1414 0154 3A       		.uleb128 0x3a
 1415 0155 0B       		.uleb128 0xb
 1416 0156 3B       		.uleb128 0x3b
 1417 0157 05       		.uleb128 0x5
 1418 0158 49       		.uleb128 0x49
 1419 0159 13       		.uleb128 0x13
 1420 015a 3F       		.uleb128 0x3f
 1421 015b 19       		.uleb128 0x19
 1422 015c 3C       		.uleb128 0x3c
 1423 015d 19       		.uleb128 0x19
 1424 015e 00       		.byte	0
 1425 015f 00       		.byte	0
 1426 0160 18       		.uleb128 0x18
 1427 0161 2E       		.uleb128 0x2e
 1428 0162 00       		.byte	0
 1429 0163 3F       		.uleb128 0x3f
 1430 0164 19       		.uleb128 0x19
 1431 0165 3C       		.uleb128 0x3c
 1432 0166 19       		.uleb128 0x19
 1433 0167 6E       		.uleb128 0x6e
 1434 0168 0E       		.uleb128 0xe
 1435 0169 03       		.uleb128 0x3
 1436 016a 0E       		.uleb128 0xe
 1437 016b 3A       		.uleb128 0x3a
 1438 016c 0B       		.uleb128 0xb
 1439 016d 3B       		.uleb128 0x3b
 1440 016e 0B       		.uleb128 0xb
 1441 016f 00       		.byte	0
 1442 0170 00       		.byte	0
 1443 0171 00       		.byte	0
 1444              		.section	.debug_loc,"",%progbits
 1445              	.Ldebug_loc0:
 1446              	.LLST0:
 1447 0000 00000000 		.4byte	.LVL15
 1448 0004 08000000 		.4byte	.LVL16
 1449 0008 0100     		.2byte	0x1
 1450 000a 50       		.byte	0x50
 1451 000b 08000000 		.4byte	.LVL16
 1452 000f 84000000 		.4byte	.LFE63
 1453 0013 0400     		.2byte	0x4
 1454 0015 F3       		.byte	0xf3
 1455 0016 01       		.uleb128 0x1
 1456 0017 50       		.byte	0x50
 1457 0018 9F       		.byte	0x9f
 1458 0019 00000000 		.4byte	0
 1459 001d 00000000 		.4byte	0
 1460              	.LLST1:
 1461 0021 00000000 		.4byte	.LVL38
 1462 0025 10000000 		.4byte	.LVL39
 1463 0029 0100     		.2byte	0x1
 1464 002b 50       		.byte	0x50
 1465 002c 10000000 		.4byte	.LVL39
 1466 0030 13000000 		.4byte	.LVL40-1
 1467 0034 0500     		.2byte	0x5
 1468 0036 03       		.byte	0x3
 1469 0037 08000000 		.4byte	_use_led_state
 1470 003b 13000000 		.4byte	.LVL40-1
ARM GAS  C:\Users\HENRIC~1\AppData\Local\Temp\ccFvS6yX.s 			page 31


 1471 003f 1C000000 		.4byte	.LFE66
 1472 0043 0400     		.2byte	0x4
 1473 0045 F3       		.byte	0xf3
 1474 0046 01       		.uleb128 0x1
 1475 0047 50       		.byte	0x50
 1476 0048 9F       		.byte	0x9f
 1477 0049 00000000 		.4byte	0
 1478 004d 00000000 		.4byte	0
 1479              		.section	.debug_aranges,"",%progbits
 1480 0000 54000000 		.4byte	0x54
 1481 0004 0200     		.2byte	0x2
 1482 0006 00000000 		.4byte	.Ldebug_info0
 1483 000a 04       		.byte	0x4
 1484 000b 00       		.byte	0
 1485 000c 0000     		.2byte	0
 1486 000e 0000     		.2byte	0
 1487 0010 00000000 		.4byte	.LFB68
 1488 0014 68000000 		.4byte	.LFE68-.LFB68
 1489 0018 00000000 		.4byte	.LFB69
 1490 001c 12000000 		.4byte	.LFE69-.LFB69
 1491 0020 00000000 		.4byte	.LFB70
 1492 0024 18000000 		.4byte	.LFE70-.LFB70
 1493 0028 00000000 		.4byte	.LFB63
 1494 002c 84000000 		.4byte	.LFE63-.LFB63
 1495 0030 00000000 		.4byte	.LFB64
 1496 0034 10000000 		.4byte	.LFE64-.LFB64
 1497 0038 00000000 		.4byte	.LFB65
 1498 003c 10000000 		.4byte	.LFE65-.LFB65
 1499 0040 00000000 		.4byte	.LFB66
 1500 0044 1C000000 		.4byte	.LFE66-.LFB66
 1501 0048 00000000 		.4byte	.LFB67
 1502 004c 0C000000 		.4byte	.LFE67-.LFB67
 1503 0050 00000000 		.4byte	0
 1504 0054 00000000 		.4byte	0
 1505              		.section	.debug_ranges,"",%progbits
 1506              	.Ldebug_ranges0:
 1507 0000 00000000 		.4byte	.LFB68
 1508 0004 68000000 		.4byte	.LFE68
 1509 0008 00000000 		.4byte	.LFB69
 1510 000c 12000000 		.4byte	.LFE69
 1511 0010 00000000 		.4byte	.LFB70
 1512 0014 18000000 		.4byte	.LFE70
 1513 0018 00000000 		.4byte	.LFB63
 1514 001c 84000000 		.4byte	.LFE63
 1515 0020 00000000 		.4byte	.LFB64
 1516 0024 10000000 		.4byte	.LFE64
 1517 0028 00000000 		.4byte	.LFB65
 1518 002c 10000000 		.4byte	.LFE65
 1519 0030 00000000 		.4byte	.LFB66
 1520 0034 1C000000 		.4byte	.LFE66
 1521 0038 00000000 		.4byte	.LFB67
 1522 003c 0C000000 		.4byte	.LFE67
 1523 0040 00000000 		.4byte	0
 1524 0044 00000000 		.4byte	0
 1525              		.section	.debug_line,"",%progbits
 1526              	.Ldebug_line0:
 1527 0000 E2020000 		.section	.debug_str,"MS",%progbits,1
ARM GAS  C:\Users\HENRIC~1\AppData\Local\Temp\ccFvS6yX.s 			page 32


 1527      02001202 
 1527      00000201 
 1527      FB0E0D00 
 1527      01010101 
 1528              	.LASF72:
 1529 0000 433A5C55 		.ascii	"C:\\Users\\henrichsc\\Desktop\\School\\Senior_year\\"
 1529      73657273 
 1529      5C68656E 
 1529      72696368 
 1529      73635C44 
 1530 002e 66616C6C 		.ascii	"fall\\CE4920\\lab\\Milestone_6.cydsn\000"
 1530      5C434534 
 1530      3932305C 
 1530      6C61625C 
 1530      4D696C65 
 1531              	.LASF68:
 1532 0050 48425F4F 		.ascii	"HB_Overflow_Int_StartEx\000"
 1532      76657266 
 1532      6C6F775F 
 1532      496E745F 
 1532      53746172 
 1533              	.LASF27:
 1534 0068 52756E6E 		.ascii	"Running_Average_t\000"
 1534      696E675F 
 1534      41766572 
 1534      6167655F 
 1534      7400
 1535              	.LASF58:
 1536 007a 48425F41 		.ascii	"HB_ADC_StartConvert\000"
 1536      44435F53 
 1536      74617274 
 1536      436F6E76 
 1536      65727400 
 1537              	.LASF46:
 1538 008e 4C45445F 		.ascii	"LED_Write\000"
 1538      57726974 
 1538      6500
 1539              	.LASF37:
 1540 0098 73746174 		.ascii	"state\000"
 1540      6500
 1541              	.LASF2:
 1542 009e 73686F72 		.ascii	"short int\000"
 1542      7420696E 
 1542      7400
 1543              	.LASF23:
 1544 00a8 73697A65 		.ascii	"sizetype\000"
 1544      74797065 
 1544      00
 1545              	.LASF51:
 1546 00b1 48425F43 		.ascii	"HB_Counter_ReadStatusRegister\000"
 1546      6F756E74 
 1546      65725F52 
 1546      65616453 
 1546      74617475 
 1547              	.LASF34:
 1548 00cf 68656172 		.ascii	"heartbeat_clear\000"
 1548      74626561 
ARM GAS  C:\Users\HENRIC~1\AppData\Local\Temp\ccFvS6yX.s 			page 33


 1548      745F636C 
 1548      65617200 
 1549              	.LASF33:
 1550 00df 68656172 		.ascii	"heartbeat_init\000"
 1550      74626561 
 1550      745F696E 
 1550      697400
 1551              	.LASF4:
 1552 00ee 5F5F7569 		.ascii	"__uint16_t\000"
 1552      6E743136 
 1552      5F7400
 1553              	.LASF26:
 1554 00f9 68656164 		.ascii	"head\000"
 1554      00
 1555              	.LASF12:
 1556 00fe 75696E74 		.ascii	"uint8_t\000"
 1556      385F7400 
 1557              	.LASF74:
 1558 0106 52756E6E 		.ascii	"Running_Average\000"
 1558      696E675F 
 1558      41766572 
 1558      61676500 
 1559              	.LASF53:
 1560 0116 72756E6E 		.ascii	"running_average_init\000"
 1560      696E675F 
 1560      61766572 
 1560      6167655F 
 1560      696E6974 
 1561              	.LASF28:
 1562 012b 636F756E 		.ascii	"count\000"
 1562      7400
 1563              	.LASF60:
 1564 0131 48425F43 		.ascii	"HB_Comp_Start\000"
 1564      6F6D705F 
 1564      53746172 
 1564      7400
 1565              	.LASF63:
 1566 013f 48425F50 		.ascii	"HB_PGA_Start\000"
 1566      47415F53 
 1566      74617274 
 1566      00
 1567              	.LASF0:
 1568 014c 7369676E 		.ascii	"signed char\000"
 1568      65642063 
 1568      68617200 
 1569              	.LASF19:
 1570 0158 666C6F61 		.ascii	"float\000"
 1570      7400
 1571              	.LASF15:
 1572 015e 48454152 		.ascii	"HEARTBEAT_SOURCE_OFF\000"
 1572      54424541 
 1572      545F534F 
 1572      55524345 
 1572      5F4F4646 
 1573              	.LASF9:
 1574 0173 6C6F6E67 		.ascii	"long long int\000"
 1574      206C6F6E 
ARM GAS  C:\Users\HENRIC~1\AppData\Local\Temp\ccFvS6yX.s 			page 34


 1574      6720696E 
 1574      7400
 1575              	.LASF56:
 1576 0181 48425F44 		.ascii	"HB_DAC_Start\000"
 1576      41435F53 
 1576      74617274 
 1576      00
 1577              	.LASF65:
 1578 018e 48425F4D 		.ascii	"HB_MUX_FastSelect\000"
 1578      55585F46 
 1578      61737453 
 1578      656C6563 
 1578      7400
 1579              	.LASF50:
 1580 01a0 72756E6E 		.ascii	"running_average_clear\000"
 1580      696E675F 
 1580      61766572 
 1580      6167655F 
 1580      636C6561 
 1581              	.LASF3:
 1582 01b6 5F5F7569 		.ascii	"__uint8_t\000"
 1582      6E74385F 
 1582      7400
 1583              	.LASF76:
 1584 01c0 68656172 		.ascii	"heartbeat_get_use_LED\000"
 1584      74626561 
 1584      745F6765 
 1584      745F7573 
 1584      655F4C45 
 1585              	.LASF36:
 1586 01d6 736F7572 		.ascii	"source\000"
 1586      636500
 1587              	.LASF67:
 1588 01dd 48425F43 		.ascii	"HB_Comp_Int_StartEx\000"
 1588      6F6D705F 
 1588      496E745F 
 1588      53746172 
 1588      74457800 
 1589              	.LASF31:
 1590 01f1 6164635F 		.ascii	"adc_val\000"
 1590      76616C00 
 1591              	.LASF22:
 1592 01f9 6C6F6E67 		.ascii	"long double\000"
 1592      20646F75 
 1592      626C6500 
 1593              	.LASF1:
 1594 0205 756E7369 		.ascii	"unsigned char\000"
 1594      676E6564 
 1594      20636861 
 1594      7200
 1595              	.LASF43:
 1596 0213 48425F43 		.ascii	"HB_Counter_WriteCounter\000"
 1596      6F756E74 
 1596      65725F57 
 1596      72697465 
 1596      436F756E 
 1597              	.LASF40:
ARM GAS  C:\Users\HENRIC~1\AppData\Local\Temp\ccFvS6yX.s 			page 35


 1598 022b 5F757365 		.ascii	"_use_led_state\000"
 1598      5F6C6564 
 1598      5F737461 
 1598      746500
 1599              	.LASF10:
 1600 023a 6C6F6E67 		.ascii	"long long unsigned int\000"
 1600      206C6F6E 
 1600      6720756E 
 1600      7369676E 
 1600      65642069 
 1601              	.LASF59:
 1602 0251 48425F41 		.ascii	"HB_ADC_IRQ_Enable\000"
 1602      44435F49 
 1602      52515F45 
 1602      6E61626C 
 1602      6500
 1603              	.LASF61:
 1604 0263 48425F43 		.ascii	"HB_Counter_Start\000"
 1604      6F756E74 
 1604      65725F53 
 1604      74617274 
 1604      00
 1605              	.LASF11:
 1606 0274 756E7369 		.ascii	"unsigned int\000"
 1606      676E6564 
 1606      20696E74 
 1606      00
 1607              	.LASF13:
 1608 0281 75696E74 		.ascii	"uint16_t\000"
 1608      31365F74 
 1608      00
 1609              	.LASF29:
 1610 028a 636F6D70 		.ascii	"comp_isr\000"
 1610      5F697372 
 1610      00
 1611              	.LASF69:
 1612 0293 72756E6E 		.ascii	"running_average_result\000"
 1612      696E675F 
 1612      61766572 
 1612      6167655F 
 1612      72657375 
 1613              	.LASF5:
 1614 02aa 73686F72 		.ascii	"short unsigned int\000"
 1614      7420756E 
 1614      7369676E 
 1614      65642069 
 1614      6E7400
 1615              	.LASF21:
 1616 02bd 63686172 		.ascii	"char\000"
 1616      00
 1617              	.LASF42:
 1618 02c2 72756E6E 		.ascii	"running_average_update\000"
 1618      696E675F 
 1618      61766572 
 1618      6167655F 
 1618      75706461 
 1619              	.LASF7:
ARM GAS  C:\Users\HENRIC~1\AppData\Local\Temp\ccFvS6yX.s 			page 36


 1620 02d9 6C6F6E67 		.ascii	"long int\000"
 1620      20696E74 
 1620      00
 1621              	.LASF14:
 1622 02e2 696E7433 		.ascii	"int32_t\000"
 1622      325F7400 
 1623              	.LASF39:
 1624 02ea 5F66696C 		.ascii	"_filter\000"
 1624      74657200 
 1625              	.LASF66:
 1626 02f2 48425F41 		.ascii	"HB_ADC_IRQ_StartEx\000"
 1626      44435F49 
 1626      52515F53 
 1626      74617274 
 1626      457800
 1627              	.LASF38:
 1628 0305 5F426F6F 		.ascii	"_Bool\000"
 1628      6C00
 1629              	.LASF64:
 1630 030b 495F4842 		.ascii	"I_HB_Start\000"
 1630      5F537461 
 1630      727400
 1631              	.LASF48:
 1632 0316 48425F44 		.ascii	"HB_DAC_SetValue\000"
 1632      41435F53 
 1632      65745661 
 1632      6C756500 
 1633              	.LASF75:
 1634 0326 68656172 		.ascii	"heartbeat_get_bpm\000"
 1634      74626561 
 1634      745F6765 
 1634      745F6270 
 1634      6D00
 1635              	.LASF24:
 1636 0338 62696E73 		.ascii	"bins\000"
 1636      00
 1637              	.LASF35:
 1638 033d 68656172 		.ascii	"heartbeat_set_use_LED\000"
 1638      74626561 
 1638      745F7365 
 1638      745F7573 
 1638      655F4C45 
 1639              	.LASF8:
 1640 0353 6C6F6E67 		.ascii	"long unsigned int\000"
 1640      20756E73 
 1640      69676E65 
 1640      6420696E 
 1640      7400
 1641              	.LASF49:
 1642 0365 48425F41 		.ascii	"HB_ADC_IRQ_ClearPending\000"
 1642      44435F49 
 1642      52515F43 
 1642      6C656172 
 1642      50656E64 
 1643              	.LASF20:
 1644 037d 646F7562 		.ascii	"double\000"
 1644      6C6500
ARM GAS  C:\Users\HENRIC~1\AppData\Local\Temp\ccFvS6yX.s 			page 37


 1645              	.LASF57:
 1646 0384 48425F41 		.ascii	"HB_ADC_Start\000"
 1646      44435F53 
 1646      74617274 
 1646      00
 1647              	.LASF25:
 1648 0391 73697A65 		.ascii	"size\000"
 1648      00
 1649              	.LASF52:
 1650 0396 48425F4F 		.ascii	"HB_Overflow_Int_ClearPending\000"
 1650      76657266 
 1650      6C6F775F 
 1650      496E745F 
 1650      436C6561 
 1651              	.LASF30:
 1652 03b3 4144435F 		.ascii	"ADC_EOC_isr\000"
 1652      454F435F 
 1652      69737200 
 1653              	.LASF6:
 1654 03bf 5F5F696E 		.ascii	"__int32_t\000"
 1654      7433325F 
 1654      7400
 1655              	.LASF55:
 1656 03c9 48425F43 		.ascii	"HB_Comp_Neg_DAC_SetValue\000"
 1656      6F6D705F 
 1656      4E65675F 
 1656      4441435F 
 1656      53657456 
 1657              	.LASF32:
 1658 03e2 636F756E 		.ascii	"counter_overflow_isr\000"
 1658      7465725F 
 1658      6F766572 
 1658      666C6F77 
 1658      5F697372 
 1659              	.LASF16:
 1660 03f7 48454152 		.ascii	"HEARTBEAT_SOURCE_INTERNAL\000"
 1660      54424541 
 1660      545F534F 
 1660      55524345 
 1660      5F494E54 
 1661              	.LASF44:
 1662 0411 48425F43 		.ascii	"HB_Comp_Int_ClearPending\000"
 1662      6F6D705F 
 1662      496E745F 
 1662      436C6561 
 1662      7250656E 
 1663              	.LASF41:
 1664 042a 48425F43 		.ascii	"HB_Counter_ReadCounter\000"
 1664      6F756E74 
 1664      65725F52 
 1664      65616443 
 1664      6F756E74 
 1665              	.LASF73:
 1666 0441 48656172 		.ascii	"Heartbeat_Source\000"
 1666      74626561 
 1666      745F536F 
 1666      75726365 
ARM GAS  C:\Users\HENRIC~1\AppData\Local\Temp\ccFvS6yX.s 			page 38


 1666      00
 1667              	.LASF17:
 1668 0452 48454152 		.ascii	"HEARTBEAT_SOURCE_EXTERNAL\000"
 1668      54424541 
 1668      545F534F 
 1668      55524345 
 1668      5F455854 
 1669              	.LASF47:
 1670 046c 48425F41 		.ascii	"HB_ADC_GetResult8\000"
 1670      44435F47 
 1670      65745265 
 1670      73756C74 
 1670      3800
 1671              	.LASF77:
 1672 047e 49544D5F 		.ascii	"ITM_RxBuffer\000"
 1672      52784275 
 1672      66666572 
 1672      00
 1673              	.LASF70:
 1674 048b 474E5520 		.ascii	"GNU C11 5.4.1 20160609 (release) [ARM/embedded-5-br"
 1674      43313120 
 1674      352E342E 
 1674      31203230 
 1674      31363036 
 1675 04be 616E6368 		.ascii	"anch revision 237715] -mcpu=cortex-m3 -mthumb -g -O"
 1675      20726576 
 1675      6973696F 
 1675      6E203233 
 1675      37373135 
 1676 04f1 67202D66 		.ascii	"g -ffunction-sections -ffat-lto-objects\000"
 1676      66756E63 
 1676      74696F6E 
 1676      2D736563 
 1676      74696F6E 
 1677              	.LASF45:
 1678 0519 4C45445F 		.ascii	"LED_Read\000"
 1678      52656164 
 1678      00
 1679              	.LASF62:
 1680 0522 48425F4D 		.ascii	"HB_MUX_Start\000"
 1680      55585F53 
 1680      74617274 
 1680      00
 1681              	.LASF18:
 1682 052f 48656172 		.ascii	"Heartbeat_Source_e\000"
 1682      74626561 
 1682      745F536F 
 1682      75726365 
 1682      5F6500
 1683              	.LASF71:
 1684 0542 48656172 		.ascii	"Heartbeat.c\000"
 1684      74626561 
 1684      742E6300 
 1685              	.LASF54:
 1686 054e 48425F43 		.ascii	"HB_Comp_Neg_DAC_Start\000"
 1686      6F6D705F 
 1686      4E65675F 
ARM GAS  C:\Users\HENRIC~1\AppData\Local\Temp\ccFvS6yX.s 			page 39


 1686      4441435F 
 1686      53746172 
 1687              		.ident	"GCC: (GNU Tools for ARM Embedded Processors) 5.4.1 20160609 (release) [ARM/embedded-5-bran
