ARM GAS  C:\Users\HENRIC~1\AppData\Local\Temp\cc7xkf3h.s 			page 1


   1              		.syntax unified
   2              		.cpu cortex-m3
   3              		.fpu softvfp
   4              		.eabi_attribute 20, 1
   5              		.eabi_attribute 21, 1
   6              		.eabi_attribute 23, 3
   7              		.eabi_attribute 24, 1
   8              		.eabi_attribute 25, 1
   9              		.eabi_attribute 26, 1
  10              		.eabi_attribute 30, 1
  11              		.eabi_attribute 34, 1
  12              		.eabi_attribute 18, 4
  13              		.thumb
  14              		.syntax unified
  15              		.file	"Uart.c"
  16              		.text
  17              	.Ltext0:
  18              		.cfi_sections	.debug_frame
  19              		.section	.text.uart_init,"ax",%progbits
  20              		.align	2
  21              		.global	uart_init
  22              		.thumb
  23              		.thumb_func
  24              		.type	uart_init, %function
  25              	uart_init:
  26              	.LFB63:
  27              		.file 1 "Uart.c"
   1:Uart.c        **** /**
   2:Uart.c        ****  * Uart
   3:Uart.c        ****  * @author Curt Henrichs
   4:Uart.c        ****  * @date 9-23-17
   5:Uart.c        ****  *
   6:Uart.c        ****  * USB CDC Virtual UART applicaiton interface module generalizes the hardware
   7:Uart.c        ****  * API for the specific use cases of the application. The ability to read,
   8:Uart.c        ****  * write, check if data is available, and handling of host configuration change
   9:Uart.c        ****  * is abstracted by this module.
  10:Uart.c        ****  */
  11:Uart.c        **** 
  12:Uart.c        **** //=============================================================================
  13:Uart.c        **** //                                  Libraries
  14:Uart.c        **** //=============================================================================
  15:Uart.c        **** 
  16:Uart.c        **** #include "Uart.h"
  17:Uart.c        **** #include <project.h>
  18:Uart.c        **** 
  19:Uart.c        **** //=============================================================================
  20:Uart.c        **** //                        Constant and Macro Defintions
  21:Uart.c        **** //=============================================================================
  22:Uart.c        **** 
  23:Uart.c        **** #define USBFS_DEVICE        (0u)    //! Device number as defined in hardware
  24:Uart.c        **** #define WAIT_TIMEOUT_COUNT  1000    //! Iterations of loop before timeout
  25:Uart.c        **** 
  26:Uart.c        **** //=============================================================================
  27:Uart.c        **** //                         Public Function Implementation
  28:Uart.c        **** //=============================================================================
  29:Uart.c        **** 
  30:Uart.c        **** /**
ARM GAS  C:\Users\HENRIC~1\AppData\Local\Temp\cc7xkf3h.s 			page 2


  31:Uart.c        ****  * USB UART initailization function will start the virtual serial port
  32:Uart.c        ****  */
  33:Uart.c        **** void uart_init(void){
  28              		.loc 1 33 0
  29              		.cfi_startproc
  30              		@ args = 0, pretend = 0, frame = 0
  31              		@ frame_needed = 0, uses_anonymous_args = 0
  32 0000 08B5     		push	{r3, lr}
  33              		.cfi_def_cfa_offset 8
  34              		.cfi_offset 3, -8
  35              		.cfi_offset 14, -4
  34:Uart.c        ****     USBUART_Start(USBFS_DEVICE,USBUART_3V_OPERATION);
  36              		.loc 1 34 0
  37 0002 0021     		movs	r1, #0
  38 0004 0846     		mov	r0, r1
  39 0006 FFF7FEFF 		bl	USBUART_Start
  40              	.LVL0:
  41 000a 08BD     		pop	{r3, pc}
  42              		.cfi_endproc
  43              	.LFE63:
  44              		.size	uart_init, .-uart_init
  45              		.section	.text.uart_update,"ax",%progbits
  46              		.align	2
  47              		.global	uart_update
  48              		.thumb
  49              		.thumb_func
  50              		.type	uart_update, %function
  51              	uart_update:
  52              	.LFB64:
  35:Uart.c        **** }
  36:Uart.c        **** 
  37:Uart.c        **** /**
  38:Uart.c        ****  * USB UART update function will handle configuration change from the USB host
  39:Uart.c        ****  */
  40:Uart.c        **** void uart_update(void){
  53              		.loc 1 40 0
  54              		.cfi_startproc
  55              		@ args = 0, pretend = 0, frame = 0
  56              		@ frame_needed = 0, uses_anonymous_args = 0
  57 0000 08B5     		push	{r3, lr}
  58              		.cfi_def_cfa_offset 8
  59              		.cfi_offset 3, -8
  60              		.cfi_offset 14, -4
  41:Uart.c        ****     //reconfiguration
  42:Uart.c        ****     if(USBUART_IsConfigurationChanged()){
  61              		.loc 1 42 0
  62 0002 FFF7FEFF 		bl	USBUART_IsConfigurationChanged
  63              	.LVL1:
  64 0006 20B1     		cbz	r0, .L3
  43:Uart.c        ****         if(USBUART_GetConfiguration()){
  65              		.loc 1 43 0
  66 0008 FFF7FEFF 		bl	USBUART_GetConfiguration
  67              	.LVL2:
  68 000c 08B1     		cbz	r0, .L3
  44:Uart.c        ****             USBUART_CDC_Init();
  69              		.loc 1 44 0
  70 000e FFF7FEFF 		bl	USBUART_CDC_Init
ARM GAS  C:\Users\HENRIC~1\AppData\Local\Temp\cc7xkf3h.s 			page 3


  71              	.LVL3:
  72              	.L3:
  73 0012 08BD     		pop	{r3, pc}
  74              		.cfi_endproc
  75              	.LFE64:
  76              		.size	uart_update, .-uart_update
  77              		.section	.text.uart_has_data,"ax",%progbits
  78              		.align	2
  79              		.global	uart_has_data
  80              		.thumb
  81              		.thumb_func
  82              		.type	uart_has_data, %function
  83              	uart_has_data:
  84              	.LFB65:
  45:Uart.c        ****         }
  46:Uart.c        ****     }
  47:Uart.c        **** }
  48:Uart.c        **** 
  49:Uart.c        **** /**
  50:Uart.c        ****  * USB UART received new data, needs to be taken from internal buffer
  51:Uart.c        ****  * @return true if new data else false
  52:Uart.c        ****  */
  53:Uart.c        **** bool uart_has_data(void){
  85              		.loc 1 53 0
  86              		.cfi_startproc
  87              		@ args = 0, pretend = 0, frame = 0
  88              		@ frame_needed = 0, uses_anonymous_args = 0
  89 0000 08B5     		push	{r3, lr}
  90              		.cfi_def_cfa_offset 8
  91              		.cfi_offset 3, -8
  92              		.cfi_offset 14, -4
  54:Uart.c        ****     return USBUART_GetConfiguration() ? USBUART_DataIsReady() : false;
  93              		.loc 1 54 0
  94 0002 FFF7FEFF 		bl	USBUART_GetConfiguration
  95              	.LVL4:
  96 0006 20B1     		cbz	r0, .L8
  97              		.loc 1 54 0 is_stmt 0 discriminator 1
  98 0008 FFF7FEFF 		bl	USBUART_DataIsReady
  99              	.LVL5:
 100 000c 18B1     		cbz	r0, .L9
 101              		.loc 1 54 0
 102 000e 0120     		movs	r0, #1
 103 0010 08BD     		pop	{r3, pc}
 104              	.L8:
 105 0012 0020     		movs	r0, #0
 106 0014 08BD     		pop	{r3, pc}
 107              	.L9:
 108 0016 0020     		movs	r0, #0
  55:Uart.c        **** }
 109              		.loc 1 55 0 is_stmt 1
 110 0018 08BD     		pop	{r3, pc}
 111              		.cfi_endproc
 112              	.LFE65:
 113              		.size	uart_has_data, .-uart_has_data
 114 001a 00BF     		.section	.text.uart_read,"ax",%progbits
 115              		.align	2
 116              		.global	uart_read
ARM GAS  C:\Users\HENRIC~1\AppData\Local\Temp\cc7xkf3h.s 			page 4


 117              		.thumb
 118              		.thumb_func
 119              		.type	uart_read, %function
 120              	uart_read:
 121              	.LFB66:
  56:Uart.c        **** 
  57:Uart.c        **** /**
  58:Uart.c        ****  * Get data from USB UART internal receive buffer.
  59:Uart.c        ****  * @param str is pointer to buffer to write into
  60:Uart.c        ****  * @param str_len is buffer size
  61:Uart.c        ****  * @return number of bytes read from UART internal buffer into supplied
  62:Uart.c        ****  */
  63:Uart.c        **** uint8_t uart_read(char* str, uint16_t str_len){
 122              		.loc 1 63 0
 123              		.cfi_startproc
 124              		@ args = 0, pretend = 0, frame = 0
 125              		@ frame_needed = 0, uses_anonymous_args = 0
 126              	.LVL6:
  64:Uart.c        ****     
  65:Uart.c        ****     //parameter check
  66:Uart.c        ****     if(str == NULL || str_len > USBUART_BUFFER_SIZE || str_len == 0){
 127              		.loc 1 66 0
 128 0000 88B1     		cbz	r0, .L13
 129              		.loc 1 66 0 is_stmt 0 discriminator 1
 130 0002 4029     		cmp	r1, #64
 131 0004 12D8     		bhi	.L14
 132              		.loc 1 66 0 discriminator 2
 133 0006 99B1     		cbz	r1, .L15
  63:Uart.c        ****     
 134              		.loc 1 63 0 is_stmt 1
 135 0008 10B5     		push	{r4, lr}
 136              		.cfi_def_cfa_offset 8
 137              		.cfi_offset 4, -8
 138              		.cfi_offset 14, -4
 139 000a 0446     		mov	r4, r0
 140              	.LVL7:
  67:Uart.c        ****         return 0;   
  68:Uart.c        ****     }
  69:Uart.c        ****     
  70:Uart.c        ****     //service CDC interface
  71:Uart.c        ****     uint8_t count = 0;
  72:Uart.c        ****     if(USBUART_GetConfiguration()){
 141              		.loc 1 72 0
 142 000c FFF7FEFF 		bl	USBUART_GetConfiguration
 143              	.LVL8:
 144 0010 0346     		mov	r3, r0
 145 0012 78B1     		cbz	r0, .L12
  73:Uart.c        ****         //input data from host
  74:Uart.c        ****         if(USBUART_DataIsReady()){
 146              		.loc 1 74 0
 147 0014 FFF7FEFF 		bl	USBUART_DataIsReady
 148              	.LVL9:
 149 0018 0346     		mov	r3, r0
 150 001a 58B1     		cbz	r0, .L12
  75:Uart.c        ****             count = USBUART_GetAll((uint8_t*)(str));
 151              		.loc 1 75 0
 152 001c 2046     		mov	r0, r4
ARM GAS  C:\Users\HENRIC~1\AppData\Local\Temp\cc7xkf3h.s 			page 5


 153 001e FFF7FEFF 		bl	USBUART_GetAll
 154              	.LVL10:
 155 0022 C3B2     		uxtb	r3, r0
 156              	.LVL11:
 157 0024 06E0     		b	.L12
 158              	.LVL12:
 159              	.L13:
 160              		.cfi_def_cfa_offset 0
 161              		.cfi_restore 4
 162              		.cfi_restore 14
  67:Uart.c        ****         return 0;   
 163              		.loc 1 67 0
 164 0026 0023     		movs	r3, #0
 165              	.L17:
  76:Uart.c        ****         }
  77:Uart.c        ****     }
  78:Uart.c        ****     return count;
  79:Uart.c        **** }
 166              		.loc 1 79 0
 167 0028 1846     		mov	r0, r3
 168              	.LVL13:
 169 002a 7047     		bx	lr
 170              	.LVL14:
 171              	.L14:
  67:Uart.c        ****     }
 172              		.loc 1 67 0
 173 002c 0023     		movs	r3, #0
 174 002e FBE7     		b	.L17
 175              	.L15:
 176 0030 0023     		movs	r3, #0
 177 0032 F9E7     		b	.L17
 178              	.LVL15:
 179              	.L12:
 180              		.cfi_def_cfa_offset 8
 181              		.cfi_offset 4, -8
 182              		.cfi_offset 14, -4
 183              		.loc 1 79 0
 184 0034 1846     		mov	r0, r3
 185 0036 10BD     		pop	{r4, pc}
 186              		.cfi_endproc
 187              	.LFE66:
 188              		.size	uart_read, .-uart_read
 189              		.section	.text.uart_write,"ax",%progbits
 190              		.align	2
 191              		.global	uart_write
 192              		.thumb
 193              		.thumb_func
 194              		.type	uart_write, %function
 195              	uart_write:
 196              	.LFB67:
  80:Uart.c        **** 
  81:Uart.c        **** /**
  82:Uart.c        ****  * Write data to USB UART internal transmit buffer.
  83:Uart.c        ****  * @param str is pointer to buffer to read from
  84:Uart.c        ****  * @param str_len is size of buffer to write out.
  85:Uart.c        ****  * @return true of successfully wrote data, else false
  86:Uart.c        ****  */
ARM GAS  C:\Users\HENRIC~1\AppData\Local\Temp\cc7xkf3h.s 			page 6


  87:Uart.c        **** bool uart_write(const char* str, uint16_t str_len){
 197              		.loc 1 87 0
 198              		.cfi_startproc
 199              		@ args = 0, pretend = 0, frame = 0
 200              		@ frame_needed = 0, uses_anonymous_args = 0
 201              	.LVL16:
  88:Uart.c        ****     bool retVal = false;
  89:Uart.c        ****     
  90:Uart.c        ****     //parameter check
  91:Uart.c        ****     if(str == NULL || str_len > USBUART_BUFFER_SIZE){
 202              		.loc 1 91 0
 203 0000 D8B1     		cbz	r0, .L23
 204              		.loc 1 91 0 is_stmt 0 discriminator 1
 205 0002 4029     		cmp	r1, #64
 206 0004 1BD8     		bhi	.L24
  92:Uart.c        ****         return false;
  93:Uart.c        ****     }else if(str_len == 0){
 207              		.loc 1 93 0 is_stmt 1
 208 0006 E1B1     		cbz	r1, .L25
  87:Uart.c        ****     bool retVal = false;
 209              		.loc 1 87 0
 210 0008 70B5     		push	{r4, r5, r6, lr}
 211              		.cfi_def_cfa_offset 16
 212              		.cfi_offset 4, -16
 213              		.cfi_offset 5, -12
 214              		.cfi_offset 6, -8
 215              		.cfi_offset 14, -4
 216 000a 0646     		mov	r6, r0
 217 000c 0D46     		mov	r5, r1
  94:Uart.c        ****         return true;
  95:Uart.c        ****     }
  96:Uart.c        **** 
  97:Uart.c        ****     //send data
  98:Uart.c        ****     if(USBUART_GetConfiguration()){       
 218              		.loc 1 98 0
 219 000e FFF7FEFF 		bl	USBUART_GetConfiguration
 220              	.LVL17:
 221 0012 18B9     		cbnz	r0, .L26
 222 0014 70BD     		pop	{r4, r5, r6, pc}
 223              	.LVL18:
 224              	.L22:
 225              	.LBB2:
  99:Uart.c        ****         //wait for uart to be ready
 100:Uart.c        ****         int16_t timeout_count = WAIT_TIMEOUT_COUNT;
 101:Uart.c        ****         while(!USBUART_CDCIsReady() && timeout_count > 0){
 102:Uart.c        ****             timeout_count--;
 226              		.loc 1 102 0
 227 0016 013C     		subs	r4, r4, #1
 228              	.LVL19:
 229 0018 24B2     		sxth	r4, r4
 230              	.LVL20:
 231 001a 01E0     		b	.L20
 232              	.LVL21:
 233              	.L26:
 234              	.LBE2:
 235 001c 4FF47A74 		mov	r4, #1000
 236              	.L20:
ARM GAS  C:\Users\HENRIC~1\AppData\Local\Temp\cc7xkf3h.s 			page 7


 237              	.LVL22:
 238              	.LBB3:
 101:Uart.c        ****             timeout_count--;
 239              		.loc 1 101 0
 240 0020 FFF7FEFF 		bl	USBUART_CDCIsReady
 241              	.LVL23:
 242 0024 08B9     		cbnz	r0, .L21
 101:Uart.c        ****             timeout_count--;
 243              		.loc 1 101 0 is_stmt 0 discriminator 1
 244 0026 002C     		cmp	r4, #0
 245 0028 F5DC     		bgt	.L22
 246              	.L21:
 103:Uart.c        ****         }
 104:Uart.c        ****         //if not timeout
 105:Uart.c        ****         if(timeout_count > 0){
 247              		.loc 1 105 0 is_stmt 1
 248 002a 002C     		cmp	r4, #0
 249 002c 0BDD     		ble	.L27
 250              	.LVL24:
 106:Uart.c        ****             retVal = true;
 107:Uart.c        ****             USBUART_PutData((const uint8_t*)(str),str_len);
 251              		.loc 1 107 0
 252 002e 2946     		mov	r1, r5
 253 0030 3046     		mov	r0, r6
 254 0032 FFF7FEFF 		bl	USBUART_PutData
 255              	.LVL25:
 106:Uart.c        ****             retVal = true;
 256              		.loc 1 106 0
 257 0036 0120     		movs	r0, #1
 258 0038 70BD     		pop	{r4, r5, r6, pc}
 259              	.LVL26:
 260              	.L23:
 261              		.cfi_def_cfa_offset 0
 262              		.cfi_restore 4
 263              		.cfi_restore 5
 264              		.cfi_restore 6
 265              		.cfi_restore 14
 266              	.LBE3:
  92:Uart.c        ****     }else if(str_len == 0){
 267              		.loc 1 92 0
 268 003a 0020     		movs	r0, #0
 269              	.LVL27:
 108:Uart.c        ****         }       
 109:Uart.c        ****     } 
 110:Uart.c        ****  
 111:Uart.c        ****     return retVal;
 112:Uart.c        **** }...
 270              		.loc 1 112 0
 271 003c 7047     		bx	lr
 272              	.LVL28:
 273              	.L24:
  92:Uart.c        ****     }else if(str_len == 0){
 274              		.loc 1 92 0
 275 003e 0020     		movs	r0, #0
 276              	.LVL29:
 277 0040 7047     		bx	lr
 278              	.LVL30:
ARM GAS  C:\Users\HENRIC~1\AppData\Local\Temp\cc7xkf3h.s 			page 8


 279              	.L25:
  94:Uart.c        ****         return true;
 280              		.loc 1 94 0
 281 0042 0120     		movs	r0, #1
 282              	.LVL31:
 283 0044 7047     		bx	lr
 284              	.LVL32:
 285              	.L27:
 286              		.cfi_def_cfa_offset 16
 287              		.cfi_offset 4, -16
 288              		.cfi_offset 5, -12
 289              		.cfi_offset 6, -8
 290              		.cfi_offset 14, -4
  88:Uart.c        ****     bool retVal = false;
 291              		.loc 1 88 0
 292 0046 0020     		movs	r0, #0
 293              		.loc 1 112 0
 294 0048 70BD     		pop	{r4, r5, r6, pc}
 295              		.cfi_endproc
 296              	.LFE67:
 297              		.size	uart_write, .-uart_write
 298 004a 00BF     		.text
 299              	.Letext0:
 300              		.file 2 "c:\\program files (x86)\\cypress\\psoc creator\\4.1\\psoc creator\\import\\gnu\\arm\\5.4.
 301              		.file 3 "c:\\program files (x86)\\cypress\\psoc creator\\4.1\\psoc creator\\import\\gnu\\arm\\5.4.
 302              		.file 4 "Generated_Source\\PSoC5/USBUART.h"
 303              		.file 5 "Generated_Source\\PSoC5/USBUART_cdc.h"
 304              		.file 6 "Generated_Source\\PSoC5/core_cm3.h"
 305              		.section	.debug_info,"",%progbits
 306              	.Ldebug_info0:
 307 0000 DF020000 		.4byte	0x2df
 308 0004 0400     		.2byte	0x4
 309 0006 00000000 		.4byte	.Ldebug_abbrev0
 310 000a 04       		.byte	0x4
 311 000b 01       		.uleb128 0x1
 312 000c A0000000 		.4byte	.LASF40
 313 0010 0C       		.byte	0xc
 314 0011 14000000 		.4byte	.LASF41
 315 0015 96020000 		.4byte	.LASF42
 316 0019 18000000 		.4byte	.Ldebug_ranges0+0x18
 317 001d 00000000 		.4byte	0
 318 0021 00000000 		.4byte	.Ldebug_line0
 319 0025 02       		.uleb128 0x2
 320 0026 01       		.byte	0x1
 321 0027 06       		.byte	0x6
 322 0028 84020000 		.4byte	.LASF0
 323 002c 03       		.uleb128 0x3
 324 002d 00000000 		.4byte	.LASF2
 325 0031 02       		.byte	0x2
 326 0032 1D       		.byte	0x1d
 327 0033 37000000 		.4byte	0x37
 328 0037 02       		.uleb128 0x2
 329 0038 01       		.byte	0x1
 330 0039 08       		.byte	0x8
 331 003a 92000000 		.4byte	.LASF1
 332 003e 03       		.uleb128 0x3
 333 003f 0A000000 		.4byte	.LASF3
ARM GAS  C:\Users\HENRIC~1\AppData\Local\Temp\cc7xkf3h.s 			page 9


 334 0043 02       		.byte	0x2
 335 0044 29       		.byte	0x29
 336 0045 49000000 		.4byte	0x49
 337 0049 02       		.uleb128 0x2
 338 004a 02       		.byte	0x2
 339 004b 05       		.byte	0x5
 340 004c 5C020000 		.4byte	.LASF4
 341 0050 03       		.uleb128 0x3
 342 0051 60010000 		.4byte	.LASF5
 343 0055 02       		.byte	0x2
 344 0056 2B       		.byte	0x2b
 345 0057 5B000000 		.4byte	0x5b
 346 005b 02       		.uleb128 0x2
 347 005c 02       		.byte	0x2
 348 005d 07       		.byte	0x7
 349 005e 40010000 		.4byte	.LASF6
 350 0062 03       		.uleb128 0x3
 351 0063 26000000 		.4byte	.LASF7
 352 0067 02       		.byte	0x2
 353 0068 3F       		.byte	0x3f
 354 0069 6D000000 		.4byte	0x6d
 355 006d 02       		.uleb128 0x2
 356 006e 04       		.byte	0x4
 357 006f 05       		.byte	0x5
 358 0070 6F020000 		.4byte	.LASF8
 359 0074 02       		.uleb128 0x2
 360 0075 04       		.byte	0x4
 361 0076 07       		.byte	0x7
 362 0077 2E010000 		.4byte	.LASF9
 363 007b 02       		.uleb128 0x2
 364 007c 08       		.byte	0x8
 365 007d 05       		.byte	0x5
 366 007e 43020000 		.4byte	.LASF10
 367 0082 02       		.uleb128 0x2
 368 0083 08       		.byte	0x8
 369 0084 07       		.byte	0x7
 370 0085 E9010000 		.4byte	.LASF11
 371 0089 04       		.uleb128 0x4
 372 008a 04       		.byte	0x4
 373 008b 05       		.byte	0x5
 374 008c 696E7400 		.ascii	"int\000"
 375 0090 02       		.uleb128 0x2
 376 0091 04       		.byte	0x4
 377 0092 07       		.byte	0x7
 378 0093 CB010000 		.4byte	.LASF12
 379 0097 03       		.uleb128 0x3
 380 0098 00020000 		.4byte	.LASF13
 381 009c 03       		.byte	0x3
 382 009d 18       		.byte	0x18
 383 009e 2C000000 		.4byte	0x2c
 384 00a2 03       		.uleb128 0x3
 385 00a3 1C020000 		.4byte	.LASF14
 386 00a7 03       		.byte	0x3
 387 00a8 20       		.byte	0x20
 388 00a9 3E000000 		.4byte	0x3e
 389 00ad 03       		.uleb128 0x3
 390 00ae 66020000 		.4byte	.LASF15
ARM GAS  C:\Users\HENRIC~1\AppData\Local\Temp\cc7xkf3h.s 			page 10


 391 00b2 03       		.byte	0x3
 392 00b3 24       		.byte	0x24
 393 00b4 50000000 		.4byte	0x50
 394 00b8 03       		.uleb128 0x3
 395 00b9 24020000 		.4byte	.LASF16
 396 00bd 03       		.byte	0x3
 397 00be 2C       		.byte	0x2c
 398 00bf 62000000 		.4byte	0x62
 399 00c3 02       		.uleb128 0x2
 400 00c4 04       		.byte	0x4
 401 00c5 04       		.byte	0x4
 402 00c6 8C000000 		.4byte	.LASF17
 403 00ca 02       		.uleb128 0x2
 404 00cb 08       		.byte	0x8
 405 00cc 04       		.byte	0x4
 406 00cd 3F000000 		.4byte	.LASF18
 407 00d1 02       		.uleb128 0x2
 408 00d2 01       		.byte	0x1
 409 00d3 08       		.byte	0x8
 410 00d4 51020000 		.4byte	.LASF19
 411 00d8 02       		.uleb128 0x2
 412 00d9 08       		.byte	0x8
 413 00da 04       		.byte	0x4
 414 00db 78020000 		.4byte	.LASF20
 415 00df 02       		.uleb128 0x2
 416 00e0 04       		.byte	0x4
 417 00e1 07       		.byte	0x7
 418 00e2 3A020000 		.4byte	.LASF21
 419 00e6 05       		.uleb128 0x5
 420 00e7 04       		.byte	0x4
 421 00e8 D1000000 		.4byte	0xd1
 422 00ec 05       		.uleb128 0x5
 423 00ed 04       		.byte	0x4
 424 00ee F2000000 		.4byte	0xf2
 425 00f2 06       		.uleb128 0x6
 426 00f3 D1000000 		.4byte	0xd1
 427 00f7 07       		.uleb128 0x7
 428 00f8 7F010000 		.4byte	.LASF22
 429 00fc 01       		.byte	0x1
 430 00fd 21       		.byte	0x21
 431 00fe 00000000 		.4byte	.LFB63
 432 0102 0C000000 		.4byte	.LFE63-.LFB63
 433 0106 01       		.uleb128 0x1
 434 0107 9C       		.byte	0x9c
 435 0108 21010000 		.4byte	0x121
 436 010c 08       		.uleb128 0x8
 437 010d 0A000000 		.4byte	.LVL0
 438 0111 87020000 		.4byte	0x287
 439 0115 09       		.uleb128 0x9
 440 0116 01       		.uleb128 0x1
 441 0117 50       		.byte	0x50
 442 0118 01       		.uleb128 0x1
 443 0119 30       		.byte	0x30
 444 011a 09       		.uleb128 0x9
 445 011b 01       		.uleb128 0x1
 446 011c 51       		.byte	0x51
 447 011d 01       		.uleb128 0x1
ARM GAS  C:\Users\HENRIC~1\AppData\Local\Temp\cc7xkf3h.s 			page 11


 448 011e 30       		.byte	0x30
 449 011f 00       		.byte	0
 450 0120 00       		.byte	0
 451 0121 07       		.uleb128 0x7
 452 0122 73010000 		.4byte	.LASF23
 453 0126 01       		.byte	0x1
 454 0127 28       		.byte	0x28
 455 0128 00000000 		.4byte	.LFB64
 456 012c 14000000 		.4byte	.LFE64-.LFB64
 457 0130 01       		.uleb128 0x1
 458 0131 9C       		.byte	0x9c
 459 0132 52010000 		.4byte	0x152
 460 0136 0A       		.uleb128 0xa
 461 0137 06000000 		.4byte	.LVL1
 462 013b 93020000 		.4byte	0x293
 463 013f 0A       		.uleb128 0xa
 464 0140 0C000000 		.4byte	.LVL2
 465 0144 9F020000 		.4byte	0x29f
 466 0148 0A       		.uleb128 0xa
 467 0149 12000000 		.4byte	.LVL3
 468 014d AB020000 		.4byte	0x2ab
 469 0151 00       		.byte	0
 470 0152 0B       		.uleb128 0xb
 471 0153 2C020000 		.4byte	.LASF25
 472 0157 01       		.byte	0x1
 473 0158 35       		.byte	0x35
 474 0159 7E010000 		.4byte	0x17e
 475 015d 00000000 		.4byte	.LFB65
 476 0161 1A000000 		.4byte	.LFE65-.LFB65
 477 0165 01       		.uleb128 0x1
 478 0166 9C       		.byte	0x9c
 479 0167 7E010000 		.4byte	0x17e
 480 016b 0A       		.uleb128 0xa
 481 016c 06000000 		.4byte	.LVL4
 482 0170 9F020000 		.4byte	0x29f
 483 0174 0A       		.uleb128 0xa
 484 0175 0C000000 		.4byte	.LVL5
 485 0179 B6020000 		.4byte	0x2b6
 486 017d 00       		.byte	0
 487 017e 02       		.uleb128 0x2
 488 017f 01       		.byte	0x1
 489 0180 02       		.byte	0x2
 490 0181 90020000 		.4byte	.LASF24
 491 0185 0B       		.uleb128 0xb
 492 0186 6F000000 		.4byte	.LASF26
 493 018a 01       		.byte	0x1
 494 018b 3F       		.byte	0x3f
 495 018c 97000000 		.4byte	0x97
 496 0190 00000000 		.4byte	.LFB66
 497 0194 38000000 		.4byte	.LFE66-.LFB66
 498 0198 01       		.uleb128 0x1
 499 0199 9C       		.byte	0x9c
 500 019a EE010000 		.4byte	0x1ee
 501 019e 0C       		.uleb128 0xc
 502 019f 73747200 		.ascii	"str\000"
 503 01a3 01       		.byte	0x1
 504 01a4 3F       		.byte	0x3f
ARM GAS  C:\Users\HENRIC~1\AppData\Local\Temp\cc7xkf3h.s 			page 12


 505 01a5 E6000000 		.4byte	0xe6
 506 01a9 00000000 		.4byte	.LLST0
 507 01ad 0D       		.uleb128 0xd
 508 01ae 6B010000 		.4byte	.LASF27
 509 01b2 01       		.byte	0x1
 510 01b3 3F       		.byte	0x3f
 511 01b4 AD000000 		.4byte	0xad
 512 01b8 4D000000 		.4byte	.LLST1
 513 01bc 0E       		.uleb128 0xe
 514 01bd 56020000 		.4byte	.LASF29
 515 01c1 01       		.byte	0x1
 516 01c2 47       		.byte	0x47
 517 01c3 97000000 		.4byte	0x97
 518 01c7 87000000 		.4byte	.LLST2
 519 01cb 0A       		.uleb128 0xa
 520 01cc 10000000 		.4byte	.LVL8
 521 01d0 9F020000 		.4byte	0x29f
 522 01d4 0A       		.uleb128 0xa
 523 01d5 18000000 		.4byte	.LVL9
 524 01d9 B6020000 		.4byte	0x2b6
 525 01dd 08       		.uleb128 0x8
 526 01de 22000000 		.4byte	.LVL10
 527 01e2 C1020000 		.4byte	0x2c1
 528 01e6 09       		.uleb128 0x9
 529 01e7 01       		.uleb128 0x1
 530 01e8 50       		.byte	0x50
 531 01e9 02       		.uleb128 0x2
 532 01ea 74       		.byte	0x74
 533 01eb 00       		.sleb128 0
 534 01ec 00       		.byte	0
 535 01ed 00       		.byte	0
 536 01ee 0B       		.uleb128 0xb
 537 01ef 1B000000 		.4byte	.LASF28
 538 01f3 01       		.byte	0x1
 539 01f4 57       		.byte	0x57
 540 01f5 7E010000 		.4byte	0x17e
 541 01f9 00000000 		.4byte	.LFB67
 542 01fd 4A000000 		.4byte	.LFE67-.LFB67
 543 0201 01       		.uleb128 0x1
 544 0202 9C       		.byte	0x9c
 545 0203 76020000 		.4byte	0x276
 546 0207 0C       		.uleb128 0xc
 547 0208 73747200 		.ascii	"str\000"
 548 020c 01       		.byte	0x1
 549 020d 57       		.byte	0x57
 550 020e EC000000 		.4byte	0xec
 551 0212 9B000000 		.4byte	.LLST3
 552 0216 0D       		.uleb128 0xd
 553 0217 6B010000 		.4byte	.LASF27
 554 021b 01       		.byte	0x1
 555 021c 57       		.byte	0x57
 556 021d AD000000 		.4byte	0xad
 557 0221 0F010000 		.4byte	.LLST4
 558 0225 0E       		.uleb128 0xe
 559 0226 B6010000 		.4byte	.LASF30
 560 022a 01       		.byte	0x1
 561 022b 58       		.byte	0x58
ARM GAS  C:\Users\HENRIC~1\AppData\Local\Temp\cc7xkf3h.s 			page 13


 562 022c 7E010000 		.4byte	0x17e
 563 0230 49010000 		.4byte	.LLST5
 564 0234 0F       		.uleb128 0xf
 565 0235 00000000 		.4byte	.Ldebug_ranges0+0
 566 0239 6C020000 		.4byte	0x26c
 567 023d 0E       		.uleb128 0xe
 568 023e A8010000 		.4byte	.LASF31
 569 0242 01       		.byte	0x1
 570 0243 64       		.byte	0x64
 571 0244 A2000000 		.4byte	0xa2
 572 0248 75010000 		.4byte	.LLST6
 573 024c 0A       		.uleb128 0xa
 574 024d 24000000 		.4byte	.LVL23
 575 0251 CC020000 		.4byte	0x2cc
 576 0255 08       		.uleb128 0x8
 577 0256 36000000 		.4byte	.LVL25
 578 025a D7020000 		.4byte	0x2d7
 579 025e 09       		.uleb128 0x9
 580 025f 01       		.uleb128 0x1
 581 0260 50       		.byte	0x50
 582 0261 02       		.uleb128 0x2
 583 0262 76       		.byte	0x76
 584 0263 00       		.sleb128 0
 585 0264 09       		.uleb128 0x9
 586 0265 01       		.uleb128 0x1
 587 0266 51       		.byte	0x51
 588 0267 02       		.uleb128 0x2
 589 0268 75       		.byte	0x75
 590 0269 00       		.sleb128 0
 591 026a 00       		.byte	0
 592 026b 00       		.byte	0
 593 026c 0A       		.uleb128 0xa
 594 026d 12000000 		.4byte	.LVL17
 595 0271 9F020000 		.4byte	0x29f
 596 0275 00       		.byte	0
 597 0276 10       		.uleb128 0x10
 598 0277 53010000 		.4byte	.LASF43
 599 027b 06       		.byte	0x6
 600 027c 1207     		.2byte	0x712
 601 027e 82020000 		.4byte	0x282
 602 0282 11       		.uleb128 0x11
 603 0283 B8000000 		.4byte	0xb8
 604 0287 12       		.uleb128 0x12
 605 0288 BD010000 		.4byte	.LASF32
 606 028c BD010000 		.4byte	.LASF32
 607 0290 04       		.byte	0x4
 608 0291 2E01     		.2byte	0x12e
 609 0293 12       		.uleb128 0x12
 610 0294 89010000 		.4byte	.LASF33
 611 0298 89010000 		.4byte	.LASF33
 612 029c 04       		.byte	0x4
 613 029d 3201     		.2byte	0x132
 614 029f 12       		.uleb128 0x12
 615 02a0 56000000 		.4byte	.LASF34
 616 02a4 56000000 		.4byte	.LASF34
 617 02a8 04       		.byte	0x4
 618 02a9 3101     		.2byte	0x131
ARM GAS  C:\Users\HENRIC~1\AppData\Local\Temp\cc7xkf3h.s 			page 14


 619 02ab 13       		.uleb128 0x13
 620 02ac D8010000 		.4byte	.LASF35
 621 02b0 D8010000 		.4byte	.LASF35
 622 02b4 05       		.byte	0x5
 623 02b5 22       		.byte	0x22
 624 02b6 13       		.uleb128 0x13
 625 02b7 08020000 		.4byte	.LASF36
 626 02bb 08020000 		.4byte	.LASF36
 627 02bf 05       		.byte	0x5
 628 02c0 29       		.byte	0x29
 629 02c1 13       		.uleb128 0x13
 630 02c2 30000000 		.4byte	.LASF37
 631 02c6 30000000 		.4byte	.LASF37
 632 02ca 05       		.byte	0x5
 633 02cb 2B       		.byte	0x2b
 634 02cc 13       		.uleb128 0x13
 635 02cd 79000000 		.4byte	.LASF38
 636 02d1 79000000 		.4byte	.LASF38
 637 02d5 05       		.byte	0x5
 638 02d6 28       		.byte	0x28
 639 02d7 13       		.uleb128 0x13
 640 02d8 46000000 		.4byte	.LASF39
 641 02dc 46000000 		.4byte	.LASF39
 642 02e0 05       		.byte	0x5
 643 02e1 23       		.byte	0x23
 644 02e2 00       		.byte	0
 645              		.section	.debug_abbrev,"",%progbits
 646              	.Ldebug_abbrev0:
 647 0000 01       		.uleb128 0x1
 648 0001 11       		.uleb128 0x11
 649 0002 01       		.byte	0x1
 650 0003 25       		.uleb128 0x25
 651 0004 0E       		.uleb128 0xe
 652 0005 13       		.uleb128 0x13
 653 0006 0B       		.uleb128 0xb
 654 0007 03       		.uleb128 0x3
 655 0008 0E       		.uleb128 0xe
 656 0009 1B       		.uleb128 0x1b
 657 000a 0E       		.uleb128 0xe
 658 000b 55       		.uleb128 0x55
 659 000c 17       		.uleb128 0x17
 660 000d 11       		.uleb128 0x11
 661 000e 01       		.uleb128 0x1
 662 000f 10       		.uleb128 0x10
 663 0010 17       		.uleb128 0x17
 664 0011 00       		.byte	0
 665 0012 00       		.byte	0
 666 0013 02       		.uleb128 0x2
 667 0014 24       		.uleb128 0x24
 668 0015 00       		.byte	0
 669 0016 0B       		.uleb128 0xb
 670 0017 0B       		.uleb128 0xb
 671 0018 3E       		.uleb128 0x3e
 672 0019 0B       		.uleb128 0xb
 673 001a 03       		.uleb128 0x3
 674 001b 0E       		.uleb128 0xe
 675 001c 00       		.byte	0
ARM GAS  C:\Users\HENRIC~1\AppData\Local\Temp\cc7xkf3h.s 			page 15


 676 001d 00       		.byte	0
 677 001e 03       		.uleb128 0x3
 678 001f 16       		.uleb128 0x16
 679 0020 00       		.byte	0
 680 0021 03       		.uleb128 0x3
 681 0022 0E       		.uleb128 0xe
 682 0023 3A       		.uleb128 0x3a
 683 0024 0B       		.uleb128 0xb
 684 0025 3B       		.uleb128 0x3b
 685 0026 0B       		.uleb128 0xb
 686 0027 49       		.uleb128 0x49
 687 0028 13       		.uleb128 0x13
 688 0029 00       		.byte	0
 689 002a 00       		.byte	0
 690 002b 04       		.uleb128 0x4
 691 002c 24       		.uleb128 0x24
 692 002d 00       		.byte	0
 693 002e 0B       		.uleb128 0xb
 694 002f 0B       		.uleb128 0xb
 695 0030 3E       		.uleb128 0x3e
 696 0031 0B       		.uleb128 0xb
 697 0032 03       		.uleb128 0x3
 698 0033 08       		.uleb128 0x8
 699 0034 00       		.byte	0
 700 0035 00       		.byte	0
 701 0036 05       		.uleb128 0x5
 702 0037 0F       		.uleb128 0xf
 703 0038 00       		.byte	0
 704 0039 0B       		.uleb128 0xb
 705 003a 0B       		.uleb128 0xb
 706 003b 49       		.uleb128 0x49
 707 003c 13       		.uleb128 0x13
 708 003d 00       		.byte	0
 709 003e 00       		.byte	0
 710 003f 06       		.uleb128 0x6
 711 0040 26       		.uleb128 0x26
 712 0041 00       		.byte	0
 713 0042 49       		.uleb128 0x49
 714 0043 13       		.uleb128 0x13
 715 0044 00       		.byte	0
 716 0045 00       		.byte	0
 717 0046 07       		.uleb128 0x7
 718 0047 2E       		.uleb128 0x2e
 719 0048 01       		.byte	0x1
 720 0049 3F       		.uleb128 0x3f
 721 004a 19       		.uleb128 0x19
 722 004b 03       		.uleb128 0x3
 723 004c 0E       		.uleb128 0xe
 724 004d 3A       		.uleb128 0x3a
 725 004e 0B       		.uleb128 0xb
 726 004f 3B       		.uleb128 0x3b
 727 0050 0B       		.uleb128 0xb
 728 0051 27       		.uleb128 0x27
 729 0052 19       		.uleb128 0x19
 730 0053 11       		.uleb128 0x11
 731 0054 01       		.uleb128 0x1
 732 0055 12       		.uleb128 0x12
ARM GAS  C:\Users\HENRIC~1\AppData\Local\Temp\cc7xkf3h.s 			page 16


 733 0056 06       		.uleb128 0x6
 734 0057 40       		.uleb128 0x40
 735 0058 18       		.uleb128 0x18
 736 0059 9742     		.uleb128 0x2117
 737 005b 19       		.uleb128 0x19
 738 005c 01       		.uleb128 0x1
 739 005d 13       		.uleb128 0x13
 740 005e 00       		.byte	0
 741 005f 00       		.byte	0
 742 0060 08       		.uleb128 0x8
 743 0061 898201   		.uleb128 0x4109
 744 0064 01       		.byte	0x1
 745 0065 11       		.uleb128 0x11
 746 0066 01       		.uleb128 0x1
 747 0067 31       		.uleb128 0x31
 748 0068 13       		.uleb128 0x13
 749 0069 00       		.byte	0
 750 006a 00       		.byte	0
 751 006b 09       		.uleb128 0x9
 752 006c 8A8201   		.uleb128 0x410a
 753 006f 00       		.byte	0
 754 0070 02       		.uleb128 0x2
 755 0071 18       		.uleb128 0x18
 756 0072 9142     		.uleb128 0x2111
 757 0074 18       		.uleb128 0x18
 758 0075 00       		.byte	0
 759 0076 00       		.byte	0
 760 0077 0A       		.uleb128 0xa
 761 0078 898201   		.uleb128 0x4109
 762 007b 00       		.byte	0
 763 007c 11       		.uleb128 0x11
 764 007d 01       		.uleb128 0x1
 765 007e 31       		.uleb128 0x31
 766 007f 13       		.uleb128 0x13
 767 0080 00       		.byte	0
 768 0081 00       		.byte	0
 769 0082 0B       		.uleb128 0xb
 770 0083 2E       		.uleb128 0x2e
 771 0084 01       		.byte	0x1
 772 0085 3F       		.uleb128 0x3f
 773 0086 19       		.uleb128 0x19
 774 0087 03       		.uleb128 0x3
 775 0088 0E       		.uleb128 0xe
 776 0089 3A       		.uleb128 0x3a
 777 008a 0B       		.uleb128 0xb
 778 008b 3B       		.uleb128 0x3b
 779 008c 0B       		.uleb128 0xb
 780 008d 27       		.uleb128 0x27
 781 008e 19       		.uleb128 0x19
 782 008f 49       		.uleb128 0x49
 783 0090 13       		.uleb128 0x13
 784 0091 11       		.uleb128 0x11
 785 0092 01       		.uleb128 0x1
 786 0093 12       		.uleb128 0x12
 787 0094 06       		.uleb128 0x6
 788 0095 40       		.uleb128 0x40
 789 0096 18       		.uleb128 0x18
ARM GAS  C:\Users\HENRIC~1\AppData\Local\Temp\cc7xkf3h.s 			page 17


 790 0097 9742     		.uleb128 0x2117
 791 0099 19       		.uleb128 0x19
 792 009a 01       		.uleb128 0x1
 793 009b 13       		.uleb128 0x13
 794 009c 00       		.byte	0
 795 009d 00       		.byte	0
 796 009e 0C       		.uleb128 0xc
 797 009f 05       		.uleb128 0x5
 798 00a0 00       		.byte	0
 799 00a1 03       		.uleb128 0x3
 800 00a2 08       		.uleb128 0x8
 801 00a3 3A       		.uleb128 0x3a
 802 00a4 0B       		.uleb128 0xb
 803 00a5 3B       		.uleb128 0x3b
 804 00a6 0B       		.uleb128 0xb
 805 00a7 49       		.uleb128 0x49
 806 00a8 13       		.uleb128 0x13
 807 00a9 02       		.uleb128 0x2
 808 00aa 17       		.uleb128 0x17
 809 00ab 00       		.byte	0
 810 00ac 00       		.byte	0
 811 00ad 0D       		.uleb128 0xd
 812 00ae 05       		.uleb128 0x5
 813 00af 00       		.byte	0
 814 00b0 03       		.uleb128 0x3
 815 00b1 0E       		.uleb128 0xe
 816 00b2 3A       		.uleb128 0x3a
 817 00b3 0B       		.uleb128 0xb
 818 00b4 3B       		.uleb128 0x3b
 819 00b5 0B       		.uleb128 0xb
 820 00b6 49       		.uleb128 0x49
 821 00b7 13       		.uleb128 0x13
 822 00b8 02       		.uleb128 0x2
 823 00b9 17       		.uleb128 0x17
 824 00ba 00       		.byte	0
 825 00bb 00       		.byte	0
 826 00bc 0E       		.uleb128 0xe
 827 00bd 34       		.uleb128 0x34
 828 00be 00       		.byte	0
 829 00bf 03       		.uleb128 0x3
 830 00c0 0E       		.uleb128 0xe
 831 00c1 3A       		.uleb128 0x3a
 832 00c2 0B       		.uleb128 0xb
 833 00c3 3B       		.uleb128 0x3b
 834 00c4 0B       		.uleb128 0xb
 835 00c5 49       		.uleb128 0x49
 836 00c6 13       		.uleb128 0x13
 837 00c7 02       		.uleb128 0x2
 838 00c8 17       		.uleb128 0x17
 839 00c9 00       		.byte	0
 840 00ca 00       		.byte	0
 841 00cb 0F       		.uleb128 0xf
 842 00cc 0B       		.uleb128 0xb
 843 00cd 01       		.byte	0x1
 844 00ce 55       		.uleb128 0x55
 845 00cf 17       		.uleb128 0x17
 846 00d0 01       		.uleb128 0x1
ARM GAS  C:\Users\HENRIC~1\AppData\Local\Temp\cc7xkf3h.s 			page 18


 847 00d1 13       		.uleb128 0x13
 848 00d2 00       		.byte	0
 849 00d3 00       		.byte	0
 850 00d4 10       		.uleb128 0x10
 851 00d5 34       		.uleb128 0x34
 852 00d6 00       		.byte	0
 853 00d7 03       		.uleb128 0x3
 854 00d8 0E       		.uleb128 0xe
 855 00d9 3A       		.uleb128 0x3a
 856 00da 0B       		.uleb128 0xb
 857 00db 3B       		.uleb128 0x3b
 858 00dc 05       		.uleb128 0x5
 859 00dd 49       		.uleb128 0x49
 860 00de 13       		.uleb128 0x13
 861 00df 3F       		.uleb128 0x3f
 862 00e0 19       		.uleb128 0x19
 863 00e1 3C       		.uleb128 0x3c
 864 00e2 19       		.uleb128 0x19
 865 00e3 00       		.byte	0
 866 00e4 00       		.byte	0
 867 00e5 11       		.uleb128 0x11
 868 00e6 35       		.uleb128 0x35
 869 00e7 00       		.byte	0
 870 00e8 49       		.uleb128 0x49
 871 00e9 13       		.uleb128 0x13
 872 00ea 00       		.byte	0
 873 00eb 00       		.byte	0
 874 00ec 12       		.uleb128 0x12
 875 00ed 2E       		.uleb128 0x2e
 876 00ee 00       		.byte	0
 877 00ef 3F       		.uleb128 0x3f
 878 00f0 19       		.uleb128 0x19
 879 00f1 3C       		.uleb128 0x3c
 880 00f2 19       		.uleb128 0x19
 881 00f3 6E       		.uleb128 0x6e
 882 00f4 0E       		.uleb128 0xe
 883 00f5 03       		.uleb128 0x3
 884 00f6 0E       		.uleb128 0xe
 885 00f7 3A       		.uleb128 0x3a
 886 00f8 0B       		.uleb128 0xb
 887 00f9 3B       		.uleb128 0x3b
 888 00fa 05       		.uleb128 0x5
 889 00fb 00       		.byte	0
 890 00fc 00       		.byte	0
 891 00fd 13       		.uleb128 0x13
 892 00fe 2E       		.uleb128 0x2e
 893 00ff 00       		.byte	0
 894 0100 3F       		.uleb128 0x3f
 895 0101 19       		.uleb128 0x19
 896 0102 3C       		.uleb128 0x3c
 897 0103 19       		.uleb128 0x19
 898 0104 6E       		.uleb128 0x6e
 899 0105 0E       		.uleb128 0xe
 900 0106 03       		.uleb128 0x3
 901 0107 0E       		.uleb128 0xe
 902 0108 3A       		.uleb128 0x3a
 903 0109 0B       		.uleb128 0xb
ARM GAS  C:\Users\HENRIC~1\AppData\Local\Temp\cc7xkf3h.s 			page 19


 904 010a 3B       		.uleb128 0x3b
 905 010b 0B       		.uleb128 0xb
 906 010c 00       		.byte	0
 907 010d 00       		.byte	0
 908 010e 00       		.byte	0
 909              		.section	.debug_loc,"",%progbits
 910              	.Ldebug_loc0:
 911              	.LLST0:
 912 0000 00000000 		.4byte	.LVL6
 913 0004 0F000000 		.4byte	.LVL8-1
 914 0008 0100     		.2byte	0x1
 915 000a 50       		.byte	0x50
 916 000b 0F000000 		.4byte	.LVL8-1
 917 000f 26000000 		.4byte	.LVL12
 918 0013 0100     		.2byte	0x1
 919 0015 54       		.byte	0x54
 920 0016 26000000 		.4byte	.LVL12
 921 001a 2A000000 		.4byte	.LVL13
 922 001e 0100     		.2byte	0x1
 923 0020 50       		.byte	0x50
 924 0021 2A000000 		.4byte	.LVL13
 925 0025 2C000000 		.4byte	.LVL14
 926 0029 0400     		.2byte	0x4
 927 002b F3       		.byte	0xf3
 928 002c 01       		.uleb128 0x1
 929 002d 50       		.byte	0x50
 930 002e 9F       		.byte	0x9f
 931 002f 2C000000 		.4byte	.LVL14
 932 0033 34000000 		.4byte	.LVL15
 933 0037 0100     		.2byte	0x1
 934 0039 50       		.byte	0x50
 935 003a 34000000 		.4byte	.LVL15
 936 003e 38000000 		.4byte	.LFE66
 937 0042 0100     		.2byte	0x1
 938 0044 54       		.byte	0x54
 939 0045 00000000 		.4byte	0
 940 0049 00000000 		.4byte	0
 941              	.LLST1:
 942 004d 00000000 		.4byte	.LVL6
 943 0051 0F000000 		.4byte	.LVL8-1
 944 0055 0100     		.2byte	0x1
 945 0057 51       		.byte	0x51
 946 0058 0F000000 		.4byte	.LVL8-1
 947 005c 26000000 		.4byte	.LVL12
 948 0060 0400     		.2byte	0x4
 949 0062 F3       		.byte	0xf3
 950 0063 01       		.uleb128 0x1
 951 0064 51       		.byte	0x51
 952 0065 9F       		.byte	0x9f
 953 0066 26000000 		.4byte	.LVL12
 954 006a 34000000 		.4byte	.LVL15
 955 006e 0100     		.2byte	0x1
 956 0070 51       		.byte	0x51
 957 0071 34000000 		.4byte	.LVL15
 958 0075 38000000 		.4byte	.LFE66
 959 0079 0400     		.2byte	0x4
 960 007b F3       		.byte	0xf3
ARM GAS  C:\Users\HENRIC~1\AppData\Local\Temp\cc7xkf3h.s 			page 20


 961 007c 01       		.uleb128 0x1
 962 007d 51       		.byte	0x51
 963 007e 9F       		.byte	0x9f
 964 007f 00000000 		.4byte	0
 965 0083 00000000 		.4byte	0
 966              	.LLST2:
 967 0087 0C000000 		.4byte	.LVL7
 968 008b 24000000 		.4byte	.LVL11
 969 008f 0200     		.2byte	0x2
 970 0091 30       		.byte	0x30
 971 0092 9F       		.byte	0x9f
 972 0093 00000000 		.4byte	0
 973 0097 00000000 		.4byte	0
 974              	.LLST3:
 975 009b 00000000 		.4byte	.LVL16
 976 009f 11000000 		.4byte	.LVL17-1
 977 00a3 0100     		.2byte	0x1
 978 00a5 50       		.byte	0x50
 979 00a6 11000000 		.4byte	.LVL17-1
 980 00aa 3A000000 		.4byte	.LVL26
 981 00ae 0100     		.2byte	0x1
 982 00b0 56       		.byte	0x56
 983 00b1 3A000000 		.4byte	.LVL26
 984 00b5 3C000000 		.4byte	.LVL27
 985 00b9 0100     		.2byte	0x1
 986 00bb 50       		.byte	0x50
 987 00bc 3C000000 		.4byte	.LVL27
 988 00c0 3E000000 		.4byte	.LVL28
 989 00c4 0400     		.2byte	0x4
 990 00c6 F3       		.byte	0xf3
 991 00c7 01       		.uleb128 0x1
 992 00c8 50       		.byte	0x50
 993 00c9 9F       		.byte	0x9f
 994 00ca 3E000000 		.4byte	.LVL28
 995 00ce 40000000 		.4byte	.LVL29
 996 00d2 0100     		.2byte	0x1
 997 00d4 50       		.byte	0x50
 998 00d5 40000000 		.4byte	.LVL29
 999 00d9 42000000 		.4byte	.LVL30
 1000 00dd 0400     		.2byte	0x4
 1001 00df F3       		.byte	0xf3
 1002 00e0 01       		.uleb128 0x1
 1003 00e1 50       		.byte	0x50
 1004 00e2 9F       		.byte	0x9f
 1005 00e3 42000000 		.4byte	.LVL30
 1006 00e7 44000000 		.4byte	.LVL31
 1007 00eb 0100     		.2byte	0x1
 1008 00ed 50       		.byte	0x50
 1009 00ee 44000000 		.4byte	.LVL31
 1010 00f2 46000000 		.4byte	.LVL32
 1011 00f6 0400     		.2byte	0x4
 1012 00f8 F3       		.byte	0xf3
 1013 00f9 01       		.uleb128 0x1
 1014 00fa 50       		.byte	0x50
 1015 00fb 9F       		.byte	0x9f
 1016 00fc 46000000 		.4byte	.LVL32
 1017 0100 4A000000 		.4byte	.LFE67
ARM GAS  C:\Users\HENRIC~1\AppData\Local\Temp\cc7xkf3h.s 			page 21


 1018 0104 0100     		.2byte	0x1
 1019 0106 56       		.byte	0x56
 1020 0107 00000000 		.4byte	0
 1021 010b 00000000 		.4byte	0
 1022              	.LLST4:
 1023 010f 00000000 		.4byte	.LVL16
 1024 0113 11000000 		.4byte	.LVL17-1
 1025 0117 0100     		.2byte	0x1
 1026 0119 51       		.byte	0x51
 1027 011a 11000000 		.4byte	.LVL17-1
 1028 011e 3A000000 		.4byte	.LVL26
 1029 0122 0400     		.2byte	0x4
 1030 0124 F3       		.byte	0xf3
 1031 0125 01       		.uleb128 0x1
 1032 0126 51       		.byte	0x51
 1033 0127 9F       		.byte	0x9f
 1034 0128 3A000000 		.4byte	.LVL26
 1035 012c 46000000 		.4byte	.LVL32
 1036 0130 0100     		.2byte	0x1
 1037 0132 51       		.byte	0x51
 1038 0133 46000000 		.4byte	.LVL32
 1039 0137 4A000000 		.4byte	.LFE67
 1040 013b 0400     		.2byte	0x4
 1041 013d F3       		.byte	0xf3
 1042 013e 01       		.uleb128 0x1
 1043 013f 51       		.byte	0x51
 1044 0140 9F       		.byte	0x9f
 1045 0141 00000000 		.4byte	0
 1046 0145 00000000 		.4byte	0
 1047              	.LLST5:
 1048 0149 00000000 		.4byte	.LVL16
 1049 014d 2E000000 		.4byte	.LVL24
 1050 0151 0200     		.2byte	0x2
 1051 0153 30       		.byte	0x30
 1052 0154 9F       		.byte	0x9f
 1053 0155 2E000000 		.4byte	.LVL24
 1054 0159 3A000000 		.4byte	.LVL26
 1055 015d 0200     		.2byte	0x2
 1056 015f 31       		.byte	0x31
 1057 0160 9F       		.byte	0x9f
 1058 0161 3A000000 		.4byte	.LVL26
 1059 0165 4A000000 		.4byte	.LFE67
 1060 0169 0200     		.2byte	0x2
 1061 016b 30       		.byte	0x30
 1062 016c 9F       		.byte	0x9f
 1063 016d 00000000 		.4byte	0
 1064 0171 00000000 		.4byte	0
 1065              	.LLST6:
 1066 0175 16000000 		.4byte	.LVL18
 1067 0179 18000000 		.4byte	.LVL19
 1068 017d 0100     		.2byte	0x1
 1069 017f 54       		.byte	0x54
 1070 0180 1A000000 		.4byte	.LVL20
 1071 0184 1C000000 		.4byte	.LVL21
 1072 0188 0100     		.2byte	0x1
 1073 018a 54       		.byte	0x54
 1074 018b 20000000 		.4byte	.LVL22
ARM GAS  C:\Users\HENRIC~1\AppData\Local\Temp\cc7xkf3h.s 			page 22


 1075 018f 3A000000 		.4byte	.LVL26
 1076 0193 0100     		.2byte	0x1
 1077 0195 54       		.byte	0x54
 1078 0196 46000000 		.4byte	.LVL32
 1079 019a 4A000000 		.4byte	.LFE67
 1080 019e 0100     		.2byte	0x1
 1081 01a0 54       		.byte	0x54
 1082 01a1 00000000 		.4byte	0
 1083 01a5 00000000 		.4byte	0
 1084              		.section	.debug_aranges,"",%progbits
 1085 0000 3C000000 		.4byte	0x3c
 1086 0004 0200     		.2byte	0x2
 1087 0006 00000000 		.4byte	.Ldebug_info0
 1088 000a 04       		.byte	0x4
 1089 000b 00       		.byte	0
 1090 000c 0000     		.2byte	0
 1091 000e 0000     		.2byte	0
 1092 0010 00000000 		.4byte	.LFB63
 1093 0014 0C000000 		.4byte	.LFE63-.LFB63
 1094 0018 00000000 		.4byte	.LFB64
 1095 001c 14000000 		.4byte	.LFE64-.LFB64
 1096 0020 00000000 		.4byte	.LFB65
 1097 0024 1A000000 		.4byte	.LFE65-.LFB65
 1098 0028 00000000 		.4byte	.LFB66
 1099 002c 38000000 		.4byte	.LFE66-.LFB66
 1100 0030 00000000 		.4byte	.LFB67
 1101 0034 4A000000 		.4byte	.LFE67-.LFB67
 1102 0038 00000000 		.4byte	0
 1103 003c 00000000 		.4byte	0
 1104              		.section	.debug_ranges,"",%progbits
 1105              	.Ldebug_ranges0:
 1106 0000 16000000 		.4byte	.LBB2
 1107 0004 1C000000 		.4byte	.LBE2
 1108 0008 20000000 		.4byte	.LBB3
 1109 000c 3A000000 		.4byte	.LBE3
 1110 0010 00000000 		.4byte	0
 1111 0014 00000000 		.4byte	0
 1112 0018 00000000 		.4byte	.LFB63
 1113 001c 0C000000 		.4byte	.LFE63
 1114 0020 00000000 		.4byte	.LFB64
 1115 0024 14000000 		.4byte	.LFE64
 1116 0028 00000000 		.4byte	.LFB65
 1117 002c 1A000000 		.4byte	.LFE65
 1118 0030 00000000 		.4byte	.LFB66
 1119 0034 38000000 		.4byte	.LFE66
 1120 0038 00000000 		.4byte	.LFB67
 1121 003c 4A000000 		.4byte	.LFE67
 1122 0040 00000000 		.4byte	0
 1123 0044 00000000 		.4byte	0
 1124              		.section	.debug_line,"",%progbits
 1125              	.Ldebug_line0:
 1126 0000 07020000 		.section	.debug_str,"MS",%progbits,1
 1126      02005D01 
 1126      00000201 
 1126      FB0E0D00 
 1126      01010101 
 1127              	.LASF2:
ARM GAS  C:\Users\HENRIC~1\AppData\Local\Temp\cc7xkf3h.s 			page 23


 1128 0000 5F5F7569 		.ascii	"__uint8_t\000"
 1128      6E74385F 
 1128      7400
 1129              	.LASF3:
 1130 000a 5F5F696E 		.ascii	"__int16_t\000"
 1130      7431365F 
 1130      7400
 1131              	.LASF41:
 1132 0014 55617274 		.ascii	"Uart.c\000"
 1132      2E6300
 1133              	.LASF28:
 1134 001b 75617274 		.ascii	"uart_write\000"
 1134      5F777269 
 1134      746500
 1135              	.LASF7:
 1136 0026 5F5F696E 		.ascii	"__int32_t\000"
 1136      7433325F 
 1136      7400
 1137              	.LASF37:
 1138 0030 55534255 		.ascii	"USBUART_GetAll\000"
 1138      4152545F 
 1138      47657441 
 1138      6C6C00
 1139              	.LASF18:
 1140 003f 646F7562 		.ascii	"double\000"
 1140      6C6500
 1141              	.LASF39:
 1142 0046 55534255 		.ascii	"USBUART_PutData\000"
 1142      4152545F 
 1142      50757444 
 1142      61746100 
 1143              	.LASF34:
 1144 0056 55534255 		.ascii	"USBUART_GetConfiguration\000"
 1144      4152545F 
 1144      47657443 
 1144      6F6E6669 
 1144      67757261 
 1145              	.LASF26:
 1146 006f 75617274 		.ascii	"uart_read\000"
 1146      5F726561 
 1146      6400
 1147              	.LASF38:
 1148 0079 55534255 		.ascii	"USBUART_CDCIsReady\000"
 1148      4152545F 
 1148      43444349 
 1148      73526561 
 1148      647900
 1149              	.LASF17:
 1150 008c 666C6F61 		.ascii	"float\000"
 1150      7400
 1151              	.LASF1:
 1152 0092 756E7369 		.ascii	"unsigned char\000"
 1152      676E6564 
 1152      20636861 
 1152      7200
 1153              	.LASF40:
 1154 00a0 474E5520 		.ascii	"GNU C11 5.4.1 20160609 (release) [ARM/embedded-5-br"
ARM GAS  C:\Users\HENRIC~1\AppData\Local\Temp\cc7xkf3h.s 			page 24


 1154      43313120 
 1154      352E342E 
 1154      31203230 
 1154      31363036 
 1155 00d3 616E6368 		.ascii	"anch revision 237715] -mcpu=cortex-m3 -mthumb -g -O"
 1155      20726576 
 1155      6973696F 
 1155      6E203233 
 1155      37373135 
 1156 0106 67202D66 		.ascii	"g -ffunction-sections -ffat-lto-objects\000"
 1156      66756E63 
 1156      74696F6E 
 1156      2D736563 
 1156      74696F6E 
 1157              	.LASF9:
 1158 012e 6C6F6E67 		.ascii	"long unsigned int\000"
 1158      20756E73 
 1158      69676E65 
 1158      6420696E 
 1158      7400
 1159              	.LASF6:
 1160 0140 73686F72 		.ascii	"short unsigned int\000"
 1160      7420756E 
 1160      7369676E 
 1160      65642069 
 1160      6E7400
 1161              	.LASF43:
 1162 0153 49544D5F 		.ascii	"ITM_RxBuffer\000"
 1162      52784275 
 1162      66666572 
 1162      00
 1163              	.LASF5:
 1164 0160 5F5F7569 		.ascii	"__uint16_t\000"
 1164      6E743136 
 1164      5F7400
 1165              	.LASF27:
 1166 016b 7374725F 		.ascii	"str_len\000"
 1166      6C656E00 
 1167              	.LASF23:
 1168 0173 75617274 		.ascii	"uart_update\000"
 1168      5F757064 
 1168      61746500 
 1169              	.LASF22:
 1170 017f 75617274 		.ascii	"uart_init\000"
 1170      5F696E69 
 1170      7400
 1171              	.LASF33:
 1172 0189 55534255 		.ascii	"USBUART_IsConfigurationChanged\000"
 1172      4152545F 
 1172      4973436F 
 1172      6E666967 
 1172      75726174 
 1173              	.LASF31:
 1174 01a8 74696D65 		.ascii	"timeout_count\000"
 1174      6F75745F 
 1174      636F756E 
 1174      7400
ARM GAS  C:\Users\HENRIC~1\AppData\Local\Temp\cc7xkf3h.s 			page 25


 1175              	.LASF30:
 1176 01b6 72657456 		.ascii	"retVal\000"
 1176      616C00
 1177              	.LASF32:
 1178 01bd 55534255 		.ascii	"USBUART_Start\000"
 1178      4152545F 
 1178      53746172 
 1178      7400
 1179              	.LASF12:
 1180 01cb 756E7369 		.ascii	"unsigned int\000"
 1180      676E6564 
 1180      20696E74 
 1180      00
 1181              	.LASF35:
 1182 01d8 55534255 		.ascii	"USBUART_CDC_Init\000"
 1182      4152545F 
 1182      4344435F 
 1182      496E6974 
 1182      00
 1183              	.LASF11:
 1184 01e9 6C6F6E67 		.ascii	"long long unsigned int\000"
 1184      206C6F6E 
 1184      6720756E 
 1184      7369676E 
 1184      65642069 
 1185              	.LASF13:
 1186 0200 75696E74 		.ascii	"uint8_t\000"
 1186      385F7400 
 1187              	.LASF36:
 1188 0208 55534255 		.ascii	"USBUART_DataIsReady\000"
 1188      4152545F 
 1188      44617461 
 1188      49735265 
 1188      61647900 
 1189              	.LASF14:
 1190 021c 696E7431 		.ascii	"int16_t\000"
 1190      365F7400 
 1191              	.LASF16:
 1192 0224 696E7433 		.ascii	"int32_t\000"
 1192      325F7400 
 1193              	.LASF25:
 1194 022c 75617274 		.ascii	"uart_has_data\000"
 1194      5F686173 
 1194      5F646174 
 1194      6100
 1195              	.LASF21:
 1196 023a 73697A65 		.ascii	"sizetype\000"
 1196      74797065 
 1196      00
 1197              	.LASF10:
 1198 0243 6C6F6E67 		.ascii	"long long int\000"
 1198      206C6F6E 
 1198      6720696E 
 1198      7400
 1199              	.LASF19:
 1200 0251 63686172 		.ascii	"char\000"
 1200      00
ARM GAS  C:\Users\HENRIC~1\AppData\Local\Temp\cc7xkf3h.s 			page 26


 1201              	.LASF29:
 1202 0256 636F756E 		.ascii	"count\000"
 1202      7400
 1203              	.LASF4:
 1204 025c 73686F72 		.ascii	"short int\000"
 1204      7420696E 
 1204      7400
 1205              	.LASF15:
 1206 0266 75696E74 		.ascii	"uint16_t\000"
 1206      31365F74 
 1206      00
 1207              	.LASF8:
 1208 026f 6C6F6E67 		.ascii	"long int\000"
 1208      20696E74 
 1208      00
 1209              	.LASF20:
 1210 0278 6C6F6E67 		.ascii	"long double\000"
 1210      20646F75 
 1210      626C6500 
 1211              	.LASF0:
 1212 0284 7369676E 		.ascii	"signed char\000"
 1212      65642063 
 1212      68617200 
 1213              	.LASF24:
 1214 0290 5F426F6F 		.ascii	"_Bool\000"
 1214      6C00
 1215              	.LASF42:
 1216 0296 433A5C55 		.ascii	"C:\\Users\\henrichsc\\Desktop\\School\\Senior_year\\"
 1216      73657273 
 1216      5C68656E 
 1216      72696368 
 1216      73635C44 
 1217 02c4 66616C6C 		.ascii	"fall\\CE4920\\lab\\Milestone_6.cydsn\000"
 1217      5C434534 
 1217      3932305C 
 1217      6C61625C 
 1217      4D696C65 
 1218              		.ident	"GCC: (GNU Tools for ARM Embedded Processors) 5.4.1 20160609 (release) [ARM/embedded-5-bran
