ARM GAS  C:\Users\HENRIC~1\AppData\Local\Temp\ccaBU52s.s 			page 1


   1              		.syntax unified
   2              		.cpu cortex-m3
   3              		.fpu softvfp
   4              		.eabi_attribute 20, 1
   5              		.eabi_attribute 21, 1
   6              		.eabi_attribute 23, 3
   7              		.eabi_attribute 24, 1
   8              		.eabi_attribute 25, 1
   9              		.eabi_attribute 26, 1
  10              		.eabi_attribute 30, 1
  11              		.eabi_attribute 34, 1
  12              		.eabi_attribute 18, 4
  13              		.thumb
  14              		.syntax unified
  15              		.file	"cymetadata.c"
  16              		.text
  17              	.Ltext0:
  18              		.cfi_sections	.debug_frame
  19              		.global	cy_metadata
  20              		.global	cy_meta_flashprotect
  21              		.global	cy_meta_wonvl
  22              		.global	cy_meta_custnvl
  23              		.global	cy_meta_configecc
  24              		.section	.cyconfigecc,"a",%progbits
  25              		.align	2
  26              		.type	cy_meta_configecc, %object
  27              		.size	cy_meta_configecc, 1432
  28              	cy_meta_configecc:
  29 0000 01       		.byte	1
  30 0001 45       		.byte	69
  31 0002 00       		.byte	0
  32 0003 40       		.byte	64
  33 0004 03       		.byte	3
  34 0005 4F       		.byte	79
  35 0006 00       		.byte	0
  36 0007 40       		.byte	64
  37 0008 04       		.byte	4
  38 0009 52       		.byte	82
  39 000a 00       		.byte	0
  40 000b 40       		.byte	64
  41 000c 01       		.byte	1
  42 000d 64       		.byte	100
  43 000e 00       		.byte	0
  44 000f 40       		.byte	64
  45 0010 08       		.byte	8
  46 0011 65       		.byte	101
  47 0012 00       		.byte	0
  48 0013 40       		.byte	64
  49 0014 01       		.byte	1
  50 0015 01       		.byte	1
  51 0016 01       		.byte	1
  52 0017 40       		.byte	64
  53 0018 07       		.byte	7
  54 0019 03       		.byte	3
  55 001a 01       		.byte	1
  56 001b 40       		.byte	64
  57 001c 04       		.byte	4
ARM GAS  C:\Users\HENRIC~1\AppData\Local\Temp\ccaBU52s.s 			page 2


  58 001d 05       		.byte	5
  59 001e 01       		.byte	1
  60 001f 40       		.byte	64
  61 0020 51       		.byte	81
  62 0021 06       		.byte	6
  63 0022 01       		.byte	1
  64 0023 40       		.byte	64
  65 0024 2E       		.byte	46
  66 0025 07       		.byte	7
  67 0026 01       		.byte	1
  68 0027 40       		.byte	64
  69 0028 01       		.byte	1
  70 0029 0B       		.byte	11
  71 002a 01       		.byte	1
  72 002b 40       		.byte	64
  73 002c 02       		.byte	2
  74 002d 0D       		.byte	13
  75 002e 01       		.byte	1
  76 002f 40       		.byte	64
  77 0030 01       		.byte	1
  78 0031 0F       		.byte	15
  79 0032 01       		.byte	1
  80 0033 40       		.byte	64
  81 0034 55       		.byte	85
  82 0035 14       		.byte	20
  83 0036 01       		.byte	1
  84 0037 40       		.byte	64
  85 0038 3A       		.byte	58
  86 0039 15       		.byte	21
  87 003a 01       		.byte	1
  88 003b 40       		.byte	64
  89 003c 54       		.byte	84
  90 003d 16       		.byte	22
  91 003e 01       		.byte	1
  92 003f 40       		.byte	64
  93 0040 37       		.byte	55
  94 0041 17       		.byte	23
  95 0042 01       		.byte	1
  96 0043 40       		.byte	64
  97 0044 02       		.byte	2
  98 0045 19       		.byte	25
  99 0046 01       		.byte	1
 100 0047 40       		.byte	64
 101 0048 43       		.byte	67
 102 0049 1A       		.byte	26
 103 004a 01       		.byte	1
 104 004b 40       		.byte	64
 105 004c 23       		.byte	35
 106 004d 1B       		.byte	27
 107 004e 01       		.byte	1
 108 004f 40       		.byte	64
 109 0050 07       		.byte	7
 110 0051 40       		.byte	64
 111 0052 01       		.byte	1
 112 0053 40       		.byte	64
 113 0054 05       		.byte	5
 114 0055 41       		.byte	65
ARM GAS  C:\Users\HENRIC~1\AppData\Local\Temp\ccaBU52s.s 			page 3


 115 0056 01       		.byte	1
 116 0057 40       		.byte	64
 117 0058 01       		.byte	1
 118 0059 42       		.byte	66
 119 005a 01       		.byte	1
 120 005b 40       		.byte	64
 121 005c 09       		.byte	9
 122 005d 43       		.byte	67
 123 005e 01       		.byte	1
 124 005f 40       		.byte	64
 125 0060 04       		.byte	4
 126 0061 44       		.byte	68
 127 0062 01       		.byte	1
 128 0063 40       		.byte	64
 129 0064 05       		.byte	5
 130 0065 45       		.byte	69
 131 0066 01       		.byte	1
 132 0067 40       		.byte	64
 133 0068 04       		.byte	4
 134 0069 46       		.byte	70
 135 006a 01       		.byte	1
 136 006b 40       		.byte	64
 137 006c 06       		.byte	6
 138 006d 47       		.byte	71
 139 006e 01       		.byte	1
 140 006f 40       		.byte	64
 141 0070 0B       		.byte	11
 142 0071 48       		.byte	72
 143 0072 01       		.byte	1
 144 0073 40       		.byte	64
 145 0074 06       		.byte	6
 146 0075 49       		.byte	73
 147 0076 01       		.byte	1
 148 0077 40       		.byte	64
 149 0078 02       		.byte	2
 150 0079 4C       		.byte	76
 151 007a 01       		.byte	1
 152 007b 40       		.byte	64
 153 007c 07       		.byte	7
 154 007d 4D       		.byte	77
 155 007e 01       		.byte	1
 156 007f 40       		.byte	64
 157 0080 05       		.byte	5
 158 0081 50       		.byte	80
 159 0082 01       		.byte	1
 160 0083 40       		.byte	64
 161 0084 02       		.byte	2
 162 0085 51       		.byte	81
 163 0086 01       		.byte	1
 164 0087 40       		.byte	64
 165 0088 7E       		.byte	126
 166 0089 02       		.byte	2
 167 008a 0A       		.byte	10
 168 008b D2       		.byte	-46
 169 008c 0D       		.byte	13
 170 008d 10       		.byte	16
 171 008e 16       		.byte	22
ARM GAS  C:\Users\HENRIC~1\AppData\Local\Temp\ccaBU52s.s 			page 4


 172 008f 1B       		.byte	27
 173 0090 2E       		.byte	46
 174 0091 7F       		.byte	127
 175 0092 60       		.byte	96
 176 0093 10       		.byte	16
 177 0094 61       		.byte	97
 178 0095 30       		.byte	48
 179 0096 7C       		.byte	124
 180 0097 40       		.byte	64
 181 0098 87       		.byte	-121
 182 0099 67       		.byte	103
 183 009a 06       		.byte	6
 184 009b FF       		.byte	-1
 185 009c 07       		.byte	7
 186 009d FF       		.byte	-1
 187 009e 16       		.byte	22
 188 009f FF       		.byte	-1
 189 00a0 17       		.byte	23
 190 00a1 FF       		.byte	-1
 191 00a2 26       		.byte	38
 192 00a3 FF       		.byte	-1
 193 00a4 27       		.byte	39
 194 00a5 FF       		.byte	-1
 195 00a6 84       		.byte	-124
 196 00a7 1F       		.byte	31
 197 00a8 8B       		.byte	-117
 198 00a9 0D       		.byte	13
 199 00aa E6       		.byte	-26
 200 00ab 40       		.byte	64
 201 00ac 97       		.byte	-105
 202 00ad 01       		.byte	1
 203 00ae 9F       		.byte	-97
 204 00af 10       		.byte	16
 205 00b0 AB       		.byte	-85
 206 00b1 01       		.byte	1
 207 00b2 B7       		.byte	-73
 208 00b3 10       		.byte	16
 209 00b4 E6       		.byte	-26
 210 00b5 02       		.byte	2
 211 00b6 E8       		.byte	-24
 212 00b7 01       		.byte	1
 213 00b8 EE       		.byte	-18
 214 00b9 40       		.byte	64
 215 00ba 97       		.byte	-105
 216 00bb 01       		.byte	1
 217 00bc 98       		.byte	-104
 218 00bd 80       		.byte	-128
 219 00be 9F       		.byte	-97
 220 00bf 10       		.byte	16
 221 00c0 B4       		.byte	-76
 222 00c1 80       		.byte	-128
 223 00c2 39       		.byte	57
 224 00c3 08       		.byte	8
 225 00c4 3F       		.byte	63
 226 00c5 04       		.byte	4
 227 00c6 40       		.byte	64
 228 00c7 64       		.byte	100
ARM GAS  C:\Users\HENRIC~1\AppData\Local\Temp\ccaBU52s.s 			page 5


 229 00c8 41       		.byte	65
 230 00c9 02       		.byte	2
 231 00ca 49       		.byte	73
 232 00cb FF       		.byte	-1
 233 00cc 4A       		.byte	74
 234 00cd FF       		.byte	-1
 235 00ce 4B       		.byte	75
 236 00cf FF       		.byte	-1
 237 00d0 4D       		.byte	77
 238 00d1 A0       		.byte	-96
 239 00d2 4F       		.byte	79
 240 00d3 01       		.byte	1
 241 00d4 50       		.byte	80
 242 00d5 18       		.byte	24
 243 00d6 59       		.byte	89
 244 00d7 04       		.byte	4
 245 00d8 5A       		.byte	90
 246 00d9 04       		.byte	4
 247 00da 5D       		.byte	93
 248 00db 03       		.byte	3
 249 00dc 5F       		.byte	95
 250 00dd 01       		.byte	1
 251 00de 60       		.byte	96
 252 00df 40       		.byte	64
 253 00e0 62       		.byte	98
 254 00e1 80       		.byte	-128
 255 00e2 64       		.byte	100
 256 00e3 40       		.byte	64
 257 00e4 65       		.byte	101
 258 00e5 40       		.byte	64
 259 00e6 66       		.byte	102
 260 00e7 80       		.byte	-128
 261 00e8 68       		.byte	104
 262 00e9 40       		.byte	64
 263 00ea 6A       		.byte	106
 264 00eb 50       		.byte	80
 265 00ec 6B       		.byte	107
 266 00ed A8       		.byte	-88
 267 00ee 6C       		.byte	108
 268 00ef 40       		.byte	64
 269 00f0 6D       		.byte	109
 270 00f1 20       		.byte	32
 271 00f2 6E       		.byte	110
 272 00f3 50       		.byte	80
 273 00f4 6F       		.byte	111
 274 00f5 A8       		.byte	-88
 275 00f6 86       		.byte	-122
 276 00f7 02       		.byte	2
 277 00f8 8E       		.byte	-114
 278 00f9 09       		.byte	9
 279 00fa 91       		.byte	-111
 280 00fb 04       		.byte	4
 281 00fc 98       		.byte	-104
 282 00fd 02       		.byte	2
 283 00fe 9C       		.byte	-100
 284 00ff 01       		.byte	1
 285 0100 A2       		.byte	-94
ARM GAS  C:\Users\HENRIC~1\AppData\Local\Temp\ccaBU52s.s 			page 6


 286 0101 04       		.byte	4
 287 0102 A3       		.byte	-93
 288 0103 01       		.byte	1
 289 0104 A9       		.byte	-87
 290 0105 01       		.byte	1
 291 0106 AE       		.byte	-82
 292 0107 01       		.byte	1
 293 0108 AF       		.byte	-81
 294 0109 06       		.byte	6
 295 010a B0       		.byte	-80
 296 010b 02       		.byte	2
 297 010c B1       		.byte	-79
 298 010d 02       		.byte	2
 299 010e B2       		.byte	-78
 300 010f 04       		.byte	4
 301 0110 B3       		.byte	-77
 302 0111 04       		.byte	4
 303 0112 B4       		.byte	-76
 304 0113 01       		.byte	1
 305 0114 B6       		.byte	-74
 306 0115 08       		.byte	8
 307 0116 B7       		.byte	-73
 308 0117 01       		.byte	1
 309 0118 B8       		.byte	-72
 310 0119 02       		.byte	2
 311 011a BE       		.byte	-66
 312 011b 10       		.byte	16
 313 011c BF       		.byte	-65
 314 011d 44       		.byte	68
 315 011e C0       		.byte	-64
 316 011f 25       		.byte	37
 317 0120 C1       		.byte	-63
 318 0121 06       		.byte	6
 319 0122 C5       		.byte	-59
 320 0123 52       		.byte	82
 321 0124 C6       		.byte	-58
 322 0125 C0       		.byte	-64
 323 0126 C7       		.byte	-57
 324 0127 0E       		.byte	14
 325 0128 C8       		.byte	-56
 326 0129 1F       		.byte	31
 327 012a C9       		.byte	-55
 328 012b FF       		.byte	-1
 329 012c CA       		.byte	-54
 330 012d FF       		.byte	-1
 331 012e CB       		.byte	-53
 332 012f FF       		.byte	-1
 333 0130 CD       		.byte	-51
 334 0131 AF       		.byte	-81
 335 0132 CE       		.byte	-50
 336 0133 07       		.byte	7
 337 0134 CF       		.byte	-49
 338 0135 01       		.byte	1
 339 0136 D0       		.byte	-48
 340 0137 18       		.byte	24
 341 0138 D2       		.byte	-46
 342 0139 80       		.byte	-128
ARM GAS  C:\Users\HENRIC~1\AppData\Local\Temp\ccaBU52s.s 			page 7


 343 013a D4       		.byte	-44
 344 013b 07       		.byte	7
 345 013c D6       		.byte	-42
 346 013d 04       		.byte	4
 347 013e D8       		.byte	-40
 348 013f 04       		.byte	4
 349 0140 D9       		.byte	-39
 350 0141 04       		.byte	4
 351 0142 DA       		.byte	-38
 352 0143 04       		.byte	4
 353 0144 DB       		.byte	-37
 354 0145 04       		.byte	4
 355 0146 DC       		.byte	-36
 356 0147 33       		.byte	51
 357 0148 DD       		.byte	-35
 358 0149 33       		.byte	51
 359 014a DF       		.byte	-33
 360 014b 01       		.byte	1
 361 014c E0       		.byte	-32
 362 014d 40       		.byte	64
 363 014e E2       		.byte	-30
 364 014f 80       		.byte	-128
 365 0150 E4       		.byte	-28
 366 0151 40       		.byte	64
 367 0152 E5       		.byte	-27
 368 0153 40       		.byte	64
 369 0154 E6       		.byte	-26
 370 0155 80       		.byte	-128
 371 0156 E8       		.byte	-24
 372 0157 40       		.byte	64
 373 0158 EA       		.byte	-22
 374 0159 50       		.byte	80
 375 015a EB       		.byte	-21
 376 015b A8       		.byte	-88
 377 015c EC       		.byte	-20
 378 015d 40       		.byte	64
 379 015e ED       		.byte	-19
 380 015f 20       		.byte	32
 381 0160 EE       		.byte	-18
 382 0161 50       		.byte	80
 383 0162 EF       		.byte	-17
 384 0163 A8       		.byte	-88
 385 0164 00       		.byte	0
 386 0165 40       		.byte	64
 387 0166 01       		.byte	1
 388 0167 08       		.byte	8
 389 0168 0A       		.byte	10
 390 0169 05       		.byte	5
 391 016a 10       		.byte	16
 392 016b B0       		.byte	-80
 393 016c 13       		.byte	19
 394 016d 80       		.byte	-128
 395 016e 18       		.byte	24
 396 016f 48       		.byte	72
 397 0170 1A       		.byte	26
 398 0171 01       		.byte	1
 399 0172 1B       		.byte	27
ARM GAS  C:\Users\HENRIC~1\AppData\Local\Temp\ccaBU52s.s 			page 8


 400 0173 24       		.byte	36
 401 0174 21       		.byte	33
 402 0175 02       		.byte	2
 403 0176 22       		.byte	34
 404 0177 44       		.byte	68
 405 0178 26       		.byte	38
 406 0179 04       		.byte	4
 407 017a 27       		.byte	39
 408 017b 20       		.byte	32
 409 017c 29       		.byte	41
 410 017d 01       		.byte	1
 411 017e 2A       		.byte	42
 412 017f 40       		.byte	64
 413 0180 2B       		.byte	43
 414 0181 04       		.byte	4
 415 0182 31       		.byte	49
 416 0183 02       		.byte	2
 417 0184 43       		.byte	67
 418 0185 20       		.byte	32
 419 0186 46       		.byte	70
 420 0187 40       		.byte	64
 421 0188 47       		.byte	71
 422 0189 20       		.byte	32
 423 018a 48       		.byte	72
 424 018b A0       		.byte	-96
 425 018c 49       		.byte	73
 426 018d 01       		.byte	1
 427 018e 4A       		.byte	74
 428 018f 04       		.byte	4
 429 0190 4B       		.byte	75
 430 0191 80       		.byte	-128
 431 0192 4C       		.byte	76
 432 0193 04       		.byte	4
 433 0194 51       		.byte	81
 434 0195 08       		.byte	8
 435 0196 52       		.byte	82
 436 0197 50       		.byte	80
 437 0198 53       		.byte	83
 438 0199 40       		.byte	64
 439 019a 58       		.byte	88
 440 019b 10       		.byte	16
 441 019c 5A       		.byte	90
 442 019d 88       		.byte	-120
 443 019e 61       		.byte	97
 444 019f 08       		.byte	8
 445 01a0 62       		.byte	98
 446 01a1 10       		.byte	16
 447 01a2 63       		.byte	99
 448 01a3 80       		.byte	-128
 449 01a4 73       		.byte	115
 450 01a5 80       		.byte	-128
 451 01a6 83       		.byte	-125
 452 01a7 40       		.byte	64
 453 01a8 97       		.byte	-105
 454 01a9 01       		.byte	1
 455 01aa 98       		.byte	-104
 456 01ab 80       		.byte	-128
ARM GAS  C:\Users\HENRIC~1\AppData\Local\Temp\ccaBU52s.s 			page 9


 457 01ac 9F       		.byte	-97
 458 01ad 10       		.byte	16
 459 01ae C0       		.byte	-64
 460 01af 05       		.byte	5
 461 01b0 C2       		.byte	-62
 462 01b1 03       		.byte	3
 463 01b2 C4       		.byte	-60
 464 01b3 09       		.byte	9
 465 01b4 CA       		.byte	-54
 466 01b5 0D       		.byte	13
 467 01b6 CC       		.byte	-52
 468 01b7 01       		.byte	1
 469 01b8 D0       		.byte	-48
 470 01b9 A4       		.byte	-92
 471 01ba D2       		.byte	-46
 472 01bb 2C       		.byte	44
 473 01bc D6       		.byte	-42
 474 01bd 0E       		.byte	14
 475 01be D8       		.byte	-40
 476 01bf 07       		.byte	7
 477 01c0 EA       		.byte	-22
 478 01c1 10       		.byte	16
 479 01c2 E6       		.byte	-26
 480 01c3 02       		.byte	2
 481 01c4 E8       		.byte	-24
 482 01c5 01       		.byte	1
 483 01c6 E6       		.byte	-26
 484 01c7 40       		.byte	64
 485 01c8 00       		.byte	0
 486 01c9 01       		.byte	1
 487 01ca 06       		.byte	6
 488 01cb 01       		.byte	1
 489 01cc 26       		.byte	38
 490 01cd 02       		.byte	2
 491 01ce 27       		.byte	39
 492 01cf 01       		.byte	1
 493 01d0 32       		.byte	50
 494 01d1 02       		.byte	2
 495 01d2 34       		.byte	52
 496 01d3 01       		.byte	1
 497 01d4 37       		.byte	55
 498 01d5 01       		.byte	1
 499 01d6 40       		.byte	64
 500 01d7 02       		.byte	2
 501 01d8 41       		.byte	65
 502 01d9 01       		.byte	1
 503 01da 49       		.byte	73
 504 01db FF       		.byte	-1
 505 01dc 4A       		.byte	74
 506 01dd FF       		.byte	-1
 507 01de 4B       		.byte	75
 508 01df FF       		.byte	-1
 509 01e0 4C       		.byte	76
 510 01e1 02       		.byte	2
 511 01e2 4D       		.byte	77
 512 01e3 0C       		.byte	12
 513 01e4 4E       		.byte	78
ARM GAS  C:\Users\HENRIC~1\AppData\Local\Temp\ccaBU52s.s 			page 10


 514 01e5 F8       		.byte	-8
 515 01e6 56       		.byte	86
 516 01e7 02       		.byte	2
 517 01e8 58       		.byte	88
 518 01e9 04       		.byte	4
 519 01ea 59       		.byte	89
 520 01eb 04       		.byte	4
 521 01ec 5A       		.byte	90
 522 01ed 04       		.byte	4
 523 01ee 5B       		.byte	91
 524 01ef 04       		.byte	4
 525 01f0 5E       		.byte	94
 526 01f1 08       		.byte	8
 527 01f2 5F       		.byte	95
 528 01f3 01       		.byte	1
 529 01f4 62       		.byte	98
 530 01f5 48       		.byte	72
 531 01f6 63       		.byte	99
 532 01f7 A1       		.byte	-95
 533 01f8 68       		.byte	104
 534 01f9 F0       		.byte	-16
 535 01fa 6A       		.byte	106
 536 01fb F0       		.byte	-16
 537 01fc 6C       		.byte	108
 538 01fd F0       		.byte	-16
 539 01fe 6E       		.byte	110
 540 01ff F0       		.byte	-16
 541 0200 82       		.byte	-126
 542 0201 0C       		.byte	12
 543 0202 87       		.byte	-121
 544 0203 02       		.byte	2
 545 0204 88       		.byte	-120
 546 0205 2C       		.byte	44
 547 0206 89       		.byte	-119
 548 0207 3B       		.byte	59
 549 0208 8A       		.byte	-118
 550 0209 50       		.byte	80
 551 020a 8B       		.byte	-117
 552 020b 04       		.byte	4
 553 020c 8C       		.byte	-116
 554 020d 01       		.byte	1
 555 020e 8D       		.byte	-115
 556 020f 04       		.byte	4
 557 0210 8E       		.byte	-114
 558 0211 02       		.byte	2
 559 0212 91       		.byte	-111
 560 0213 26       		.byte	38
 561 0214 93       		.byte	-109
 562 0215 19       		.byte	25
 563 0216 94       		.byte	-108
 564 0217 74       		.byte	116
 565 0218 95       		.byte	-107
 566 0219 10       		.byte	16
 567 021a 96       		.byte	-106
 568 021b 08       		.byte	8
 569 021c 97       		.byte	-105
 570 021d 01       		.byte	1
ARM GAS  C:\Users\HENRIC~1\AppData\Local\Temp\ccaBU52s.s 			page 11


 571 021e 99       		.byte	-103
 572 021f 3D       		.byte	61
 573 0220 9A       		.byte	-102
 574 0221 02       		.byte	2
 575 0222 9B       		.byte	-101
 576 0223 02       		.byte	2
 577 0224 9C       		.byte	-100
 578 0225 5C       		.byte	92
 579 0226 9D       		.byte	-99
 580 0227 08       		.byte	8
 581 0228 9E       		.byte	-98
 582 0229 20       		.byte	32
 583 022a 9F       		.byte	-97
 584 022b 01       		.byte	1
 585 022c A4       		.byte	-92
 586 022d 40       		.byte	64
 587 022e A5       		.byte	-91
 588 022f 3F       		.byte	63
 589 0230 A6       		.byte	-90
 590 0231 10       		.byte	16
 591 0232 AA       		.byte	-86
 592 0233 01       		.byte	1
 593 0234 AB       		.byte	-85
 594 0235 02       		.byte	2
 595 0236 AD       		.byte	-83
 596 0237 1F       		.byte	31
 597 0238 AF       		.byte	-81
 598 0239 20       		.byte	32
 599 023a B0       		.byte	-80
 600 023b 03       		.byte	3
 601 023c B2       		.byte	-78
 602 023d 18       		.byte	24
 603 023e B3       		.byte	-77
 604 023f 03       		.byte	3
 605 0240 B4       		.byte	-76
 606 0241 60       		.byte	96
 607 0242 B5       		.byte	-75
 608 0243 3C       		.byte	60
 609 0244 B6       		.byte	-74
 610 0245 04       		.byte	4
 611 0246 BE       		.byte	-66
 612 0247 01       		.byte	1
 613 0248 C0       		.byte	-64
 614 0249 06       		.byte	6
 615 024a C1       		.byte	-63
 616 024b 01       		.byte	1
 617 024c C5       		.byte	-59
 618 024d 0A       		.byte	10
 619 024e C9       		.byte	-55
 620 024f FF       		.byte	-1
 621 0250 CA       		.byte	-54
 622 0251 FF       		.byte	-1
 623 0252 CB       		.byte	-53
 624 0253 FF       		.byte	-1
 625 0254 CC       		.byte	-52
 626 0255 03       		.byte	3
 627 0256 CD       		.byte	-51
ARM GAS  C:\Users\HENRIC~1\AppData\Local\Temp\ccaBU52s.s 			page 12


 628 0257 0C       		.byte	12
 629 0258 CE       		.byte	-50
 630 0259 F4       		.byte	-12
 631 025a D2       		.byte	-46
 632 025b 17       		.byte	23
 633 025c D8       		.byte	-40
 634 025d 04       		.byte	4
 635 025e D9       		.byte	-39
 636 025f 04       		.byte	4
 637 0260 DA       		.byte	-38
 638 0261 04       		.byte	4
 639 0262 DB       		.byte	-37
 640 0263 04       		.byte	4
 641 0264 DF       		.byte	-33
 642 0265 01       		.byte	1
 643 0266 E2       		.byte	-30
 644 0267 48       		.byte	72
 645 0268 E3       		.byte	-29
 646 0269 A1       		.byte	-95
 647 026a E8       		.byte	-24
 648 026b F0       		.byte	-16
 649 026c EA       		.byte	-22
 650 026d F0       		.byte	-16
 651 026e EC       		.byte	-20
 652 026f F0       		.byte	-16
 653 0270 EE       		.byte	-18
 654 0271 F0       		.byte	-16
 655 0272 00       		.byte	0
 656 0273 02       		.byte	2
 657 0274 01       		.byte	1
 658 0275 08       		.byte	8
 659 0276 04       		.byte	4
 660 0277 02       		.byte	2
 661 0278 05       		.byte	5
 662 0279 10       		.byte	16
 663 027a 06       		.byte	6
 664 027b 01       		.byte	1
 665 027c 0D       		.byte	13
 666 027d 80       		.byte	-128
 667 027e 0E       		.byte	14
 668 027f 20       		.byte	32
 669 0280 0F       		.byte	15
 670 0281 08       		.byte	8
 671 0282 12       		.byte	18
 672 0283 20       		.byte	32
 673 0284 16       		.byte	22
 674 0285 04       		.byte	4
 675 0286 17       		.byte	23
 676 0287 04       		.byte	4
 677 0288 18       		.byte	24
 678 0289 04       		.byte	4
 679 028a 19       		.byte	25
 680 028b 08       		.byte	8
 681 028c 1B       		.byte	27
 682 028d 10       		.byte	16
 683 028e 1C       		.byte	28
 684 028f 81       		.byte	-127
ARM GAS  C:\Users\HENRIC~1\AppData\Local\Temp\ccaBU52s.s 			page 13


 685 0290 1D       		.byte	29
 686 0291 90       		.byte	-112
 687 0292 1E       		.byte	30
 688 0293 22       		.byte	34
 689 0294 1F       		.byte	31
 690 0295 28       		.byte	40
 691 0296 20       		.byte	32
 692 0297 02       		.byte	2
 693 0298 25       		.byte	37
 694 0299 10       		.byte	16
 695 029a 27       		.byte	39
 696 029b 10       		.byte	16
 697 029c 29       		.byte	41
 698 029d 08       		.byte	8
 699 029e 2A       		.byte	42
 700 029f 04       		.byte	4
 701 02a0 2F       		.byte	47
 702 02a1 2A       		.byte	42
 703 02a2 36       		.byte	54
 704 02a3 88       		.byte	-120
 705 02a4 37       		.byte	55
 706 02a5 11       		.byte	17
 707 02a6 3D       		.byte	61
 708 02a7 20       		.byte	32
 709 02a8 3E       		.byte	62
 710 02a9 84       		.byte	-124
 711 02aa 40       		.byte	64
 712 02ab 05       		.byte	5
 713 02ac 45       		.byte	69
 714 02ad 80       		.byte	-128
 715 02ae 4F       		.byte	79
 716 02af 28       		.byte	40
 717 02b0 6C       		.byte	108
 718 02b1 11       		.byte	17
 719 02b2 6E       		.byte	110
 720 02b3 04       		.byte	4
 721 02b4 6F       		.byte	111
 722 02b5 04       		.byte	4
 723 02b6 72       		.byte	114
 724 02b7 80       		.byte	-128
 725 02b8 76       		.byte	118
 726 02b9 01       		.byte	1
 727 02ba 7A       		.byte	122
 728 02bb 01       		.byte	1
 729 02bc 84       		.byte	-124
 730 02bd 40       		.byte	64
 731 02be 8C       		.byte	-116
 732 02bf 01       		.byte	1
 733 02c0 94       		.byte	-108
 734 02c1 20       		.byte	32
 735 02c2 9B       		.byte	-101
 736 02c3 01       		.byte	1
 737 02c4 9E       		.byte	-98
 738 02c5 80       		.byte	-128
 739 02c6 9F       		.byte	-97
 740 02c7 10       		.byte	16
 741 02c8 A2       		.byte	-94
ARM GAS  C:\Users\HENRIC~1\AppData\Local\Temp\ccaBU52s.s 			page 14


 742 02c9 A8       		.byte	-88
 743 02ca A3       		.byte	-93
 744 02cb 02       		.byte	2
 745 02cc A5       		.byte	-91
 746 02cd 10       		.byte	16
 747 02ce A6       		.byte	-90
 748 02cf 10       		.byte	16
 749 02d0 A7       		.byte	-89
 750 02d1 20       		.byte	32
 751 02d2 C0       		.byte	-64
 752 02d3 DC       		.byte	-36
 753 02d4 C2       		.byte	-62
 754 02d5 E0       		.byte	-32
 755 02d6 C4       		.byte	-60
 756 02d7 64       		.byte	100
 757 02d8 CA       		.byte	-54
 758 02d9 72       		.byte	114
 759 02da CC       		.byte	-52
 760 02db F0       		.byte	-16
 761 02dc CE       		.byte	-50
 762 02dd 70       		.byte	112
 763 02de D0       		.byte	-48
 764 02df 1C       		.byte	28
 765 02e0 D2       		.byte	-46
 766 02e1 20       		.byte	32
 767 02e2 DE       		.byte	-34
 768 02e3 08       		.byte	8
 769 02e4 E6       		.byte	-26
 770 02e5 10       		.byte	16
 771 02e6 00       		.byte	0
 772 02e7 04       		.byte	4
 773 02e8 01       		.byte	1
 774 02e9 3C       		.byte	60
 775 02ea 02       		.byte	2
 776 02eb 3B       		.byte	59
 777 02ec 04       		.byte	4
 778 02ed 04       		.byte	4
 779 02ee 07       		.byte	7
 780 02ef 0C       		.byte	12
 781 02f0 0A       		.byte	10
 782 02f1 04       		.byte	4
 783 02f2 0B       		.byte	11
 784 02f3 40       		.byte	64
 785 02f4 0D       		.byte	13
 786 02f5 40       		.byte	64
 787 02f6 0F       		.byte	15
 788 02f7 3D       		.byte	61
 789 02f8 10       		.byte	16
 790 02f9 3F       		.byte	63
 791 02fa 11       		.byte	17
 792 02fb 15       		.byte	21
 793 02fc 15       		.byte	21
 794 02fd 28       		.byte	40
 795 02fe 16       		.byte	22
 796 02ff 04       		.byte	4
 797 0300 17       		.byte	23
 798 0301 01       		.byte	1
ARM GAS  C:\Users\HENRIC~1\AppData\Local\Temp\ccaBU52s.s 			page 15


 799 0302 18       		.byte	24
 800 0303 04       		.byte	4
 801 0304 19       		.byte	25
 802 0305 40       		.byte	64
 803 0306 1C       		.byte	28
 804 0307 18       		.byte	24
 805 0308 1D       		.byte	29
 806 0309 4C       		.byte	76
 807 030a 1F       		.byte	31
 808 030b 02       		.byte	2
 809 030c 24       		.byte	36
 810 030d 04       		.byte	4
 811 030e 25       		.byte	37
 812 030f 40       		.byte	64
 813 0310 28       		.byte	40
 814 0311 32       		.byte	50
 815 0312 2B       		.byte	43
 816 0313 30       		.byte	48
 817 0314 2C       		.byte	44
 818 0315 09       		.byte	9
 819 0316 2E       		.byte	46
 820 0317 20       		.byte	32
 821 0318 2F       		.byte	47
 822 0319 40       		.byte	64
 823 031a 30       		.byte	48
 824 031b 04       		.byte	4
 825 031c 31       		.byte	49
 826 031d 03       		.byte	3
 827 031e 32       		.byte	50
 828 031f 03       		.byte	3
 829 0320 33       		.byte	51
 830 0321 32       		.byte	50
 831 0322 34       		.byte	52
 832 0323 20       		.byte	32
 833 0324 35       		.byte	53
 834 0325 0C       		.byte	12
 835 0326 36       		.byte	54
 836 0327 18       		.byte	24
 837 0328 37       		.byte	55
 838 0329 40       		.byte	64
 839 032a 3E       		.byte	62
 840 032b 54       		.byte	84
 841 032c 3F       		.byte	63
 842 032d 15       		.byte	21
 843 032e 40       		.byte	64
 844 032f 32       		.byte	50
 845 0330 41       		.byte	65
 846 0331 01       		.byte	1
 847 0332 45       		.byte	69
 848 0333 02       		.byte	2
 849 0334 47       		.byte	71
 850 0335 06       		.byte	6
 851 0336 48       		.byte	72
 852 0337 11       		.byte	17
 853 0338 56       		.byte	86
 854 0339 08       		.byte	8
 855 033a 58       		.byte	88
ARM GAS  C:\Users\HENRIC~1\AppData\Local\Temp\ccaBU52s.s 			page 16


 856 033b 04       		.byte	4
 857 033c 59       		.byte	89
 858 033d 04       		.byte	4
 859 033e 5A       		.byte	90
 860 033f 04       		.byte	4
 861 0340 5B       		.byte	91
 862 0341 0C       		.byte	12
 863 0342 5F       		.byte	95
 864 0343 01       		.byte	1
 865 0344 61       		.byte	97
 866 0345 0C       		.byte	12
 867 0346 62       		.byte	98
 868 0347 F0       		.byte	-16
 869 0348 63       		.byte	99
 870 0349 0C       		.byte	12
 871 034a 65       		.byte	101
 872 034b 0C       		.byte	12
 873 034c 67       		.byte	103
 874 034d 0C       		.byte	12
 875 034e 68       		.byte	104
 876 034f 40       		.byte	64
 877 0350 69       		.byte	105
 878 0351 4C       		.byte	76
 879 0352 6A       		.byte	106
 880 0353 40       		.byte	64
 881 0354 6B       		.byte	107
 882 0355 4C       		.byte	76
 883 0356 6C       		.byte	108
 884 0357 90       		.byte	-112
 885 0358 6D       		.byte	109
 886 0359 58       		.byte	88
 887 035a 6F       		.byte	111
 888 035b 0C       		.byte	12
 889 035c 86       		.byte	-122
 890 035d 01       		.byte	1
 891 035e B4       		.byte	-76
 892 035f 01       		.byte	1
 893 0360 B8       		.byte	-72
 894 0361 08       		.byte	8
 895 0362 BA       		.byte	-70
 896 0363 20       		.byte	32
 897 0364 C0       		.byte	-64
 898 0365 24       		.byte	36
 899 0366 C1       		.byte	-63
 900 0367 03       		.byte	3
 901 0368 C6       		.byte	-58
 902 0369 02       		.byte	2
 903 036a C7       		.byte	-57
 904 036b 26       		.byte	38
 905 036c C8       		.byte	-56
 906 036d 34       		.byte	52
 907 036e D8       		.byte	-40
 908 036f 04       		.byte	4
 909 0370 DA       		.byte	-38
 910 0371 04       		.byte	4
 911 0372 DC       		.byte	-36
 912 0373 03       		.byte	3
ARM GAS  C:\Users\HENRIC~1\AppData\Local\Temp\ccaBU52s.s 			page 17


 913 0374 DF       		.byte	-33
 914 0375 01       		.byte	1
 915 0376 E1       		.byte	-31
 916 0377 0C       		.byte	12
 917 0378 E2       		.byte	-30
 918 0379 F0       		.byte	-16
 919 037a E3       		.byte	-29
 920 037b 0C       		.byte	12
 921 037c E5       		.byte	-27
 922 037d 0C       		.byte	12
 923 037e E7       		.byte	-25
 924 037f 0C       		.byte	12
 925 0380 E8       		.byte	-24
 926 0381 40       		.byte	64
 927 0382 E9       		.byte	-23
 928 0383 4C       		.byte	76
 929 0384 EA       		.byte	-22
 930 0385 40       		.byte	64
 931 0386 EB       		.byte	-21
 932 0387 4C       		.byte	76
 933 0388 EC       		.byte	-20
 934 0389 90       		.byte	-112
 935 038a ED       		.byte	-19
 936 038b 58       		.byte	88
 937 038c EF       		.byte	-17
 938 038d 0C       		.byte	12
 939 038e 01       		.byte	1
 940 038f 08       		.byte	8
 941 0390 04       		.byte	4
 942 0391 22       		.byte	34
 943 0392 07       		.byte	7
 944 0393 10       		.byte	16
 945 0394 09       		.byte	9
 946 0395 10       		.byte	16
 947 0396 0B       		.byte	11
 948 0397 04       		.byte	4
 949 0398 0E       		.byte	14
 950 0399 A0       		.byte	-96
 951 039a 0F       		.byte	15
 952 039b 05       		.byte	5
 953 039c 15       		.byte	21
 954 039d 84       		.byte	-124
 955 039e 16       		.byte	22
 956 039f 04       		.byte	4
 957 03a0 19       		.byte	25
 958 03a1 08       		.byte	8
 959 03a2 1A       		.byte	26
 960 03a3 04       		.byte	4
 961 03a4 1C       		.byte	28
 962 03a5 04       		.byte	4
 963 03a6 1D       		.byte	29
 964 03a7 88       		.byte	-120
 965 03a8 1E       		.byte	30
 966 03a9 80       		.byte	-128
 967 03aa 1F       		.byte	31
 968 03ab 02       		.byte	2
 969 03ac 24       		.byte	36
ARM GAS  C:\Users\HENRIC~1\AppData\Local\Temp\ccaBU52s.s 			page 18


 970 03ad 02       		.byte	2
 971 03ae 25       		.byte	37
 972 03af 42       		.byte	66
 973 03b0 27       		.byte	39
 974 03b1 29       		.byte	41
 975 03b2 2D       		.byte	45
 976 03b3 04       		.byte	4
 977 03b4 2E       		.byte	46
 978 03b5 80       		.byte	-128
 979 03b6 2F       		.byte	47
 980 03b7 29       		.byte	41
 981 03b8 36       		.byte	54
 982 03b9 4A       		.byte	74
 983 03ba 37       		.byte	55
 984 03bb 10       		.byte	16
 985 03bc 3D       		.byte	61
 986 03bd A0       		.byte	-96
 987 03be 3F       		.byte	63
 988 03bf 09       		.byte	9
 989 03c0 40       		.byte	64
 990 03c1 04       		.byte	4
 991 03c2 41       		.byte	65
 992 03c3 0A       		.byte	10
 993 03c4 45       		.byte	69
 994 03c5 80       		.byte	-128
 995 03c6 47       		.byte	71
 996 03c7 28       		.byte	40
 997 03c8 4F       		.byte	79
 998 03c9 08       		.byte	8
 999 03ca 51       		.byte	81
 1000 03cb 40       		.byte	64
 1001 03cc 52       		.byte	82
 1002 03cd 8E       		.byte	-114
 1003 03ce 57       		.byte	87
 1004 03cf 08       		.byte	8
 1005 03d0 5C       		.byte	92
 1006 03d1 80       		.byte	-128
 1007 03d2 67       		.byte	103
 1008 03d3 01       		.byte	1
 1009 03d4 7F       		.byte	127
 1010 03d5 01       		.byte	1
 1011 03d6 96       		.byte	-106
 1012 03d7 04       		.byte	4
 1013 03d8 97       		.byte	-105
 1014 03d9 01       		.byte	1
 1015 03da 98       		.byte	-104
 1016 03db 80       		.byte	-128
 1017 03dc 9D       		.byte	-99
 1018 03dd 08       		.byte	8
 1019 03de 9F       		.byte	-97
 1020 03df 10       		.byte	16
 1021 03e0 A2       		.byte	-94
 1022 03e1 20       		.byte	32
 1023 03e2 AA       		.byte	-86
 1024 03e3 24       		.byte	36
 1025 03e4 C0       		.byte	-64
 1026 03e5 74       		.byte	116
ARM GAS  C:\Users\HENRIC~1\AppData\Local\Temp\ccaBU52s.s 			page 19


 1027 03e6 C2       		.byte	-62
 1028 03e7 F0       		.byte	-16
 1029 03e8 C4       		.byte	-60
 1030 03e9 E0       		.byte	-32
 1031 03ea CA       		.byte	-54
 1032 03eb 70       		.byte	112
 1033 03ec CC       		.byte	-52
 1034 03ed F0       		.byte	-16
 1035 03ee CE       		.byte	-50
 1036 03ef F0       		.byte	-16
 1037 03f0 D0       		.byte	-48
 1038 03f1 77       		.byte	119
 1039 03f2 D6       		.byte	-42
 1040 03f3 10       		.byte	16
 1041 03f4 D8       		.byte	-40
 1042 03f5 10       		.byte	16
 1043 03f6 DE       		.byte	-34
 1044 03f7 10       		.byte	16
 1045 03f8 E4       		.byte	-28
 1046 03f9 08       		.byte	8
 1047 03fa EA       		.byte	-22
 1048 03fb 02       		.byte	2
 1049 03fc E4       		.byte	-28
 1050 03fd 08       		.byte	8
 1051 03fe EA       		.byte	-22
 1052 03ff 02       		.byte	2
 1053 0400 0A       		.byte	10
 1054 0401 01       		.byte	1
 1055 0402 16       		.byte	22
 1056 0403 01       		.byte	1
 1057 0404 34       		.byte	52
 1058 0405 01       		.byte	1
 1059 0406 40       		.byte	64
 1060 0407 60       		.byte	96
 1061 0408 41       		.byte	65
 1062 0409 02       		.byte	2
 1063 040a 49       		.byte	73
 1064 040b FF       		.byte	-1
 1065 040c 4A       		.byte	74
 1066 040d FF       		.byte	-1
 1067 040e 4B       		.byte	75
 1068 040f FF       		.byte	-1
 1069 0410 4D       		.byte	77
 1070 0411 A0       		.byte	-96
 1071 0412 4F       		.byte	79
 1072 0413 04       		.byte	4
 1073 0414 50       		.byte	80
 1074 0415 18       		.byte	24
 1075 0416 58       		.byte	88
 1076 0417 04       		.byte	4
 1077 0418 5A       		.byte	90
 1078 0419 04       		.byte	4
 1079 041a 5C       		.byte	92
 1080 041b 02       		.byte	2
 1081 041c 5D       		.byte	93
 1082 041d 02       		.byte	2
 1083 041e 5F       		.byte	95
ARM GAS  C:\Users\HENRIC~1\AppData\Local\Temp\ccaBU52s.s 			page 20


 1084 041f 01       		.byte	1
 1085 0420 60       		.byte	96
 1086 0421 40       		.byte	64
 1087 0422 62       		.byte	98
 1088 0423 C0       		.byte	-64
 1089 0424 64       		.byte	100
 1090 0425 40       		.byte	64
 1091 0426 65       		.byte	101
 1092 0427 40       		.byte	64
 1093 0428 66       		.byte	102
 1094 0429 C0       		.byte	-64
 1095 042a 68       		.byte	104
 1096 042b C0       		.byte	-64
 1097 042c 6A       		.byte	106
 1098 042d C0       		.byte	-64
 1099 042e 6C       		.byte	108
 1100 042f C0       		.byte	-64
 1101 0430 6E       		.byte	110
 1102 0431 C0       		.byte	-64
 1103 0432 87       		.byte	-121
 1104 0433 01       		.byte	1
 1105 0434 8B       		.byte	-117
 1106 0435 02       		.byte	2
 1107 0436 96       		.byte	-106
 1108 0437 02       		.byte	2
 1109 0438 97       		.byte	-105
 1110 0439 02       		.byte	2
 1111 043a A9       		.byte	-87
 1112 043b 01       		.byte	1
 1113 043c AE       		.byte	-82
 1114 043d 01       		.byte	1
 1115 043e B2       		.byte	-78
 1116 043f 02       		.byte	2
 1117 0440 B4       		.byte	-76
 1118 0441 01       		.byte	1
 1119 0442 B5       		.byte	-75
 1120 0443 02       		.byte	2
 1121 0444 B7       		.byte	-73
 1122 0445 01       		.byte	1
 1123 0446 BF       		.byte	-65
 1124 0447 10       		.byte	16
 1125 0448 C0       		.byte	-64
 1126 0449 60       		.byte	96
 1127 044a C1       		.byte	-63
 1128 044b 03       		.byte	3
 1129 044c C5       		.byte	-59
 1130 044d D0       		.byte	-48
 1131 044e C6       		.byte	-58
 1132 044f 20       		.byte	32
 1133 0450 C7       		.byte	-57
 1134 0451 01       		.byte	1
 1135 0452 C8       		.byte	-56
 1136 0453 1A       		.byte	26
 1137 0454 C9       		.byte	-55
 1138 0455 FF       		.byte	-1
 1139 0456 CA       		.byte	-54
 1140 0457 FF       		.byte	-1
ARM GAS  C:\Users\HENRIC~1\AppData\Local\Temp\ccaBU52s.s 			page 21


 1141 0458 CB       		.byte	-53
 1142 0459 FF       		.byte	-1
 1143 045a CD       		.byte	-51
 1144 045b AF       		.byte	-81
 1145 045c CE       		.byte	-50
 1146 045d 0F       		.byte	15
 1147 045e CF       		.byte	-49
 1148 045f 04       		.byte	4
 1149 0460 D0       		.byte	-48
 1150 0461 18       		.byte	24
 1151 0462 D2       		.byte	-46
 1152 0463 80       		.byte	-128
 1153 0464 D4       		.byte	-44
 1154 0465 05       		.byte	5
 1155 0466 D8       		.byte	-40
 1156 0467 04       		.byte	4
 1157 0468 D9       		.byte	-39
 1158 0469 04       		.byte	4
 1159 046a DA       		.byte	-38
 1160 046b 04       		.byte	4
 1161 046c DB       		.byte	-37
 1162 046d 04       		.byte	4
 1163 046e DC       		.byte	-36
 1164 046f 22       		.byte	34
 1165 0470 DD       		.byte	-35
 1166 0471 22       		.byte	34
 1167 0472 DF       		.byte	-33
 1168 0473 01       		.byte	1
 1169 0474 E0       		.byte	-32
 1170 0475 40       		.byte	64
 1171 0476 E2       		.byte	-30
 1172 0477 C0       		.byte	-64
 1173 0478 E4       		.byte	-28
 1174 0479 40       		.byte	64
 1175 047a E5       		.byte	-27
 1176 047b 40       		.byte	64
 1177 047c E6       		.byte	-26
 1178 047d C0       		.byte	-64
 1179 047e E8       		.byte	-24
 1180 047f C0       		.byte	-64
 1181 0480 EA       		.byte	-22
 1182 0481 C0       		.byte	-64
 1183 0482 EC       		.byte	-20
 1184 0483 C0       		.byte	-64
 1185 0484 EE       		.byte	-18
 1186 0485 C0       		.byte	-64
 1187 0486 01       		.byte	1
 1188 0487 20       		.byte	32
 1189 0488 09       		.byte	9
 1190 0489 08       		.byte	8
 1191 048a 0D       		.byte	13
 1192 048b 08       		.byte	8
 1193 048c 17       		.byte	23
 1194 048d 40       		.byte	64
 1195 048e 1A       		.byte	26
 1196 048f 04       		.byte	4
 1197 0490 1E       		.byte	30
ARM GAS  C:\Users\HENRIC~1\AppData\Local\Temp\ccaBU52s.s 			page 22


 1198 0491 08       		.byte	8
 1199 0492 1F       		.byte	31
 1200 0493 08       		.byte	8
 1201 0494 26       		.byte	38
 1202 0495 40       		.byte	64
 1203 0496 27       		.byte	39
 1204 0497 08       		.byte	8
 1205 0498 2F       		.byte	47
 1206 0499 08       		.byte	8
 1207 049a 36       		.byte	54
 1208 049b 04       		.byte	4
 1209 049c 3E       		.byte	62
 1210 049d 20       		.byte	32
 1211 049e 3F       		.byte	63
 1212 049f 08       		.byte	8
 1213 04a0 41       		.byte	65
 1214 04a1 20       		.byte	32
 1215 04a2 46       		.byte	70
 1216 04a3 20       		.byte	32
 1217 04a4 49       		.byte	73
 1218 04a5 20       		.byte	32
 1219 04a6 4A       		.byte	74
 1220 04a7 04       		.byte	4
 1221 04a8 4D       		.byte	77
 1222 04a9 21       		.byte	33
 1223 04aa 55       		.byte	85
 1224 04ab 28       		.byte	40
 1225 04ac 56       		.byte	86
 1226 04ad 20       		.byte	32
 1227 04ae 57       		.byte	87
 1228 04af 04       		.byte	4
 1229 04b0 5D       		.byte	93
 1230 04b1 01       		.byte	1
 1231 04b2 5E       		.byte	94
 1232 04b3 80       		.byte	-128
 1233 04b4 5F       		.byte	95
 1234 04b5 08       		.byte	8
 1235 04b6 77       		.byte	119
 1236 04b7 40       		.byte	64
 1237 04b8 8A       		.byte	-118
 1238 04b9 04       		.byte	4
 1239 04ba C0       		.byte	-64
 1240 04bb 02       		.byte	2
 1241 04bc C2       		.byte	-62
 1242 04bd 24       		.byte	36
 1243 04be C4       		.byte	-60
 1244 04bf 80       		.byte	-128
 1245 04c0 CA       		.byte	-54
 1246 04c1 20       		.byte	32
 1247 04c2 CC       		.byte	-52
 1248 04c3 40       		.byte	64
 1249 04c4 CE       		.byte	-50
 1250 04c5 60       		.byte	96
 1251 04c6 D0       		.byte	-48
 1252 04c7 44       		.byte	68
 1253 04c8 D2       		.byte	-46
 1254 04c9 24       		.byte	36
ARM GAS  C:\Users\HENRIC~1\AppData\Local\Temp\ccaBU52s.s 			page 23


 1255 04ca D6       		.byte	-42
 1256 04cb D0       		.byte	-48
 1257 04cc 33       		.byte	51
 1258 04cd 11       		.byte	17
 1259 04ce 35       		.byte	53
 1260 04cf 80       		.byte	-128
 1261 04d0 36       		.byte	54
 1262 04d1 08       		.byte	8
 1263 04d2 3B       		.byte	59
 1264 04d3 40       		.byte	64
 1265 04d4 8E       		.byte	-114
 1266 04d5 08       		.byte	8
 1267 04d6 CC       		.byte	-52
 1268 04d7 F0       		.byte	-16
 1269 04d8 CE       		.byte	-50
 1270 04d9 10       		.byte	16
 1271 04da 87       		.byte	-121
 1272 04db 40       		.byte	64
 1273 04dc 97       		.byte	-105
 1274 04dd 40       		.byte	64
 1275 04de 9F       		.byte	-97
 1276 04df 11       		.byte	17
 1277 04e0 B5       		.byte	-75
 1278 04e1 80       		.byte	-128
 1279 04e2 E6       		.byte	-26
 1280 04e3 40       		.byte	64
 1281 04e4 9F       		.byte	-97
 1282 04e5 11       		.byte	17
 1283 04e6 1A       		.byte	26
 1284 04e7 80       		.byte	-128
 1285 04e8 1F       		.byte	31
 1286 04e9 04       		.byte	4
 1287 04ea 63       		.byte	99
 1288 04eb 08       		.byte	8
 1289 04ec 66       		.byte	102
 1290 04ed 02       		.byte	2
 1291 04ee 83       		.byte	-125
 1292 04ef 10       		.byte	16
 1293 04f0 9F       		.byte	-97
 1294 04f1 11       		.byte	17
 1295 04f2 C6       		.byte	-58
 1296 04f3 30       		.byte	48
 1297 04f4 D8       		.byte	-40
 1298 04f5 C0       		.byte	-64
 1299 04f6 E2       		.byte	-30
 1300 04f7 20       		.byte	32
 1301 04f8 38       		.byte	56
 1302 04f9 80       		.byte	-128
 1303 04fa 8F       		.byte	-113
 1304 04fb 40       		.byte	64
 1305 04fc CE       		.byte	-50
 1306 04fd 08       		.byte	8
 1307 04fe E6       		.byte	-26
 1308 04ff 02       		.byte	2
 1309 0500 11       		.byte	17
 1310 0501 02       		.byte	2
 1311 0502 84       		.byte	-124
ARM GAS  C:\Users\HENRIC~1\AppData\Local\Temp\ccaBU52s.s 			page 24


 1312 0503 80       		.byte	-128
 1313 0504 A7       		.byte	-89
 1314 0505 40       		.byte	64
 1315 0506 A8       		.byte	-88
 1316 0507 40       		.byte	64
 1317 0508 C4       		.byte	-60
 1318 0509 08       		.byte	8
 1319 050a 9C       		.byte	-100
 1320 050b 80       		.byte	-128
 1321 050c A7       		.byte	-89
 1322 050d 40       		.byte	64
 1323 050e B5       		.byte	-75
 1324 050f 01       		.byte	1
 1325 0510 EA       		.byte	-22
 1326 0511 08       		.byte	8
 1327 0512 08       		.byte	8
 1328 0513 80       		.byte	-128
 1329 0514 09       		.byte	9
 1330 0515 08       		.byte	8
 1331 0516 0F       		.byte	15
 1332 0517 80       		.byte	-128
 1333 0518 9C       		.byte	-100
 1334 0519 80       		.byte	-128
 1335 051a A7       		.byte	-89
 1336 051b 40       		.byte	64
 1337 051c C2       		.byte	-62
 1338 051d 0E       		.byte	14
 1339 051e 66       		.byte	102
 1340 051f 04       		.byte	4
 1341 0520 87       		.byte	-121
 1342 0521 04       		.byte	4
 1343 0522 93       		.byte	-109
 1344 0523 08       		.byte	8
 1345 0524 AA       		.byte	-86
 1346 0525 42       		.byte	66
 1347 0526 AB       		.byte	-85
 1348 0527 04       		.byte	4
 1349 0528 AF       		.byte	-81
 1350 0529 01       		.byte	1
 1351 052a D8       		.byte	-40
 1352 052b 80       		.byte	-128
 1353 052c E4       		.byte	-28
 1354 052d 10       		.byte	16
 1355 052e EA       		.byte	-22
 1356 052f 40       		.byte	64
 1357 0530 EC       		.byte	-20
 1358 0531 80       		.byte	-128
 1359 0532 EE       		.byte	-18
 1360 0533 20       		.byte	32
 1361 0534 78       		.byte	120
 1362 0535 01       		.byte	1
 1363 0536 84       		.byte	-124
 1364 0537 01       		.byte	1
 1365 0538 8E       		.byte	-114
 1366 0539 04       		.byte	4
 1367 053a 9E       		.byte	-98
 1368 053b 04       		.byte	4
ARM GAS  C:\Users\HENRIC~1\AppData\Local\Temp\ccaBU52s.s 			page 25


 1369 053c DE       		.byte	-34
 1370 053d 40       		.byte	64
 1371 053e E2       		.byte	-30
 1372 053f 40       		.byte	64
 1373 0540 87       		.byte	-121
 1374 0541 01       		.byte	1
 1375 0542 AD       		.byte	-83
 1376 0543 08       		.byte	8
 1377 0544 76       		.byte	118
 1378 0545 10       		.byte	16
 1379 0546 7B       		.byte	123
 1380 0547 01       		.byte	1
 1381 0548 8A       		.byte	-118
 1382 0549 10       		.byte	16
 1383 054a A3       		.byte	-93
 1384 054b 01       		.byte	1
 1385 054c DC       		.byte	-36
 1386 054d 01       		.byte	1
 1387 054e DE       		.byte	-34
 1388 054f 04       		.byte	4
 1389 0550 E4       		.byte	-28
 1390 0551 04       		.byte	4
 1391 0552 00       		.byte	0
 1392 0553 08       		.byte	8
 1393 0554 0A       		.byte	10
 1394 0555 08       		.byte	8
 1395 0556 10       		.byte	16
 1396 0557 0D       		.byte	13
 1397 0558 1A       		.byte	26
 1398 0559 09       		.byte	9
 1399 055a 1C       		.byte	28
 1400 055b 04       		.byte	4
 1401 055c 00       		.byte	0
 1402 055d AF       		.byte	-81
 1403 055e 01       		.byte	1
 1404 055f 02       		.byte	2
 1405 0560 00       		.byte	0
 1406 0561 30       		.byte	48
 1407 0562 30       		.byte	48
 1408 0563 00       		.byte	0
 1409 0564 30       		.byte	48
 1410 0565 00       		.byte	0
 1411 0566 00       		.byte	0
 1412 0567 00       		.byte	0
 1413 0568 40       		.byte	64
 1414 0569 00       		.byte	0
 1415 056a 00       		.byte	0
 1416 056b 00       		.byte	0
 1417 056c 00       		.byte	0
 1418 056d 00       		.byte	0
 1419 056e 00       		.byte	0
 1420 056f 00       		.byte	0
 1421 0570 C0       		.byte	-64
 1422 0571 00       		.byte	0
 1423 0572 00       		.byte	0
 1424 0573 00       		.byte	0
 1425 0574 00       		.byte	0
ARM GAS  C:\Users\HENRIC~1\AppData\Local\Temp\ccaBU52s.s 			page 26


 1426 0575 0B       		.byte	11
 1427 0576 0B       		.byte	11
 1428 0577 00       		.byte	0
 1429 0578 00       		.byte	0
 1430 0579 00       		.byte	0
 1431 057a 00       		.byte	0
 1432 057b 00       		.byte	0
 1433 057c 00       		.byte	0
 1434 057d 7F       		.byte	127
 1435 057e 7F       		.byte	127
 1436 057f 00       		.byte	0
 1437 0580 00       		.byte	0
 1438 0581 00       		.byte	0
 1439 0582 00       		.byte	0
 1440 0583 00       		.byte	0
 1441 0584 00       		.byte	0
 1442 0585 00       		.byte	0
 1443 0586 7F       		.byte	127
 1444 0587 00       		.byte	0
 1445 0588 00       		.byte	0
 1446 0589 00       		.byte	0
 1447 058a 00       		.byte	0
 1448 058b 00       		.byte	0
 1449 058c 02       		.byte	2
 1450 058d 00       		.byte	0
 1451 058e 00       		.byte	0
 1452 058f 0A       		.byte	10
 1453 0590 08       		.byte	8
 1454 0591 00       		.byte	0
 1455 0592 00       		.byte	0
 1456 0593 00       		.byte	0
 1457 0594 10       		.byte	16
 1458 0595 00       		.byte	0
 1459 0596 00       		.byte	0
 1460 0597 00       		.byte	0
 1461              		.section	.cywolatch,"a",%progbits
 1462              		.align	2
 1463              		.type	cy_meta_wonvl, %object
 1464              		.size	cy_meta_wonvl, 4
 1465              	cy_meta_wonvl:
 1466 0000 BC       		.byte	-68
 1467 0001 90       		.byte	-112
 1468 0002 AC       		.byte	-84
 1469 0003 AF       		.byte	-81
 1470              		.section	.cycustnvl,"a",%progbits
 1471              		.align	2
 1472              		.type	cy_meta_custnvl, %object
 1473              		.size	cy_meta_custnvl, 4
 1474              	cy_meta_custnvl:
 1475 0000 00       		.byte	0
 1476 0001 00       		.byte	0
 1477 0002 40       		.byte	64
 1478 0003 05       		.byte	5
 1479              		.section	.cymeta,"a",%progbits
 1480              		.align	2
 1481              		.type	cy_metadata, %object
 1482              		.size	cy_metadata, 12
ARM GAS  C:\Users\HENRIC~1\AppData\Local\Temp\ccaBU52s.s 			page 27


 1483              	cy_metadata:
 1484 0000 00       		.byte	0
 1485 0001 01       		.byte	1
 1486 0002 2E       		.byte	46
 1487 0003 12       		.byte	18
 1488 0004 30       		.byte	48
 1489 0005 69       		.byte	105
 1490 0006 00       		.byte	0
 1491 0007 01       		.byte	1
 1492 0008 00       		.byte	0
 1493 0009 00       		.byte	0
 1494 000a 00       		.byte	0
 1495 000b 00       		.byte	0
 1496              		.section	.cyflashprotect,"a",%progbits
 1497              		.align	2
 1498              		.type	cy_meta_flashprotect, %object
 1499              		.size	cy_meta_flashprotect, 256
 1500              	cy_meta_flashprotect:
 1501 0000 00000000 		.space	256
 1501      00000000 
 1501      00000000 
 1501      00000000 
 1501      00000000 
 1502              		.text
 1503              	.Letext0:
 1504              		.file 1 "c:\\program files (x86)\\cypress\\psoc creator\\4.1\\psoc creator\\import\\gnu\\arm\\5.4.
 1505              		.file 2 "c:\\program files (x86)\\cypress\\psoc creator\\4.1\\psoc creator\\import\\gnu\\arm\\5.4.
 1506              		.file 3 "Generated_Source\\PSoC5\\cymetadata.c"
 1507              		.section	.debug_info,"",%progbits
 1508              	.Ldebug_info0:
 1509 0000 32010000 		.4byte	0x132
 1510 0004 0400     		.2byte	0x4
 1511 0006 00000000 		.4byte	.Ldebug_abbrev0
 1512 000a 04       		.byte	0x4
 1513 000b 01       		.uleb128 0x1
 1514 000c 24000000 		.4byte	.LASF17
 1515 0010 0C       		.byte	0xc
 1516 0011 CE010000 		.4byte	.LASF18
 1517 0015 E7000000 		.4byte	.LASF19
 1518 0019 00000000 		.4byte	.Ldebug_line0
 1519 001d 02       		.uleb128 0x2
 1520 001e 01       		.byte	0x1
 1521 001f 06       		.byte	0x6
 1522 0020 C2010000 		.4byte	.LASF0
 1523 0024 03       		.uleb128 0x3
 1524 0025 00000000 		.4byte	.LASF9
 1525 0029 01       		.byte	0x1
 1526 002a 1D       		.byte	0x1d
 1527 002b 2F000000 		.4byte	0x2f
 1528 002f 02       		.uleb128 0x2
 1529 0030 01       		.byte	0x1
 1530 0031 08       		.byte	0x8
 1531 0032 16000000 		.4byte	.LASF1
 1532 0036 02       		.uleb128 0x2
 1533 0037 02       		.byte	0x2
 1534 0038 05       		.byte	0x5
 1535 0039 AF010000 		.4byte	.LASF2
ARM GAS  C:\Users\HENRIC~1\AppData\Local\Temp\ccaBU52s.s 			page 28


 1536 003d 02       		.uleb128 0x2
 1537 003e 02       		.byte	0x2
 1538 003f 07       		.byte	0x7
 1539 0040 C4000000 		.4byte	.LASF3
 1540 0044 02       		.uleb128 0x2
 1541 0045 04       		.byte	0x4
 1542 0046 05       		.byte	0x5
 1543 0047 B9010000 		.4byte	.LASF4
 1544 004b 02       		.uleb128 0x2
 1545 004c 04       		.byte	0x4
 1546 004d 07       		.byte	0x7
 1547 004e B2000000 		.4byte	.LASF5
 1548 0052 02       		.uleb128 0x2
 1549 0053 08       		.byte	0x8
 1550 0054 05       		.byte	0x5
 1551 0055 A1010000 		.4byte	.LASF6
 1552 0059 02       		.uleb128 0x2
 1553 005a 08       		.byte	0x8
 1554 005b 07       		.byte	0x7
 1555 005c 56010000 		.4byte	.LASF7
 1556 0060 04       		.uleb128 0x4
 1557 0061 04       		.byte	0x4
 1558 0062 05       		.byte	0x5
 1559 0063 696E7400 		.ascii	"int\000"
 1560 0067 02       		.uleb128 0x2
 1561 0068 04       		.byte	0x4
 1562 0069 07       		.byte	0x7
 1563 006a 49010000 		.4byte	.LASF8
 1564 006e 03       		.uleb128 0x3
 1565 006f 6D010000 		.4byte	.LASF10
 1566 0073 02       		.byte	0x2
 1567 0074 18       		.byte	0x18
 1568 0075 24000000 		.4byte	0x24
 1569 0079 05       		.uleb128 0x5
 1570 007a 91000000 		.4byte	0x91
 1571 007e 8A000000 		.4byte	0x8a
 1572 0082 06       		.uleb128 0x6
 1573 0083 8A000000 		.4byte	0x8a
 1574 0087 9705     		.2byte	0x597
 1575 0089 00       		.byte	0
 1576 008a 02       		.uleb128 0x2
 1577 008b 04       		.byte	0x4
 1578 008c 07       		.byte	0x7
 1579 008d 98010000 		.4byte	.LASF11
 1580 0091 07       		.uleb128 0x7
 1581 0092 6E000000 		.4byte	0x6e
 1582 0096 08       		.uleb128 0x8
 1583 0097 37010000 		.4byte	.LASF12
 1584 009b 03       		.byte	0x3
 1585 009c 1F       		.byte	0x1f
 1586 009d A7000000 		.4byte	0xa7
 1587 00a1 05       		.uleb128 0x5
 1588 00a2 03       		.byte	0x3
 1589 00a3 00000000 		.4byte	cy_meta_configecc
 1590 00a7 07       		.uleb128 0x7
 1591 00a8 79000000 		.4byte	0x79
 1592 00ac 05       		.uleb128 0x5
ARM GAS  C:\Users\HENRIC~1\AppData\Local\Temp\ccaBU52s.s 			page 29


 1593 00ad 91000000 		.4byte	0x91
 1594 00b1 BC000000 		.4byte	0xbc
 1595 00b5 09       		.uleb128 0x9
 1596 00b6 8A000000 		.4byte	0x8a
 1597 00ba 03       		.byte	0x3
 1598 00bb 00       		.byte	0
 1599 00bc 08       		.uleb128 0x8
 1600 00bd D7000000 		.4byte	.LASF13
 1601 00c1 03       		.byte	0x3
 1602 00c2 DF       		.byte	0xdf
 1603 00c3 CD000000 		.4byte	0xcd
 1604 00c7 05       		.uleb128 0x5
 1605 00c8 03       		.byte	0x3
 1606 00c9 00000000 		.4byte	cy_meta_custnvl
 1607 00cd 07       		.uleb128 0x7
 1608 00ce AC000000 		.4byte	0xac
 1609 00d2 08       		.uleb128 0x8
 1610 00d3 8A010000 		.4byte	.LASF14
 1611 00d7 03       		.byte	0x3
 1612 00d8 ED       		.byte	0xed
 1613 00d9 E3000000 		.4byte	0xe3
 1614 00dd 05       		.uleb128 0x5
 1615 00de 03       		.byte	0x3
 1616 00df 00000000 		.4byte	cy_meta_wonvl
 1617 00e3 07       		.uleb128 0x7
 1618 00e4 AC000000 		.4byte	0xac
 1619 00e8 05       		.uleb128 0x5
 1620 00e9 91000000 		.4byte	0x91
 1621 00ed F8000000 		.4byte	0xf8
 1622 00f1 09       		.uleb128 0x9
 1623 00f2 8A000000 		.4byte	0x8a
 1624 00f6 FF       		.byte	0xff
 1625 00f7 00       		.byte	0
 1626 00f8 08       		.uleb128 0x8
 1627 00f9 75010000 		.4byte	.LASF15
 1628 00fd 03       		.byte	0x3
 1629 00fe FB       		.byte	0xfb
 1630 00ff 09010000 		.4byte	0x109
 1631 0103 05       		.uleb128 0x5
 1632 0104 03       		.byte	0x3
 1633 0105 00000000 		.4byte	cy_meta_flashprotect
 1634 0109 07       		.uleb128 0x7
 1635 010a E8000000 		.4byte	0xe8
 1636 010e 05       		.uleb128 0x5
 1637 010f 91000000 		.4byte	0x91
 1638 0113 1E010000 		.4byte	0x11e
 1639 0117 09       		.uleb128 0x9
 1640 0118 8A000000 		.4byte	0x8a
 1641 011c 0B       		.byte	0xb
 1642 011d 00       		.byte	0
 1643 011e 0A       		.uleb128 0xa
 1644 011f 0A000000 		.4byte	.LASF16
 1645 0123 03       		.byte	0x3
 1646 0124 2801     		.2byte	0x128
 1647 0126 30010000 		.4byte	0x130
 1648 012a 05       		.uleb128 0x5
 1649 012b 03       		.byte	0x3
ARM GAS  C:\Users\HENRIC~1\AppData\Local\Temp\ccaBU52s.s 			page 30


 1650 012c 00000000 		.4byte	cy_metadata
 1651 0130 07       		.uleb128 0x7
 1652 0131 0E010000 		.4byte	0x10e
 1653 0135 00       		.byte	0
 1654              		.section	.debug_abbrev,"",%progbits
 1655              	.Ldebug_abbrev0:
 1656 0000 01       		.uleb128 0x1
 1657 0001 11       		.uleb128 0x11
 1658 0002 01       		.byte	0x1
 1659 0003 25       		.uleb128 0x25
 1660 0004 0E       		.uleb128 0xe
 1661 0005 13       		.uleb128 0x13
 1662 0006 0B       		.uleb128 0xb
 1663 0007 03       		.uleb128 0x3
 1664 0008 0E       		.uleb128 0xe
 1665 0009 1B       		.uleb128 0x1b
 1666 000a 0E       		.uleb128 0xe
 1667 000b 10       		.uleb128 0x10
 1668 000c 17       		.uleb128 0x17
 1669 000d 00       		.byte	0
 1670 000e 00       		.byte	0
 1671 000f 02       		.uleb128 0x2
 1672 0010 24       		.uleb128 0x24
 1673 0011 00       		.byte	0
 1674 0012 0B       		.uleb128 0xb
 1675 0013 0B       		.uleb128 0xb
 1676 0014 3E       		.uleb128 0x3e
 1677 0015 0B       		.uleb128 0xb
 1678 0016 03       		.uleb128 0x3
 1679 0017 0E       		.uleb128 0xe
 1680 0018 00       		.byte	0
 1681 0019 00       		.byte	0
 1682 001a 03       		.uleb128 0x3
 1683 001b 16       		.uleb128 0x16
 1684 001c 00       		.byte	0
 1685 001d 03       		.uleb128 0x3
 1686 001e 0E       		.uleb128 0xe
 1687 001f 3A       		.uleb128 0x3a
 1688 0020 0B       		.uleb128 0xb
 1689 0021 3B       		.uleb128 0x3b
 1690 0022 0B       		.uleb128 0xb
 1691 0023 49       		.uleb128 0x49
 1692 0024 13       		.uleb128 0x13
 1693 0025 00       		.byte	0
 1694 0026 00       		.byte	0
 1695 0027 04       		.uleb128 0x4
 1696 0028 24       		.uleb128 0x24
 1697 0029 00       		.byte	0
 1698 002a 0B       		.uleb128 0xb
 1699 002b 0B       		.uleb128 0xb
 1700 002c 3E       		.uleb128 0x3e
 1701 002d 0B       		.uleb128 0xb
 1702 002e 03       		.uleb128 0x3
 1703 002f 08       		.uleb128 0x8
 1704 0030 00       		.byte	0
 1705 0031 00       		.byte	0
 1706 0032 05       		.uleb128 0x5
ARM GAS  C:\Users\HENRIC~1\AppData\Local\Temp\ccaBU52s.s 			page 31


 1707 0033 01       		.uleb128 0x1
 1708 0034 01       		.byte	0x1
 1709 0035 49       		.uleb128 0x49
 1710 0036 13       		.uleb128 0x13
 1711 0037 01       		.uleb128 0x1
 1712 0038 13       		.uleb128 0x13
 1713 0039 00       		.byte	0
 1714 003a 00       		.byte	0
 1715 003b 06       		.uleb128 0x6
 1716 003c 21       		.uleb128 0x21
 1717 003d 00       		.byte	0
 1718 003e 49       		.uleb128 0x49
 1719 003f 13       		.uleb128 0x13
 1720 0040 2F       		.uleb128 0x2f
 1721 0041 05       		.uleb128 0x5
 1722 0042 00       		.byte	0
 1723 0043 00       		.byte	0
 1724 0044 07       		.uleb128 0x7
 1725 0045 26       		.uleb128 0x26
 1726 0046 00       		.byte	0
 1727 0047 49       		.uleb128 0x49
 1728 0048 13       		.uleb128 0x13
 1729 0049 00       		.byte	0
 1730 004a 00       		.byte	0
 1731 004b 08       		.uleb128 0x8
 1732 004c 34       		.uleb128 0x34
 1733 004d 00       		.byte	0
 1734 004e 03       		.uleb128 0x3
 1735 004f 0E       		.uleb128 0xe
 1736 0050 3A       		.uleb128 0x3a
 1737 0051 0B       		.uleb128 0xb
 1738 0052 3B       		.uleb128 0x3b
 1739 0053 0B       		.uleb128 0xb
 1740 0054 49       		.uleb128 0x49
 1741 0055 13       		.uleb128 0x13
 1742 0056 3F       		.uleb128 0x3f
 1743 0057 19       		.uleb128 0x19
 1744 0058 02       		.uleb128 0x2
 1745 0059 18       		.uleb128 0x18
 1746 005a 00       		.byte	0
 1747 005b 00       		.byte	0
 1748 005c 09       		.uleb128 0x9
 1749 005d 21       		.uleb128 0x21
 1750 005e 00       		.byte	0
 1751 005f 49       		.uleb128 0x49
 1752 0060 13       		.uleb128 0x13
 1753 0061 2F       		.uleb128 0x2f
 1754 0062 0B       		.uleb128 0xb
 1755 0063 00       		.byte	0
 1756 0064 00       		.byte	0
 1757 0065 0A       		.uleb128 0xa
 1758 0066 34       		.uleb128 0x34
 1759 0067 00       		.byte	0
 1760 0068 03       		.uleb128 0x3
 1761 0069 0E       		.uleb128 0xe
 1762 006a 3A       		.uleb128 0x3a
 1763 006b 0B       		.uleb128 0xb
ARM GAS  C:\Users\HENRIC~1\AppData\Local\Temp\ccaBU52s.s 			page 32


 1764 006c 3B       		.uleb128 0x3b
 1765 006d 05       		.uleb128 0x5
 1766 006e 49       		.uleb128 0x49
 1767 006f 13       		.uleb128 0x13
 1768 0070 3F       		.uleb128 0x3f
 1769 0071 19       		.uleb128 0x19
 1770 0072 02       		.uleb128 0x2
 1771 0073 18       		.uleb128 0x18
 1772 0074 00       		.byte	0
 1773 0075 00       		.byte	0
 1774 0076 00       		.byte	0
 1775              		.section	.debug_aranges,"",%progbits
 1776 0000 14000000 		.4byte	0x14
 1777 0004 0200     		.2byte	0x2
 1778 0006 00000000 		.4byte	.Ldebug_info0
 1779 000a 04       		.byte	0x4
 1780 000b 00       		.byte	0
 1781 000c 0000     		.2byte	0
 1782 000e 0000     		.2byte	0
 1783 0010 00000000 		.4byte	0
 1784 0014 00000000 		.4byte	0
 1785              		.section	.debug_line,"",%progbits
 1786              	.Ldebug_line0:
 1787 0000 3D010000 		.section	.debug_str,"MS",%progbits,1
 1787      02003701 
 1787      00000201 
 1787      FB0E0D00 
 1787      01010101 
 1788              	.LASF9:
 1789 0000 5F5F7569 		.ascii	"__uint8_t\000"
 1789      6E74385F 
 1789      7400
 1790              	.LASF16:
 1791 000a 63795F6D 		.ascii	"cy_metadata\000"
 1791      65746164 
 1791      61746100 
 1792              	.LASF1:
 1793 0016 756E7369 		.ascii	"unsigned char\000"
 1793      676E6564 
 1793      20636861 
 1793      7200
 1794              	.LASF17:
 1795 0024 474E5520 		.ascii	"GNU C11 5.4.1 20160609 (release) [ARM/embedded-5-br"
 1795      43313120 
 1795      352E342E 
 1795      31203230 
 1795      31363036 
 1796 0057 616E6368 		.ascii	"anch revision 237715] -mcpu=cortex-m3 -mthumb -g -O"
 1796      20726576 
 1796      6973696F 
 1796      6E203233 
 1796      37373135 
 1797 008a 67202D66 		.ascii	"g -ffunction-sections -ffat-lto-objects\000"
 1797      66756E63 
 1797      74696F6E 
 1797      2D736563 
 1797      74696F6E 
ARM GAS  C:\Users\HENRIC~1\AppData\Local\Temp\ccaBU52s.s 			page 33


 1798              	.LASF5:
 1799 00b2 6C6F6E67 		.ascii	"long unsigned int\000"
 1799      20756E73 
 1799      69676E65 
 1799      6420696E 
 1799      7400
 1800              	.LASF3:
 1801 00c4 73686F72 		.ascii	"short unsigned int\000"
 1801      7420756E 
 1801      7369676E 
 1801      65642069 
 1801      6E7400
 1802              	.LASF13:
 1803 00d7 63795F6D 		.ascii	"cy_meta_custnvl\000"
 1803      6574615F 
 1803      63757374 
 1803      6E766C00 
 1804              	.LASF19:
 1805 00e7 433A5C55 		.ascii	"C:\\Users\\henrichsc\\Desktop\\School\\Senior_year\\"
 1805      73657273 
 1805      5C68656E 
 1805      72696368 
 1805      73635C44 
 1806 0115 66616C6C 		.ascii	"fall\\CE4920\\lab\\Milestone_1.cydsn\000"
 1806      5C434534 
 1806      3932305C 
 1806      6C61625C 
 1806      4D696C65 
 1807              	.LASF12:
 1808 0137 63795F6D 		.ascii	"cy_meta_configecc\000"
 1808      6574615F 
 1808      636F6E66 
 1808      69676563 
 1808      6300
 1809              	.LASF8:
 1810 0149 756E7369 		.ascii	"unsigned int\000"
 1810      676E6564 
 1810      20696E74 
 1810      00
 1811              	.LASF7:
 1812 0156 6C6F6E67 		.ascii	"long long unsigned int\000"
 1812      206C6F6E 
 1812      6720756E 
 1812      7369676E 
 1812      65642069 
 1813              	.LASF10:
 1814 016d 75696E74 		.ascii	"uint8_t\000"
 1814      385F7400 
 1815              	.LASF15:
 1816 0175 63795F6D 		.ascii	"cy_meta_flashprotect\000"
 1816      6574615F 
 1816      666C6173 
 1816      6870726F 
 1816      74656374 
 1817              	.LASF14:
 1818 018a 63795F6D 		.ascii	"cy_meta_wonvl\000"
 1818      6574615F 
ARM GAS  C:\Users\HENRIC~1\AppData\Local\Temp\ccaBU52s.s 			page 34


 1818      776F6E76 
 1818      6C00
 1819              	.LASF11:
 1820 0198 73697A65 		.ascii	"sizetype\000"
 1820      74797065 
 1820      00
 1821              	.LASF6:
 1822 01a1 6C6F6E67 		.ascii	"long long int\000"
 1822      206C6F6E 
 1822      6720696E 
 1822      7400
 1823              	.LASF2:
 1824 01af 73686F72 		.ascii	"short int\000"
 1824      7420696E 
 1824      7400
 1825              	.LASF4:
 1826 01b9 6C6F6E67 		.ascii	"long int\000"
 1826      20696E74 
 1826      00
 1827              	.LASF0:
 1828 01c2 7369676E 		.ascii	"signed char\000"
 1828      65642063 
 1828      68617200 
 1829              	.LASF18:
 1830 01ce 47656E65 		.ascii	"Generated_Source\\PSoC5\\cymetadata.c\000"
 1830      72617465 
 1830      645F536F 
 1830      75726365 
 1830      5C50536F 
 1831              		.ident	"GCC: (GNU Tools for ARM Embedded Processors) 5.4.1 20160609 (release) [ARM/embedded-5-bran
