ARM GAS  C:\Users\HENRIC~1\AppData\Local\Temp\ccPJs0uC.s 			page 1


   1              		.syntax unified
   2              		.cpu cortex-m3
   3              		.fpu softvfp
   4              		.eabi_attribute 20, 1
   5              		.eabi_attribute 21, 1
   6              		.eabi_attribute 23, 3
   7              		.eabi_attribute 24, 1
   8              		.eabi_attribute 25, 1
   9              		.eabi_attribute 26, 1
  10              		.eabi_attribute 30, 1
  11              		.eabi_attribute 34, 1
  12              		.eabi_attribute 18, 4
  13              		.thumb
  14              		.syntax unified
  15              		.file	"Tone_C.c"
  16              		.text
  17              	.Ltext0:
  18              		.cfi_sections	.debug_frame
  19              		.section	.text.Tone_C_Enable,"ax",%progbits
  20              		.align	2
  21              		.global	Tone_C_Enable
  22              		.thumb
  23              		.thumb_func
  24              		.type	Tone_C_Enable, %function
  25              	Tone_C_Enable:
  26              	.LFB1:
  27              		.file 1 "Generated_Source\\PSoC5\\Tone_C.c"
   1:Generated_Source\PSoC5/Tone_C.c **** /*******************************************************************************
   2:Generated_Source\PSoC5/Tone_C.c **** * File Name: Tone_C.c  
   3:Generated_Source\PSoC5/Tone_C.c **** * Version 3.0
   4:Generated_Source\PSoC5/Tone_C.c **** *
   5:Generated_Source\PSoC5/Tone_C.c **** *  Description:
   6:Generated_Source\PSoC5/Tone_C.c **** *     The Counter component consists of a 8, 16, 24 or 32-bit counter with
   7:Generated_Source\PSoC5/Tone_C.c **** *     a selectable period between 2 and 2^Width - 1.  
   8:Generated_Source\PSoC5/Tone_C.c **** *
   9:Generated_Source\PSoC5/Tone_C.c **** *   Note:
  10:Generated_Source\PSoC5/Tone_C.c **** *     None
  11:Generated_Source\PSoC5/Tone_C.c **** *
  12:Generated_Source\PSoC5/Tone_C.c **** ********************************************************************************
  13:Generated_Source\PSoC5/Tone_C.c **** * Copyright 2008-2012, Cypress Semiconductor Corporation.  All rights reserved.
  14:Generated_Source\PSoC5/Tone_C.c **** * You may use this file only in accordance with the license, terms, conditions, 
  15:Generated_Source\PSoC5/Tone_C.c **** * disclaimers, and limitations in the end user license agreement accompanying 
  16:Generated_Source\PSoC5/Tone_C.c **** * the software package with which this file was provided.
  17:Generated_Source\PSoC5/Tone_C.c **** *******************************************************************************/
  18:Generated_Source\PSoC5/Tone_C.c **** 
  19:Generated_Source\PSoC5/Tone_C.c **** #include "Tone_C.h"
  20:Generated_Source\PSoC5/Tone_C.c **** 
  21:Generated_Source\PSoC5/Tone_C.c **** uint8 Tone_C_initVar = 0u;
  22:Generated_Source\PSoC5/Tone_C.c **** 
  23:Generated_Source\PSoC5/Tone_C.c **** 
  24:Generated_Source\PSoC5/Tone_C.c **** /*******************************************************************************
  25:Generated_Source\PSoC5/Tone_C.c **** * Function Name: Tone_C_Init
  26:Generated_Source\PSoC5/Tone_C.c **** ********************************************************************************
  27:Generated_Source\PSoC5/Tone_C.c **** * Summary:
  28:Generated_Source\PSoC5/Tone_C.c **** *     Initialize to the schematic state
  29:Generated_Source\PSoC5/Tone_C.c **** * 
  30:Generated_Source\PSoC5/Tone_C.c **** * Parameters:  
ARM GAS  C:\Users\HENRIC~1\AppData\Local\Temp\ccPJs0uC.s 			page 2


  31:Generated_Source\PSoC5/Tone_C.c **** *  void  
  32:Generated_Source\PSoC5/Tone_C.c **** *
  33:Generated_Source\PSoC5/Tone_C.c **** * Return: 
  34:Generated_Source\PSoC5/Tone_C.c **** *  void
  35:Generated_Source\PSoC5/Tone_C.c **** *
  36:Generated_Source\PSoC5/Tone_C.c **** *******************************************************************************/
  37:Generated_Source\PSoC5/Tone_C.c **** void Tone_C_Init(void) 
  38:Generated_Source\PSoC5/Tone_C.c **** {
  39:Generated_Source\PSoC5/Tone_C.c ****         #if (!Tone_C_UsingFixedFunction && !Tone_C_ControlRegRemoved)
  40:Generated_Source\PSoC5/Tone_C.c ****             uint8 ctrl;
  41:Generated_Source\PSoC5/Tone_C.c ****         #endif /* (!Tone_C_UsingFixedFunction && !Tone_C_ControlRegRemoved) */
  42:Generated_Source\PSoC5/Tone_C.c ****         
  43:Generated_Source\PSoC5/Tone_C.c ****         #if(!Tone_C_UsingFixedFunction) 
  44:Generated_Source\PSoC5/Tone_C.c ****             /* Interrupt State Backup for Critical Region*/
  45:Generated_Source\PSoC5/Tone_C.c ****             uint8 Tone_C_interruptState;
  46:Generated_Source\PSoC5/Tone_C.c ****         #endif /* (!Tone_C_UsingFixedFunction) */
  47:Generated_Source\PSoC5/Tone_C.c ****         
  48:Generated_Source\PSoC5/Tone_C.c ****         #if (Tone_C_UsingFixedFunction)
  49:Generated_Source\PSoC5/Tone_C.c ****             /* Clear all bits but the enable bit (if it's already set for Timer operation */
  50:Generated_Source\PSoC5/Tone_C.c ****             Tone_C_CONTROL &= Tone_C_CTRL_ENABLE;
  51:Generated_Source\PSoC5/Tone_C.c ****             
  52:Generated_Source\PSoC5/Tone_C.c ****             /* Clear the mode bits for continuous run mode */
  53:Generated_Source\PSoC5/Tone_C.c ****             #if (CY_PSOC5A)
  54:Generated_Source\PSoC5/Tone_C.c ****                 Tone_C_CONTROL2 &= ((uint8)(~Tone_C_CTRL_MODE_MASK));
  55:Generated_Source\PSoC5/Tone_C.c ****             #endif /* (CY_PSOC5A) */
  56:Generated_Source\PSoC5/Tone_C.c ****             #if (CY_PSOC3 || CY_PSOC5LP)
  57:Generated_Source\PSoC5/Tone_C.c ****                 Tone_C_CONTROL3 &= ((uint8)(~Tone_C_CTRL_MODE_MASK));                
  58:Generated_Source\PSoC5/Tone_C.c ****             #endif /* (CY_PSOC3 || CY_PSOC5LP) */
  59:Generated_Source\PSoC5/Tone_C.c ****             /* Check if One Shot mode is enabled i.e. RunMode !=0*/
  60:Generated_Source\PSoC5/Tone_C.c ****             #if (Tone_C_RunModeUsed != 0x0u)
  61:Generated_Source\PSoC5/Tone_C.c ****                 /* Set 3rd bit of Control register to enable one shot mode */
  62:Generated_Source\PSoC5/Tone_C.c ****                 Tone_C_CONTROL |= Tone_C_ONESHOT;
  63:Generated_Source\PSoC5/Tone_C.c ****             #endif /* (Tone_C_RunModeUsed != 0x0u) */
  64:Generated_Source\PSoC5/Tone_C.c ****             
  65:Generated_Source\PSoC5/Tone_C.c ****             /* Set the IRQ to use the status register interrupts */
  66:Generated_Source\PSoC5/Tone_C.c ****             Tone_C_CONTROL2 |= Tone_C_CTRL2_IRQ_SEL;
  67:Generated_Source\PSoC5/Tone_C.c ****             
  68:Generated_Source\PSoC5/Tone_C.c ****             /* Clear and Set SYNCTC and SYNCCMP bits of RT1 register */
  69:Generated_Source\PSoC5/Tone_C.c ****             Tone_C_RT1 &= ((uint8)(~Tone_C_RT1_MASK));
  70:Generated_Source\PSoC5/Tone_C.c ****             Tone_C_RT1 |= Tone_C_SYNC;     
  71:Generated_Source\PSoC5/Tone_C.c ****                     
  72:Generated_Source\PSoC5/Tone_C.c ****             /*Enable DSI Sync all all inputs of the Timer*/
  73:Generated_Source\PSoC5/Tone_C.c ****             Tone_C_RT1 &= ((uint8)(~Tone_C_SYNCDSI_MASK));
  74:Generated_Source\PSoC5/Tone_C.c ****             Tone_C_RT1 |= Tone_C_SYNCDSI_EN;
  75:Generated_Source\PSoC5/Tone_C.c **** 
  76:Generated_Source\PSoC5/Tone_C.c ****         #else
  77:Generated_Source\PSoC5/Tone_C.c ****             #if(!Tone_C_ControlRegRemoved)
  78:Generated_Source\PSoC5/Tone_C.c ****             /* Set the default compare mode defined in the parameter */
  79:Generated_Source\PSoC5/Tone_C.c ****             ctrl = Tone_C_CONTROL & ((uint8)(~Tone_C_CTRL_CMPMODE_MASK));
  80:Generated_Source\PSoC5/Tone_C.c ****             Tone_C_CONTROL = ctrl | Tone_C_DEFAULT_COMPARE_MODE;
  81:Generated_Source\PSoC5/Tone_C.c ****             
  82:Generated_Source\PSoC5/Tone_C.c ****             /* Set the default capture mode defined in the parameter */
  83:Generated_Source\PSoC5/Tone_C.c ****             ctrl = Tone_C_CONTROL & ((uint8)(~Tone_C_CTRL_CAPMODE_MASK));
  84:Generated_Source\PSoC5/Tone_C.c ****             
  85:Generated_Source\PSoC5/Tone_C.c ****             #if( 0 != Tone_C_CAPTURE_MODE_CONF)
  86:Generated_Source\PSoC5/Tone_C.c ****                 Tone_C_CONTROL = ctrl | Tone_C_DEFAULT_CAPTURE_MODE;
  87:Generated_Source\PSoC5/Tone_C.c ****             #else
ARM GAS  C:\Users\HENRIC~1\AppData\Local\Temp\ccPJs0uC.s 			page 3


  88:Generated_Source\PSoC5/Tone_C.c ****                 Tone_C_CONTROL = ctrl;
  89:Generated_Source\PSoC5/Tone_C.c ****             #endif /* 0 != Tone_C_CAPTURE_MODE */ 
  90:Generated_Source\PSoC5/Tone_C.c ****             
  91:Generated_Source\PSoC5/Tone_C.c ****             #endif /* (!Tone_C_ControlRegRemoved) */
  92:Generated_Source\PSoC5/Tone_C.c ****         #endif /* (Tone_C_UsingFixedFunction) */
  93:Generated_Source\PSoC5/Tone_C.c ****         
  94:Generated_Source\PSoC5/Tone_C.c ****         /* Clear all data in the FIFO's */
  95:Generated_Source\PSoC5/Tone_C.c ****         #if (!Tone_C_UsingFixedFunction)
  96:Generated_Source\PSoC5/Tone_C.c ****             Tone_C_ClearFIFO();
  97:Generated_Source\PSoC5/Tone_C.c ****         #endif /* (!Tone_C_UsingFixedFunction) */
  98:Generated_Source\PSoC5/Tone_C.c ****         
  99:Generated_Source\PSoC5/Tone_C.c ****         /* Set Initial values from Configuration */
 100:Generated_Source\PSoC5/Tone_C.c ****         Tone_C_WritePeriod(Tone_C_INIT_PERIOD_VALUE);
 101:Generated_Source\PSoC5/Tone_C.c ****         #if (!(Tone_C_UsingFixedFunction && (CY_PSOC5A)))
 102:Generated_Source\PSoC5/Tone_C.c ****             Tone_C_WriteCounter(Tone_C_INIT_COUNTER_VALUE);
 103:Generated_Source\PSoC5/Tone_C.c ****         #endif /* (!(Tone_C_UsingFixedFunction && (CY_PSOC5A))) */
 104:Generated_Source\PSoC5/Tone_C.c ****         Tone_C_SetInterruptMode(Tone_C_INIT_INTERRUPTS_MASK);
 105:Generated_Source\PSoC5/Tone_C.c ****         
 106:Generated_Source\PSoC5/Tone_C.c ****         #if (!Tone_C_UsingFixedFunction)
 107:Generated_Source\PSoC5/Tone_C.c ****             /* Read the status register to clear the unwanted interrupts */
 108:Generated_Source\PSoC5/Tone_C.c ****             (void)Tone_C_ReadStatusRegister();
 109:Generated_Source\PSoC5/Tone_C.c ****             /* Set the compare value (only available to non-fixed function implementation */
 110:Generated_Source\PSoC5/Tone_C.c ****             Tone_C_WriteCompare(Tone_C_INIT_COMPARE_VALUE);
 111:Generated_Source\PSoC5/Tone_C.c ****             /* Use the interrupt output of the status register for IRQ output */
 112:Generated_Source\PSoC5/Tone_C.c ****             
 113:Generated_Source\PSoC5/Tone_C.c ****             /* CyEnterCriticalRegion and CyExitCriticalRegion are used to mark following region cri
 114:Generated_Source\PSoC5/Tone_C.c ****             /* Enter Critical Region*/
 115:Generated_Source\PSoC5/Tone_C.c ****             Tone_C_interruptState = CyEnterCriticalSection();
 116:Generated_Source\PSoC5/Tone_C.c ****             
 117:Generated_Source\PSoC5/Tone_C.c ****             Tone_C_STATUS_AUX_CTRL |= Tone_C_STATUS_ACTL_INT_EN_MASK;
 118:Generated_Source\PSoC5/Tone_C.c ****             
 119:Generated_Source\PSoC5/Tone_C.c ****             /* Exit Critical Region*/
 120:Generated_Source\PSoC5/Tone_C.c ****             CyExitCriticalSection(Tone_C_interruptState);
 121:Generated_Source\PSoC5/Tone_C.c ****             
 122:Generated_Source\PSoC5/Tone_C.c ****         #endif /* (!Tone_C_UsingFixedFunction) */
 123:Generated_Source\PSoC5/Tone_C.c **** }
 124:Generated_Source\PSoC5/Tone_C.c **** 
 125:Generated_Source\PSoC5/Tone_C.c **** 
 126:Generated_Source\PSoC5/Tone_C.c **** /*******************************************************************************
 127:Generated_Source\PSoC5/Tone_C.c **** * Function Name: Tone_C_Enable
 128:Generated_Source\PSoC5/Tone_C.c **** ********************************************************************************
 129:Generated_Source\PSoC5/Tone_C.c **** * Summary:
 130:Generated_Source\PSoC5/Tone_C.c **** *     Enable the Counter
 131:Generated_Source\PSoC5/Tone_C.c **** * 
 132:Generated_Source\PSoC5/Tone_C.c **** * Parameters:  
 133:Generated_Source\PSoC5/Tone_C.c **** *  void  
 134:Generated_Source\PSoC5/Tone_C.c **** *
 135:Generated_Source\PSoC5/Tone_C.c **** * Return: 
 136:Generated_Source\PSoC5/Tone_C.c **** *  void
 137:Generated_Source\PSoC5/Tone_C.c **** *
 138:Generated_Source\PSoC5/Tone_C.c **** * Side Effects: 
 139:Generated_Source\PSoC5/Tone_C.c **** *   If the Enable mode is set to Hardware only then this function has no effect 
 140:Generated_Source\PSoC5/Tone_C.c **** *   on the operation of the counter.
 141:Generated_Source\PSoC5/Tone_C.c **** *
 142:Generated_Source\PSoC5/Tone_C.c **** *******************************************************************************/
 143:Generated_Source\PSoC5/Tone_C.c **** void Tone_C_Enable(void) 
 144:Generated_Source\PSoC5/Tone_C.c **** {
ARM GAS  C:\Users\HENRIC~1\AppData\Local\Temp\ccPJs0uC.s 			page 4


  28              		.loc 1 144 0
  29              		.cfi_startproc
  30              		@ args = 0, pretend = 0, frame = 0
  31              		@ frame_needed = 0, uses_anonymous_args = 0
  32              		@ link register save eliminated.
 145:Generated_Source\PSoC5/Tone_C.c ****     /* Globally Enable the Fixed Function Block chosen */
 146:Generated_Source\PSoC5/Tone_C.c ****     #if (Tone_C_UsingFixedFunction)
 147:Generated_Source\PSoC5/Tone_C.c ****         Tone_C_GLOBAL_ENABLE |= Tone_C_BLOCK_EN_MASK;
 148:Generated_Source\PSoC5/Tone_C.c ****         Tone_C_GLOBAL_STBY_ENABLE |= Tone_C_BLOCK_STBY_EN_MASK;
 149:Generated_Source\PSoC5/Tone_C.c ****     #endif /* (Tone_C_UsingFixedFunction) */  
 150:Generated_Source\PSoC5/Tone_C.c ****         
 151:Generated_Source\PSoC5/Tone_C.c ****     /* Enable the counter from the control register  */
 152:Generated_Source\PSoC5/Tone_C.c ****     /* If Fixed Function then make sure Mode is set correctly */
 153:Generated_Source\PSoC5/Tone_C.c ****     /* else make sure reset is clear */
 154:Generated_Source\PSoC5/Tone_C.c ****     #if(!Tone_C_ControlRegRemoved || Tone_C_UsingFixedFunction)
 155:Generated_Source\PSoC5/Tone_C.c ****         Tone_C_CONTROL |= Tone_C_CTRL_ENABLE;                
  33              		.loc 1 155 0
  34 0000 024A     		ldr	r2, .L2
  35 0002 1378     		ldrb	r3, [r2]	@ zero_extendqisi2
  36 0004 43F08003 		orr	r3, r3, #128
  37 0008 1370     		strb	r3, [r2]
  38 000a 7047     		bx	lr
  39              	.L3:
  40              		.align	2
  41              	.L2:
  42 000c 7A650040 		.word	1073767802
  43              		.cfi_endproc
  44              	.LFE1:
  45              		.size	Tone_C_Enable, .-Tone_C_Enable
  46              		.section	.text.Tone_C_Stop,"ax",%progbits
  47              		.align	2
  48              		.global	Tone_C_Stop
  49              		.thumb
  50              		.thumb_func
  51              		.type	Tone_C_Stop, %function
  52              	Tone_C_Stop:
  53              	.LFB3:
 156:Generated_Source\PSoC5/Tone_C.c ****     #endif /* (!Tone_C_ControlRegRemoved || Tone_C_UsingFixedFunction) */
 157:Generated_Source\PSoC5/Tone_C.c ****     
 158:Generated_Source\PSoC5/Tone_C.c **** }
 159:Generated_Source\PSoC5/Tone_C.c **** 
 160:Generated_Source\PSoC5/Tone_C.c **** 
 161:Generated_Source\PSoC5/Tone_C.c **** /*******************************************************************************
 162:Generated_Source\PSoC5/Tone_C.c **** * Function Name: Tone_C_Start
 163:Generated_Source\PSoC5/Tone_C.c **** ********************************************************************************
 164:Generated_Source\PSoC5/Tone_C.c **** * Summary:
 165:Generated_Source\PSoC5/Tone_C.c **** *  Enables the counter for operation 
 166:Generated_Source\PSoC5/Tone_C.c **** *
 167:Generated_Source\PSoC5/Tone_C.c **** * Parameters:  
 168:Generated_Source\PSoC5/Tone_C.c **** *  void  
 169:Generated_Source\PSoC5/Tone_C.c **** *
 170:Generated_Source\PSoC5/Tone_C.c **** * Return: 
 171:Generated_Source\PSoC5/Tone_C.c **** *  void
 172:Generated_Source\PSoC5/Tone_C.c **** *
 173:Generated_Source\PSoC5/Tone_C.c **** * Global variables:
 174:Generated_Source\PSoC5/Tone_C.c **** *  Tone_C_initVar: Is modified when this function is called for the  
 175:Generated_Source\PSoC5/Tone_C.c **** *   first time. Is used to ensure that initialization happens only once.
ARM GAS  C:\Users\HENRIC~1\AppData\Local\Temp\ccPJs0uC.s 			page 5


 176:Generated_Source\PSoC5/Tone_C.c **** *
 177:Generated_Source\PSoC5/Tone_C.c **** *******************************************************************************/
 178:Generated_Source\PSoC5/Tone_C.c **** void Tone_C_Start(void) 
 179:Generated_Source\PSoC5/Tone_C.c **** {
 180:Generated_Source\PSoC5/Tone_C.c ****     if(Tone_C_initVar == 0u)
 181:Generated_Source\PSoC5/Tone_C.c ****     {
 182:Generated_Source\PSoC5/Tone_C.c ****         Tone_C_Init();
 183:Generated_Source\PSoC5/Tone_C.c ****         
 184:Generated_Source\PSoC5/Tone_C.c ****         Tone_C_initVar = 1u; /* Clear this bit for Initialization */        
 185:Generated_Source\PSoC5/Tone_C.c ****     }
 186:Generated_Source\PSoC5/Tone_C.c ****     
 187:Generated_Source\PSoC5/Tone_C.c ****     /* Enable the Counter */
 188:Generated_Source\PSoC5/Tone_C.c ****     Tone_C_Enable();        
 189:Generated_Source\PSoC5/Tone_C.c **** }
 190:Generated_Source\PSoC5/Tone_C.c **** 
 191:Generated_Source\PSoC5/Tone_C.c **** 
 192:Generated_Source\PSoC5/Tone_C.c **** /*******************************************************************************
 193:Generated_Source\PSoC5/Tone_C.c **** * Function Name: Tone_C_Stop
 194:Generated_Source\PSoC5/Tone_C.c **** ********************************************************************************
 195:Generated_Source\PSoC5/Tone_C.c **** * Summary:
 196:Generated_Source\PSoC5/Tone_C.c **** * Halts the counter, but does not change any modes or disable interrupts.
 197:Generated_Source\PSoC5/Tone_C.c **** *
 198:Generated_Source\PSoC5/Tone_C.c **** * Parameters:  
 199:Generated_Source\PSoC5/Tone_C.c **** *  void  
 200:Generated_Source\PSoC5/Tone_C.c **** *
 201:Generated_Source\PSoC5/Tone_C.c **** * Return: 
 202:Generated_Source\PSoC5/Tone_C.c **** *  void
 203:Generated_Source\PSoC5/Tone_C.c **** *
 204:Generated_Source\PSoC5/Tone_C.c **** * Side Effects: If the Enable mode is set to Hardware only then this function
 205:Generated_Source\PSoC5/Tone_C.c **** *               has no effect on the operation of the counter.
 206:Generated_Source\PSoC5/Tone_C.c **** *
 207:Generated_Source\PSoC5/Tone_C.c **** *******************************************************************************/
 208:Generated_Source\PSoC5/Tone_C.c **** void Tone_C_Stop(void) 
 209:Generated_Source\PSoC5/Tone_C.c **** {
  54              		.loc 1 209 0
  55              		.cfi_startproc
  56              		@ args = 0, pretend = 0, frame = 0
  57              		@ frame_needed = 0, uses_anonymous_args = 0
  58              		@ link register save eliminated.
 210:Generated_Source\PSoC5/Tone_C.c ****     /* Disable Counter */
 211:Generated_Source\PSoC5/Tone_C.c ****     #if(!Tone_C_ControlRegRemoved || Tone_C_UsingFixedFunction)
 212:Generated_Source\PSoC5/Tone_C.c ****         Tone_C_CONTROL &= ((uint8)(~Tone_C_CTRL_ENABLE));        
  59              		.loc 1 212 0
  60 0000 024A     		ldr	r2, .L5
  61 0002 1378     		ldrb	r3, [r2]	@ zero_extendqisi2
  62 0004 03F07F03 		and	r3, r3, #127
  63 0008 1370     		strb	r3, [r2]
  64 000a 7047     		bx	lr
  65              	.L6:
  66              		.align	2
  67              	.L5:
  68 000c 7A650040 		.word	1073767802
  69              		.cfi_endproc
  70              	.LFE3:
  71              		.size	Tone_C_Stop, .-Tone_C_Stop
  72              		.section	.text.Tone_C_SetInterruptMode,"ax",%progbits
  73              		.align	2
ARM GAS  C:\Users\HENRIC~1\AppData\Local\Temp\ccPJs0uC.s 			page 6


  74              		.global	Tone_C_SetInterruptMode
  75              		.thumb
  76              		.thumb_func
  77              		.type	Tone_C_SetInterruptMode, %function
  78              	Tone_C_SetInterruptMode:
  79              	.LFB4:
 213:Generated_Source\PSoC5/Tone_C.c ****     #endif /* (!Tone_C_ControlRegRemoved || Tone_C_UsingFixedFunction) */
 214:Generated_Source\PSoC5/Tone_C.c ****     
 215:Generated_Source\PSoC5/Tone_C.c ****     /* Globally disable the Fixed Function Block chosen */
 216:Generated_Source\PSoC5/Tone_C.c ****     #if (Tone_C_UsingFixedFunction)
 217:Generated_Source\PSoC5/Tone_C.c ****         Tone_C_GLOBAL_ENABLE &= ((uint8)(~Tone_C_BLOCK_EN_MASK));
 218:Generated_Source\PSoC5/Tone_C.c ****         Tone_C_GLOBAL_STBY_ENABLE &= ((uint8)(~Tone_C_BLOCK_STBY_EN_MASK));
 219:Generated_Source\PSoC5/Tone_C.c ****     #endif /* (Tone_C_UsingFixedFunction) */
 220:Generated_Source\PSoC5/Tone_C.c **** }
 221:Generated_Source\PSoC5/Tone_C.c **** 
 222:Generated_Source\PSoC5/Tone_C.c **** 
 223:Generated_Source\PSoC5/Tone_C.c **** /*******************************************************************************
 224:Generated_Source\PSoC5/Tone_C.c **** * Function Name: Tone_C_SetInterruptMode
 225:Generated_Source\PSoC5/Tone_C.c **** ********************************************************************************
 226:Generated_Source\PSoC5/Tone_C.c **** * Summary:
 227:Generated_Source\PSoC5/Tone_C.c **** * Configures which interrupt sources are enabled to generate the final interrupt
 228:Generated_Source\PSoC5/Tone_C.c **** *
 229:Generated_Source\PSoC5/Tone_C.c **** * Parameters:  
 230:Generated_Source\PSoC5/Tone_C.c **** *  InterruptsMask: This parameter is an or'd collection of the status bits
 231:Generated_Source\PSoC5/Tone_C.c **** *                   which will be allowed to generate the counters interrupt.   
 232:Generated_Source\PSoC5/Tone_C.c **** *
 233:Generated_Source\PSoC5/Tone_C.c **** * Return: 
 234:Generated_Source\PSoC5/Tone_C.c **** *  void
 235:Generated_Source\PSoC5/Tone_C.c **** *
 236:Generated_Source\PSoC5/Tone_C.c **** *******************************************************************************/
 237:Generated_Source\PSoC5/Tone_C.c **** void Tone_C_SetInterruptMode(uint8 interruptsMask) 
 238:Generated_Source\PSoC5/Tone_C.c **** {
  80              		.loc 1 238 0
  81              		.cfi_startproc
  82              		@ args = 0, pretend = 0, frame = 0
  83              		@ frame_needed = 0, uses_anonymous_args = 0
  84              		@ link register save eliminated.
  85              	.LVL0:
 239:Generated_Source\PSoC5/Tone_C.c ****     Tone_C_STATUS_MASK = interruptsMask;
  86              		.loc 1 239 0
  87 0000 014B     		ldr	r3, .L8
  88 0002 1870     		strb	r0, [r3]
  89 0004 7047     		bx	lr
  90              	.L9:
  91 0006 00BF     		.align	2
  92              	.L8:
  93 0008 8B650040 		.word	1073767819
  94              		.cfi_endproc
  95              	.LFE4:
  96              		.size	Tone_C_SetInterruptMode, .-Tone_C_SetInterruptMode
  97              		.section	.text.Tone_C_ReadStatusRegister,"ax",%progbits
  98              		.align	2
  99              		.global	Tone_C_ReadStatusRegister
 100              		.thumb
 101              		.thumb_func
 102              		.type	Tone_C_ReadStatusRegister, %function
 103              	Tone_C_ReadStatusRegister:
ARM GAS  C:\Users\HENRIC~1\AppData\Local\Temp\ccPJs0uC.s 			page 7


 104              	.LFB5:
 240:Generated_Source\PSoC5/Tone_C.c **** }
 241:Generated_Source\PSoC5/Tone_C.c **** 
 242:Generated_Source\PSoC5/Tone_C.c **** 
 243:Generated_Source\PSoC5/Tone_C.c **** /*******************************************************************************
 244:Generated_Source\PSoC5/Tone_C.c **** * Function Name: Tone_C_ReadStatusRegister
 245:Generated_Source\PSoC5/Tone_C.c **** ********************************************************************************
 246:Generated_Source\PSoC5/Tone_C.c **** * Summary:
 247:Generated_Source\PSoC5/Tone_C.c **** *   Reads the status register and returns it's state. This function should use
 248:Generated_Source\PSoC5/Tone_C.c **** *       defined types for the bit-field information as the bits in this
 249:Generated_Source\PSoC5/Tone_C.c **** *       register may be permuteable.
 250:Generated_Source\PSoC5/Tone_C.c **** *
 251:Generated_Source\PSoC5/Tone_C.c **** * Parameters:  
 252:Generated_Source\PSoC5/Tone_C.c **** *  void
 253:Generated_Source\PSoC5/Tone_C.c **** *
 254:Generated_Source\PSoC5/Tone_C.c **** * Return: 
 255:Generated_Source\PSoC5/Tone_C.c **** *  (uint8) The contents of the status register
 256:Generated_Source\PSoC5/Tone_C.c **** *
 257:Generated_Source\PSoC5/Tone_C.c **** * Side Effects:
 258:Generated_Source\PSoC5/Tone_C.c **** *   Status register bits may be clear on read. 
 259:Generated_Source\PSoC5/Tone_C.c **** *
 260:Generated_Source\PSoC5/Tone_C.c **** *******************************************************************************/
 261:Generated_Source\PSoC5/Tone_C.c **** uint8   Tone_C_ReadStatusRegister(void) 
 262:Generated_Source\PSoC5/Tone_C.c **** {
 105              		.loc 1 262 0
 106              		.cfi_startproc
 107              		@ args = 0, pretend = 0, frame = 0
 108              		@ frame_needed = 0, uses_anonymous_args = 0
 109              		@ link register save eliminated.
 263:Generated_Source\PSoC5/Tone_C.c ****     return Tone_C_STATUS;
 110              		.loc 1 263 0
 111 0000 014B     		ldr	r3, .L11
 112 0002 1878     		ldrb	r0, [r3]	@ zero_extendqisi2
 264:Generated_Source\PSoC5/Tone_C.c **** }
 113              		.loc 1 264 0
 114 0004 7047     		bx	lr
 115              	.L12:
 116 0006 00BF     		.align	2
 117              	.L11:
 118 0008 6B650040 		.word	1073767787
 119              		.cfi_endproc
 120              	.LFE5:
 121              		.size	Tone_C_ReadStatusRegister, .-Tone_C_ReadStatusRegister
 122              		.section	.text.Tone_C_ReadControlRegister,"ax",%progbits
 123              		.align	2
 124              		.global	Tone_C_ReadControlRegister
 125              		.thumb
 126              		.thumb_func
 127              		.type	Tone_C_ReadControlRegister, %function
 128              	Tone_C_ReadControlRegister:
 129              	.LFB6:
 265:Generated_Source\PSoC5/Tone_C.c **** 
 266:Generated_Source\PSoC5/Tone_C.c **** 
 267:Generated_Source\PSoC5/Tone_C.c **** #if(!Tone_C_ControlRegRemoved)
 268:Generated_Source\PSoC5/Tone_C.c **** /*******************************************************************************
 269:Generated_Source\PSoC5/Tone_C.c **** * Function Name: Tone_C_ReadControlRegister
 270:Generated_Source\PSoC5/Tone_C.c **** ********************************************************************************
ARM GAS  C:\Users\HENRIC~1\AppData\Local\Temp\ccPJs0uC.s 			page 8


 271:Generated_Source\PSoC5/Tone_C.c **** * Summary:
 272:Generated_Source\PSoC5/Tone_C.c **** *   Reads the control register and returns it's state. This function should use
 273:Generated_Source\PSoC5/Tone_C.c **** *       defined types for the bit-field information as the bits in this
 274:Generated_Source\PSoC5/Tone_C.c **** *       register may be permuteable.
 275:Generated_Source\PSoC5/Tone_C.c **** *
 276:Generated_Source\PSoC5/Tone_C.c **** * Parameters:  
 277:Generated_Source\PSoC5/Tone_C.c **** *  void
 278:Generated_Source\PSoC5/Tone_C.c **** *
 279:Generated_Source\PSoC5/Tone_C.c **** * Return: 
 280:Generated_Source\PSoC5/Tone_C.c **** *  (uint8) The contents of the control register
 281:Generated_Source\PSoC5/Tone_C.c **** *
 282:Generated_Source\PSoC5/Tone_C.c **** *******************************************************************************/
 283:Generated_Source\PSoC5/Tone_C.c **** uint8   Tone_C_ReadControlRegister(void) 
 284:Generated_Source\PSoC5/Tone_C.c **** {
 130              		.loc 1 284 0
 131              		.cfi_startproc
 132              		@ args = 0, pretend = 0, frame = 0
 133              		@ frame_needed = 0, uses_anonymous_args = 0
 134              		@ link register save eliminated.
 285:Generated_Source\PSoC5/Tone_C.c ****     return Tone_C_CONTROL;
 135              		.loc 1 285 0
 136 0000 014B     		ldr	r3, .L14
 137 0002 1878     		ldrb	r0, [r3]	@ zero_extendqisi2
 286:Generated_Source\PSoC5/Tone_C.c **** }
 138              		.loc 1 286 0
 139 0004 7047     		bx	lr
 140              	.L15:
 141 0006 00BF     		.align	2
 142              	.L14:
 143 0008 7A650040 		.word	1073767802
 144              		.cfi_endproc
 145              	.LFE6:
 146              		.size	Tone_C_ReadControlRegister, .-Tone_C_ReadControlRegister
 147              		.section	.text.Tone_C_WriteControlRegister,"ax",%progbits
 148              		.align	2
 149              		.global	Tone_C_WriteControlRegister
 150              		.thumb
 151              		.thumb_func
 152              		.type	Tone_C_WriteControlRegister, %function
 153              	Tone_C_WriteControlRegister:
 154              	.LFB7:
 287:Generated_Source\PSoC5/Tone_C.c **** 
 288:Generated_Source\PSoC5/Tone_C.c **** 
 289:Generated_Source\PSoC5/Tone_C.c **** /*******************************************************************************
 290:Generated_Source\PSoC5/Tone_C.c **** * Function Name: Tone_C_WriteControlRegister
 291:Generated_Source\PSoC5/Tone_C.c **** ********************************************************************************
 292:Generated_Source\PSoC5/Tone_C.c **** * Summary:
 293:Generated_Source\PSoC5/Tone_C.c **** *   Sets the bit-field of the control register.  This function should use
 294:Generated_Source\PSoC5/Tone_C.c **** *       defined types for the bit-field information as the bits in this
 295:Generated_Source\PSoC5/Tone_C.c **** *       register may be permuteable.
 296:Generated_Source\PSoC5/Tone_C.c **** *
 297:Generated_Source\PSoC5/Tone_C.c **** * Parameters:  
 298:Generated_Source\PSoC5/Tone_C.c **** *  void
 299:Generated_Source\PSoC5/Tone_C.c **** *
 300:Generated_Source\PSoC5/Tone_C.c **** * Return: 
 301:Generated_Source\PSoC5/Tone_C.c **** *  (uint8) The contents of the control register
 302:Generated_Source\PSoC5/Tone_C.c **** *
ARM GAS  C:\Users\HENRIC~1\AppData\Local\Temp\ccPJs0uC.s 			page 9


 303:Generated_Source\PSoC5/Tone_C.c **** *******************************************************************************/
 304:Generated_Source\PSoC5/Tone_C.c **** void    Tone_C_WriteControlRegister(uint8 control) 
 305:Generated_Source\PSoC5/Tone_C.c **** {
 155              		.loc 1 305 0
 156              		.cfi_startproc
 157              		@ args = 0, pretend = 0, frame = 0
 158              		@ frame_needed = 0, uses_anonymous_args = 0
 159              		@ link register save eliminated.
 160              	.LVL1:
 306:Generated_Source\PSoC5/Tone_C.c ****     Tone_C_CONTROL = control;
 161              		.loc 1 306 0
 162 0000 014B     		ldr	r3, .L17
 163 0002 1870     		strb	r0, [r3]
 164 0004 7047     		bx	lr
 165              	.L18:
 166 0006 00BF     		.align	2
 167              	.L17:
 168 0008 7A650040 		.word	1073767802
 169              		.cfi_endproc
 170              	.LFE7:
 171              		.size	Tone_C_WriteControlRegister, .-Tone_C_WriteControlRegister
 172              		.section	.text.Tone_C_WriteCounter,"ax",%progbits
 173              		.align	2
 174              		.global	Tone_C_WriteCounter
 175              		.thumb
 176              		.thumb_func
 177              		.type	Tone_C_WriteCounter, %function
 178              	Tone_C_WriteCounter:
 179              	.LFB8:
 307:Generated_Source\PSoC5/Tone_C.c **** }
 308:Generated_Source\PSoC5/Tone_C.c **** 
 309:Generated_Source\PSoC5/Tone_C.c **** #endif  /* (!Tone_C_ControlRegRemoved) */
 310:Generated_Source\PSoC5/Tone_C.c **** 
 311:Generated_Source\PSoC5/Tone_C.c **** 
 312:Generated_Source\PSoC5/Tone_C.c **** #if (!(Tone_C_UsingFixedFunction && (CY_PSOC5A)))
 313:Generated_Source\PSoC5/Tone_C.c **** /*******************************************************************************
 314:Generated_Source\PSoC5/Tone_C.c **** * Function Name: Tone_C_WriteCounter
 315:Generated_Source\PSoC5/Tone_C.c **** ********************************************************************************
 316:Generated_Source\PSoC5/Tone_C.c **** * Summary:
 317:Generated_Source\PSoC5/Tone_C.c **** *   This funtion is used to set the counter to a specific value
 318:Generated_Source\PSoC5/Tone_C.c **** *
 319:Generated_Source\PSoC5/Tone_C.c **** * Parameters:  
 320:Generated_Source\PSoC5/Tone_C.c **** *  counter:  New counter value. 
 321:Generated_Source\PSoC5/Tone_C.c **** *
 322:Generated_Source\PSoC5/Tone_C.c **** * Return: 
 323:Generated_Source\PSoC5/Tone_C.c **** *  void 
 324:Generated_Source\PSoC5/Tone_C.c **** *
 325:Generated_Source\PSoC5/Tone_C.c **** *******************************************************************************/
 326:Generated_Source\PSoC5/Tone_C.c **** void Tone_C_WriteCounter(uint16 counter) \
 327:Generated_Source\PSoC5/Tone_C.c ****                                    
 328:Generated_Source\PSoC5/Tone_C.c **** {
 180              		.loc 1 328 0
 181              		.cfi_startproc
 182              		@ args = 0, pretend = 0, frame = 0
 183              		@ frame_needed = 0, uses_anonymous_args = 0
 184              		@ link register save eliminated.
 185              	.LVL2:
ARM GAS  C:\Users\HENRIC~1\AppData\Local\Temp\ccPJs0uC.s 			page 10


 329:Generated_Source\PSoC5/Tone_C.c ****     #if(Tone_C_UsingFixedFunction)
 330:Generated_Source\PSoC5/Tone_C.c ****         /* assert if block is already enabled */
 331:Generated_Source\PSoC5/Tone_C.c ****         CYASSERT (0u == (Tone_C_GLOBAL_ENABLE & Tone_C_BLOCK_EN_MASK));
 332:Generated_Source\PSoC5/Tone_C.c ****         /* If block is disabled, enable it and then write the counter */
 333:Generated_Source\PSoC5/Tone_C.c ****         Tone_C_GLOBAL_ENABLE |= Tone_C_BLOCK_EN_MASK;
 334:Generated_Source\PSoC5/Tone_C.c ****         CY_SET_REG16(Tone_C_COUNTER_LSB_PTR, (uint16)counter);
 335:Generated_Source\PSoC5/Tone_C.c ****         Tone_C_GLOBAL_ENABLE &= ((uint8)(~Tone_C_BLOCK_EN_MASK));
 336:Generated_Source\PSoC5/Tone_C.c ****     #else
 337:Generated_Source\PSoC5/Tone_C.c ****         CY_SET_REG16(Tone_C_COUNTER_LSB_PTR, counter);
 186              		.loc 1 337 0
 187 0000 014B     		ldr	r3, .L20
 188 0002 1880     		strh	r0, [r3]	@ movhi
 189 0004 7047     		bx	lr
 190              	.L21:
 191 0006 00BF     		.align	2
 192              	.L20:
 193 0008 146A0040 		.word	1073768980
 194              		.cfi_endproc
 195              	.LFE8:
 196              		.size	Tone_C_WriteCounter, .-Tone_C_WriteCounter
 197              		.section	.text.Tone_C_ReadCounter,"ax",%progbits
 198              		.align	2
 199              		.global	Tone_C_ReadCounter
 200              		.thumb
 201              		.thumb_func
 202              		.type	Tone_C_ReadCounter, %function
 203              	Tone_C_ReadCounter:
 204              	.LFB9:
 338:Generated_Source\PSoC5/Tone_C.c ****     #endif /* (Tone_C_UsingFixedFunction) */
 339:Generated_Source\PSoC5/Tone_C.c **** }
 340:Generated_Source\PSoC5/Tone_C.c **** #endif /* (!(Tone_C_UsingFixedFunction && (CY_PSOC5A))) */
 341:Generated_Source\PSoC5/Tone_C.c **** 
 342:Generated_Source\PSoC5/Tone_C.c **** 
 343:Generated_Source\PSoC5/Tone_C.c **** /*******************************************************************************
 344:Generated_Source\PSoC5/Tone_C.c **** * Function Name: Tone_C_ReadCounter
 345:Generated_Source\PSoC5/Tone_C.c **** ********************************************************************************
 346:Generated_Source\PSoC5/Tone_C.c **** * Summary:
 347:Generated_Source\PSoC5/Tone_C.c **** * Returns the current value of the counter.  It doesn't matter
 348:Generated_Source\PSoC5/Tone_C.c **** * if the counter is enabled or running.
 349:Generated_Source\PSoC5/Tone_C.c **** *
 350:Generated_Source\PSoC5/Tone_C.c **** * Parameters:  
 351:Generated_Source\PSoC5/Tone_C.c **** *  void:  
 352:Generated_Source\PSoC5/Tone_C.c **** *
 353:Generated_Source\PSoC5/Tone_C.c **** * Return: 
 354:Generated_Source\PSoC5/Tone_C.c **** *  (uint16) The present value of the counter.
 355:Generated_Source\PSoC5/Tone_C.c **** *
 356:Generated_Source\PSoC5/Tone_C.c **** *******************************************************************************/
 357:Generated_Source\PSoC5/Tone_C.c **** uint16 Tone_C_ReadCounter(void) 
 358:Generated_Source\PSoC5/Tone_C.c **** {
 205              		.loc 1 358 0
 206              		.cfi_startproc
 207              		@ args = 0, pretend = 0, frame = 0
 208              		@ frame_needed = 0, uses_anonymous_args = 0
 209              		@ link register save eliminated.
 359:Generated_Source\PSoC5/Tone_C.c ****     /* Force capture by reading Accumulator */
 360:Generated_Source\PSoC5/Tone_C.c ****     /* Must first do a software capture to be able to read the counter */
 361:Generated_Source\PSoC5/Tone_C.c ****     /* It is up to the user code to make sure there isn't already captured data in the FIFO */
ARM GAS  C:\Users\HENRIC~1\AppData\Local\Temp\ccPJs0uC.s 			page 11


 362:Generated_Source\PSoC5/Tone_C.c ****     #if(Tone_C_UsingFixedFunction)
 363:Generated_Source\PSoC5/Tone_C.c **** 		(void)CY_GET_REG16(Tone_C_COUNTER_LSB_PTR);
 364:Generated_Source\PSoC5/Tone_C.c **** 	#else
 365:Generated_Source\PSoC5/Tone_C.c **** 		(void)CY_GET_REG8(Tone_C_COUNTER_LSB_PTR_8BIT);
 210              		.loc 1 365 0
 211 0000 024B     		ldr	r3, .L23
 212 0002 1B78     		ldrb	r3, [r3]	@ zero_extendqisi2
 366:Generated_Source\PSoC5/Tone_C.c **** 	#endif/* (Tone_C_UsingFixedFunction) */
 367:Generated_Source\PSoC5/Tone_C.c ****     
 368:Generated_Source\PSoC5/Tone_C.c ****     /* Read the data from the FIFO (or capture register for Fixed Function)*/
 369:Generated_Source\PSoC5/Tone_C.c ****     #if(Tone_C_UsingFixedFunction)
 370:Generated_Source\PSoC5/Tone_C.c ****         return ((uint16)CY_GET_REG16(Tone_C_STATICCOUNT_LSB_PTR));
 371:Generated_Source\PSoC5/Tone_C.c ****     #else
 372:Generated_Source\PSoC5/Tone_C.c ****         return (CY_GET_REG16(Tone_C_STATICCOUNT_LSB_PTR));
 213              		.loc 1 372 0
 214 0004 024B     		ldr	r3, .L23+4
 215 0006 1888     		ldrh	r0, [r3]
 373:Generated_Source\PSoC5/Tone_C.c ****     #endif /* (Tone_C_UsingFixedFunction) */
 374:Generated_Source\PSoC5/Tone_C.c **** }
 216              		.loc 1 374 0
 217 0008 80B2     		uxth	r0, r0
 218 000a 7047     		bx	lr
 219              	.L24:
 220              		.align	2
 221              	.L23:
 222 000c 0A650040 		.word	1073767690
 223 0010 946A0040 		.word	1073769108
 224              		.cfi_endproc
 225              	.LFE9:
 226              		.size	Tone_C_ReadCounter, .-Tone_C_ReadCounter
 227              		.section	.text.Tone_C_ReadCapture,"ax",%progbits
 228              		.align	2
 229              		.global	Tone_C_ReadCapture
 230              		.thumb
 231              		.thumb_func
 232              		.type	Tone_C_ReadCapture, %function
 233              	Tone_C_ReadCapture:
 234              	.LFB10:
 375:Generated_Source\PSoC5/Tone_C.c **** 
 376:Generated_Source\PSoC5/Tone_C.c **** 
 377:Generated_Source\PSoC5/Tone_C.c **** /*******************************************************************************
 378:Generated_Source\PSoC5/Tone_C.c **** * Function Name: Tone_C_ReadCapture
 379:Generated_Source\PSoC5/Tone_C.c **** ********************************************************************************
 380:Generated_Source\PSoC5/Tone_C.c **** * Summary:
 381:Generated_Source\PSoC5/Tone_C.c **** *   This function returns the last value captured.
 382:Generated_Source\PSoC5/Tone_C.c **** *
 383:Generated_Source\PSoC5/Tone_C.c **** * Parameters:  
 384:Generated_Source\PSoC5/Tone_C.c **** *  void
 385:Generated_Source\PSoC5/Tone_C.c **** *
 386:Generated_Source\PSoC5/Tone_C.c **** * Return: 
 387:Generated_Source\PSoC5/Tone_C.c **** *  (uint16) Present Capture value.
 388:Generated_Source\PSoC5/Tone_C.c **** *
 389:Generated_Source\PSoC5/Tone_C.c **** *******************************************************************************/
 390:Generated_Source\PSoC5/Tone_C.c **** uint16 Tone_C_ReadCapture(void) 
 391:Generated_Source\PSoC5/Tone_C.c **** {
 235              		.loc 1 391 0
 236              		.cfi_startproc
ARM GAS  C:\Users\HENRIC~1\AppData\Local\Temp\ccPJs0uC.s 			page 12


 237              		@ args = 0, pretend = 0, frame = 0
 238              		@ frame_needed = 0, uses_anonymous_args = 0
 239              		@ link register save eliminated.
 392:Generated_Source\PSoC5/Tone_C.c ****     #if(Tone_C_UsingFixedFunction)
 393:Generated_Source\PSoC5/Tone_C.c ****         return ((uint16)CY_GET_REG16(Tone_C_STATICCOUNT_LSB_PTR));
 394:Generated_Source\PSoC5/Tone_C.c ****     #else
 395:Generated_Source\PSoC5/Tone_C.c ****         return (CY_GET_REG16(Tone_C_STATICCOUNT_LSB_PTR));
 240              		.loc 1 395 0
 241 0000 014B     		ldr	r3, .L26
 242 0002 1888     		ldrh	r0, [r3]
 396:Generated_Source\PSoC5/Tone_C.c ****     #endif /* (Tone_C_UsingFixedFunction) */
 397:Generated_Source\PSoC5/Tone_C.c **** }
 243              		.loc 1 397 0
 244 0004 80B2     		uxth	r0, r0
 245 0006 7047     		bx	lr
 246              	.L27:
 247              		.align	2
 248              	.L26:
 249 0008 946A0040 		.word	1073769108
 250              		.cfi_endproc
 251              	.LFE10:
 252              		.size	Tone_C_ReadCapture, .-Tone_C_ReadCapture
 253              		.section	.text.Tone_C_WritePeriod,"ax",%progbits
 254              		.align	2
 255              		.global	Tone_C_WritePeriod
 256              		.thumb
 257              		.thumb_func
 258              		.type	Tone_C_WritePeriod, %function
 259              	Tone_C_WritePeriod:
 260              	.LFB11:
 398:Generated_Source\PSoC5/Tone_C.c **** 
 399:Generated_Source\PSoC5/Tone_C.c **** 
 400:Generated_Source\PSoC5/Tone_C.c **** /*******************************************************************************
 401:Generated_Source\PSoC5/Tone_C.c **** * Function Name: Tone_C_WritePeriod
 402:Generated_Source\PSoC5/Tone_C.c **** ********************************************************************************
 403:Generated_Source\PSoC5/Tone_C.c **** * Summary:
 404:Generated_Source\PSoC5/Tone_C.c **** * Changes the period of the counter.  The new period 
 405:Generated_Source\PSoC5/Tone_C.c **** * will be loaded the next time terminal count is detected.
 406:Generated_Source\PSoC5/Tone_C.c **** *
 407:Generated_Source\PSoC5/Tone_C.c **** * Parameters:  
 408:Generated_Source\PSoC5/Tone_C.c **** *  period: (uint16) A value of 0 will result in
 409:Generated_Source\PSoC5/Tone_C.c **** *         the counter remaining at zero.  
 410:Generated_Source\PSoC5/Tone_C.c **** *
 411:Generated_Source\PSoC5/Tone_C.c **** * Return: 
 412:Generated_Source\PSoC5/Tone_C.c **** *  void
 413:Generated_Source\PSoC5/Tone_C.c **** *
 414:Generated_Source\PSoC5/Tone_C.c **** *******************************************************************************/
 415:Generated_Source\PSoC5/Tone_C.c **** void Tone_C_WritePeriod(uint16 period) 
 416:Generated_Source\PSoC5/Tone_C.c **** {
 261              		.loc 1 416 0
 262              		.cfi_startproc
 263              		@ args = 0, pretend = 0, frame = 0
 264              		@ frame_needed = 0, uses_anonymous_args = 0
 265              		@ link register save eliminated.
 266              	.LVL3:
 417:Generated_Source\PSoC5/Tone_C.c ****     #if(Tone_C_UsingFixedFunction)
 418:Generated_Source\PSoC5/Tone_C.c ****         CY_SET_REG16(Tone_C_PERIOD_LSB_PTR,(uint16)period);
ARM GAS  C:\Users\HENRIC~1\AppData\Local\Temp\ccPJs0uC.s 			page 13


 419:Generated_Source\PSoC5/Tone_C.c ****     #else
 420:Generated_Source\PSoC5/Tone_C.c ****         CY_SET_REG16(Tone_C_PERIOD_LSB_PTR, period);
 267              		.loc 1 420 0
 268 0000 014B     		ldr	r3, .L29
 269 0002 1880     		strh	r0, [r3]	@ movhi
 270 0004 7047     		bx	lr
 271              	.L30:
 272 0006 00BF     		.align	2
 273              	.L29:
 274 0008 546A0040 		.word	1073769044
 275              		.cfi_endproc
 276              	.LFE11:
 277              		.size	Tone_C_WritePeriod, .-Tone_C_WritePeriod
 278              		.section	.text.Tone_C_ReadPeriod,"ax",%progbits
 279              		.align	2
 280              		.global	Tone_C_ReadPeriod
 281              		.thumb
 282              		.thumb_func
 283              		.type	Tone_C_ReadPeriod, %function
 284              	Tone_C_ReadPeriod:
 285              	.LFB12:
 421:Generated_Source\PSoC5/Tone_C.c ****     #endif /* (Tone_C_UsingFixedFunction) */
 422:Generated_Source\PSoC5/Tone_C.c **** }
 423:Generated_Source\PSoC5/Tone_C.c **** 
 424:Generated_Source\PSoC5/Tone_C.c **** 
 425:Generated_Source\PSoC5/Tone_C.c **** /*******************************************************************************
 426:Generated_Source\PSoC5/Tone_C.c **** * Function Name: Tone_C_ReadPeriod
 427:Generated_Source\PSoC5/Tone_C.c **** ********************************************************************************
 428:Generated_Source\PSoC5/Tone_C.c **** * Summary:
 429:Generated_Source\PSoC5/Tone_C.c **** * Reads the current period value without affecting counter operation.
 430:Generated_Source\PSoC5/Tone_C.c **** *
 431:Generated_Source\PSoC5/Tone_C.c **** * Parameters:  
 432:Generated_Source\PSoC5/Tone_C.c **** *  void:  
 433:Generated_Source\PSoC5/Tone_C.c **** *
 434:Generated_Source\PSoC5/Tone_C.c **** * Return: 
 435:Generated_Source\PSoC5/Tone_C.c **** *  (uint16) Present period value.
 436:Generated_Source\PSoC5/Tone_C.c **** *
 437:Generated_Source\PSoC5/Tone_C.c **** *******************************************************************************/
 438:Generated_Source\PSoC5/Tone_C.c **** uint16 Tone_C_ReadPeriod(void) 
 439:Generated_Source\PSoC5/Tone_C.c **** {
 286              		.loc 1 439 0
 287              		.cfi_startproc
 288              		@ args = 0, pretend = 0, frame = 0
 289              		@ frame_needed = 0, uses_anonymous_args = 0
 290              		@ link register save eliminated.
 440:Generated_Source\PSoC5/Tone_C.c ****     #if(Tone_C_UsingFixedFunction)
 441:Generated_Source\PSoC5/Tone_C.c ****         return ((uint16)CY_GET_REG16(Tone_C_PERIOD_LSB_PTR));
 442:Generated_Source\PSoC5/Tone_C.c ****     #else
 443:Generated_Source\PSoC5/Tone_C.c ****         return (CY_GET_REG16(Tone_C_PERIOD_LSB_PTR));
 291              		.loc 1 443 0
 292 0000 014B     		ldr	r3, .L32
 293 0002 1888     		ldrh	r0, [r3]
 444:Generated_Source\PSoC5/Tone_C.c ****     #endif /* (Tone_C_UsingFixedFunction) */
 445:Generated_Source\PSoC5/Tone_C.c **** }
 294              		.loc 1 445 0
 295 0004 80B2     		uxth	r0, r0
 296 0006 7047     		bx	lr
ARM GAS  C:\Users\HENRIC~1\AppData\Local\Temp\ccPJs0uC.s 			page 14


 297              	.L33:
 298              		.align	2
 299              	.L32:
 300 0008 546A0040 		.word	1073769044
 301              		.cfi_endproc
 302              	.LFE12:
 303              		.size	Tone_C_ReadPeriod, .-Tone_C_ReadPeriod
 304              		.section	.text.Tone_C_WriteCompare,"ax",%progbits
 305              		.align	2
 306              		.global	Tone_C_WriteCompare
 307              		.thumb
 308              		.thumb_func
 309              		.type	Tone_C_WriteCompare, %function
 310              	Tone_C_WriteCompare:
 311              	.LFB13:
 446:Generated_Source\PSoC5/Tone_C.c **** 
 447:Generated_Source\PSoC5/Tone_C.c **** 
 448:Generated_Source\PSoC5/Tone_C.c **** #if (!Tone_C_UsingFixedFunction)
 449:Generated_Source\PSoC5/Tone_C.c **** /*******************************************************************************
 450:Generated_Source\PSoC5/Tone_C.c **** * Function Name: Tone_C_WriteCompare
 451:Generated_Source\PSoC5/Tone_C.c **** ********************************************************************************
 452:Generated_Source\PSoC5/Tone_C.c **** * Summary:
 453:Generated_Source\PSoC5/Tone_C.c **** * Changes the compare value.  The compare output will 
 454:Generated_Source\PSoC5/Tone_C.c **** * reflect the new value on the next UDB clock.  The compare output will be 
 455:Generated_Source\PSoC5/Tone_C.c **** * driven high when the present counter value compares true based on the 
 456:Generated_Source\PSoC5/Tone_C.c **** * configured compare mode setting. 
 457:Generated_Source\PSoC5/Tone_C.c **** *
 458:Generated_Source\PSoC5/Tone_C.c **** * Parameters:  
 459:Generated_Source\PSoC5/Tone_C.c **** *  Compare:  New compare value. 
 460:Generated_Source\PSoC5/Tone_C.c **** *
 461:Generated_Source\PSoC5/Tone_C.c **** * Return: 
 462:Generated_Source\PSoC5/Tone_C.c **** *  void
 463:Generated_Source\PSoC5/Tone_C.c **** *
 464:Generated_Source\PSoC5/Tone_C.c **** *******************************************************************************/
 465:Generated_Source\PSoC5/Tone_C.c **** void Tone_C_WriteCompare(uint16 compare) \
 466:Generated_Source\PSoC5/Tone_C.c ****                                    
 467:Generated_Source\PSoC5/Tone_C.c **** {
 312              		.loc 1 467 0
 313              		.cfi_startproc
 314              		@ args = 0, pretend = 0, frame = 0
 315              		@ frame_needed = 0, uses_anonymous_args = 0
 316              		@ link register save eliminated.
 317              	.LVL4:
 468:Generated_Source\PSoC5/Tone_C.c ****     #if(Tone_C_UsingFixedFunction)
 469:Generated_Source\PSoC5/Tone_C.c ****         CY_SET_REG16(Tone_C_COMPARE_LSB_PTR, (uint16)compare);
 470:Generated_Source\PSoC5/Tone_C.c ****     #else
 471:Generated_Source\PSoC5/Tone_C.c ****         CY_SET_REG16(Tone_C_COMPARE_LSB_PTR, compare);
 318              		.loc 1 471 0
 319 0000 014B     		ldr	r3, .L35
 320 0002 1880     		strh	r0, [r3]	@ movhi
 321 0004 7047     		bx	lr
 322              	.L36:
 323 0006 00BF     		.align	2
 324              	.L35:
 325 0008 746A0040 		.word	1073769076
 326              		.cfi_endproc
 327              	.LFE13:
ARM GAS  C:\Users\HENRIC~1\AppData\Local\Temp\ccPJs0uC.s 			page 15


 328              		.size	Tone_C_WriteCompare, .-Tone_C_WriteCompare
 329              		.section	.text.Tone_C_ReadCompare,"ax",%progbits
 330              		.align	2
 331              		.global	Tone_C_ReadCompare
 332              		.thumb
 333              		.thumb_func
 334              		.type	Tone_C_ReadCompare, %function
 335              	Tone_C_ReadCompare:
 336              	.LFB14:
 472:Generated_Source\PSoC5/Tone_C.c ****     #endif /* (Tone_C_UsingFixedFunction) */
 473:Generated_Source\PSoC5/Tone_C.c **** }
 474:Generated_Source\PSoC5/Tone_C.c **** 
 475:Generated_Source\PSoC5/Tone_C.c **** 
 476:Generated_Source\PSoC5/Tone_C.c **** /*******************************************************************************
 477:Generated_Source\PSoC5/Tone_C.c **** * Function Name: Tone_C_ReadCompare
 478:Generated_Source\PSoC5/Tone_C.c **** ********************************************************************************
 479:Generated_Source\PSoC5/Tone_C.c **** * Summary:
 480:Generated_Source\PSoC5/Tone_C.c **** * Returns the compare value.
 481:Generated_Source\PSoC5/Tone_C.c **** *
 482:Generated_Source\PSoC5/Tone_C.c **** * Parameters:  
 483:Generated_Source\PSoC5/Tone_C.c **** *  void:
 484:Generated_Source\PSoC5/Tone_C.c **** *
 485:Generated_Source\PSoC5/Tone_C.c **** * Return: 
 486:Generated_Source\PSoC5/Tone_C.c **** *  (uint16) Present compare value.
 487:Generated_Source\PSoC5/Tone_C.c **** *
 488:Generated_Source\PSoC5/Tone_C.c **** *******************************************************************************/
 489:Generated_Source\PSoC5/Tone_C.c **** uint16 Tone_C_ReadCompare(void) 
 490:Generated_Source\PSoC5/Tone_C.c **** {
 337              		.loc 1 490 0
 338              		.cfi_startproc
 339              		@ args = 0, pretend = 0, frame = 0
 340              		@ frame_needed = 0, uses_anonymous_args = 0
 341              		@ link register save eliminated.
 491:Generated_Source\PSoC5/Tone_C.c ****     return (CY_GET_REG16(Tone_C_COMPARE_LSB_PTR));
 342              		.loc 1 491 0
 343 0000 014B     		ldr	r3, .L38
 344 0002 1888     		ldrh	r0, [r3]
 492:Generated_Source\PSoC5/Tone_C.c **** }
 345              		.loc 1 492 0
 346 0004 80B2     		uxth	r0, r0
 347 0006 7047     		bx	lr
 348              	.L39:
 349              		.align	2
 350              	.L38:
 351 0008 746A0040 		.word	1073769076
 352              		.cfi_endproc
 353              	.LFE14:
 354              		.size	Tone_C_ReadCompare, .-Tone_C_ReadCompare
 355              		.section	.text.Tone_C_ClearFIFO,"ax",%progbits
 356              		.align	2
 357              		.global	Tone_C_ClearFIFO
 358              		.thumb
 359              		.thumb_func
 360              		.type	Tone_C_ClearFIFO, %function
 361              	Tone_C_ClearFIFO:
 362              	.LFB15:
 493:Generated_Source\PSoC5/Tone_C.c **** 
ARM GAS  C:\Users\HENRIC~1\AppData\Local\Temp\ccPJs0uC.s 			page 16


 494:Generated_Source\PSoC5/Tone_C.c **** 
 495:Generated_Source\PSoC5/Tone_C.c **** #if (Tone_C_COMPARE_MODE_SOFTWARE)
 496:Generated_Source\PSoC5/Tone_C.c **** /*******************************************************************************
 497:Generated_Source\PSoC5/Tone_C.c **** * Function Name: Tone_C_SetCompareMode
 498:Generated_Source\PSoC5/Tone_C.c **** ********************************************************************************
 499:Generated_Source\PSoC5/Tone_C.c **** * Summary:
 500:Generated_Source\PSoC5/Tone_C.c **** *  Sets the software controlled Compare Mode.
 501:Generated_Source\PSoC5/Tone_C.c **** *
 502:Generated_Source\PSoC5/Tone_C.c **** * Parameters:
 503:Generated_Source\PSoC5/Tone_C.c **** *  compareMode:  Compare Mode Enumerated Type.
 504:Generated_Source\PSoC5/Tone_C.c **** *
 505:Generated_Source\PSoC5/Tone_C.c **** * Return:
 506:Generated_Source\PSoC5/Tone_C.c **** *  void
 507:Generated_Source\PSoC5/Tone_C.c **** *
 508:Generated_Source\PSoC5/Tone_C.c **** *******************************************************************************/
 509:Generated_Source\PSoC5/Tone_C.c **** void Tone_C_SetCompareMode(uint8 compareMode) 
 510:Generated_Source\PSoC5/Tone_C.c **** {
 511:Generated_Source\PSoC5/Tone_C.c ****     /* Clear the compare mode bits in the control register */
 512:Generated_Source\PSoC5/Tone_C.c ****     Tone_C_CONTROL &= ((uint8)(~Tone_C_CTRL_CMPMODE_MASK));
 513:Generated_Source\PSoC5/Tone_C.c ****     
 514:Generated_Source\PSoC5/Tone_C.c ****     /* Write the new setting */
 515:Generated_Source\PSoC5/Tone_C.c ****     Tone_C_CONTROL |= compareMode;
 516:Generated_Source\PSoC5/Tone_C.c **** }
 517:Generated_Source\PSoC5/Tone_C.c **** #endif  /* (Tone_C_COMPARE_MODE_SOFTWARE) */
 518:Generated_Source\PSoC5/Tone_C.c **** 
 519:Generated_Source\PSoC5/Tone_C.c **** 
 520:Generated_Source\PSoC5/Tone_C.c **** #if (Tone_C_CAPTURE_MODE_SOFTWARE)
 521:Generated_Source\PSoC5/Tone_C.c **** /*******************************************************************************
 522:Generated_Source\PSoC5/Tone_C.c **** * Function Name: Tone_C_SetCaptureMode
 523:Generated_Source\PSoC5/Tone_C.c **** ********************************************************************************
 524:Generated_Source\PSoC5/Tone_C.c **** * Summary:
 525:Generated_Source\PSoC5/Tone_C.c **** *  Sets the software controlled Capture Mode.
 526:Generated_Source\PSoC5/Tone_C.c **** *
 527:Generated_Source\PSoC5/Tone_C.c **** * Parameters:
 528:Generated_Source\PSoC5/Tone_C.c **** *  captureMode:  Capture Mode Enumerated Type.
 529:Generated_Source\PSoC5/Tone_C.c **** *
 530:Generated_Source\PSoC5/Tone_C.c **** * Return:
 531:Generated_Source\PSoC5/Tone_C.c **** *  void
 532:Generated_Source\PSoC5/Tone_C.c **** *
 533:Generated_Source\PSoC5/Tone_C.c **** *******************************************************************************/
 534:Generated_Source\PSoC5/Tone_C.c **** void Tone_C_SetCaptureMode(uint8 captureMode) 
 535:Generated_Source\PSoC5/Tone_C.c **** {
 536:Generated_Source\PSoC5/Tone_C.c ****     /* Clear the capture mode bits in the control register */
 537:Generated_Source\PSoC5/Tone_C.c ****     Tone_C_CONTROL &= ((uint8)(~Tone_C_CTRL_CAPMODE_MASK));
 538:Generated_Source\PSoC5/Tone_C.c ****     
 539:Generated_Source\PSoC5/Tone_C.c ****     /* Write the new setting */
 540:Generated_Source\PSoC5/Tone_C.c ****     Tone_C_CONTROL |= ((uint8)((uint8)captureMode << Tone_C_CTRL_CAPMODE0_SHIFT));
 541:Generated_Source\PSoC5/Tone_C.c **** }
 542:Generated_Source\PSoC5/Tone_C.c **** #endif  /* (Tone_C_CAPTURE_MODE_SOFTWARE) */
 543:Generated_Source\PSoC5/Tone_C.c **** 
 544:Generated_Source\PSoC5/Tone_C.c **** 
 545:Generated_Source\PSoC5/Tone_C.c **** /*******************************************************************************
 546:Generated_Source\PSoC5/Tone_C.c **** * Function Name: Tone_C_ClearFIFO
 547:Generated_Source\PSoC5/Tone_C.c **** ********************************************************************************
 548:Generated_Source\PSoC5/Tone_C.c **** * Summary:
 549:Generated_Source\PSoC5/Tone_C.c **** *   This function clears all capture data from the capture FIFO
 550:Generated_Source\PSoC5/Tone_C.c **** *
ARM GAS  C:\Users\HENRIC~1\AppData\Local\Temp\ccPJs0uC.s 			page 17


 551:Generated_Source\PSoC5/Tone_C.c **** * Parameters:  
 552:Generated_Source\PSoC5/Tone_C.c **** *  void:
 553:Generated_Source\PSoC5/Tone_C.c **** *
 554:Generated_Source\PSoC5/Tone_C.c **** * Return: 
 555:Generated_Source\PSoC5/Tone_C.c **** *  None
 556:Generated_Source\PSoC5/Tone_C.c **** *
 557:Generated_Source\PSoC5/Tone_C.c **** *******************************************************************************/
 558:Generated_Source\PSoC5/Tone_C.c **** void Tone_C_ClearFIFO(void) 
 559:Generated_Source\PSoC5/Tone_C.c **** {
 363              		.loc 1 559 0
 364              		.cfi_startproc
 365              		@ args = 0, pretend = 0, frame = 0
 366              		@ frame_needed = 0, uses_anonymous_args = 0
 367 0000 08B5     		push	{r3, lr}
 368              		.cfi_def_cfa_offset 8
 369              		.cfi_offset 3, -8
 370              		.cfi_offset 14, -4
 560:Generated_Source\PSoC5/Tone_C.c **** 
 561:Generated_Source\PSoC5/Tone_C.c ****     while(0u != (Tone_C_ReadStatusRegister() & Tone_C_STATUS_FIFONEMP))
 371              		.loc 1 561 0
 372 0002 01E0     		b	.L41
 373              	.L42:
 562:Generated_Source\PSoC5/Tone_C.c ****     {
 563:Generated_Source\PSoC5/Tone_C.c ****         (void)Tone_C_ReadCapture();
 374              		.loc 1 563 0
 375 0004 FFF7FEFF 		bl	Tone_C_ReadCapture
 376              	.LVL5:
 377              	.L41:
 561:Generated_Source\PSoC5/Tone_C.c ****     {
 378              		.loc 1 561 0
 379 0008 FFF7FEFF 		bl	Tone_C_ReadStatusRegister
 380              	.LVL6:
 381 000c 10F0400F 		tst	r0, #64
 382 0010 F8D1     		bne	.L42
 564:Generated_Source\PSoC5/Tone_C.c ****     }
 565:Generated_Source\PSoC5/Tone_C.c **** 
 566:Generated_Source\PSoC5/Tone_C.c **** }
 383              		.loc 1 566 0
 384 0012 08BD     		pop	{r3, pc}
 385              		.cfi_endproc
 386              	.LFE15:
 387              		.size	Tone_C_ClearFIFO, .-Tone_C_ClearFIFO
 388              		.section	.text.Tone_C_Init,"ax",%progbits
 389              		.align	2
 390              		.global	Tone_C_Init
 391              		.thumb
 392              		.thumb_func
 393              		.type	Tone_C_Init, %function
 394              	Tone_C_Init:
 395              	.LFB0:
  38:Generated_Source\PSoC5/Tone_C.c ****         #if (!Tone_C_UsingFixedFunction && !Tone_C_ControlRegRemoved)
 396              		.loc 1 38 0
 397              		.cfi_startproc
 398              		@ args = 0, pretend = 0, frame = 0
 399              		@ frame_needed = 0, uses_anonymous_args = 0
 400 0000 08B5     		push	{r3, lr}
 401              		.cfi_def_cfa_offset 8
ARM GAS  C:\Users\HENRIC~1\AppData\Local\Temp\ccPJs0uC.s 			page 18


 402              		.cfi_offset 3, -8
 403              		.cfi_offset 14, -4
  79:Generated_Source\PSoC5/Tone_C.c ****             Tone_C_CONTROL = ctrl | Tone_C_DEFAULT_COMPARE_MODE;
 404              		.loc 1 79 0
 405 0002 134A     		ldr	r2, .L46
 406 0004 1378     		ldrb	r3, [r2]	@ zero_extendqisi2
 407 0006 03F0F803 		and	r3, r3, #248
 408              	.LVL7:
  80:Generated_Source\PSoC5/Tone_C.c ****             
 409              		.loc 1 80 0
 410 000a 43F00103 		orr	r3, r3, #1
 411              	.LVL8:
 412 000e 1370     		strb	r3, [r2]
  83:Generated_Source\PSoC5/Tone_C.c ****             
 413              		.loc 1 83 0
 414 0010 1378     		ldrb	r3, [r2]	@ zero_extendqisi2
 415 0012 03F0FC03 		and	r3, r3, #252
 416              	.LVL9:
  88:Generated_Source\PSoC5/Tone_C.c ****             #endif /* 0 != Tone_C_CAPTURE_MODE */ 
 417              		.loc 1 88 0
 418 0016 1370     		strb	r3, [r2]
  96:Generated_Source\PSoC5/Tone_C.c ****         #endif /* (!Tone_C_UsingFixedFunction) */
 419              		.loc 1 96 0
 420 0018 FFF7FEFF 		bl	Tone_C_ClearFIFO
 421              	.LVL10:
 100:Generated_Source\PSoC5/Tone_C.c ****         #if (!(Tone_C_UsingFixedFunction && (CY_PSOC5A)))
 422              		.loc 1 100 0
 423 001c 4FF6FE70 		movw	r0, #65534
 424 0020 FFF7FEFF 		bl	Tone_C_WritePeriod
 425              	.LVL11:
 102:Generated_Source\PSoC5/Tone_C.c ****         #endif /* (!(Tone_C_UsingFixedFunction && (CY_PSOC5A))) */
 426              		.loc 1 102 0
 427 0024 0020     		movs	r0, #0
 428 0026 FFF7FEFF 		bl	Tone_C_WriteCounter
 429              	.LVL12:
 104:Generated_Source\PSoC5/Tone_C.c ****         
 430              		.loc 1 104 0
 431 002a 0C20     		movs	r0, #12
 432 002c FFF7FEFF 		bl	Tone_C_SetInterruptMode
 433              	.LVL13:
 108:Generated_Source\PSoC5/Tone_C.c ****             /* Set the compare value (only available to non-fixed function implementation */
 434              		.loc 1 108 0
 435 0030 FFF7FEFF 		bl	Tone_C_ReadStatusRegister
 436              	.LVL14:
 110:Generated_Source\PSoC5/Tone_C.c ****             /* Use the interrupt output of the status register for IRQ output */
 437              		.loc 1 110 0
 438 0034 0020     		movs	r0, #0
 439 0036 FFF7FEFF 		bl	Tone_C_WriteCompare
 440              	.LVL15:
 115:Generated_Source\PSoC5/Tone_C.c ****             
 441              		.loc 1 115 0
 442 003a FFF7FEFF 		bl	CyEnterCriticalSection
 443              	.LVL16:
 117:Generated_Source\PSoC5/Tone_C.c ****             
 444              		.loc 1 117 0
 445 003e 054A     		ldr	r2, .L46+4
 446 0040 1378     		ldrb	r3, [r2]	@ zero_extendqisi2
ARM GAS  C:\Users\HENRIC~1\AppData\Local\Temp\ccPJs0uC.s 			page 19


 447 0042 43F01003 		orr	r3, r3, #16
 448 0046 1370     		strb	r3, [r2]
 120:Generated_Source\PSoC5/Tone_C.c ****             
 449              		.loc 1 120 0
 450 0048 FFF7FEFF 		bl	CyExitCriticalSection
 451              	.LVL17:
 452 004c 08BD     		pop	{r3, pc}
 453              	.L47:
 454 004e 00BF     		.align	2
 455              	.L46:
 456 0050 7A650040 		.word	1073767802
 457 0054 9B650040 		.word	1073767835
 458              		.cfi_endproc
 459              	.LFE0:
 460              		.size	Tone_C_Init, .-Tone_C_Init
 461              		.section	.text.Tone_C_Start,"ax",%progbits
 462              		.align	2
 463              		.global	Tone_C_Start
 464              		.thumb
 465              		.thumb_func
 466              		.type	Tone_C_Start, %function
 467              	Tone_C_Start:
 468              	.LFB2:
 179:Generated_Source\PSoC5/Tone_C.c ****     if(Tone_C_initVar == 0u)
 469              		.loc 1 179 0
 470              		.cfi_startproc
 471              		@ args = 0, pretend = 0, frame = 0
 472              		@ frame_needed = 0, uses_anonymous_args = 0
 473 0000 08B5     		push	{r3, lr}
 474              		.cfi_def_cfa_offset 8
 475              		.cfi_offset 3, -8
 476              		.cfi_offset 14, -4
 180:Generated_Source\PSoC5/Tone_C.c ****     {
 477              		.loc 1 180 0
 478 0002 054B     		ldr	r3, .L51
 479 0004 1B78     		ldrb	r3, [r3]	@ zero_extendqisi2
 480 0006 23B9     		cbnz	r3, .L49
 182:Generated_Source\PSoC5/Tone_C.c ****         
 481              		.loc 1 182 0
 482 0008 FFF7FEFF 		bl	Tone_C_Init
 483              	.LVL18:
 184:Generated_Source\PSoC5/Tone_C.c ****     }
 484              		.loc 1 184 0
 485 000c 0122     		movs	r2, #1
 486 000e 024B     		ldr	r3, .L51
 487 0010 1A70     		strb	r2, [r3]
 488              	.L49:
 188:Generated_Source\PSoC5/Tone_C.c **** }
 489              		.loc 1 188 0
 490 0012 FFF7FEFF 		bl	Tone_C_Enable
 491              	.LVL19:
 492 0016 08BD     		pop	{r3, pc}
 493              	.L52:
 494              		.align	2
 495              	.L51:
 496 0018 00000000 		.word	.LANCHOR0
 497              		.cfi_endproc
ARM GAS  C:\Users\HENRIC~1\AppData\Local\Temp\ccPJs0uC.s 			page 20


 498              	.LFE2:
 499              		.size	Tone_C_Start, .-Tone_C_Start
 500              		.global	Tone_C_initVar
 501              		.bss
 502              		.set	.LANCHOR0,. + 0
 503              		.type	Tone_C_initVar, %object
 504              		.size	Tone_C_initVar, 1
 505              	Tone_C_initVar:
 506 0000 00       		.space	1
 507              		.text
 508              	.Letext0:
 509              		.file 2 "Generated_Source\\PSoC5\\cytypes.h"
 510              		.file 3 "Generated_Source\\PSoC5\\CyLib.h"
 511              		.section	.debug_info,"",%progbits
 512              	.Ldebug_info0:
 513 0000 3F030000 		.4byte	0x33f
 514 0004 0400     		.2byte	0x4
 515 0006 00000000 		.4byte	.Ldebug_abbrev0
 516 000a 04       		.byte	0x4
 517 000b 01       		.uleb128 0x1
 518 000c 9D000000 		.4byte	.LASF43
 519 0010 0C       		.byte	0xc
 520 0011 10030000 		.4byte	.LASF44
 521 0015 61020000 		.4byte	.LASF45
 522 0019 00000000 		.4byte	.Ldebug_ranges0+0
 523 001d 00000000 		.4byte	0
 524 0021 00000000 		.4byte	.Ldebug_line0
 525 0025 02       		.uleb128 0x2
 526 0026 01       		.byte	0x1
 527 0027 06       		.byte	0x6
 528 0028 3C030000 		.4byte	.LASF0
 529 002c 02       		.uleb128 0x2
 530 002d 01       		.byte	0x1
 531 002e 08       		.byte	0x8
 532 002f 8F000000 		.4byte	.LASF1
 533 0033 02       		.uleb128 0x2
 534 0034 02       		.byte	0x2
 535 0035 05       		.byte	0x5
 536 0036 DA020000 		.4byte	.LASF2
 537 003a 02       		.uleb128 0x2
 538 003b 02       		.byte	0x2
 539 003c 07       		.byte	0x7
 540 003d 2C000000 		.4byte	.LASF3
 541 0041 02       		.uleb128 0x2
 542 0042 04       		.byte	0x4
 543 0043 05       		.byte	0x5
 544 0044 07030000 		.4byte	.LASF4
 545 0048 02       		.uleb128 0x2
 546 0049 04       		.byte	0x4
 547 004a 07       		.byte	0x7
 548 004b 58010000 		.4byte	.LASF5
 549 004f 02       		.uleb128 0x2
 550 0050 08       		.byte	0x8
 551 0051 05       		.byte	0x5
 552 0052 46020000 		.4byte	.LASF6
 553 0056 02       		.uleb128 0x2
 554 0057 08       		.byte	0x8
ARM GAS  C:\Users\HENRIC~1\AppData\Local\Temp\ccPJs0uC.s 			page 21


 555 0058 07       		.byte	0x7
 556 0059 78000000 		.4byte	.LASF7
 557 005d 03       		.uleb128 0x3
 558 005e 04       		.byte	0x4
 559 005f 05       		.byte	0x5
 560 0060 696E7400 		.ascii	"int\000"
 561 0064 02       		.uleb128 0x2
 562 0065 04       		.byte	0x4
 563 0066 07       		.byte	0x7
 564 0067 E1010000 		.4byte	.LASF8
 565 006b 04       		.uleb128 0x4
 566 006c 6A010000 		.4byte	.LASF9
 567 0070 02       		.byte	0x2
 568 0071 9201     		.2byte	0x192
 569 0073 2C000000 		.4byte	0x2c
 570 0077 04       		.uleb128 0x4
 571 0078 B5010000 		.4byte	.LASF10
 572 007c 02       		.byte	0x2
 573 007d 9301     		.2byte	0x193
 574 007f 3A000000 		.4byte	0x3a
 575 0083 02       		.uleb128 0x2
 576 0084 04       		.byte	0x4
 577 0085 04       		.byte	0x4
 578 0086 6A000000 		.4byte	.LASF11
 579 008a 02       		.uleb128 0x2
 580 008b 08       		.byte	0x8
 581 008c 04       		.byte	0x4
 582 008d 87010000 		.4byte	.LASF12
 583 0091 02       		.uleb128 0x2
 584 0092 01       		.byte	0x1
 585 0093 08       		.byte	0x8
 586 0094 AE020000 		.4byte	.LASF13
 587 0098 04       		.uleb128 0x4
 588 0099 41010000 		.4byte	.LASF14
 589 009d 02       		.byte	0x2
 590 009e 3C02     		.2byte	0x23c
 591 00a0 A4000000 		.4byte	0xa4
 592 00a4 05       		.uleb128 0x5
 593 00a5 6B000000 		.4byte	0x6b
 594 00a9 04       		.uleb128 0x4
 595 00aa 00000000 		.4byte	.LASF15
 596 00ae 02       		.byte	0x2
 597 00af 3D02     		.2byte	0x23d
 598 00b1 B5000000 		.4byte	0xb5
 599 00b5 05       		.uleb128 0x5
 600 00b6 77000000 		.4byte	0x77
 601 00ba 02       		.uleb128 0x2
 602 00bb 08       		.byte	0x8
 603 00bc 04       		.byte	0x4
 604 00bd 30030000 		.4byte	.LASF16
 605 00c1 02       		.uleb128 0x2
 606 00c2 04       		.byte	0x4
 607 00c3 07       		.byte	0x7
 608 00c4 3D020000 		.4byte	.LASF17
 609 00c8 06       		.uleb128 0x6
 610 00c9 D3010000 		.4byte	.LASF18
 611 00cd 01       		.byte	0x1
ARM GAS  C:\Users\HENRIC~1\AppData\Local\Temp\ccPJs0uC.s 			page 22


 612 00ce 8F       		.byte	0x8f
 613 00cf 00000000 		.4byte	.LFB1
 614 00d3 10000000 		.4byte	.LFE1-.LFB1
 615 00d7 01       		.uleb128 0x1
 616 00d8 9C       		.byte	0x9c
 617 00d9 06       		.uleb128 0x6
 618 00da 8E010000 		.4byte	.LASF19
 619 00de 01       		.byte	0x1
 620 00df D0       		.byte	0xd0
 621 00e0 00000000 		.4byte	.LFB3
 622 00e4 10000000 		.4byte	.LFE3-.LFB3
 623 00e8 01       		.uleb128 0x1
 624 00e9 9C       		.byte	0x9c
 625 00ea 07       		.uleb128 0x7
 626 00eb 3F000000 		.4byte	.LASF22
 627 00ef 01       		.byte	0x1
 628 00f0 ED       		.byte	0xed
 629 00f1 00000000 		.4byte	.LFB4
 630 00f5 0C000000 		.4byte	.LFE4-.LFB4
 631 00f9 01       		.uleb128 0x1
 632 00fa 9C       		.byte	0x9c
 633 00fb 0D010000 		.4byte	0x10d
 634 00ff 08       		.uleb128 0x8
 635 0100 78010000 		.4byte	.LASF24
 636 0104 01       		.byte	0x1
 637 0105 ED       		.byte	0xed
 638 0106 6B000000 		.4byte	0x6b
 639 010a 01       		.uleb128 0x1
 640 010b 50       		.byte	0x50
 641 010c 00       		.byte	0
 642 010d 09       		.uleb128 0x9
 643 010e 12000000 		.4byte	.LASF20
 644 0112 01       		.byte	0x1
 645 0113 0501     		.2byte	0x105
 646 0115 6B000000 		.4byte	0x6b
 647 0119 00000000 		.4byte	.LFB5
 648 011d 0C000000 		.4byte	.LFE5-.LFB5
 649 0121 01       		.uleb128 0x1
 650 0122 9C       		.byte	0x9c
 651 0123 09       		.uleb128 0x9
 652 0124 9A010000 		.4byte	.LASF21
 653 0128 01       		.byte	0x1
 654 0129 1B01     		.2byte	0x11b
 655 012b 6B000000 		.4byte	0x6b
 656 012f 00000000 		.4byte	.LFB6
 657 0133 0C000000 		.4byte	.LFE6-.LFB6
 658 0137 01       		.uleb128 0x1
 659 0138 9C       		.byte	0x9c
 660 0139 0A       		.uleb128 0xa
 661 013a 15020000 		.4byte	.LASF23
 662 013e 01       		.byte	0x1
 663 013f 3001     		.2byte	0x130
 664 0141 00000000 		.4byte	.LFB7
 665 0145 0C000000 		.4byte	.LFE7-.LFB7
 666 0149 01       		.uleb128 0x1
 667 014a 9C       		.byte	0x9c
 668 014b 5E010000 		.4byte	0x15e
ARM GAS  C:\Users\HENRIC~1\AppData\Local\Temp\ccPJs0uC.s 			page 23


 669 014f 0B       		.uleb128 0xb
 670 0150 70010000 		.4byte	.LASF25
 671 0154 01       		.byte	0x1
 672 0155 3001     		.2byte	0x130
 673 0157 6B000000 		.4byte	0x6b
 674 015b 01       		.uleb128 0x1
 675 015c 50       		.byte	0x50
 676 015d 00       		.byte	0
 677 015e 0A       		.uleb128 0xa
 678 015f F3020000 		.4byte	.LASF26
 679 0163 01       		.byte	0x1
 680 0164 4601     		.2byte	0x146
 681 0166 00000000 		.4byte	.LFB8
 682 016a 0C000000 		.4byte	.LFE8-.LFB8
 683 016e 01       		.uleb128 0x1
 684 016f 9C       		.byte	0x9c
 685 0170 83010000 		.4byte	0x183
 686 0174 0B       		.uleb128 0xb
 687 0175 70000000 		.4byte	.LASF27
 688 0179 01       		.byte	0x1
 689 017a 4601     		.2byte	0x146
 690 017c 77000000 		.4byte	0x77
 691 0180 01       		.uleb128 0x1
 692 0181 50       		.byte	0x50
 693 0182 00       		.byte	0
 694 0183 09       		.uleb128 0x9
 695 0184 63030000 		.4byte	.LASF28
 696 0188 01       		.byte	0x1
 697 0189 6501     		.2byte	0x165
 698 018b 77000000 		.4byte	0x77
 699 018f 00000000 		.4byte	.LFB9
 700 0193 14000000 		.4byte	.LFE9-.LFB9
 701 0197 01       		.uleb128 0x1
 702 0198 9C       		.byte	0x9c
 703 0199 09       		.uleb128 0x9
 704 019a 50030000 		.4byte	.LASF29
 705 019e 01       		.byte	0x1
 706 019f 8601     		.2byte	0x186
 707 01a1 77000000 		.4byte	0x77
 708 01a5 00000000 		.4byte	.LFB10
 709 01a9 0C000000 		.4byte	.LFE10-.LFB10
 710 01ad 01       		.uleb128 0x1
 711 01ae 9C       		.byte	0x9c
 712 01af 0A       		.uleb128 0xa
 713 01b0 B3020000 		.4byte	.LASF30
 714 01b4 01       		.byte	0x1
 715 01b5 9F01     		.2byte	0x19f
 716 01b7 00000000 		.4byte	.LFB11
 717 01bb 0C000000 		.4byte	.LFE11-.LFB11
 718 01bf 01       		.uleb128 0x1
 719 01c0 9C       		.byte	0x9c
 720 01c1 D4010000 		.4byte	0x1d4
 721 01c5 0B       		.uleb128 0xb
 722 01c6 31020000 		.4byte	.LASF31
 723 01ca 01       		.byte	0x1
 724 01cb 9F01     		.2byte	0x19f
 725 01cd 77000000 		.4byte	0x77
ARM GAS  C:\Users\HENRIC~1\AppData\Local\Temp\ccPJs0uC.s 			page 24


 726 01d1 01       		.uleb128 0x1
 727 01d2 50       		.byte	0x50
 728 01d3 00       		.byte	0
 729 01d4 09       		.uleb128 0x9
 730 01d5 46010000 		.4byte	.LASF32
 731 01d9 01       		.byte	0x1
 732 01da B601     		.2byte	0x1b6
 733 01dc 77000000 		.4byte	0x77
 734 01e0 00000000 		.4byte	.LFB12
 735 01e4 0C000000 		.4byte	.LFE12-.LFB12
 736 01e8 01       		.uleb128 0x1
 737 01e9 9C       		.byte	0x9c
 738 01ea 0A       		.uleb128 0xa
 739 01eb C6020000 		.4byte	.LASF33
 740 01ef 01       		.byte	0x1
 741 01f0 D101     		.2byte	0x1d1
 742 01f2 00000000 		.4byte	.LFB13
 743 01f6 0C000000 		.4byte	.LFE13-.LFB13
 744 01fa 01       		.uleb128 0x1
 745 01fb 9C       		.byte	0x9c
 746 01fc 0F020000 		.4byte	0x20f
 747 0200 0B       		.uleb128 0xb
 748 0201 48030000 		.4byte	.LASF34
 749 0205 01       		.byte	0x1
 750 0206 D101     		.2byte	0x1d1
 751 0208 77000000 		.4byte	0x77
 752 020c 01       		.uleb128 0x1
 753 020d 50       		.byte	0x50
 754 020e 00       		.byte	0
 755 020f 09       		.uleb128 0x9
 756 0210 57000000 		.4byte	.LASF35
 757 0214 01       		.byte	0x1
 758 0215 E901     		.2byte	0x1e9
 759 0217 77000000 		.4byte	0x77
 760 021b 00000000 		.4byte	.LFB14
 761 021f 0C000000 		.4byte	.LFE14-.LFB14
 762 0223 01       		.uleb128 0x1
 763 0224 9C       		.byte	0x9c
 764 0225 0A       		.uleb128 0xa
 765 0226 EE010000 		.4byte	.LASF36
 766 022a 01       		.byte	0x1
 767 022b 2E02     		.2byte	0x22e
 768 022d 00000000 		.4byte	.LFB15
 769 0231 14000000 		.4byte	.LFE15-.LFB15
 770 0235 01       		.uleb128 0x1
 771 0236 9C       		.byte	0x9c
 772 0237 4E020000 		.4byte	0x24e
 773 023b 0C       		.uleb128 0xc
 774 023c 08000000 		.4byte	.LVL5
 775 0240 99010000 		.4byte	0x199
 776 0244 0C       		.uleb128 0xc
 777 0245 0C000000 		.4byte	.LVL6
 778 0249 0D010000 		.4byte	0x10d
 779 024d 00       		.byte	0
 780 024e 07       		.uleb128 0x7
 781 024f 06000000 		.4byte	.LASF37
 782 0253 01       		.byte	0x1
ARM GAS  C:\Users\HENRIC~1\AppData\Local\Temp\ccPJs0uC.s 			page 25


 783 0254 25       		.byte	0x25
 784 0255 00000000 		.4byte	.LFB0
 785 0259 58000000 		.4byte	.LFE0-.LFB0
 786 025d 01       		.uleb128 0x1
 787 025e 9C       		.byte	0x9c
 788 025f F3020000 		.4byte	0x2f3
 789 0263 0D       		.uleb128 0xd
 790 0264 38020000 		.4byte	.LASF38
 791 0268 01       		.byte	0x1
 792 0269 28       		.byte	0x28
 793 026a 6B000000 		.4byte	0x6b
 794 026e 00000000 		.4byte	.LLST0
 795 0272 0D       		.uleb128 0xd
 796 0273 2B010000 		.4byte	.LASF39
 797 0277 01       		.byte	0x1
 798 0278 2D       		.byte	0x2d
 799 0279 6B000000 		.4byte	0x6b
 800 027d 1E000000 		.4byte	.LLST1
 801 0281 0C       		.uleb128 0xc
 802 0282 1C000000 		.4byte	.LVL10
 803 0286 25020000 		.4byte	0x225
 804 028a 0E       		.uleb128 0xe
 805 028b 24000000 		.4byte	.LVL11
 806 028f AF010000 		.4byte	0x1af
 807 0293 9E020000 		.4byte	0x29e
 808 0297 0F       		.uleb128 0xf
 809 0298 01       		.uleb128 0x1
 810 0299 50       		.byte	0x50
 811 029a 02       		.uleb128 0x2
 812 029b 09       		.byte	0x9
 813 029c FE       		.byte	0xfe
 814 029d 00       		.byte	0
 815 029e 0E       		.uleb128 0xe
 816 029f 2A000000 		.4byte	.LVL12
 817 02a3 5E010000 		.4byte	0x15e
 818 02a7 B1020000 		.4byte	0x2b1
 819 02ab 0F       		.uleb128 0xf
 820 02ac 01       		.uleb128 0x1
 821 02ad 50       		.byte	0x50
 822 02ae 01       		.uleb128 0x1
 823 02af 30       		.byte	0x30
 824 02b0 00       		.byte	0
 825 02b1 0E       		.uleb128 0xe
 826 02b2 30000000 		.4byte	.LVL13
 827 02b6 EA000000 		.4byte	0xea
 828 02ba C4020000 		.4byte	0x2c4
 829 02be 0F       		.uleb128 0xf
 830 02bf 01       		.uleb128 0x1
 831 02c0 50       		.byte	0x50
 832 02c1 01       		.uleb128 0x1
 833 02c2 3C       		.byte	0x3c
 834 02c3 00       		.byte	0
 835 02c4 0C       		.uleb128 0xc
 836 02c5 34000000 		.4byte	.LVL14
 837 02c9 0D010000 		.4byte	0x10d
 838 02cd 0E       		.uleb128 0xe
 839 02ce 3A000000 		.4byte	.LVL15
ARM GAS  C:\Users\HENRIC~1\AppData\Local\Temp\ccPJs0uC.s 			page 26


 840 02d2 EA010000 		.4byte	0x1ea
 841 02d6 E0020000 		.4byte	0x2e0
 842 02da 0F       		.uleb128 0xf
 843 02db 01       		.uleb128 0x1
 844 02dc 50       		.byte	0x50
 845 02dd 01       		.uleb128 0x1
 846 02de 30       		.byte	0x30
 847 02df 00       		.byte	0
 848 02e0 0C       		.uleb128 0xc
 849 02e1 3E000000 		.4byte	.LVL16
 850 02e5 2C030000 		.4byte	0x32c
 851 02e9 0C       		.uleb128 0xc
 852 02ea 4C000000 		.4byte	.LVL17
 853 02ee 37030000 		.4byte	0x337
 854 02f2 00       		.byte	0
 855 02f3 07       		.uleb128 0x7
 856 02f4 54020000 		.4byte	.LASF40
 857 02f8 01       		.byte	0x1
 858 02f9 B2       		.byte	0xb2
 859 02fa 00000000 		.4byte	.LFB2
 860 02fe 1C000000 		.4byte	.LFE2-.LFB2
 861 0302 01       		.uleb128 0x1
 862 0303 9C       		.byte	0x9c
 863 0304 1B030000 		.4byte	0x31b
 864 0308 0C       		.uleb128 0xc
 865 0309 0C000000 		.4byte	.LVL18
 866 030d 4E020000 		.4byte	0x24e
 867 0311 0C       		.uleb128 0xc
 868 0312 16000000 		.4byte	.LVL19
 869 0316 C8000000 		.4byte	0xc8
 870 031a 00       		.byte	0
 871 031b 10       		.uleb128 0x10
 872 031c E4020000 		.4byte	.LASF46
 873 0320 01       		.byte	0x1
 874 0321 15       		.byte	0x15
 875 0322 6B000000 		.4byte	0x6b
 876 0326 05       		.uleb128 0x5
 877 0327 03       		.byte	0x3
 878 0328 00000000 		.4byte	Tone_C_initVar
 879 032c 11       		.uleb128 0x11
 880 032d BC010000 		.4byte	.LASF41
 881 0331 BC010000 		.4byte	.LASF41
 882 0335 03       		.byte	0x3
 883 0336 7D       		.byte	0x7d
 884 0337 11       		.uleb128 0x11
 885 0338 FF010000 		.4byte	.LASF42
 886 033c FF010000 		.4byte	.LASF42
 887 0340 03       		.byte	0x3
 888 0341 7E       		.byte	0x7e
 889 0342 00       		.byte	0
 890              		.section	.debug_abbrev,"",%progbits
 891              	.Ldebug_abbrev0:
 892 0000 01       		.uleb128 0x1
 893 0001 11       		.uleb128 0x11
 894 0002 01       		.byte	0x1
 895 0003 25       		.uleb128 0x25
 896 0004 0E       		.uleb128 0xe
ARM GAS  C:\Users\HENRIC~1\AppData\Local\Temp\ccPJs0uC.s 			page 27


 897 0005 13       		.uleb128 0x13
 898 0006 0B       		.uleb128 0xb
 899 0007 03       		.uleb128 0x3
 900 0008 0E       		.uleb128 0xe
 901 0009 1B       		.uleb128 0x1b
 902 000a 0E       		.uleb128 0xe
 903 000b 55       		.uleb128 0x55
 904 000c 17       		.uleb128 0x17
 905 000d 11       		.uleb128 0x11
 906 000e 01       		.uleb128 0x1
 907 000f 10       		.uleb128 0x10
 908 0010 17       		.uleb128 0x17
 909 0011 00       		.byte	0
 910 0012 00       		.byte	0
 911 0013 02       		.uleb128 0x2
 912 0014 24       		.uleb128 0x24
 913 0015 00       		.byte	0
 914 0016 0B       		.uleb128 0xb
 915 0017 0B       		.uleb128 0xb
 916 0018 3E       		.uleb128 0x3e
 917 0019 0B       		.uleb128 0xb
 918 001a 03       		.uleb128 0x3
 919 001b 0E       		.uleb128 0xe
 920 001c 00       		.byte	0
 921 001d 00       		.byte	0
 922 001e 03       		.uleb128 0x3
 923 001f 24       		.uleb128 0x24
 924 0020 00       		.byte	0
 925 0021 0B       		.uleb128 0xb
 926 0022 0B       		.uleb128 0xb
 927 0023 3E       		.uleb128 0x3e
 928 0024 0B       		.uleb128 0xb
 929 0025 03       		.uleb128 0x3
 930 0026 08       		.uleb128 0x8
 931 0027 00       		.byte	0
 932 0028 00       		.byte	0
 933 0029 04       		.uleb128 0x4
 934 002a 16       		.uleb128 0x16
 935 002b 00       		.byte	0
 936 002c 03       		.uleb128 0x3
 937 002d 0E       		.uleb128 0xe
 938 002e 3A       		.uleb128 0x3a
 939 002f 0B       		.uleb128 0xb
 940 0030 3B       		.uleb128 0x3b
 941 0031 05       		.uleb128 0x5
 942 0032 49       		.uleb128 0x49
 943 0033 13       		.uleb128 0x13
 944 0034 00       		.byte	0
 945 0035 00       		.byte	0
 946 0036 05       		.uleb128 0x5
 947 0037 35       		.uleb128 0x35
 948 0038 00       		.byte	0
 949 0039 49       		.uleb128 0x49
 950 003a 13       		.uleb128 0x13
 951 003b 00       		.byte	0
 952 003c 00       		.byte	0
 953 003d 06       		.uleb128 0x6
ARM GAS  C:\Users\HENRIC~1\AppData\Local\Temp\ccPJs0uC.s 			page 28


 954 003e 2E       		.uleb128 0x2e
 955 003f 00       		.byte	0
 956 0040 3F       		.uleb128 0x3f
 957 0041 19       		.uleb128 0x19
 958 0042 03       		.uleb128 0x3
 959 0043 0E       		.uleb128 0xe
 960 0044 3A       		.uleb128 0x3a
 961 0045 0B       		.uleb128 0xb
 962 0046 3B       		.uleb128 0x3b
 963 0047 0B       		.uleb128 0xb
 964 0048 27       		.uleb128 0x27
 965 0049 19       		.uleb128 0x19
 966 004a 11       		.uleb128 0x11
 967 004b 01       		.uleb128 0x1
 968 004c 12       		.uleb128 0x12
 969 004d 06       		.uleb128 0x6
 970 004e 40       		.uleb128 0x40
 971 004f 18       		.uleb128 0x18
 972 0050 9742     		.uleb128 0x2117
 973 0052 19       		.uleb128 0x19
 974 0053 00       		.byte	0
 975 0054 00       		.byte	0
 976 0055 07       		.uleb128 0x7
 977 0056 2E       		.uleb128 0x2e
 978 0057 01       		.byte	0x1
 979 0058 3F       		.uleb128 0x3f
 980 0059 19       		.uleb128 0x19
 981 005a 03       		.uleb128 0x3
 982 005b 0E       		.uleb128 0xe
 983 005c 3A       		.uleb128 0x3a
 984 005d 0B       		.uleb128 0xb
 985 005e 3B       		.uleb128 0x3b
 986 005f 0B       		.uleb128 0xb
 987 0060 27       		.uleb128 0x27
 988 0061 19       		.uleb128 0x19
 989 0062 11       		.uleb128 0x11
 990 0063 01       		.uleb128 0x1
 991 0064 12       		.uleb128 0x12
 992 0065 06       		.uleb128 0x6
 993 0066 40       		.uleb128 0x40
 994 0067 18       		.uleb128 0x18
 995 0068 9742     		.uleb128 0x2117
 996 006a 19       		.uleb128 0x19
 997 006b 01       		.uleb128 0x1
 998 006c 13       		.uleb128 0x13
 999 006d 00       		.byte	0
 1000 006e 00       		.byte	0
 1001 006f 08       		.uleb128 0x8
 1002 0070 05       		.uleb128 0x5
 1003 0071 00       		.byte	0
 1004 0072 03       		.uleb128 0x3
 1005 0073 0E       		.uleb128 0xe
 1006 0074 3A       		.uleb128 0x3a
 1007 0075 0B       		.uleb128 0xb
 1008 0076 3B       		.uleb128 0x3b
 1009 0077 0B       		.uleb128 0xb
 1010 0078 49       		.uleb128 0x49
ARM GAS  C:\Users\HENRIC~1\AppData\Local\Temp\ccPJs0uC.s 			page 29


 1011 0079 13       		.uleb128 0x13
 1012 007a 02       		.uleb128 0x2
 1013 007b 18       		.uleb128 0x18
 1014 007c 00       		.byte	0
 1015 007d 00       		.byte	0
 1016 007e 09       		.uleb128 0x9
 1017 007f 2E       		.uleb128 0x2e
 1018 0080 00       		.byte	0
 1019 0081 3F       		.uleb128 0x3f
 1020 0082 19       		.uleb128 0x19
 1021 0083 03       		.uleb128 0x3
 1022 0084 0E       		.uleb128 0xe
 1023 0085 3A       		.uleb128 0x3a
 1024 0086 0B       		.uleb128 0xb
 1025 0087 3B       		.uleb128 0x3b
 1026 0088 05       		.uleb128 0x5
 1027 0089 27       		.uleb128 0x27
 1028 008a 19       		.uleb128 0x19
 1029 008b 49       		.uleb128 0x49
 1030 008c 13       		.uleb128 0x13
 1031 008d 11       		.uleb128 0x11
 1032 008e 01       		.uleb128 0x1
 1033 008f 12       		.uleb128 0x12
 1034 0090 06       		.uleb128 0x6
 1035 0091 40       		.uleb128 0x40
 1036 0092 18       		.uleb128 0x18
 1037 0093 9742     		.uleb128 0x2117
 1038 0095 19       		.uleb128 0x19
 1039 0096 00       		.byte	0
 1040 0097 00       		.byte	0
 1041 0098 0A       		.uleb128 0xa
 1042 0099 2E       		.uleb128 0x2e
 1043 009a 01       		.byte	0x1
 1044 009b 3F       		.uleb128 0x3f
 1045 009c 19       		.uleb128 0x19
 1046 009d 03       		.uleb128 0x3
 1047 009e 0E       		.uleb128 0xe
 1048 009f 3A       		.uleb128 0x3a
 1049 00a0 0B       		.uleb128 0xb
 1050 00a1 3B       		.uleb128 0x3b
 1051 00a2 05       		.uleb128 0x5
 1052 00a3 27       		.uleb128 0x27
 1053 00a4 19       		.uleb128 0x19
 1054 00a5 11       		.uleb128 0x11
 1055 00a6 01       		.uleb128 0x1
 1056 00a7 12       		.uleb128 0x12
 1057 00a8 06       		.uleb128 0x6
 1058 00a9 40       		.uleb128 0x40
 1059 00aa 18       		.uleb128 0x18
 1060 00ab 9742     		.uleb128 0x2117
 1061 00ad 19       		.uleb128 0x19
 1062 00ae 01       		.uleb128 0x1
 1063 00af 13       		.uleb128 0x13
 1064 00b0 00       		.byte	0
 1065 00b1 00       		.byte	0
 1066 00b2 0B       		.uleb128 0xb
 1067 00b3 05       		.uleb128 0x5
ARM GAS  C:\Users\HENRIC~1\AppData\Local\Temp\ccPJs0uC.s 			page 30


 1068 00b4 00       		.byte	0
 1069 00b5 03       		.uleb128 0x3
 1070 00b6 0E       		.uleb128 0xe
 1071 00b7 3A       		.uleb128 0x3a
 1072 00b8 0B       		.uleb128 0xb
 1073 00b9 3B       		.uleb128 0x3b
 1074 00ba 05       		.uleb128 0x5
 1075 00bb 49       		.uleb128 0x49
 1076 00bc 13       		.uleb128 0x13
 1077 00bd 02       		.uleb128 0x2
 1078 00be 18       		.uleb128 0x18
 1079 00bf 00       		.byte	0
 1080 00c0 00       		.byte	0
 1081 00c1 0C       		.uleb128 0xc
 1082 00c2 898201   		.uleb128 0x4109
 1083 00c5 00       		.byte	0
 1084 00c6 11       		.uleb128 0x11
 1085 00c7 01       		.uleb128 0x1
 1086 00c8 31       		.uleb128 0x31
 1087 00c9 13       		.uleb128 0x13
 1088 00ca 00       		.byte	0
 1089 00cb 00       		.byte	0
 1090 00cc 0D       		.uleb128 0xd
 1091 00cd 34       		.uleb128 0x34
 1092 00ce 00       		.byte	0
 1093 00cf 03       		.uleb128 0x3
 1094 00d0 0E       		.uleb128 0xe
 1095 00d1 3A       		.uleb128 0x3a
 1096 00d2 0B       		.uleb128 0xb
 1097 00d3 3B       		.uleb128 0x3b
 1098 00d4 0B       		.uleb128 0xb
 1099 00d5 49       		.uleb128 0x49
 1100 00d6 13       		.uleb128 0x13
 1101 00d7 02       		.uleb128 0x2
 1102 00d8 17       		.uleb128 0x17
 1103 00d9 00       		.byte	0
 1104 00da 00       		.byte	0
 1105 00db 0E       		.uleb128 0xe
 1106 00dc 898201   		.uleb128 0x4109
 1107 00df 01       		.byte	0x1
 1108 00e0 11       		.uleb128 0x11
 1109 00e1 01       		.uleb128 0x1
 1110 00e2 31       		.uleb128 0x31
 1111 00e3 13       		.uleb128 0x13
 1112 00e4 01       		.uleb128 0x1
 1113 00e5 13       		.uleb128 0x13
 1114 00e6 00       		.byte	0
 1115 00e7 00       		.byte	0
 1116 00e8 0F       		.uleb128 0xf
 1117 00e9 8A8201   		.uleb128 0x410a
 1118 00ec 00       		.byte	0
 1119 00ed 02       		.uleb128 0x2
 1120 00ee 18       		.uleb128 0x18
 1121 00ef 9142     		.uleb128 0x2111
 1122 00f1 18       		.uleb128 0x18
 1123 00f2 00       		.byte	0
 1124 00f3 00       		.byte	0
ARM GAS  C:\Users\HENRIC~1\AppData\Local\Temp\ccPJs0uC.s 			page 31


 1125 00f4 10       		.uleb128 0x10
 1126 00f5 34       		.uleb128 0x34
 1127 00f6 00       		.byte	0
 1128 00f7 03       		.uleb128 0x3
 1129 00f8 0E       		.uleb128 0xe
 1130 00f9 3A       		.uleb128 0x3a
 1131 00fa 0B       		.uleb128 0xb
 1132 00fb 3B       		.uleb128 0x3b
 1133 00fc 0B       		.uleb128 0xb
 1134 00fd 49       		.uleb128 0x49
 1135 00fe 13       		.uleb128 0x13
 1136 00ff 3F       		.uleb128 0x3f
 1137 0100 19       		.uleb128 0x19
 1138 0101 02       		.uleb128 0x2
 1139 0102 18       		.uleb128 0x18
 1140 0103 00       		.byte	0
 1141 0104 00       		.byte	0
 1142 0105 11       		.uleb128 0x11
 1143 0106 2E       		.uleb128 0x2e
 1144 0107 00       		.byte	0
 1145 0108 3F       		.uleb128 0x3f
 1146 0109 19       		.uleb128 0x19
 1147 010a 3C       		.uleb128 0x3c
 1148 010b 19       		.uleb128 0x19
 1149 010c 6E       		.uleb128 0x6e
 1150 010d 0E       		.uleb128 0xe
 1151 010e 03       		.uleb128 0x3
 1152 010f 0E       		.uleb128 0xe
 1153 0110 3A       		.uleb128 0x3a
 1154 0111 0B       		.uleb128 0xb
 1155 0112 3B       		.uleb128 0x3b
 1156 0113 0B       		.uleb128 0xb
 1157 0114 00       		.byte	0
 1158 0115 00       		.byte	0
 1159 0116 00       		.byte	0
 1160              		.section	.debug_loc,"",%progbits
 1161              	.Ldebug_loc0:
 1162              	.LLST0:
 1163 0000 0A000000 		.4byte	.LVL7
 1164 0004 0E000000 		.4byte	.LVL8
 1165 0008 0100     		.2byte	0x1
 1166 000a 53       		.byte	0x53
 1167 000b 16000000 		.4byte	.LVL9
 1168 000f 1B000000 		.4byte	.LVL10-1
 1169 0013 0100     		.2byte	0x1
 1170 0015 53       		.byte	0x53
 1171 0016 00000000 		.4byte	0
 1172 001a 00000000 		.4byte	0
 1173              	.LLST1:
 1174 001e 3E000000 		.4byte	.LVL16
 1175 0022 4B000000 		.4byte	.LVL17-1
 1176 0026 0100     		.2byte	0x1
 1177 0028 50       		.byte	0x50
 1178 0029 00000000 		.4byte	0
 1179 002d 00000000 		.4byte	0
 1180              		.section	.debug_aranges,"",%progbits
 1181 0000 94000000 		.4byte	0x94
ARM GAS  C:\Users\HENRIC~1\AppData\Local\Temp\ccPJs0uC.s 			page 32


 1182 0004 0200     		.2byte	0x2
 1183 0006 00000000 		.4byte	.Ldebug_info0
 1184 000a 04       		.byte	0x4
 1185 000b 00       		.byte	0
 1186 000c 0000     		.2byte	0
 1187 000e 0000     		.2byte	0
 1188 0010 00000000 		.4byte	.LFB1
 1189 0014 10000000 		.4byte	.LFE1-.LFB1
 1190 0018 00000000 		.4byte	.LFB3
 1191 001c 10000000 		.4byte	.LFE3-.LFB3
 1192 0020 00000000 		.4byte	.LFB4
 1193 0024 0C000000 		.4byte	.LFE4-.LFB4
 1194 0028 00000000 		.4byte	.LFB5
 1195 002c 0C000000 		.4byte	.LFE5-.LFB5
 1196 0030 00000000 		.4byte	.LFB6
 1197 0034 0C000000 		.4byte	.LFE6-.LFB6
 1198 0038 00000000 		.4byte	.LFB7
 1199 003c 0C000000 		.4byte	.LFE7-.LFB7
 1200 0040 00000000 		.4byte	.LFB8
 1201 0044 0C000000 		.4byte	.LFE8-.LFB8
 1202 0048 00000000 		.4byte	.LFB9
 1203 004c 14000000 		.4byte	.LFE9-.LFB9
 1204 0050 00000000 		.4byte	.LFB10
 1205 0054 0C000000 		.4byte	.LFE10-.LFB10
 1206 0058 00000000 		.4byte	.LFB11
 1207 005c 0C000000 		.4byte	.LFE11-.LFB11
 1208 0060 00000000 		.4byte	.LFB12
 1209 0064 0C000000 		.4byte	.LFE12-.LFB12
 1210 0068 00000000 		.4byte	.LFB13
 1211 006c 0C000000 		.4byte	.LFE13-.LFB13
 1212 0070 00000000 		.4byte	.LFB14
 1213 0074 0C000000 		.4byte	.LFE14-.LFB14
 1214 0078 00000000 		.4byte	.LFB15
 1215 007c 14000000 		.4byte	.LFE15-.LFB15
 1216 0080 00000000 		.4byte	.LFB0
 1217 0084 58000000 		.4byte	.LFE0-.LFB0
 1218 0088 00000000 		.4byte	.LFB2
 1219 008c 1C000000 		.4byte	.LFE2-.LFB2
 1220 0090 00000000 		.4byte	0
 1221 0094 00000000 		.4byte	0
 1222              		.section	.debug_ranges,"",%progbits
 1223              	.Ldebug_ranges0:
 1224 0000 00000000 		.4byte	.LFB1
 1225 0004 10000000 		.4byte	.LFE1
 1226 0008 00000000 		.4byte	.LFB3
 1227 000c 10000000 		.4byte	.LFE3
 1228 0010 00000000 		.4byte	.LFB4
 1229 0014 0C000000 		.4byte	.LFE4
 1230 0018 00000000 		.4byte	.LFB5
 1231 001c 0C000000 		.4byte	.LFE5
 1232 0020 00000000 		.4byte	.LFB6
 1233 0024 0C000000 		.4byte	.LFE6
 1234 0028 00000000 		.4byte	.LFB7
 1235 002c 0C000000 		.4byte	.LFE7
 1236 0030 00000000 		.4byte	.LFB8
 1237 0034 0C000000 		.4byte	.LFE8
 1238 0038 00000000 		.4byte	.LFB9
ARM GAS  C:\Users\HENRIC~1\AppData\Local\Temp\ccPJs0uC.s 			page 33


 1239 003c 14000000 		.4byte	.LFE9
 1240 0040 00000000 		.4byte	.LFB10
 1241 0044 0C000000 		.4byte	.LFE10
 1242 0048 00000000 		.4byte	.LFB11
 1243 004c 0C000000 		.4byte	.LFE11
 1244 0050 00000000 		.4byte	.LFB12
 1245 0054 0C000000 		.4byte	.LFE12
 1246 0058 00000000 		.4byte	.LFB13
 1247 005c 0C000000 		.4byte	.LFE13
 1248 0060 00000000 		.4byte	.LFB14
 1249 0064 0C000000 		.4byte	.LFE14
 1250 0068 00000000 		.4byte	.LFB15
 1251 006c 14000000 		.4byte	.LFE15
 1252 0070 00000000 		.4byte	.LFB0
 1253 0074 58000000 		.4byte	.LFE0
 1254 0078 00000000 		.4byte	.LFB2
 1255 007c 1C000000 		.4byte	.LFE2
 1256 0080 00000000 		.4byte	0
 1257 0084 00000000 		.4byte	0
 1258              		.section	.debug_line,"",%progbits
 1259              	.Ldebug_line0:
 1260 0000 82010000 		.section	.debug_str,"MS",%progbits,1
 1260      02004E00 
 1260      00000201 
 1260      FB0E0D00 
 1260      01010101 
 1261              	.LASF15:
 1262 0000 72656731 		.ascii	"reg16\000"
 1262      3600
 1263              	.LASF37:
 1264 0006 546F6E65 		.ascii	"Tone_C_Init\000"
 1264      5F435F49 
 1264      6E697400 
 1265              	.LASF20:
 1266 0012 546F6E65 		.ascii	"Tone_C_ReadStatusRegister\000"
 1266      5F435F52 
 1266      65616453 
 1266      74617475 
 1266      73526567 
 1267              	.LASF3:
 1268 002c 73686F72 		.ascii	"short unsigned int\000"
 1268      7420756E 
 1268      7369676E 
 1268      65642069 
 1268      6E7400
 1269              	.LASF22:
 1270 003f 546F6E65 		.ascii	"Tone_C_SetInterruptMode\000"
 1270      5F435F53 
 1270      6574496E 
 1270      74657272 
 1270      7570744D 
 1271              	.LASF35:
 1272 0057 546F6E65 		.ascii	"Tone_C_ReadCompare\000"
 1272      5F435F52 
 1272      65616443 
 1272      6F6D7061 
 1272      726500
ARM GAS  C:\Users\HENRIC~1\AppData\Local\Temp\ccPJs0uC.s 			page 34


 1273              	.LASF11:
 1274 006a 666C6F61 		.ascii	"float\000"
 1274      7400
 1275              	.LASF27:
 1276 0070 636F756E 		.ascii	"counter\000"
 1276      74657200 
 1277              	.LASF7:
 1278 0078 6C6F6E67 		.ascii	"long long unsigned int\000"
 1278      206C6F6E 
 1278      6720756E 
 1278      7369676E 
 1278      65642069 
 1279              	.LASF1:
 1280 008f 756E7369 		.ascii	"unsigned char\000"
 1280      676E6564 
 1280      20636861 
 1280      7200
 1281              	.LASF43:
 1282 009d 474E5520 		.ascii	"GNU C11 5.4.1 20160609 (release) [ARM/embedded-5-br"
 1282      43313120 
 1282      352E342E 
 1282      31203230 
 1282      31363036 
 1283 00d0 616E6368 		.ascii	"anch revision 237715] -mcpu=cortex-m3 -mthumb -g -O"
 1283      20726576 
 1283      6973696F 
 1283      6E203233 
 1283      37373135 
 1284 0103 67202D66 		.ascii	"g -ffunction-sections -ffat-lto-objects\000"
 1284      66756E63 
 1284      74696F6E 
 1284      2D736563 
 1284      74696F6E 
 1285              	.LASF39:
 1286 012b 546F6E65 		.ascii	"Tone_C_interruptState\000"
 1286      5F435F69 
 1286      6E746572 
 1286      72757074 
 1286      53746174 
 1287              	.LASF14:
 1288 0141 72656738 		.ascii	"reg8\000"
 1288      00
 1289              	.LASF32:
 1290 0146 546F6E65 		.ascii	"Tone_C_ReadPeriod\000"
 1290      5F435F52 
 1290      65616450 
 1290      6572696F 
 1290      6400
 1291              	.LASF5:
 1292 0158 6C6F6E67 		.ascii	"long unsigned int\000"
 1292      20756E73 
 1292      69676E65 
 1292      6420696E 
 1292      7400
 1293              	.LASF9:
 1294 016a 75696E74 		.ascii	"uint8\000"
 1294      3800
ARM GAS  C:\Users\HENRIC~1\AppData\Local\Temp\ccPJs0uC.s 			page 35


 1295              	.LASF25:
 1296 0170 636F6E74 		.ascii	"control\000"
 1296      726F6C00 
 1297              	.LASF24:
 1298 0178 696E7465 		.ascii	"interruptsMask\000"
 1298      72727570 
 1298      74734D61 
 1298      736B00
 1299              	.LASF12:
 1300 0187 646F7562 		.ascii	"double\000"
 1300      6C6500
 1301              	.LASF19:
 1302 018e 546F6E65 		.ascii	"Tone_C_Stop\000"
 1302      5F435F53 
 1302      746F7000 
 1303              	.LASF21:
 1304 019a 546F6E65 		.ascii	"Tone_C_ReadControlRegister\000"
 1304      5F435F52 
 1304      65616443 
 1304      6F6E7472 
 1304      6F6C5265 
 1305              	.LASF10:
 1306 01b5 75696E74 		.ascii	"uint16\000"
 1306      313600
 1307              	.LASF41:
 1308 01bc 4379456E 		.ascii	"CyEnterCriticalSection\000"
 1308      74657243 
 1308      72697469 
 1308      63616C53 
 1308      65637469 
 1309              	.LASF18:
 1310 01d3 546F6E65 		.ascii	"Tone_C_Enable\000"
 1310      5F435F45 
 1310      6E61626C 
 1310      6500
 1311              	.LASF8:
 1312 01e1 756E7369 		.ascii	"unsigned int\000"
 1312      676E6564 
 1312      20696E74 
 1312      00
 1313              	.LASF36:
 1314 01ee 546F6E65 		.ascii	"Tone_C_ClearFIFO\000"
 1314      5F435F43 
 1314      6C656172 
 1314      4649464F 
 1314      00
 1315              	.LASF42:
 1316 01ff 43794578 		.ascii	"CyExitCriticalSection\000"
 1316      69744372 
 1316      69746963 
 1316      616C5365 
 1316      6374696F 
 1317              	.LASF23:
 1318 0215 546F6E65 		.ascii	"Tone_C_WriteControlRegister\000"
 1318      5F435F57 
 1318      72697465 
 1318      436F6E74 
ARM GAS  C:\Users\HENRIC~1\AppData\Local\Temp\ccPJs0uC.s 			page 36


 1318      726F6C52 
 1319              	.LASF31:
 1320 0231 70657269 		.ascii	"period\000"
 1320      6F6400
 1321              	.LASF38:
 1322 0238 6374726C 		.ascii	"ctrl\000"
 1322      00
 1323              	.LASF17:
 1324 023d 73697A65 		.ascii	"sizetype\000"
 1324      74797065 
 1324      00
 1325              	.LASF6:
 1326 0246 6C6F6E67 		.ascii	"long long int\000"
 1326      206C6F6E 
 1326      6720696E 
 1326      7400
 1327              	.LASF40:
 1328 0254 546F6E65 		.ascii	"Tone_C_Start\000"
 1328      5F435F53 
 1328      74617274 
 1328      00
 1329              	.LASF45:
 1330 0261 433A5C55 		.ascii	"C:\\Users\\henrichsc\\Desktop\\School\\Senior_year\\"
 1330      73657273 
 1330      5C68656E 
 1330      72696368 
 1330      73635C44 
 1331 028f 66616C6C 		.ascii	"fall\\CE4920\\lab\\project1.cydsn\000"
 1331      5C434534 
 1331      3932305C 
 1331      6C61625C 
 1331      70726F6A 
 1332              	.LASF13:
 1333 02ae 63686172 		.ascii	"char\000"
 1333      00
 1334              	.LASF30:
 1335 02b3 546F6E65 		.ascii	"Tone_C_WritePeriod\000"
 1335      5F435F57 
 1335      72697465 
 1335      50657269 
 1335      6F6400
 1336              	.LASF33:
 1337 02c6 546F6E65 		.ascii	"Tone_C_WriteCompare\000"
 1337      5F435F57 
 1337      72697465 
 1337      436F6D70 
 1337      61726500 
 1338              	.LASF2:
 1339 02da 73686F72 		.ascii	"short int\000"
 1339      7420696E 
 1339      7400
 1340              	.LASF46:
 1341 02e4 546F6E65 		.ascii	"Tone_C_initVar\000"
 1341      5F435F69 
 1341      6E697456 
 1341      617200
 1342              	.LASF26:
ARM GAS  C:\Users\HENRIC~1\AppData\Local\Temp\ccPJs0uC.s 			page 37


 1343 02f3 546F6E65 		.ascii	"Tone_C_WriteCounter\000"
 1343      5F435F57 
 1343      72697465 
 1343      436F756E 
 1343      74657200 
 1344              	.LASF4:
 1345 0307 6C6F6E67 		.ascii	"long int\000"
 1345      20696E74 
 1345      00
 1346              	.LASF44:
 1347 0310 47656E65 		.ascii	"Generated_Source\\PSoC5\\Tone_C.c\000"
 1347      72617465 
 1347      645F536F 
 1347      75726365 
 1347      5C50536F 
 1348              	.LASF16:
 1349 0330 6C6F6E67 		.ascii	"long double\000"
 1349      20646F75 
 1349      626C6500 
 1350              	.LASF0:
 1351 033c 7369676E 		.ascii	"signed char\000"
 1351      65642063 
 1351      68617200 
 1352              	.LASF34:
 1353 0348 636F6D70 		.ascii	"compare\000"
 1353      61726500 
 1354              	.LASF29:
 1355 0350 546F6E65 		.ascii	"Tone_C_ReadCapture\000"
 1355      5F435F52 
 1355      65616443 
 1355      61707475 
 1355      726500
 1356              	.LASF28:
 1357 0363 546F6E65 		.ascii	"Tone_C_ReadCounter\000"
 1357      5F435F52 
 1357      65616443 
 1357      6F756E74 
 1357      657200
 1358              		.ident	"GCC: (GNU Tools for ARM Embedded Processors) 5.4.1 20160609 (release) [ARM/embedded-5-bran
