ARM GAS  C:\Users\HENRIC~1\AppData\Local\Temp\cc2ZNlgW.s 			page 1


   1              		.syntax unified
   2              		.cpu cortex-m3
   3              		.fpu softvfp
   4              		.eabi_attribute 20, 1
   5              		.eabi_attribute 21, 1
   6              		.eabi_attribute 23, 3
   7              		.eabi_attribute 24, 1
   8              		.eabi_attribute 25, 1
   9              		.eabi_attribute 26, 1
  10              		.eabi_attribute 30, 1
  11              		.eabi_attribute 34, 1
  12              		.eabi_attribute 18, 4
  13              		.thumb
  14              		.syntax unified
  15              		.file	"Heartbeat.c"
  16              		.text
  17              	.Ltext0:
  18              		.cfi_sections	.debug_frame
  19              		.global	__aeabi_i2f
  20              		.global	__aeabi_fcmpgt
  21              		.global	__aeabi_f2uiz
  22              		.section	.text.comp_isr,"ax",%progbits
  23              		.align	2
  24              		.global	comp_isr
  25              		.thumb
  26              		.thumb_func
  27              		.type	comp_isr, %function
  28              	comp_isr:
  29              	.LFB68:
  30              		.file 1 "Heartbeat.c"
   1:Heartbeat.c   **** /**
   2:Heartbeat.c   ****  * Heartbeat
   3:Heartbeat.c   ****  * @author Curt Henrichs
   4:Heartbeat.c   ****  * @date 9-17-17
   5:Heartbeat.c   ****  *
   6:Heartbeat.c   ****  * Heartbeat module is a software module tasked with collecting heartbeat
   7:Heartbeat.c   ****  * rate from the user for the treadmill application. Heartbeat module operates
   8:Heartbeat.c   ****  * via interrupts. Interrupts are on ADC (for waveform recreation), on counter
   9:Heartbeat.c   ****  * (for overflow, signalling no pulse), and on an analog comparator (to detect
  10:Heartbeat.c   ****  * heartbeat peak and therefore measure frequency).
  11:Heartbeat.c   ****  */
  12:Heartbeat.c   **** 
  13:Heartbeat.c   **** //=============================================================================
  14:Heartbeat.c   **** //                                  Libraries
  15:Heartbeat.c   **** //=============================================================================
  16:Heartbeat.c   ****    
  17:Heartbeat.c   **** #include "Heartbeat.h"
  18:Heartbeat.c   **** #include <project.h>
  19:Heartbeat.c   **** #include "RunningAverage.h"
  20:Heartbeat.c   **** 
  21:Heartbeat.c   **** //=============================================================================
  22:Heartbeat.c   **** //                        Constant and Macro Defintions
  23:Heartbeat.c   **** //=============================================================================
  24:Heartbeat.c   **** 
  25:Heartbeat.c   **** #define HB_MUX_INTERNAL_CH 0 //! Heartbeat internal channel connected to DAC
  26:Heartbeat.c   **** 
  27:Heartbeat.c   **** #define HB_MUX_EXTERNAL_CH 1 //! Heartbeat external channel connected to pin
ARM GAS  C:\Users\HENRIC~1\AppData\Local\Temp\cc2ZNlgW.s 			page 2


  28:Heartbeat.c   **** 
  29:Heartbeat.c   **** #define HB_COMP_HEARTBEAT_THRESHOLD_VALUE 100 //! DAC value for comparator
  30:Heartbeat.c   **** 
  31:Heartbeat.c   **** #define HEARTBEAT_FILTER_SIZE 8 //! Filter bins for running average
  32:Heartbeat.c   **** 
  33:Heartbeat.c   **** #define MAX_POSSIBLE_HEARTBEAT 300 //! Highest heartbeat allowed, else zero
  34:Heartbeat.c   **** 
  35:Heartbeat.c   **** //=============================================================================
  36:Heartbeat.c   **** //                             Private Attributes
  37:Heartbeat.c   **** //=============================================================================
  38:Heartbeat.c   **** 
  39:Heartbeat.c   **** /**
  40:Heartbeat.c   ****  * FIR filter of BPM to remove noise in measurement
  41:Heartbeat.c   ****  */
  42:Heartbeat.c   **** static volatile Running_Average_t _filter;
  43:Heartbeat.c   **** 
  44:Heartbeat.c   **** static volatile bool _use_led_state = false;
  45:Heartbeat.c   **** 
  46:Heartbeat.c   **** //=============================================================================
  47:Heartbeat.c   **** //                         Interrupt Handler Prototypes
  48:Heartbeat.c   **** //=============================================================================
  49:Heartbeat.c   **** 
  50:Heartbeat.c   **** /**
  51:Heartbeat.c   ****  * Comparator ISR is triggered on rising edge of peak detection. Responsible
  52:Heartbeat.c   ****  * for calculating current beats per minute and storing that result into
  53:Heartbeat.c   ****  * running average. Resets counter to zero for next comparison.
  54:Heartbeat.c   ****  */
  55:Heartbeat.c   **** CY_ISR_PROTO(comp_isr);
  56:Heartbeat.c   **** /**
  57:Heartbeat.c   ****  * ADC EOC ISR is triggered on end of conversion event. Responsible for reading
  58:Heartbeat.c   ****  * result from ADC, scaling it, and recreating it on the DAC.
  59:Heartbeat.c   ****  */
  60:Heartbeat.c   **** CY_ISR_PROTO(ADC_EOC_isr);
  61:Heartbeat.c   **** /**
  62:Heartbeat.c   ****  * Counter overflow ISR is triggered when counter register overflows. This
  63:Heartbeat.c   ****  * interrupt is a fail-safe to record zero heartbeat. 
  64:Heartbeat.c   ****  */
  65:Heartbeat.c   **** CY_ISR_PROTO(counter_overflow_isr);
  66:Heartbeat.c   **** 
  67:Heartbeat.c   **** //=============================================================================
  68:Heartbeat.c   **** //                         Public Function Implementation
  69:Heartbeat.c   **** //=============================================================================
  70:Heartbeat.c   ****   
  71:Heartbeat.c   **** /**
  72:Heartbeat.c   ****  * Heartbeat module intialization function will start all module hardware and
  73:Heartbeat.c   ****  * intialize all private attributes. This module is entirely driven by
  74:Heartbeat.c   ****  * interrupts so it is crucial that global interrupts are enabled.
  75:Heartbeat.c   ****  * @param source is the heartbeat input source for analog MUX channel select
  76:Heartbeat.c   ****  */
  77:Heartbeat.c   **** void heartbeat_init(Heartbeat_Source_e source){
  78:Heartbeat.c   ****     
  79:Heartbeat.c   ****     //initalize attributes
  80:Heartbeat.c   ****     running_average_init((Running_Average_t*)(&_filter),HEARTBEAT_FILTER_SIZE);
  81:Heartbeat.c   ****     
  82:Heartbeat.c   ****     //start analog output hardware
  83:Heartbeat.c   ****     HB_Comp_Neg_DAC_Start();
  84:Heartbeat.c   ****     HB_Comp_Neg_DAC_SetValue(HB_COMP_HEARTBEAT_THRESHOLD_VALUE);
ARM GAS  C:\Users\HENRIC~1\AppData\Local\Temp\cc2ZNlgW.s 			page 3


  85:Heartbeat.c   ****     HB_DAC_Start();
  86:Heartbeat.c   ****     HB_DAC_SetValue(0);
  87:Heartbeat.c   ****     
  88:Heartbeat.c   ****     //start analog input hardware
  89:Heartbeat.c   ****     HB_ADC_Start();
  90:Heartbeat.c   ****     HB_ADC_StartConvert();
  91:Heartbeat.c   ****     HB_ADC_IRQ_Enable();
  92:Heartbeat.c   ****     HB_Comp_Start();
  93:Heartbeat.c   ****     HB_Counter_Start();
  94:Heartbeat.c   ****     
  95:Heartbeat.c   ****     //select source and start
  96:Heartbeat.c   ****     HB_MUX_Start();
  97:Heartbeat.c   ****     HB_PGA_Start();
  98:Heartbeat.c   ****     if(source == HEARTBEAT_SOURCE_INTERNAL){
  99:Heartbeat.c   ****         //internal state
 100:Heartbeat.c   ****         I_HB_Start();
 101:Heartbeat.c   ****         HB_MUX_FastSelect(HB_MUX_INTERNAL_CH);
 102:Heartbeat.c   ****     }else if(source == HEARTBEAT_SOURCE_EXTERNAL){
 103:Heartbeat.c   ****         //external state
 104:Heartbeat.c   ****         HB_MUX_FastSelect(HB_MUX_EXTERNAL_CH);
 105:Heartbeat.c   ****     }else{
 106:Heartbeat.c   ****         //off state uses turned off DAC for 0V input
 107:Heartbeat.c   ****         HB_MUX_FastSelect(HB_MUX_INTERNAL_CH);
 108:Heartbeat.c   ****     }
 109:Heartbeat.c   ****     
 110:Heartbeat.c   ****     //start interrupts
 111:Heartbeat.c   ****     HB_ADC_IRQ_StartEx(ADC_EOC_isr);
 112:Heartbeat.c   ****     HB_Comp_Int_StartEx(comp_isr);
 113:Heartbeat.c   ****     HB_Overflow_Int_StartEx(counter_overflow_isr);
 114:Heartbeat.c   **** }
 115:Heartbeat.c   **** 
 116:Heartbeat.c   **** /**
 117:Heartbeat.c   ****  * @return heartbeat beats per minute as standard measure of user's heartrate
 118:Heartbeat.c   ****  */
 119:Heartbeat.c   **** uint16_t heartbeat_get_bpm(void){
 120:Heartbeat.c   ****     return running_average_result((Running_Average_t*)(&_filter));
 121:Heartbeat.c   **** }
 122:Heartbeat.c   **** 
 123:Heartbeat.c   **** /**
 124:Heartbeat.c   ****  * Clears the previous heartbeat data, thereby reseting the module
 125:Heartbeat.c   ****  * Note hardware is not modified.
 126:Heartbeat.c   ****  */
 127:Heartbeat.c   **** void heartbeat_clear(void){
 128:Heartbeat.c   ****     running_average_clear((Running_Average_t*)(&_filter));
 129:Heartbeat.c   **** }
 130:Heartbeat.c   **** 
 131:Heartbeat.c   **** /**
 132:Heartbeat.c   ****  * Sets the use LED flag so that heartbeat is pulsed out
 133:Heartbeat.c   ****  * @param state, true if activate LED heartbeat, false if disable
 134:Heartbeat.c   ****  */
 135:Heartbeat.c   **** void heartbeat_set_use_LED(bool state){
 136:Heartbeat.c   ****     _use_led_state = state;
 137:Heartbeat.c   ****     if(!_use_led_state){
 138:Heartbeat.c   ****         LED_Write(0);     
 139:Heartbeat.c   ****     }
 140:Heartbeat.c   **** }
 141:Heartbeat.c   **** 
ARM GAS  C:\Users\HENRIC~1\AppData\Local\Temp\cc2ZNlgW.s 			page 4


 142:Heartbeat.c   **** /**
 143:Heartbeat.c   ****  * @return gets the use LED flag state. true if using, false if disabled
 144:Heartbeat.c   ****  */
 145:Heartbeat.c   **** bool heartbeat_get_use_LED(void){
 146:Heartbeat.c   ****     return _use_led_state;
 147:Heartbeat.c   **** }
 148:Heartbeat.c   ****     
 149:Heartbeat.c   **** //=============================================================================
 150:Heartbeat.c   **** //                       Interrupt Handler Implementation
 151:Heartbeat.c   **** //=============================================================================
 152:Heartbeat.c   **** 
 153:Heartbeat.c   **** /**
 154:Heartbeat.c   ****  * Comparator ISR is triggered on rising edge of peak detection. Responsible
 155:Heartbeat.c   ****  * for calculating current beats per minute and storing that result into
 156:Heartbeat.c   ****  * running average. Resets counter to zero for next comparison.
 157:Heartbeat.c   ****  */
 158:Heartbeat.c   **** CY_ISR(comp_isr){
  31              		.loc 1 158 0
  32              		.cfi_startproc
  33              		@ args = 0, pretend = 0, frame = 0
  34              		@ frame_needed = 0, uses_anonymous_args = 0
  35 0000 10B5     		push	{r4, lr}
  36              		.cfi_def_cfa_offset 8
  37              		.cfi_offset 4, -8
  38              		.cfi_offset 14, -4
 159:Heartbeat.c   ****     //calculate the new heartrate in BPM
 160:Heartbeat.c   ****     uint16_t count = HB_Counter_ReadCounter(); //count is ms between peaks
  39              		.loc 1 160 0
  40 0002 FFF7FEFF 		bl	HB_Counter_ReadCounter
  41              	.LVL0:
 161:Heartbeat.c   ****     float bpm = 60000 / ((count > 0) ? (count) : (1)); // in BPM
  42              		.loc 1 161 0
  43 0006 40B1     		cbz	r0, .L6
  44 0008 0346     		mov	r3, r0
  45              		.loc 1 161 0 is_stmt 0 discriminator 1
  46 000a 4EF66020 		movw	r0, #60000
  47              	.LVL1:
  48 000e 90FBF3F0 		sdiv	r0, r0, r3
  49 0012 FFF7FEFF 		bl	__aeabi_i2f
  50              	.LVL2:
  51 0016 0446     		mov	r4, r0
  52 0018 00E0     		b	.L2
  53              	.LVL3:
  54              	.L6:
  55              		.loc 1 161 0
  56 001a 104C     		ldr	r4, .L9
  57              	.LVL4:
  58              	.L2:
 162:Heartbeat.c   ****     bpm = (bpm > MAX_POSSIBLE_HEARTBEAT) ? (0) : (bpm);
  59              		.loc 1 162 0 is_stmt 1 discriminator 4
  60 001c 1049     		ldr	r1, .L9+4
  61 001e 2046     		mov	r0, r4
  62 0020 FFF7FEFF 		bl	__aeabi_fcmpgt
  63              	.LVL5:
  64 0024 00B1     		cbz	r0, .L3
  65              		.loc 1 162 0 is_stmt 0
  66 0026 0024     		movs	r4, #0
ARM GAS  C:\Users\HENRIC~1\AppData\Local\Temp\cc2ZNlgW.s 			page 5


  67              	.LVL6:
  68              	.L3:
 163:Heartbeat.c   ****     running_average_update((Running_Average_t*)(&_filter),(uint16_t)(bpm));
  69              		.loc 1 163 0 is_stmt 1 discriminator 4
  70 0028 2046     		mov	r0, r4
  71 002a FFF7FEFF 		bl	__aeabi_f2uiz
  72              	.LVL7:
  73 002e 0D4C     		ldr	r4, .L9+8
  74              	.LVL8:
  75 0030 81B2     		uxth	r1, r0
  76 0032 2046     		mov	r0, r4
  77 0034 FFF7FEFF 		bl	running_average_update
  78              	.LVL9:
 164:Heartbeat.c   ****     
 165:Heartbeat.c   ****     //clear source of interrupt
 166:Heartbeat.c   ****     HB_Counter_WriteCounter(0);
  79              		.loc 1 166 0 discriminator 4
  80 0038 0020     		movs	r0, #0
  81 003a FFF7FEFF 		bl	HB_Counter_WriteCounter
  82              	.LVL10:
 167:Heartbeat.c   ****     HB_Comp_Int_ClearPending();
  83              		.loc 1 167 0 discriminator 4
  84 003e FFF7FEFF 		bl	HB_Comp_Int_ClearPending
  85              	.LVL11:
 168:Heartbeat.c   ****     
 169:Heartbeat.c   ****     //pulse LED to simulate heartbeat
 170:Heartbeat.c   ****     if(_use_led_state){
  86              		.loc 1 170 0 discriminator 4
  87 0042 237A     		ldrb	r3, [r4, #8]	@ zero_extendqisi2
  88 0044 13F0FF0F 		tst	r3, #255
  89 0048 06D0     		beq	.L1
 171:Heartbeat.c   ****         LED_Write(!LED_Read());
  90              		.loc 1 171 0
  91 004a FFF7FEFF 		bl	LED_Read
  92              	.LVL12:
  93 004e B0FA80F0 		clz	r0, r0
  94 0052 4009     		lsrs	r0, r0, #5
  95 0054 FFF7FEFF 		bl	LED_Write
  96              	.LVL13:
  97              	.L1:
  98 0058 10BD     		pop	{r4, pc}
  99              	.L10:
 100 005a 00BF     		.align	2
 101              	.L9:
 102 005c 00606A47 		.word	1198153728
 103 0060 00009643 		.word	1133903872
 104 0064 00000000 		.word	.LANCHOR0
 105              		.cfi_endproc
 106              	.LFE68:
 107              		.size	comp_isr, .-comp_isr
 108              		.section	.text.ADC_EOC_isr,"ax",%progbits
 109              		.align	2
 110              		.global	ADC_EOC_isr
 111              		.thumb
 112              		.thumb_func
 113              		.type	ADC_EOC_isr, %function
 114              	ADC_EOC_isr:
ARM GAS  C:\Users\HENRIC~1\AppData\Local\Temp\cc2ZNlgW.s 			page 6


 115              	.LFB69:
 172:Heartbeat.c   ****     }
 173:Heartbeat.c   **** }
 174:Heartbeat.c   **** 
 175:Heartbeat.c   **** /**
 176:Heartbeat.c   ****  * ADC EOC ISR is triggered on end of conversion event. Responsible for reading
 177:Heartbeat.c   ****  * result from ADC, scaling it, and recreating it on the DAC.
 178:Heartbeat.c   ****  */
 179:Heartbeat.c   **** CY_ISR(ADC_EOC_isr){
 116              		.loc 1 179 0
 117              		.cfi_startproc
 118              		@ args = 0, pretend = 0, frame = 0
 119              		@ frame_needed = 0, uses_anonymous_args = 0
 120 0000 08B5     		push	{r3, lr}
 121              		.cfi_def_cfa_offset 8
 122              		.cfi_offset 3, -8
 123              		.cfi_offset 14, -4
 180:Heartbeat.c   ****     //get value and clear interrupt source
 181:Heartbeat.c   ****     uint8_t adc_val = HB_ADC_GetResult8();
 124              		.loc 1 181 0
 125 0002 FFF7FEFF 		bl	HB_ADC_GetResult8
 126              	.LVL14:
 182:Heartbeat.c   ****     
 183:Heartbeat.c   ****     //send DAC new value
 184:Heartbeat.c   ****     HB_DAC_SetValue(adc_val);
 127              		.loc 1 184 0
 128 0006 C0B2     		uxtb	r0, r0
 129 0008 FFF7FEFF 		bl	HB_DAC_SetValue
 130              	.LVL15:
 185:Heartbeat.c   ****     HB_ADC_IRQ_ClearPending();
 131              		.loc 1 185 0
 132 000c FFF7FEFF 		bl	HB_ADC_IRQ_ClearPending
 133              	.LVL16:
 134 0010 08BD     		pop	{r3, pc}
 135              		.cfi_endproc
 136              	.LFE69:
 137              		.size	ADC_EOC_isr, .-ADC_EOC_isr
 138 0012 00BF     		.section	.text.counter_overflow_isr,"ax",%progbits
 139              		.align	2
 140              		.global	counter_overflow_isr
 141              		.thumb
 142              		.thumb_func
 143              		.type	counter_overflow_isr, %function
 144              	counter_overflow_isr:
 145              	.LFB70:
 186:Heartbeat.c   **** }
 187:Heartbeat.c   **** 
 188:Heartbeat.c   **** /**
 189:Heartbeat.c   ****  * Counter overflow ISR is triggered when counter register overflows. This
 190:Heartbeat.c   ****  * interrupt is a fail-safe to record zero heartbeat. 
 191:Heartbeat.c   ****  */
 192:Heartbeat.c   **** CY_ISR(counter_overflow_isr){
 146              		.loc 1 192 0
 147              		.cfi_startproc
 148              		@ args = 0, pretend = 0, frame = 0
 149              		@ frame_needed = 0, uses_anonymous_args = 0
 150 0000 08B5     		push	{r3, lr}
ARM GAS  C:\Users\HENRIC~1\AppData\Local\Temp\cc2ZNlgW.s 			page 7


 151              		.cfi_def_cfa_offset 8
 152              		.cfi_offset 3, -8
 153              		.cfi_offset 14, -4
 193:Heartbeat.c   ****     //store zero to heartbeat
 194:Heartbeat.c   ****     running_average_clear((Running_Average_t*)(&_filter));
 154              		.loc 1 194 0
 155 0002 0448     		ldr	r0, .L15
 156 0004 FFF7FEFF 		bl	running_average_clear
 157              	.LVL17:
 195:Heartbeat.c   ****     
 196:Heartbeat.c   ****     //clear source of interrupt
 197:Heartbeat.c   ****     HB_Counter_ReadStatusRegister();
 158              		.loc 1 197 0
 159 0008 FFF7FEFF 		bl	HB_Counter_ReadStatusRegister
 160              	.LVL18:
 198:Heartbeat.c   ****     HB_Overflow_Int_ClearPending(); 
 161              		.loc 1 198 0
 162 000c FFF7FEFF 		bl	HB_Overflow_Int_ClearPending
 163              	.LVL19:
 164 0010 08BD     		pop	{r3, pc}
 165              	.L16:
 166 0012 00BF     		.align	2
 167              	.L15:
 168 0014 00000000 		.word	.LANCHOR0
 169              		.cfi_endproc
 170              	.LFE70:
 171              		.size	counter_overflow_isr, .-counter_overflow_isr
 172              		.section	.text.heartbeat_init,"ax",%progbits
 173              		.align	2
 174              		.global	heartbeat_init
 175              		.thumb
 176              		.thumb_func
 177              		.type	heartbeat_init, %function
 178              	heartbeat_init:
 179              	.LFB63:
  77:Heartbeat.c   ****     
 180              		.loc 1 77 0
 181              		.cfi_startproc
 182              		@ args = 0, pretend = 0, frame = 0
 183              		@ frame_needed = 0, uses_anonymous_args = 0
 184              	.LVL20:
 185 0000 10B5     		push	{r4, lr}
 186              		.cfi_def_cfa_offset 8
 187              		.cfi_offset 4, -8
 188              		.cfi_offset 14, -4
 189 0002 0446     		mov	r4, r0
  80:Heartbeat.c   ****     
 190              		.loc 1 80 0
 191 0004 0821     		movs	r1, #8
 192 0006 1B48     		ldr	r0, .L22
 193              	.LVL21:
 194 0008 FFF7FEFF 		bl	running_average_init
 195              	.LVL22:
  83:Heartbeat.c   ****     HB_Comp_Neg_DAC_SetValue(HB_COMP_HEARTBEAT_THRESHOLD_VALUE);
 196              		.loc 1 83 0
 197 000c FFF7FEFF 		bl	HB_Comp_Neg_DAC_Start
 198              	.LVL23:
ARM GAS  C:\Users\HENRIC~1\AppData\Local\Temp\cc2ZNlgW.s 			page 8


  84:Heartbeat.c   ****     HB_DAC_Start();
 199              		.loc 1 84 0
 200 0010 6420     		movs	r0, #100
 201 0012 FFF7FEFF 		bl	HB_Comp_Neg_DAC_SetValue
 202              	.LVL24:
  85:Heartbeat.c   ****     HB_DAC_SetValue(0);
 203              		.loc 1 85 0
 204 0016 FFF7FEFF 		bl	HB_DAC_Start
 205              	.LVL25:
  86:Heartbeat.c   ****     
 206              		.loc 1 86 0
 207 001a 0020     		movs	r0, #0
 208 001c FFF7FEFF 		bl	HB_DAC_SetValue
 209              	.LVL26:
  89:Heartbeat.c   ****     HB_ADC_StartConvert();
 210              		.loc 1 89 0
 211 0020 FFF7FEFF 		bl	HB_ADC_Start
 212              	.LVL27:
  90:Heartbeat.c   ****     HB_ADC_IRQ_Enable();
 213              		.loc 1 90 0
 214 0024 FFF7FEFF 		bl	HB_ADC_StartConvert
 215              	.LVL28:
  91:Heartbeat.c   ****     HB_Comp_Start();
 216              		.loc 1 91 0
 217 0028 FFF7FEFF 		bl	HB_ADC_IRQ_Enable
 218              	.LVL29:
  92:Heartbeat.c   ****     HB_Counter_Start();
 219              		.loc 1 92 0
 220 002c FFF7FEFF 		bl	HB_Comp_Start
 221              	.LVL30:
  93:Heartbeat.c   ****     
 222              		.loc 1 93 0
 223 0030 FFF7FEFF 		bl	HB_Counter_Start
 224              	.LVL31:
  96:Heartbeat.c   ****     HB_PGA_Start();
 225              		.loc 1 96 0
 226 0034 FFF7FEFF 		bl	HB_MUX_Start
 227              	.LVL32:
  97:Heartbeat.c   ****     if(source == HEARTBEAT_SOURCE_INTERNAL){
 228              		.loc 1 97 0
 229 0038 FFF7FEFF 		bl	HB_PGA_Start
 230              	.LVL33:
  98:Heartbeat.c   ****         //internal state
 231              		.loc 1 98 0
 232 003c 012C     		cmp	r4, #1
 233 003e 05D1     		bne	.L18
 100:Heartbeat.c   ****         HB_MUX_FastSelect(HB_MUX_INTERNAL_CH);
 234              		.loc 1 100 0
 235 0040 FFF7FEFF 		bl	I_HB_Start
 236              	.LVL34:
 101:Heartbeat.c   ****     }else if(source == HEARTBEAT_SOURCE_EXTERNAL){
 237              		.loc 1 101 0
 238 0044 0020     		movs	r0, #0
 239 0046 FFF7FEFF 		bl	HB_MUX_FastSelect
 240              	.LVL35:
 241 004a 08E0     		b	.L19
 242              	.L18:
ARM GAS  C:\Users\HENRIC~1\AppData\Local\Temp\cc2ZNlgW.s 			page 9


 102:Heartbeat.c   ****         //external state
 243              		.loc 1 102 0
 244 004c 022C     		cmp	r4, #2
 245 004e 03D1     		bne	.L20
 104:Heartbeat.c   ****     }else{
 246              		.loc 1 104 0
 247 0050 0120     		movs	r0, #1
 248 0052 FFF7FEFF 		bl	HB_MUX_FastSelect
 249              	.LVL36:
 250 0056 02E0     		b	.L19
 251              	.L20:
 107:Heartbeat.c   ****     }
 252              		.loc 1 107 0
 253 0058 0020     		movs	r0, #0
 254 005a FFF7FEFF 		bl	HB_MUX_FastSelect
 255              	.LVL37:
 256              	.L19:
 111:Heartbeat.c   ****     HB_Comp_Int_StartEx(comp_isr);
 257              		.loc 1 111 0
 258 005e 0648     		ldr	r0, .L22+4
 259 0060 FFF7FEFF 		bl	HB_ADC_IRQ_StartEx
 260              	.LVL38:
 112:Heartbeat.c   ****     HB_Overflow_Int_StartEx(counter_overflow_isr);
 261              		.loc 1 112 0
 262 0064 0548     		ldr	r0, .L22+8
 263 0066 FFF7FEFF 		bl	HB_Comp_Int_StartEx
 264              	.LVL39:
 113:Heartbeat.c   **** }
 265              		.loc 1 113 0
 266 006a 0548     		ldr	r0, .L22+12
 267 006c FFF7FEFF 		bl	HB_Overflow_Int_StartEx
 268              	.LVL40:
 269 0070 10BD     		pop	{r4, pc}
 270              	.L23:
 271 0072 00BF     		.align	2
 272              	.L22:
 273 0074 00000000 		.word	.LANCHOR0
 274 0078 00000000 		.word	ADC_EOC_isr
 275 007c 00000000 		.word	comp_isr
 276 0080 00000000 		.word	counter_overflow_isr
 277              		.cfi_endproc
 278              	.LFE63:
 279              		.size	heartbeat_init, .-heartbeat_init
 280              		.section	.text.heartbeat_get_bpm,"ax",%progbits
 281              		.align	2
 282              		.global	heartbeat_get_bpm
 283              		.thumb
 284              		.thumb_func
 285              		.type	heartbeat_get_bpm, %function
 286              	heartbeat_get_bpm:
 287              	.LFB64:
 119:Heartbeat.c   ****     return running_average_result((Running_Average_t*)(&_filter));
 288              		.loc 1 119 0
 289              		.cfi_startproc
 290              		@ args = 0, pretend = 0, frame = 0
 291              		@ frame_needed = 0, uses_anonymous_args = 0
 292 0000 08B5     		push	{r3, lr}
ARM GAS  C:\Users\HENRIC~1\AppData\Local\Temp\cc2ZNlgW.s 			page 10


 293              		.cfi_def_cfa_offset 8
 294              		.cfi_offset 3, -8
 295              		.cfi_offset 14, -4
 120:Heartbeat.c   **** }
 296              		.loc 1 120 0
 297 0002 0248     		ldr	r0, .L26
 298 0004 FFF7FEFF 		bl	running_average_result
 299              	.LVL41:
 121:Heartbeat.c   **** 
 300              		.loc 1 121 0
 301 0008 08BD     		pop	{r3, pc}
 302              	.L27:
 303 000a 00BF     		.align	2
 304              	.L26:
 305 000c 00000000 		.word	.LANCHOR0
 306              		.cfi_endproc
 307              	.LFE64:
 308              		.size	heartbeat_get_bpm, .-heartbeat_get_bpm
 309              		.section	.text.heartbeat_clear,"ax",%progbits
 310              		.align	2
 311              		.global	heartbeat_clear
 312              		.thumb
 313              		.thumb_func
 314              		.type	heartbeat_clear, %function
 315              	heartbeat_clear:
 316              	.LFB65:
 127:Heartbeat.c   ****     running_average_clear((Running_Average_t*)(&_filter));
 317              		.loc 1 127 0
 318              		.cfi_startproc
 319              		@ args = 0, pretend = 0, frame = 0
 320              		@ frame_needed = 0, uses_anonymous_args = 0
 321 0000 08B5     		push	{r3, lr}
 322              		.cfi_def_cfa_offset 8
 323              		.cfi_offset 3, -8
 324              		.cfi_offset 14, -4
 128:Heartbeat.c   **** }
 325              		.loc 1 128 0
 326 0002 0248     		ldr	r0, .L30
 327 0004 FFF7FEFF 		bl	running_average_clear
 328              	.LVL42:
 329 0008 08BD     		pop	{r3, pc}
 330              	.L31:
 331 000a 00BF     		.align	2
 332              	.L30:
 333 000c 00000000 		.word	.LANCHOR0
 334              		.cfi_endproc
 335              	.LFE65:
 336              		.size	heartbeat_clear, .-heartbeat_clear
 337              		.section	.text.heartbeat_set_use_LED,"ax",%progbits
 338              		.align	2
 339              		.global	heartbeat_set_use_LED
 340              		.thumb
 341              		.thumb_func
 342              		.type	heartbeat_set_use_LED, %function
 343              	heartbeat_set_use_LED:
 344              	.LFB66:
 135:Heartbeat.c   ****     _use_led_state = state;
ARM GAS  C:\Users\HENRIC~1\AppData\Local\Temp\cc2ZNlgW.s 			page 11


 345              		.loc 1 135 0
 346              		.cfi_startproc
 347              		@ args = 0, pretend = 0, frame = 0
 348              		@ frame_needed = 0, uses_anonymous_args = 0
 349              	.LVL43:
 350 0000 08B5     		push	{r3, lr}
 351              		.cfi_def_cfa_offset 8
 352              		.cfi_offset 3, -8
 353              		.cfi_offset 14, -4
 136:Heartbeat.c   ****     if(!_use_led_state){
 354              		.loc 1 136 0
 355 0002 054B     		ldr	r3, .L35
 356 0004 1872     		strb	r0, [r3, #8]
 137:Heartbeat.c   ****         LED_Write(0);     
 357              		.loc 1 137 0
 358 0006 1B7A     		ldrb	r3, [r3, #8]	@ zero_extendqisi2
 359 0008 13F0FF0F 		tst	r3, #255
 360 000c 02D1     		bne	.L32
 138:Heartbeat.c   ****     }
 361              		.loc 1 138 0
 362 000e 0020     		movs	r0, #0
 363              	.LVL44:
 364 0010 FFF7FEFF 		bl	LED_Write
 365              	.LVL45:
 366              	.L32:
 367 0014 08BD     		pop	{r3, pc}
 368              	.L36:
 369 0016 00BF     		.align	2
 370              	.L35:
 371 0018 00000000 		.word	.LANCHOR0
 372              		.cfi_endproc
 373              	.LFE66:
 374              		.size	heartbeat_set_use_LED, .-heartbeat_set_use_LED
 375              		.section	.text.heartbeat_get_use_LED,"ax",%progbits
 376              		.align	2
 377              		.global	heartbeat_get_use_LED
 378              		.thumb
 379              		.thumb_func
 380              		.type	heartbeat_get_use_LED, %function
 381              	heartbeat_get_use_LED:
 382              	.LFB67:
 145:Heartbeat.c   ****     return _use_led_state;
 383              		.loc 1 145 0
 384              		.cfi_startproc
 385              		@ args = 0, pretend = 0, frame = 0
 386              		@ frame_needed = 0, uses_anonymous_args = 0
 387              		@ link register save eliminated.
 146:Heartbeat.c   **** }
 388              		.loc 1 146 0
 389 0000 014B     		ldr	r3, .L38
 390 0002 187A     		ldrb	r0, [r3, #8]	@ zero_extendqisi2
 147:Heartbeat.c   ****     
 391              		.loc 1 147 0
 392 0004 7047     		bx	lr
 393              	.L39:
 394 0006 00BF     		.align	2
 395              	.L38:
ARM GAS  C:\Users\HENRIC~1\AppData\Local\Temp\cc2ZNlgW.s 			page 12


 396 0008 00000000 		.word	.LANCHOR0
 397              		.cfi_endproc
 398              	.LFE67:
 399              		.size	heartbeat_get_use_LED, .-heartbeat_get_use_LED
 400              		.bss
 401              		.align	2
 402              		.set	.LANCHOR0,. + 0
 403              		.type	_filter, %object
 404              		.size	_filter, 8
 405              	_filter:
 406 0000 00000000 		.space	8
 406      00000000 
 407              		.type	_use_led_state, %object
 408              		.size	_use_led_state, 1
 409              	_use_led_state:
 410 0008 00       		.space	1
 411              		.text
 412              	.Letext0:
 413              		.file 2 "c:\\program files (x86)\\cypress\\psoc creator\\4.1\\psoc creator\\import\\gnu\\arm\\5.4.
 414              		.file 3 "c:\\program files (x86)\\cypress\\psoc creator\\4.1\\psoc creator\\import\\gnu\\arm\\5.4.
 415              		.file 4 "Heartbeat.h"
 416              		.file 5 "RunningAverage.h"
 417              		.file 6 "Generated_Source\\PSoC5/HB_Counter.h"
 418              		.file 7 "Generated_Source\\PSoC5/HB_Comp_Int.h"
 419              		.file 8 "Generated_Source\\PSoC5/LED.h"
 420              		.file 9 "Generated_Source\\PSoC5/HB_ADC.h"
 421              		.file 10 "Generated_Source\\PSoC5/HB_DAC.h"
 422              		.file 11 "Generated_Source\\PSoC5/HB_ADC_IRQ.h"
 423              		.file 12 "Generated_Source\\PSoC5/HB_Overflow_Int.h"
 424              		.file 13 "Generated_Source\\PSoC5/HB_Comp_Neg_DAC.h"
 425              		.file 14 "Generated_Source\\PSoC5/HB_Comp.h"
 426              		.file 15 "Generated_Source\\PSoC5/HB_MUX.h"
 427              		.file 16 "Generated_Source\\PSoC5/HB_PGA.h"
 428              		.file 17 "Generated_Source\\PSoC5/I_HB.h"
 429              		.file 18 "Generated_Source\\PSoC5/core_cm3.h"
 430              		.section	.debug_info,"",%progbits
 431              	.Ldebug_info0:
 432 0000 99050000 		.4byte	0x599
 433 0004 0400     		.2byte	0x4
 434 0006 00000000 		.4byte	.Ldebug_abbrev0
 435 000a 04       		.byte	0x4
 436 000b 01       		.uleb128 0x1
 437 000c 8B040000 		.4byte	.LASF70
 438 0010 0C       		.byte	0xc
 439 0011 42050000 		.4byte	.LASF71
 440 0015 86010000 		.4byte	.LASF72
 441 0019 00000000 		.4byte	.Ldebug_ranges0+0
 442 001d 00000000 		.4byte	0
 443 0021 00000000 		.4byte	.Ldebug_line0
 444 0025 02       		.uleb128 0x2
 445 0026 01       		.byte	0x1
 446 0027 06       		.byte	0x6
 447 0028 FC000000 		.4byte	.LASF0
 448 002c 03       		.uleb128 0x3
 449 002d 66010000 		.4byte	.LASF3
 450 0031 02       		.byte	0x2
 451 0032 1D       		.byte	0x1d
ARM GAS  C:\Users\HENRIC~1\AppData\Local\Temp\cc2ZNlgW.s 			page 13


 452 0033 37000000 		.4byte	0x37
 453 0037 02       		.uleb128 0x2
 454 0038 01       		.byte	0x1
 455 0039 08       		.byte	0x8
 456 003a 05020000 		.4byte	.LASF1
 457 003e 02       		.uleb128 0x2
 458 003f 02       		.byte	0x2
 459 0040 05       		.byte	0x5
 460 0041 4E000000 		.4byte	.LASF2
 461 0045 03       		.uleb128 0x3
 462 0046 9E000000 		.4byte	.LASF4
 463 004a 02       		.byte	0x2
 464 004b 2B       		.byte	0x2b
 465 004c 50000000 		.4byte	0x50
 466 0050 02       		.uleb128 0x2
 467 0051 02       		.byte	0x2
 468 0052 07       		.byte	0x7
 469 0053 AA020000 		.4byte	.LASF5
 470 0057 03       		.uleb128 0x3
 471 0058 BF030000 		.4byte	.LASF6
 472 005c 02       		.byte	0x2
 473 005d 3F       		.byte	0x3f
 474 005e 62000000 		.4byte	0x62
 475 0062 02       		.uleb128 0x2
 476 0063 04       		.byte	0x4
 477 0064 05       		.byte	0x5
 478 0065 D9020000 		.4byte	.LASF7
 479 0069 02       		.uleb128 0x2
 480 006a 04       		.byte	0x4
 481 006b 07       		.byte	0x7
 482 006c 53030000 		.4byte	.LASF8
 483 0070 02       		.uleb128 0x2
 484 0071 08       		.byte	0x8
 485 0072 05       		.byte	0x5
 486 0073 23010000 		.4byte	.LASF9
 487 0077 02       		.uleb128 0x2
 488 0078 08       		.byte	0x8
 489 0079 07       		.byte	0x7
 490 007a 3A020000 		.4byte	.LASF10
 491 007e 04       		.uleb128 0x4
 492 007f 04       		.byte	0x4
 493 0080 05       		.byte	0x5
 494 0081 696E7400 		.ascii	"int\000"
 495 0085 02       		.uleb128 0x2
 496 0086 04       		.byte	0x4
 497 0087 07       		.byte	0x7
 498 0088 74020000 		.4byte	.LASF11
 499 008c 03       		.uleb128 0x3
 500 008d AE000000 		.4byte	.LASF12
 501 0091 03       		.byte	0x3
 502 0092 18       		.byte	0x18
 503 0093 2C000000 		.4byte	0x2c
 504 0097 03       		.uleb128 0x3
 505 0098 81020000 		.4byte	.LASF13
 506 009c 03       		.byte	0x3
 507 009d 24       		.byte	0x24
 508 009e 45000000 		.4byte	0x45
ARM GAS  C:\Users\HENRIC~1\AppData\Local\Temp\cc2ZNlgW.s 			page 14


 509 00a2 03       		.uleb128 0x3
 510 00a3 E2020000 		.4byte	.LASF14
 511 00a7 03       		.byte	0x3
 512 00a8 2C       		.byte	0x2c
 513 00a9 57000000 		.4byte	0x57
 514 00ad 05       		.uleb128 0x5
 515 00ae 41040000 		.4byte	.LASF73
 516 00b2 01       		.byte	0x1
 517 00b3 37000000 		.4byte	0x37
 518 00b7 04       		.byte	0x4
 519 00b8 1E       		.byte	0x1e
 520 00b9 D0000000 		.4byte	0xd0
 521 00bd 06       		.uleb128 0x6
 522 00be 0E010000 		.4byte	.LASF15
 523 00c2 00       		.byte	0
 524 00c3 06       		.uleb128 0x6
 525 00c4 F7030000 		.4byte	.LASF16
 526 00c8 01       		.byte	0x1
 527 00c9 06       		.uleb128 0x6
 528 00ca 52040000 		.4byte	.LASF17
 529 00ce 02       		.byte	0x2
 530 00cf 00       		.byte	0
 531 00d0 03       		.uleb128 0x3
 532 00d1 2F050000 		.4byte	.LASF18
 533 00d5 04       		.byte	0x4
 534 00d6 22       		.byte	0x22
 535 00d7 AD000000 		.4byte	0xad
 536 00db 02       		.uleb128 0x2
 537 00dc 04       		.byte	0x4
 538 00dd 04       		.byte	0x4
 539 00de 08010000 		.4byte	.LASF19
 540 00e2 02       		.uleb128 0x2
 541 00e3 08       		.byte	0x8
 542 00e4 04       		.byte	0x4
 543 00e5 7D030000 		.4byte	.LASF20
 544 00e9 02       		.uleb128 0x2
 545 00ea 01       		.byte	0x1
 546 00eb 08       		.byte	0x8
 547 00ec BD020000 		.4byte	.LASF21
 548 00f0 02       		.uleb128 0x2
 549 00f1 08       		.byte	0x8
 550 00f2 04       		.byte	0x4
 551 00f3 F9010000 		.4byte	.LASF22
 552 00f7 02       		.uleb128 0x2
 553 00f8 04       		.byte	0x4
 554 00f9 07       		.byte	0x7
 555 00fa 58000000 		.4byte	.LASF23
 556 00fe 07       		.uleb128 0x7
 557 00ff B6000000 		.4byte	.LASF74
 558 0103 08       		.byte	0x8
 559 0104 05       		.byte	0x5
 560 0105 24       		.byte	0x24
 561 0106 2F010000 		.4byte	0x12f
 562 010a 08       		.uleb128 0x8
 563 010b 38030000 		.4byte	.LASF24
 564 010f 05       		.byte	0x5
 565 0110 25       		.byte	0x25
ARM GAS  C:\Users\HENRIC~1\AppData\Local\Temp\cc2ZNlgW.s 			page 15


 566 0111 2F010000 		.4byte	0x12f
 567 0115 00       		.byte	0
 568 0116 08       		.uleb128 0x8
 569 0117 91030000 		.4byte	.LASF25
 570 011b 05       		.byte	0x5
 571 011c 26       		.byte	0x26
 572 011d 97000000 		.4byte	0x97
 573 0121 04       		.byte	0x4
 574 0122 08       		.uleb128 0x8
 575 0123 A9000000 		.4byte	.LASF26
 576 0127 05       		.byte	0x5
 577 0128 27       		.byte	0x27
 578 0129 97000000 		.4byte	0x97
 579 012d 06       		.byte	0x6
 580 012e 00       		.byte	0
 581 012f 09       		.uleb128 0x9
 582 0130 04       		.byte	0x4
 583 0131 97000000 		.4byte	0x97
 584 0135 03       		.uleb128 0x3
 585 0136 18000000 		.4byte	.LASF27
 586 013a 05       		.byte	0x5
 587 013b 28       		.byte	0x28
 588 013c FE000000 		.4byte	0xfe
 589 0140 0A       		.uleb128 0xa
 590 0141 8A020000 		.4byte	.LASF29
 591 0145 01       		.byte	0x1
 592 0146 9E       		.byte	0x9e
 593 0147 00000000 		.4byte	.LFB68
 594 014b 68000000 		.4byte	.LFE68-.LFB68
 595 014f 01       		.uleb128 0x1
 596 0150 9C       		.byte	0x9c
 597 0151 BF010000 		.4byte	0x1bf
 598 0155 0B       		.uleb128 0xb
 599 0156 DB000000 		.4byte	.LASF28
 600 015a 01       		.byte	0x1
 601 015b A0       		.byte	0xa0
 602 015c 97000000 		.4byte	0x97
 603 0160 00000000 		.4byte	.LLST0
 604 0164 0C       		.uleb128 0xc
 605 0165 62706D00 		.ascii	"bpm\000"
 606 0169 01       		.byte	0x1
 607 016a A1       		.byte	0xa1
 608 016b DB000000 		.4byte	0xdb
 609 016f 1E000000 		.4byte	.LLST1
 610 0173 0D       		.uleb128 0xd
 611 0174 06000000 		.4byte	.LVL0
 612 0178 5D040000 		.4byte	0x45d
 613 017c 0E       		.uleb128 0xe
 614 017d 38000000 		.4byte	.LVL9
 615 0181 68040000 		.4byte	0x468
 616 0185 90010000 		.4byte	0x190
 617 0189 0F       		.uleb128 0xf
 618 018a 01       		.uleb128 0x1
 619 018b 50       		.byte	0x50
 620 018c 02       		.uleb128 0x2
 621 018d 74       		.byte	0x74
 622 018e 00       		.sleb128 0
ARM GAS  C:\Users\HENRIC~1\AppData\Local\Temp\cc2ZNlgW.s 			page 16


 623 018f 00       		.byte	0
 624 0190 0E       		.uleb128 0xe
 625 0191 3E000000 		.4byte	.LVL10
 626 0195 73040000 		.4byte	0x473
 627 0199 A3010000 		.4byte	0x1a3
 628 019d 0F       		.uleb128 0xf
 629 019e 01       		.uleb128 0x1
 630 019f 50       		.byte	0x50
 631 01a0 01       		.uleb128 0x1
 632 01a1 30       		.byte	0x30
 633 01a2 00       		.byte	0
 634 01a3 0D       		.uleb128 0xd
 635 01a4 42000000 		.4byte	.LVL11
 636 01a8 7E040000 		.4byte	0x47e
 637 01ac 0D       		.uleb128 0xd
 638 01ad 4E000000 		.4byte	.LVL12
 639 01b1 89040000 		.4byte	0x489
 640 01b5 0D       		.uleb128 0xd
 641 01b6 58000000 		.4byte	.LVL13
 642 01ba 94040000 		.4byte	0x494
 643 01be 00       		.byte	0
 644 01bf 10       		.uleb128 0x10
 645 01c0 B3030000 		.4byte	.LASF30
 646 01c4 01       		.byte	0x1
 647 01c5 B3       		.byte	0xb3
 648 01c6 00000000 		.4byte	.LFB69
 649 01ca 12000000 		.4byte	.LFE69-.LFB69
 650 01ce 01       		.uleb128 0x1
 651 01cf 9C       		.byte	0x9c
 652 01d0 FF010000 		.4byte	0x1ff
 653 01d4 0B       		.uleb128 0xb
 654 01d5 F1010000 		.4byte	.LASF31
 655 01d9 01       		.byte	0x1
 656 01da B5       		.byte	0xb5
 657 01db 8C000000 		.4byte	0x8c
 658 01df 31000000 		.4byte	.LLST2
 659 01e3 0D       		.uleb128 0xd
 660 01e4 06000000 		.4byte	.LVL14
 661 01e8 9F040000 		.4byte	0x49f
 662 01ec 0D       		.uleb128 0xd
 663 01ed 0C000000 		.4byte	.LVL15
 664 01f1 AA040000 		.4byte	0x4aa
 665 01f5 0D       		.uleb128 0xd
 666 01f6 10000000 		.4byte	.LVL16
 667 01fa B5040000 		.4byte	0x4b5
 668 01fe 00       		.byte	0
 669 01ff 10       		.uleb128 0x10
 670 0200 E2030000 		.4byte	.LASF32
 671 0204 01       		.byte	0x1
 672 0205 C0       		.byte	0xc0
 673 0206 00000000 		.4byte	.LFB70
 674 020a 18000000 		.4byte	.LFE70-.LFB70
 675 020e 01       		.uleb128 0x1
 676 020f 9C       		.byte	0x9c
 677 0210 3E020000 		.4byte	0x23e
 678 0214 0E       		.uleb128 0xe
 679 0215 08000000 		.4byte	.LVL17
ARM GAS  C:\Users\HENRIC~1\AppData\Local\Temp\cc2ZNlgW.s 			page 17


 680 0219 C0040000 		.4byte	0x4c0
 681 021d 2B020000 		.4byte	0x22b
 682 0221 0F       		.uleb128 0xf
 683 0222 01       		.uleb128 0x1
 684 0223 50       		.byte	0x50
 685 0224 05       		.uleb128 0x5
 686 0225 03       		.byte	0x3
 687 0226 00000000 		.4byte	.LANCHOR0
 688 022a 00       		.byte	0
 689 022b 0D       		.uleb128 0xd
 690 022c 0C000000 		.4byte	.LVL18
 691 0230 CB040000 		.4byte	0x4cb
 692 0234 0D       		.uleb128 0xd
 693 0235 10000000 		.4byte	.LVL19
 694 0239 D6040000 		.4byte	0x4d6
 695 023d 00       		.byte	0
 696 023e 10       		.uleb128 0x10
 697 023f 8F000000 		.4byte	.LASF33
 698 0243 01       		.byte	0x1
 699 0244 4D       		.byte	0x4d
 700 0245 00000000 		.4byte	.LFB63
 701 0249 84000000 		.4byte	.LFE63-.LFB63
 702 024d 01       		.uleb128 0x1
 703 024e 9C       		.byte	0x9c
 704 024f 7A030000 		.4byte	0x37a
 705 0253 11       		.uleb128 0x11
 706 0254 D6010000 		.4byte	.LASF36
 707 0258 01       		.byte	0x1
 708 0259 4D       		.byte	0x4d
 709 025a D0000000 		.4byte	0xd0
 710 025e 44000000 		.4byte	.LLST3
 711 0262 0E       		.uleb128 0xe
 712 0263 0C000000 		.4byte	.LVL22
 713 0267 E1040000 		.4byte	0x4e1
 714 026b 7E020000 		.4byte	0x27e
 715 026f 0F       		.uleb128 0xf
 716 0270 01       		.uleb128 0x1
 717 0271 50       		.byte	0x50
 718 0272 05       		.uleb128 0x5
 719 0273 03       		.byte	0x3
 720 0274 00000000 		.4byte	.LANCHOR0
 721 0278 0F       		.uleb128 0xf
 722 0279 01       		.uleb128 0x1
 723 027a 51       		.byte	0x51
 724 027b 01       		.uleb128 0x1
 725 027c 38       		.byte	0x38
 726 027d 00       		.byte	0
 727 027e 0D       		.uleb128 0xd
 728 027f 10000000 		.4byte	.LVL23
 729 0283 EC040000 		.4byte	0x4ec
 730 0287 0E       		.uleb128 0xe
 731 0288 16000000 		.4byte	.LVL24
 732 028c F7040000 		.4byte	0x4f7
 733 0290 9B020000 		.4byte	0x29b
 734 0294 0F       		.uleb128 0xf
 735 0295 01       		.uleb128 0x1
 736 0296 50       		.byte	0x50
ARM GAS  C:\Users\HENRIC~1\AppData\Local\Temp\cc2ZNlgW.s 			page 18


 737 0297 02       		.uleb128 0x2
 738 0298 08       		.byte	0x8
 739 0299 64       		.byte	0x64
 740 029a 00       		.byte	0
 741 029b 0D       		.uleb128 0xd
 742 029c 1A000000 		.4byte	.LVL25
 743 02a0 02050000 		.4byte	0x502
 744 02a4 0E       		.uleb128 0xe
 745 02a5 20000000 		.4byte	.LVL26
 746 02a9 AA040000 		.4byte	0x4aa
 747 02ad B7020000 		.4byte	0x2b7
 748 02b1 0F       		.uleb128 0xf
 749 02b2 01       		.uleb128 0x1
 750 02b3 50       		.byte	0x50
 751 02b4 01       		.uleb128 0x1
 752 02b5 30       		.byte	0x30
 753 02b6 00       		.byte	0
 754 02b7 0D       		.uleb128 0xd
 755 02b8 24000000 		.4byte	.LVL27
 756 02bc 0D050000 		.4byte	0x50d
 757 02c0 0D       		.uleb128 0xd
 758 02c1 28000000 		.4byte	.LVL28
 759 02c5 18050000 		.4byte	0x518
 760 02c9 0D       		.uleb128 0xd
 761 02ca 2C000000 		.4byte	.LVL29
 762 02ce 23050000 		.4byte	0x523
 763 02d2 0D       		.uleb128 0xd
 764 02d3 30000000 		.4byte	.LVL30
 765 02d7 2E050000 		.4byte	0x52e
 766 02db 0D       		.uleb128 0xd
 767 02dc 34000000 		.4byte	.LVL31
 768 02e0 39050000 		.4byte	0x539
 769 02e4 0D       		.uleb128 0xd
 770 02e5 38000000 		.4byte	.LVL32
 771 02e9 44050000 		.4byte	0x544
 772 02ed 0D       		.uleb128 0xd
 773 02ee 3C000000 		.4byte	.LVL33
 774 02f2 4F050000 		.4byte	0x54f
 775 02f6 0D       		.uleb128 0xd
 776 02f7 44000000 		.4byte	.LVL34
 777 02fb 5A050000 		.4byte	0x55a
 778 02ff 0E       		.uleb128 0xe
 779 0300 4A000000 		.4byte	.LVL35
 780 0304 65050000 		.4byte	0x565
 781 0308 12030000 		.4byte	0x312
 782 030c 0F       		.uleb128 0xf
 783 030d 01       		.uleb128 0x1
 784 030e 50       		.byte	0x50
 785 030f 01       		.uleb128 0x1
 786 0310 30       		.byte	0x30
 787 0311 00       		.byte	0
 788 0312 0E       		.uleb128 0xe
 789 0313 56000000 		.4byte	.LVL36
 790 0317 65050000 		.4byte	0x565
 791 031b 25030000 		.4byte	0x325
 792 031f 0F       		.uleb128 0xf
 793 0320 01       		.uleb128 0x1
ARM GAS  C:\Users\HENRIC~1\AppData\Local\Temp\cc2ZNlgW.s 			page 19


 794 0321 50       		.byte	0x50
 795 0322 01       		.uleb128 0x1
 796 0323 31       		.byte	0x31
 797 0324 00       		.byte	0
 798 0325 0E       		.uleb128 0xe
 799 0326 5E000000 		.4byte	.LVL37
 800 032a 65050000 		.4byte	0x565
 801 032e 38030000 		.4byte	0x338
 802 0332 0F       		.uleb128 0xf
 803 0333 01       		.uleb128 0x1
 804 0334 50       		.byte	0x50
 805 0335 01       		.uleb128 0x1
 806 0336 30       		.byte	0x30
 807 0337 00       		.byte	0
 808 0338 0E       		.uleb128 0xe
 809 0339 64000000 		.4byte	.LVL38
 810 033d 70050000 		.4byte	0x570
 811 0341 4F030000 		.4byte	0x34f
 812 0345 0F       		.uleb128 0xf
 813 0346 01       		.uleb128 0x1
 814 0347 50       		.byte	0x50
 815 0348 05       		.uleb128 0x5
 816 0349 03       		.byte	0x3
 817 034a 00000000 		.4byte	ADC_EOC_isr
 818 034e 00       		.byte	0
 819 034f 0E       		.uleb128 0xe
 820 0350 6A000000 		.4byte	.LVL39
 821 0354 7B050000 		.4byte	0x57b
 822 0358 66030000 		.4byte	0x366
 823 035c 0F       		.uleb128 0xf
 824 035d 01       		.uleb128 0x1
 825 035e 50       		.byte	0x50
 826 035f 05       		.uleb128 0x5
 827 0360 03       		.byte	0x3
 828 0361 00000000 		.4byte	comp_isr
 829 0365 00       		.byte	0
 830 0366 12       		.uleb128 0x12
 831 0367 70000000 		.4byte	.LVL40
 832 036b 86050000 		.4byte	0x586
 833 036f 0F       		.uleb128 0xf
 834 0370 01       		.uleb128 0x1
 835 0371 50       		.byte	0x50
 836 0372 05       		.uleb128 0x5
 837 0373 03       		.byte	0x3
 838 0374 00000000 		.4byte	counter_overflow_isr
 839 0378 00       		.byte	0
 840 0379 00       		.byte	0
 841 037a 13       		.uleb128 0x13
 842 037b 26030000 		.4byte	.LASF75
 843 037f 01       		.byte	0x1
 844 0380 77       		.byte	0x77
 845 0381 97000000 		.4byte	0x97
 846 0385 00000000 		.4byte	.LFB64
 847 0389 10000000 		.4byte	.LFE64-.LFB64
 848 038d 01       		.uleb128 0x1
 849 038e 9C       		.byte	0x9c
 850 038f A7030000 		.4byte	0x3a7
ARM GAS  C:\Users\HENRIC~1\AppData\Local\Temp\cc2ZNlgW.s 			page 20


 851 0393 12       		.uleb128 0x12
 852 0394 08000000 		.4byte	.LVL41
 853 0398 91050000 		.4byte	0x591
 854 039c 0F       		.uleb128 0xf
 855 039d 01       		.uleb128 0x1
 856 039e 50       		.byte	0x50
 857 039f 05       		.uleb128 0x5
 858 03a0 03       		.byte	0x3
 859 03a1 00000000 		.4byte	.LANCHOR0
 860 03a5 00       		.byte	0
 861 03a6 00       		.byte	0
 862 03a7 10       		.uleb128 0x10
 863 03a8 7F000000 		.4byte	.LASF34
 864 03ac 01       		.byte	0x1
 865 03ad 7F       		.byte	0x7f
 866 03ae 00000000 		.4byte	.LFB65
 867 03b2 10000000 		.4byte	.LFE65-.LFB65
 868 03b6 01       		.uleb128 0x1
 869 03b7 9C       		.byte	0x9c
 870 03b8 D0030000 		.4byte	0x3d0
 871 03bc 12       		.uleb128 0x12
 872 03bd 08000000 		.4byte	.LVL42
 873 03c1 C0040000 		.4byte	0x4c0
 874 03c5 0F       		.uleb128 0xf
 875 03c6 01       		.uleb128 0x1
 876 03c7 50       		.byte	0x50
 877 03c8 05       		.uleb128 0x5
 878 03c9 03       		.byte	0x3
 879 03ca 00000000 		.4byte	.LANCHOR0
 880 03ce 00       		.byte	0
 881 03cf 00       		.byte	0
 882 03d0 10       		.uleb128 0x10
 883 03d1 3D030000 		.4byte	.LASF35
 884 03d5 01       		.byte	0x1
 885 03d6 87       		.byte	0x87
 886 03d7 00000000 		.4byte	.LFB66
 887 03db 1C000000 		.4byte	.LFE66-.LFB66
 888 03df 01       		.uleb128 0x1
 889 03e0 9C       		.byte	0x9c
 890 03e1 04040000 		.4byte	0x404
 891 03e5 11       		.uleb128 0x11
 892 03e6 48000000 		.4byte	.LASF37
 893 03ea 01       		.byte	0x1
 894 03eb 87       		.byte	0x87
 895 03ec 04040000 		.4byte	0x404
 896 03f0 65000000 		.4byte	.LLST4
 897 03f4 12       		.uleb128 0x12
 898 03f5 14000000 		.4byte	.LVL45
 899 03f9 94040000 		.4byte	0x494
 900 03fd 0F       		.uleb128 0xf
 901 03fe 01       		.uleb128 0x1
 902 03ff 50       		.byte	0x50
 903 0400 01       		.uleb128 0x1
 904 0401 30       		.byte	0x30
 905 0402 00       		.byte	0
 906 0403 00       		.byte	0
 907 0404 02       		.uleb128 0x2
ARM GAS  C:\Users\HENRIC~1\AppData\Local\Temp\cc2ZNlgW.s 			page 21


 908 0405 01       		.byte	0x1
 909 0406 02       		.byte	0x2
 910 0407 05030000 		.4byte	.LASF38
 911 040b 14       		.uleb128 0x14
 912 040c 70010000 		.4byte	.LASF76
 913 0410 01       		.byte	0x1
 914 0411 91       		.byte	0x91
 915 0412 04040000 		.4byte	0x404
 916 0416 00000000 		.4byte	.LFB67
 917 041a 0C000000 		.4byte	.LFE67-.LFB67
 918 041e 01       		.uleb128 0x1
 919 041f 9C       		.byte	0x9c
 920 0420 15       		.uleb128 0x15
 921 0421 EA020000 		.4byte	.LASF39
 922 0425 01       		.byte	0x1
 923 0426 2A       		.byte	0x2a
 924 0427 31040000 		.4byte	0x431
 925 042b 05       		.uleb128 0x5
 926 042c 03       		.byte	0x3
 927 042d 00000000 		.4byte	_filter
 928 0431 16       		.uleb128 0x16
 929 0432 35010000 		.4byte	0x135
 930 0436 15       		.uleb128 0x15
 931 0437 2B020000 		.4byte	.LASF40
 932 043b 01       		.byte	0x1
 933 043c 2C       		.byte	0x2c
 934 043d 47040000 		.4byte	0x447
 935 0441 05       		.uleb128 0x5
 936 0442 03       		.byte	0x3
 937 0443 08000000 		.4byte	_use_led_state
 938 0447 16       		.uleb128 0x16
 939 0448 04040000 		.4byte	0x404
 940 044c 17       		.uleb128 0x17
 941 044d 7E040000 		.4byte	.LASF77
 942 0451 12       		.byte	0x12
 943 0452 1207     		.2byte	0x712
 944 0454 58040000 		.4byte	0x458
 945 0458 16       		.uleb128 0x16
 946 0459 A2000000 		.4byte	0xa2
 947 045d 18       		.uleb128 0x18
 948 045e 2A040000 		.4byte	.LASF41
 949 0462 2A040000 		.4byte	.LASF41
 950 0466 06       		.byte	0x6
 951 0467 5D       		.byte	0x5d
 952 0468 18       		.uleb128 0x18
 953 0469 C2020000 		.4byte	.LASF42
 954 046d C2020000 		.4byte	.LASF42
 955 0471 05       		.byte	0x5
 956 0472 3D       		.byte	0x3d
 957 0473 18       		.uleb128 0x18
 958 0474 13020000 		.4byte	.LASF43
 959 0478 13020000 		.4byte	.LASF43
 960 047c 06       		.byte	0x6
 961 047d 5A       		.byte	0x5a
 962 047e 18       		.uleb128 0x18
 963 047f 11040000 		.4byte	.LASF44
 964 0483 11040000 		.4byte	.LASF44
ARM GAS  C:\Users\HENRIC~1\AppData\Local\Temp\cc2ZNlgW.s 			page 22


 965 0487 07       		.byte	0x7
 966 0488 28       		.byte	0x28
 967 0489 18       		.uleb128 0x18
 968 048a 19050000 		.4byte	.LASF45
 969 048e 19050000 		.4byte	.LASF45
 970 0492 08       		.byte	0x8
 971 0493 29       		.byte	0x29
 972 0494 18       		.uleb128 0x18
 973 0495 3E000000 		.4byte	.LASF46
 974 0499 3E000000 		.4byte	.LASF46
 975 049d 08       		.byte	0x8
 976 049e 26       		.byte	0x26
 977 049f 18       		.uleb128 0x18
 978 04a0 6C040000 		.4byte	.LASF47
 979 04a4 6C040000 		.4byte	.LASF47
 980 04a8 09       		.byte	0x9
 981 04a9 3A       		.byte	0x3a
 982 04aa 18       		.uleb128 0x18
 983 04ab 16030000 		.4byte	.LASF48
 984 04af 16030000 		.4byte	.LASF48
 985 04b3 0A       		.byte	0xa
 986 04b4 37       		.byte	0x37
 987 04b5 18       		.uleb128 0x18
 988 04b6 65030000 		.4byte	.LASF49
 989 04ba 65030000 		.4byte	.LASF49
 990 04be 0B       		.byte	0xb
 991 04bf 28       		.byte	0x28
 992 04c0 18       		.uleb128 0x18
 993 04c1 50010000 		.4byte	.LASF50
 994 04c5 50010000 		.4byte	.LASF50
 995 04c9 05       		.byte	0x5
 996 04ca 4B       		.byte	0x4b
 997 04cb 18       		.uleb128 0x18
 998 04cc 61000000 		.4byte	.LASF51
 999 04d0 61000000 		.4byte	.LASF51
 1000 04d4 06       		.byte	0x6
 1001 04d5 52       		.byte	0x52
 1002 04d6 18       		.uleb128 0x18
 1003 04d7 96030000 		.4byte	.LASF52
 1004 04db 96030000 		.4byte	.LASF52
 1005 04df 0C       		.byte	0xc
 1006 04e0 28       		.byte	0x28
 1007 04e1 18       		.uleb128 0x18
 1008 04e2 C6000000 		.4byte	.LASF53
 1009 04e6 C6000000 		.4byte	.LASF53
 1010 04ea 05       		.byte	0x5
 1011 04eb 36       		.byte	0x36
 1012 04ec 18       		.uleb128 0x18
 1013 04ed 4E050000 		.4byte	.LASF54
 1014 04f1 4E050000 		.4byte	.LASF54
 1015 04f5 0D       		.byte	0xd
 1016 04f6 33       		.byte	0x33
 1017 04f7 18       		.uleb128 0x18
 1018 04f8 C9030000 		.4byte	.LASF55
 1019 04fc C9030000 		.4byte	.LASF55
 1020 0500 0D       		.byte	0xd
 1021 0501 37       		.byte	0x37
ARM GAS  C:\Users\HENRIC~1\AppData\Local\Temp\cc2ZNlgW.s 			page 23


 1022 0502 18       		.uleb128 0x18
 1023 0503 31010000 		.4byte	.LASF56
 1024 0507 31010000 		.4byte	.LASF56
 1025 050b 0A       		.byte	0xa
 1026 050c 33       		.byte	0x33
 1027 050d 18       		.uleb128 0x18
 1028 050e 84030000 		.4byte	.LASF57
 1029 0512 84030000 		.4byte	.LASF57
 1030 0516 09       		.byte	0x9
 1031 0517 34       		.byte	0x34
 1032 0518 18       		.uleb128 0x18
 1033 0519 2A000000 		.4byte	.LASF58
 1034 051d 2A000000 		.4byte	.LASF58
 1035 0521 09       		.byte	0x9
 1036 0522 D1       		.byte	0xd1
 1037 0523 18       		.uleb128 0x18
 1038 0524 51020000 		.4byte	.LASF59
 1039 0528 51020000 		.4byte	.LASF59
 1040 052c 0B       		.byte	0xb
 1041 052d 23       		.byte	0x23
 1042 052e 18       		.uleb128 0x18
 1043 052f E1000000 		.4byte	.LASF60
 1044 0533 E1000000 		.4byte	.LASF60
 1045 0537 0E       		.byte	0xe
 1046 0538 3F       		.byte	0x3f
 1047 0539 18       		.uleb128 0x18
 1048 053a 63020000 		.4byte	.LASF61
 1049 053e 63020000 		.4byte	.LASF61
 1050 0542 06       		.byte	0x6
 1051 0543 4F       		.byte	0x4f
 1052 0544 18       		.uleb128 0x18
 1053 0545 22050000 		.4byte	.LASF62
 1054 0549 22050000 		.4byte	.LASF62
 1055 054d 0F       		.byte	0xf
 1056 054e 25       		.byte	0x25
 1057 054f 18       		.uleb128 0x18
 1058 0550 EF000000 		.4byte	.LASF63
 1059 0554 EF000000 		.4byte	.LASF63
 1060 0558 10       		.byte	0x10
 1061 0559 3E       		.byte	0x3e
 1062 055a 18       		.uleb128 0x18
 1063 055b 0B030000 		.4byte	.LASF64
 1064 055f 0B030000 		.4byte	.LASF64
 1065 0563 11       		.byte	0x11
 1066 0564 67       		.byte	0x67
 1067 0565 18       		.uleb128 0x18
 1068 0566 3E010000 		.4byte	.LASF65
 1069 056a 3E010000 		.4byte	.LASF65
 1070 056e 0F       		.byte	0xf
 1071 056f 27       		.byte	0x27
 1072 0570 18       		.uleb128 0x18
 1073 0571 F2020000 		.4byte	.LASF66
 1074 0575 F2020000 		.4byte	.LASF66
 1075 0579 0B       		.byte	0xb
 1076 057a 18       		.byte	0x18
 1077 057b 18       		.uleb128 0x18
 1078 057c DD010000 		.4byte	.LASF67
ARM GAS  C:\Users\HENRIC~1\AppData\Local\Temp\cc2ZNlgW.s 			page 24


 1079 0580 DD010000 		.4byte	.LASF67
 1080 0584 07       		.byte	0x7
 1081 0585 18       		.byte	0x18
 1082 0586 18       		.uleb128 0x18
 1083 0587 00000000 		.4byte	.LASF68
 1084 058b 00000000 		.4byte	.LASF68
 1085 058f 0C       		.byte	0xc
 1086 0590 18       		.byte	0x18
 1087 0591 18       		.uleb128 0x18
 1088 0592 93020000 		.4byte	.LASF69
 1089 0596 93020000 		.4byte	.LASF69
 1090 059a 05       		.byte	0x5
 1091 059b 46       		.byte	0x46
 1092 059c 00       		.byte	0
 1093              		.section	.debug_abbrev,"",%progbits
 1094              	.Ldebug_abbrev0:
 1095 0000 01       		.uleb128 0x1
 1096 0001 11       		.uleb128 0x11
 1097 0002 01       		.byte	0x1
 1098 0003 25       		.uleb128 0x25
 1099 0004 0E       		.uleb128 0xe
 1100 0005 13       		.uleb128 0x13
 1101 0006 0B       		.uleb128 0xb
 1102 0007 03       		.uleb128 0x3
 1103 0008 0E       		.uleb128 0xe
 1104 0009 1B       		.uleb128 0x1b
 1105 000a 0E       		.uleb128 0xe
 1106 000b 55       		.uleb128 0x55
 1107 000c 17       		.uleb128 0x17
 1108 000d 11       		.uleb128 0x11
 1109 000e 01       		.uleb128 0x1
 1110 000f 10       		.uleb128 0x10
 1111 0010 17       		.uleb128 0x17
 1112 0011 00       		.byte	0
 1113 0012 00       		.byte	0
 1114 0013 02       		.uleb128 0x2
 1115 0014 24       		.uleb128 0x24
 1116 0015 00       		.byte	0
 1117 0016 0B       		.uleb128 0xb
 1118 0017 0B       		.uleb128 0xb
 1119 0018 3E       		.uleb128 0x3e
 1120 0019 0B       		.uleb128 0xb
 1121 001a 03       		.uleb128 0x3
 1122 001b 0E       		.uleb128 0xe
 1123 001c 00       		.byte	0
 1124 001d 00       		.byte	0
 1125 001e 03       		.uleb128 0x3
 1126 001f 16       		.uleb128 0x16
 1127 0020 00       		.byte	0
 1128 0021 03       		.uleb128 0x3
 1129 0022 0E       		.uleb128 0xe
 1130 0023 3A       		.uleb128 0x3a
 1131 0024 0B       		.uleb128 0xb
 1132 0025 3B       		.uleb128 0x3b
 1133 0026 0B       		.uleb128 0xb
 1134 0027 49       		.uleb128 0x49
 1135 0028 13       		.uleb128 0x13
ARM GAS  C:\Users\HENRIC~1\AppData\Local\Temp\cc2ZNlgW.s 			page 25


 1136 0029 00       		.byte	0
 1137 002a 00       		.byte	0
 1138 002b 04       		.uleb128 0x4
 1139 002c 24       		.uleb128 0x24
 1140 002d 00       		.byte	0
 1141 002e 0B       		.uleb128 0xb
 1142 002f 0B       		.uleb128 0xb
 1143 0030 3E       		.uleb128 0x3e
 1144 0031 0B       		.uleb128 0xb
 1145 0032 03       		.uleb128 0x3
 1146 0033 08       		.uleb128 0x8
 1147 0034 00       		.byte	0
 1148 0035 00       		.byte	0
 1149 0036 05       		.uleb128 0x5
 1150 0037 04       		.uleb128 0x4
 1151 0038 01       		.byte	0x1
 1152 0039 03       		.uleb128 0x3
 1153 003a 0E       		.uleb128 0xe
 1154 003b 0B       		.uleb128 0xb
 1155 003c 0B       		.uleb128 0xb
 1156 003d 49       		.uleb128 0x49
 1157 003e 13       		.uleb128 0x13
 1158 003f 3A       		.uleb128 0x3a
 1159 0040 0B       		.uleb128 0xb
 1160 0041 3B       		.uleb128 0x3b
 1161 0042 0B       		.uleb128 0xb
 1162 0043 01       		.uleb128 0x1
 1163 0044 13       		.uleb128 0x13
 1164 0045 00       		.byte	0
 1165 0046 00       		.byte	0
 1166 0047 06       		.uleb128 0x6
 1167 0048 28       		.uleb128 0x28
 1168 0049 00       		.byte	0
 1169 004a 03       		.uleb128 0x3
 1170 004b 0E       		.uleb128 0xe
 1171 004c 1C       		.uleb128 0x1c
 1172 004d 0B       		.uleb128 0xb
 1173 004e 00       		.byte	0
 1174 004f 00       		.byte	0
 1175 0050 07       		.uleb128 0x7
 1176 0051 13       		.uleb128 0x13
 1177 0052 01       		.byte	0x1
 1178 0053 03       		.uleb128 0x3
 1179 0054 0E       		.uleb128 0xe
 1180 0055 0B       		.uleb128 0xb
 1181 0056 0B       		.uleb128 0xb
 1182 0057 3A       		.uleb128 0x3a
 1183 0058 0B       		.uleb128 0xb
 1184 0059 3B       		.uleb128 0x3b
 1185 005a 0B       		.uleb128 0xb
 1186 005b 01       		.uleb128 0x1
 1187 005c 13       		.uleb128 0x13
 1188 005d 00       		.byte	0
 1189 005e 00       		.byte	0
 1190 005f 08       		.uleb128 0x8
 1191 0060 0D       		.uleb128 0xd
 1192 0061 00       		.byte	0
ARM GAS  C:\Users\HENRIC~1\AppData\Local\Temp\cc2ZNlgW.s 			page 26


 1193 0062 03       		.uleb128 0x3
 1194 0063 0E       		.uleb128 0xe
 1195 0064 3A       		.uleb128 0x3a
 1196 0065 0B       		.uleb128 0xb
 1197 0066 3B       		.uleb128 0x3b
 1198 0067 0B       		.uleb128 0xb
 1199 0068 49       		.uleb128 0x49
 1200 0069 13       		.uleb128 0x13
 1201 006a 38       		.uleb128 0x38
 1202 006b 0B       		.uleb128 0xb
 1203 006c 00       		.byte	0
 1204 006d 00       		.byte	0
 1205 006e 09       		.uleb128 0x9
 1206 006f 0F       		.uleb128 0xf
 1207 0070 00       		.byte	0
 1208 0071 0B       		.uleb128 0xb
 1209 0072 0B       		.uleb128 0xb
 1210 0073 49       		.uleb128 0x49
 1211 0074 13       		.uleb128 0x13
 1212 0075 00       		.byte	0
 1213 0076 00       		.byte	0
 1214 0077 0A       		.uleb128 0xa
 1215 0078 2E       		.uleb128 0x2e
 1216 0079 01       		.byte	0x1
 1217 007a 3F       		.uleb128 0x3f
 1218 007b 19       		.uleb128 0x19
 1219 007c 03       		.uleb128 0x3
 1220 007d 0E       		.uleb128 0xe
 1221 007e 3A       		.uleb128 0x3a
 1222 007f 0B       		.uleb128 0xb
 1223 0080 3B       		.uleb128 0x3b
 1224 0081 0B       		.uleb128 0xb
 1225 0082 27       		.uleb128 0x27
 1226 0083 19       		.uleb128 0x19
 1227 0084 11       		.uleb128 0x11
 1228 0085 01       		.uleb128 0x1
 1229 0086 12       		.uleb128 0x12
 1230 0087 06       		.uleb128 0x6
 1231 0088 40       		.uleb128 0x40
 1232 0089 18       		.uleb128 0x18
 1233 008a 9642     		.uleb128 0x2116
 1234 008c 19       		.uleb128 0x19
 1235 008d 01       		.uleb128 0x1
 1236 008e 13       		.uleb128 0x13
 1237 008f 00       		.byte	0
 1238 0090 00       		.byte	0
 1239 0091 0B       		.uleb128 0xb
 1240 0092 34       		.uleb128 0x34
 1241 0093 00       		.byte	0
 1242 0094 03       		.uleb128 0x3
 1243 0095 0E       		.uleb128 0xe
 1244 0096 3A       		.uleb128 0x3a
 1245 0097 0B       		.uleb128 0xb
 1246 0098 3B       		.uleb128 0x3b
 1247 0099 0B       		.uleb128 0xb
 1248 009a 49       		.uleb128 0x49
 1249 009b 13       		.uleb128 0x13
ARM GAS  C:\Users\HENRIC~1\AppData\Local\Temp\cc2ZNlgW.s 			page 27


 1250 009c 02       		.uleb128 0x2
 1251 009d 17       		.uleb128 0x17
 1252 009e 00       		.byte	0
 1253 009f 00       		.byte	0
 1254 00a0 0C       		.uleb128 0xc
 1255 00a1 34       		.uleb128 0x34
 1256 00a2 00       		.byte	0
 1257 00a3 03       		.uleb128 0x3
 1258 00a4 08       		.uleb128 0x8
 1259 00a5 3A       		.uleb128 0x3a
 1260 00a6 0B       		.uleb128 0xb
 1261 00a7 3B       		.uleb128 0x3b
 1262 00a8 0B       		.uleb128 0xb
 1263 00a9 49       		.uleb128 0x49
 1264 00aa 13       		.uleb128 0x13
 1265 00ab 02       		.uleb128 0x2
 1266 00ac 17       		.uleb128 0x17
 1267 00ad 00       		.byte	0
 1268 00ae 00       		.byte	0
 1269 00af 0D       		.uleb128 0xd
 1270 00b0 898201   		.uleb128 0x4109
 1271 00b3 00       		.byte	0
 1272 00b4 11       		.uleb128 0x11
 1273 00b5 01       		.uleb128 0x1
 1274 00b6 31       		.uleb128 0x31
 1275 00b7 13       		.uleb128 0x13
 1276 00b8 00       		.byte	0
 1277 00b9 00       		.byte	0
 1278 00ba 0E       		.uleb128 0xe
 1279 00bb 898201   		.uleb128 0x4109
 1280 00be 01       		.byte	0x1
 1281 00bf 11       		.uleb128 0x11
 1282 00c0 01       		.uleb128 0x1
 1283 00c1 31       		.uleb128 0x31
 1284 00c2 13       		.uleb128 0x13
 1285 00c3 01       		.uleb128 0x1
 1286 00c4 13       		.uleb128 0x13
 1287 00c5 00       		.byte	0
 1288 00c6 00       		.byte	0
 1289 00c7 0F       		.uleb128 0xf
 1290 00c8 8A8201   		.uleb128 0x410a
 1291 00cb 00       		.byte	0
 1292 00cc 02       		.uleb128 0x2
 1293 00cd 18       		.uleb128 0x18
 1294 00ce 9142     		.uleb128 0x2111
 1295 00d0 18       		.uleb128 0x18
 1296 00d1 00       		.byte	0
 1297 00d2 00       		.byte	0
 1298 00d3 10       		.uleb128 0x10
 1299 00d4 2E       		.uleb128 0x2e
 1300 00d5 01       		.byte	0x1
 1301 00d6 3F       		.uleb128 0x3f
 1302 00d7 19       		.uleb128 0x19
 1303 00d8 03       		.uleb128 0x3
 1304 00d9 0E       		.uleb128 0xe
 1305 00da 3A       		.uleb128 0x3a
 1306 00db 0B       		.uleb128 0xb
ARM GAS  C:\Users\HENRIC~1\AppData\Local\Temp\cc2ZNlgW.s 			page 28


 1307 00dc 3B       		.uleb128 0x3b
 1308 00dd 0B       		.uleb128 0xb
 1309 00de 27       		.uleb128 0x27
 1310 00df 19       		.uleb128 0x19
 1311 00e0 11       		.uleb128 0x11
 1312 00e1 01       		.uleb128 0x1
 1313 00e2 12       		.uleb128 0x12
 1314 00e3 06       		.uleb128 0x6
 1315 00e4 40       		.uleb128 0x40
 1316 00e5 18       		.uleb128 0x18
 1317 00e6 9742     		.uleb128 0x2117
 1318 00e8 19       		.uleb128 0x19
 1319 00e9 01       		.uleb128 0x1
 1320 00ea 13       		.uleb128 0x13
 1321 00eb 00       		.byte	0
 1322 00ec 00       		.byte	0
 1323 00ed 11       		.uleb128 0x11
 1324 00ee 05       		.uleb128 0x5
 1325 00ef 00       		.byte	0
 1326 00f0 03       		.uleb128 0x3
 1327 00f1 0E       		.uleb128 0xe
 1328 00f2 3A       		.uleb128 0x3a
 1329 00f3 0B       		.uleb128 0xb
 1330 00f4 3B       		.uleb128 0x3b
 1331 00f5 0B       		.uleb128 0xb
 1332 00f6 49       		.uleb128 0x49
 1333 00f7 13       		.uleb128 0x13
 1334 00f8 02       		.uleb128 0x2
 1335 00f9 17       		.uleb128 0x17
 1336 00fa 00       		.byte	0
 1337 00fb 00       		.byte	0
 1338 00fc 12       		.uleb128 0x12
 1339 00fd 898201   		.uleb128 0x4109
 1340 0100 01       		.byte	0x1
 1341 0101 11       		.uleb128 0x11
 1342 0102 01       		.uleb128 0x1
 1343 0103 31       		.uleb128 0x31
 1344 0104 13       		.uleb128 0x13
 1345 0105 00       		.byte	0
 1346 0106 00       		.byte	0
 1347 0107 13       		.uleb128 0x13
 1348 0108 2E       		.uleb128 0x2e
 1349 0109 01       		.byte	0x1
 1350 010a 3F       		.uleb128 0x3f
 1351 010b 19       		.uleb128 0x19
 1352 010c 03       		.uleb128 0x3
 1353 010d 0E       		.uleb128 0xe
 1354 010e 3A       		.uleb128 0x3a
 1355 010f 0B       		.uleb128 0xb
 1356 0110 3B       		.uleb128 0x3b
 1357 0111 0B       		.uleb128 0xb
 1358 0112 27       		.uleb128 0x27
 1359 0113 19       		.uleb128 0x19
 1360 0114 49       		.uleb128 0x49
 1361 0115 13       		.uleb128 0x13
 1362 0116 11       		.uleb128 0x11
 1363 0117 01       		.uleb128 0x1
ARM GAS  C:\Users\HENRIC~1\AppData\Local\Temp\cc2ZNlgW.s 			page 29


 1364 0118 12       		.uleb128 0x12
 1365 0119 06       		.uleb128 0x6
 1366 011a 40       		.uleb128 0x40
 1367 011b 18       		.uleb128 0x18
 1368 011c 9742     		.uleb128 0x2117
 1369 011e 19       		.uleb128 0x19
 1370 011f 01       		.uleb128 0x1
 1371 0120 13       		.uleb128 0x13
 1372 0121 00       		.byte	0
 1373 0122 00       		.byte	0
 1374 0123 14       		.uleb128 0x14
 1375 0124 2E       		.uleb128 0x2e
 1376 0125 00       		.byte	0
 1377 0126 3F       		.uleb128 0x3f
 1378 0127 19       		.uleb128 0x19
 1379 0128 03       		.uleb128 0x3
 1380 0129 0E       		.uleb128 0xe
 1381 012a 3A       		.uleb128 0x3a
 1382 012b 0B       		.uleb128 0xb
 1383 012c 3B       		.uleb128 0x3b
 1384 012d 0B       		.uleb128 0xb
 1385 012e 27       		.uleb128 0x27
 1386 012f 19       		.uleb128 0x19
 1387 0130 49       		.uleb128 0x49
 1388 0131 13       		.uleb128 0x13
 1389 0132 11       		.uleb128 0x11
 1390 0133 01       		.uleb128 0x1
 1391 0134 12       		.uleb128 0x12
 1392 0135 06       		.uleb128 0x6
 1393 0136 40       		.uleb128 0x40
 1394 0137 18       		.uleb128 0x18
 1395 0138 9742     		.uleb128 0x2117
 1396 013a 19       		.uleb128 0x19
 1397 013b 00       		.byte	0
 1398 013c 00       		.byte	0
 1399 013d 15       		.uleb128 0x15
 1400 013e 34       		.uleb128 0x34
 1401 013f 00       		.byte	0
 1402 0140 03       		.uleb128 0x3
 1403 0141 0E       		.uleb128 0xe
 1404 0142 3A       		.uleb128 0x3a
 1405 0143 0B       		.uleb128 0xb
 1406 0144 3B       		.uleb128 0x3b
 1407 0145 0B       		.uleb128 0xb
 1408 0146 49       		.uleb128 0x49
 1409 0147 13       		.uleb128 0x13
 1410 0148 02       		.uleb128 0x2
 1411 0149 18       		.uleb128 0x18
 1412 014a 00       		.byte	0
 1413 014b 00       		.byte	0
 1414 014c 16       		.uleb128 0x16
 1415 014d 35       		.uleb128 0x35
 1416 014e 00       		.byte	0
 1417 014f 49       		.uleb128 0x49
 1418 0150 13       		.uleb128 0x13
 1419 0151 00       		.byte	0
 1420 0152 00       		.byte	0
ARM GAS  C:\Users\HENRIC~1\AppData\Local\Temp\cc2ZNlgW.s 			page 30


 1421 0153 17       		.uleb128 0x17
 1422 0154 34       		.uleb128 0x34
 1423 0155 00       		.byte	0
 1424 0156 03       		.uleb128 0x3
 1425 0157 0E       		.uleb128 0xe
 1426 0158 3A       		.uleb128 0x3a
 1427 0159 0B       		.uleb128 0xb
 1428 015a 3B       		.uleb128 0x3b
 1429 015b 05       		.uleb128 0x5
 1430 015c 49       		.uleb128 0x49
 1431 015d 13       		.uleb128 0x13
 1432 015e 3F       		.uleb128 0x3f
 1433 015f 19       		.uleb128 0x19
 1434 0160 3C       		.uleb128 0x3c
 1435 0161 19       		.uleb128 0x19
 1436 0162 00       		.byte	0
 1437 0163 00       		.byte	0
 1438 0164 18       		.uleb128 0x18
 1439 0165 2E       		.uleb128 0x2e
 1440 0166 00       		.byte	0
 1441 0167 3F       		.uleb128 0x3f
 1442 0168 19       		.uleb128 0x19
 1443 0169 3C       		.uleb128 0x3c
 1444 016a 19       		.uleb128 0x19
 1445 016b 6E       		.uleb128 0x6e
 1446 016c 0E       		.uleb128 0xe
 1447 016d 03       		.uleb128 0x3
 1448 016e 0E       		.uleb128 0xe
 1449 016f 3A       		.uleb128 0x3a
 1450 0170 0B       		.uleb128 0xb
 1451 0171 3B       		.uleb128 0x3b
 1452 0172 0B       		.uleb128 0xb
 1453 0173 00       		.byte	0
 1454 0174 00       		.byte	0
 1455 0175 00       		.byte	0
 1456              		.section	.debug_loc,"",%progbits
 1457              	.Ldebug_loc0:
 1458              	.LLST0:
 1459 0000 06000000 		.4byte	.LVL0
 1460 0004 0E000000 		.4byte	.LVL1
 1461 0008 0100     		.2byte	0x1
 1462 000a 50       		.byte	0x50
 1463 000b 1A000000 		.4byte	.LVL3
 1464 000f 1C000000 		.4byte	.LVL4
 1465 0013 0100     		.2byte	0x1
 1466 0015 50       		.byte	0x50
 1467 0016 00000000 		.4byte	0
 1468 001a 00000000 		.4byte	0
 1469              	.LLST1:
 1470 001e 1C000000 		.4byte	.LVL4
 1471 0022 30000000 		.4byte	.LVL8
 1472 0026 0100     		.2byte	0x1
 1473 0028 54       		.byte	0x54
 1474 0029 00000000 		.4byte	0
 1475 002d 00000000 		.4byte	0
 1476              	.LLST2:
 1477 0031 06000000 		.4byte	.LVL14
ARM GAS  C:\Users\HENRIC~1\AppData\Local\Temp\cc2ZNlgW.s 			page 31


 1478 0035 0B000000 		.4byte	.LVL15-1
 1479 0039 0100     		.2byte	0x1
 1480 003b 50       		.byte	0x50
 1481 003c 00000000 		.4byte	0
 1482 0040 00000000 		.4byte	0
 1483              	.LLST3:
 1484 0044 00000000 		.4byte	.LVL20
 1485 0048 08000000 		.4byte	.LVL21
 1486 004c 0100     		.2byte	0x1
 1487 004e 50       		.byte	0x50
 1488 004f 08000000 		.4byte	.LVL21
 1489 0053 84000000 		.4byte	.LFE63
 1490 0057 0400     		.2byte	0x4
 1491 0059 F3       		.byte	0xf3
 1492 005a 01       		.uleb128 0x1
 1493 005b 50       		.byte	0x50
 1494 005c 9F       		.byte	0x9f
 1495 005d 00000000 		.4byte	0
 1496 0061 00000000 		.4byte	0
 1497              	.LLST4:
 1498 0065 00000000 		.4byte	.LVL43
 1499 0069 10000000 		.4byte	.LVL44
 1500 006d 0100     		.2byte	0x1
 1501 006f 50       		.byte	0x50
 1502 0070 10000000 		.4byte	.LVL44
 1503 0074 13000000 		.4byte	.LVL45-1
 1504 0078 0500     		.2byte	0x5
 1505 007a 03       		.byte	0x3
 1506 007b 08000000 		.4byte	_use_led_state
 1507 007f 13000000 		.4byte	.LVL45-1
 1508 0083 1C000000 		.4byte	.LFE66
 1509 0087 0400     		.2byte	0x4
 1510 0089 F3       		.byte	0xf3
 1511 008a 01       		.uleb128 0x1
 1512 008b 50       		.byte	0x50
 1513 008c 9F       		.byte	0x9f
 1514 008d 00000000 		.4byte	0
 1515 0091 00000000 		.4byte	0
 1516              		.section	.debug_aranges,"",%progbits
 1517 0000 54000000 		.4byte	0x54
 1518 0004 0200     		.2byte	0x2
 1519 0006 00000000 		.4byte	.Ldebug_info0
 1520 000a 04       		.byte	0x4
 1521 000b 00       		.byte	0
 1522 000c 0000     		.2byte	0
 1523 000e 0000     		.2byte	0
 1524 0010 00000000 		.4byte	.LFB68
 1525 0014 68000000 		.4byte	.LFE68-.LFB68
 1526 0018 00000000 		.4byte	.LFB69
 1527 001c 12000000 		.4byte	.LFE69-.LFB69
 1528 0020 00000000 		.4byte	.LFB70
 1529 0024 18000000 		.4byte	.LFE70-.LFB70
 1530 0028 00000000 		.4byte	.LFB63
 1531 002c 84000000 		.4byte	.LFE63-.LFB63
 1532 0030 00000000 		.4byte	.LFB64
 1533 0034 10000000 		.4byte	.LFE64-.LFB64
 1534 0038 00000000 		.4byte	.LFB65
ARM GAS  C:\Users\HENRIC~1\AppData\Local\Temp\cc2ZNlgW.s 			page 32


 1535 003c 10000000 		.4byte	.LFE65-.LFB65
 1536 0040 00000000 		.4byte	.LFB66
 1537 0044 1C000000 		.4byte	.LFE66-.LFB66
 1538 0048 00000000 		.4byte	.LFB67
 1539 004c 0C000000 		.4byte	.LFE67-.LFB67
 1540 0050 00000000 		.4byte	0
 1541 0054 00000000 		.4byte	0
 1542              		.section	.debug_ranges,"",%progbits
 1543              	.Ldebug_ranges0:
 1544 0000 00000000 		.4byte	.LFB68
 1545 0004 68000000 		.4byte	.LFE68
 1546 0008 00000000 		.4byte	.LFB69
 1547 000c 12000000 		.4byte	.LFE69
 1548 0010 00000000 		.4byte	.LFB70
 1549 0014 18000000 		.4byte	.LFE70
 1550 0018 00000000 		.4byte	.LFB63
 1551 001c 84000000 		.4byte	.LFE63
 1552 0020 00000000 		.4byte	.LFB64
 1553 0024 10000000 		.4byte	.LFE64
 1554 0028 00000000 		.4byte	.LFB65
 1555 002c 10000000 		.4byte	.LFE65
 1556 0030 00000000 		.4byte	.LFB66
 1557 0034 1C000000 		.4byte	.LFE66
 1558 0038 00000000 		.4byte	.LFB67
 1559 003c 0C000000 		.4byte	.LFE67
 1560 0040 00000000 		.4byte	0
 1561 0044 00000000 		.4byte	0
 1562              		.section	.debug_line,"",%progbits
 1563              	.Ldebug_line0:
 1564 0000 E2020000 		.section	.debug_str,"MS",%progbits,1
 1564      02001202 
 1564      00000201 
 1564      FB0E0D00 
 1564      01010101 
 1565              	.LASF68:
 1566 0000 48425F4F 		.ascii	"HB_Overflow_Int_StartEx\000"
 1566      76657266 
 1566      6C6F775F 
 1566      496E745F 
 1566      53746172 
 1567              	.LASF27:
 1568 0018 52756E6E 		.ascii	"Running_Average_t\000"
 1568      696E675F 
 1568      41766572 
 1568      6167655F 
 1568      7400
 1569              	.LASF58:
 1570 002a 48425F41 		.ascii	"HB_ADC_StartConvert\000"
 1570      44435F53 
 1570      74617274 
 1570      436F6E76 
 1570      65727400 
 1571              	.LASF46:
 1572 003e 4C45445F 		.ascii	"LED_Write\000"
 1572      57726974 
 1572      6500
 1573              	.LASF37:
ARM GAS  C:\Users\HENRIC~1\AppData\Local\Temp\cc2ZNlgW.s 			page 33


 1574 0048 73746174 		.ascii	"state\000"
 1574      6500
 1575              	.LASF2:
 1576 004e 73686F72 		.ascii	"short int\000"
 1576      7420696E 
 1576      7400
 1577              	.LASF23:
 1578 0058 73697A65 		.ascii	"sizetype\000"
 1578      74797065 
 1578      00
 1579              	.LASF51:
 1580 0061 48425F43 		.ascii	"HB_Counter_ReadStatusRegister\000"
 1580      6F756E74 
 1580      65725F52 
 1580      65616453 
 1580      74617475 
 1581              	.LASF34:
 1582 007f 68656172 		.ascii	"heartbeat_clear\000"
 1582      74626561 
 1582      745F636C 
 1582      65617200 
 1583              	.LASF33:
 1584 008f 68656172 		.ascii	"heartbeat_init\000"
 1584      74626561 
 1584      745F696E 
 1584      697400
 1585              	.LASF4:
 1586 009e 5F5F7569 		.ascii	"__uint16_t\000"
 1586      6E743136 
 1586      5F7400
 1587              	.LASF26:
 1588 00a9 68656164 		.ascii	"head\000"
 1588      00
 1589              	.LASF12:
 1590 00ae 75696E74 		.ascii	"uint8_t\000"
 1590      385F7400 
 1591              	.LASF74:
 1592 00b6 52756E6E 		.ascii	"Running_Average\000"
 1592      696E675F 
 1592      41766572 
 1592      61676500 
 1593              	.LASF53:
 1594 00c6 72756E6E 		.ascii	"running_average_init\000"
 1594      696E675F 
 1594      61766572 
 1594      6167655F 
 1594      696E6974 
 1595              	.LASF28:
 1596 00db 636F756E 		.ascii	"count\000"
 1596      7400
 1597              	.LASF60:
 1598 00e1 48425F43 		.ascii	"HB_Comp_Start\000"
 1598      6F6D705F 
 1598      53746172 
 1598      7400
 1599              	.LASF63:
 1600 00ef 48425F50 		.ascii	"HB_PGA_Start\000"
ARM GAS  C:\Users\HENRIC~1\AppData\Local\Temp\cc2ZNlgW.s 			page 34


 1600      47415F53 
 1600      74617274 
 1600      00
 1601              	.LASF0:
 1602 00fc 7369676E 		.ascii	"signed char\000"
 1602      65642063 
 1602      68617200 
 1603              	.LASF19:
 1604 0108 666C6F61 		.ascii	"float\000"
 1604      7400
 1605              	.LASF15:
 1606 010e 48454152 		.ascii	"HEARTBEAT_SOURCE_OFF\000"
 1606      54424541 
 1606      545F534F 
 1606      55524345 
 1606      5F4F4646 
 1607              	.LASF9:
 1608 0123 6C6F6E67 		.ascii	"long long int\000"
 1608      206C6F6E 
 1608      6720696E 
 1608      7400
 1609              	.LASF56:
 1610 0131 48425F44 		.ascii	"HB_DAC_Start\000"
 1610      41435F53 
 1610      74617274 
 1610      00
 1611              	.LASF65:
 1612 013e 48425F4D 		.ascii	"HB_MUX_FastSelect\000"
 1612      55585F46 
 1612      61737453 
 1612      656C6563 
 1612      7400
 1613              	.LASF50:
 1614 0150 72756E6E 		.ascii	"running_average_clear\000"
 1614      696E675F 
 1614      61766572 
 1614      6167655F 
 1614      636C6561 
 1615              	.LASF3:
 1616 0166 5F5F7569 		.ascii	"__uint8_t\000"
 1616      6E74385F 
 1616      7400
 1617              	.LASF76:
 1618 0170 68656172 		.ascii	"heartbeat_get_use_LED\000"
 1618      74626561 
 1618      745F6765 
 1618      745F7573 
 1618      655F4C45 
 1619              	.LASF72:
 1620 0186 433A5C55 		.ascii	"C:\\Users\\henrichsc\\Desktop\\School\\Senior_year\\"
 1620      73657273 
 1620      5C68656E 
 1620      72696368 
 1620      73635C44 
 1621 01b4 66616C6C 		.ascii	"fall\\CE4920\\lab\\Milestone_3.cydsn\000"
 1621      5C434534 
 1621      3932305C 
ARM GAS  C:\Users\HENRIC~1\AppData\Local\Temp\cc2ZNlgW.s 			page 35


 1621      6C61625C 
 1621      4D696C65 
 1622              	.LASF36:
 1623 01d6 736F7572 		.ascii	"source\000"
 1623      636500
 1624              	.LASF67:
 1625 01dd 48425F43 		.ascii	"HB_Comp_Int_StartEx\000"
 1625      6F6D705F 
 1625      496E745F 
 1625      53746172 
 1625      74457800 
 1626              	.LASF31:
 1627 01f1 6164635F 		.ascii	"adc_val\000"
 1627      76616C00 
 1628              	.LASF22:
 1629 01f9 6C6F6E67 		.ascii	"long double\000"
 1629      20646F75 
 1629      626C6500 
 1630              	.LASF1:
 1631 0205 756E7369 		.ascii	"unsigned char\000"
 1631      676E6564 
 1631      20636861 
 1631      7200
 1632              	.LASF43:
 1633 0213 48425F43 		.ascii	"HB_Counter_WriteCounter\000"
 1633      6F756E74 
 1633      65725F57 
 1633      72697465 
 1633      436F756E 
 1634              	.LASF40:
 1635 022b 5F757365 		.ascii	"_use_led_state\000"
 1635      5F6C6564 
 1635      5F737461 
 1635      746500
 1636              	.LASF10:
 1637 023a 6C6F6E67 		.ascii	"long long unsigned int\000"
 1637      206C6F6E 
 1637      6720756E 
 1637      7369676E 
 1637      65642069 
 1638              	.LASF59:
 1639 0251 48425F41 		.ascii	"HB_ADC_IRQ_Enable\000"
 1639      44435F49 
 1639      52515F45 
 1639      6E61626C 
 1639      6500
 1640              	.LASF61:
 1641 0263 48425F43 		.ascii	"HB_Counter_Start\000"
 1641      6F756E74 
 1641      65725F53 
 1641      74617274 
 1641      00
 1642              	.LASF11:
 1643 0274 756E7369 		.ascii	"unsigned int\000"
 1643      676E6564 
 1643      20696E74 
 1643      00
ARM GAS  C:\Users\HENRIC~1\AppData\Local\Temp\cc2ZNlgW.s 			page 36


 1644              	.LASF13:
 1645 0281 75696E74 		.ascii	"uint16_t\000"
 1645      31365F74 
 1645      00
 1646              	.LASF29:
 1647 028a 636F6D70 		.ascii	"comp_isr\000"
 1647      5F697372 
 1647      00
 1648              	.LASF69:
 1649 0293 72756E6E 		.ascii	"running_average_result\000"
 1649      696E675F 
 1649      61766572 
 1649      6167655F 
 1649      72657375 
 1650              	.LASF5:
 1651 02aa 73686F72 		.ascii	"short unsigned int\000"
 1651      7420756E 
 1651      7369676E 
 1651      65642069 
 1651      6E7400
 1652              	.LASF21:
 1653 02bd 63686172 		.ascii	"char\000"
 1653      00
 1654              	.LASF42:
 1655 02c2 72756E6E 		.ascii	"running_average_update\000"
 1655      696E675F 
 1655      61766572 
 1655      6167655F 
 1655      75706461 
 1656              	.LASF7:
 1657 02d9 6C6F6E67 		.ascii	"long int\000"
 1657      20696E74 
 1657      00
 1658              	.LASF14:
 1659 02e2 696E7433 		.ascii	"int32_t\000"
 1659      325F7400 
 1660              	.LASF39:
 1661 02ea 5F66696C 		.ascii	"_filter\000"
 1661      74657200 
 1662              	.LASF66:
 1663 02f2 48425F41 		.ascii	"HB_ADC_IRQ_StartEx\000"
 1663      44435F49 
 1663      52515F53 
 1663      74617274 
 1663      457800
 1664              	.LASF38:
 1665 0305 5F426F6F 		.ascii	"_Bool\000"
 1665      6C00
 1666              	.LASF64:
 1667 030b 495F4842 		.ascii	"I_HB_Start\000"
 1667      5F537461 
 1667      727400
 1668              	.LASF48:
 1669 0316 48425F44 		.ascii	"HB_DAC_SetValue\000"
 1669      41435F53 
 1669      65745661 
 1669      6C756500 
ARM GAS  C:\Users\HENRIC~1\AppData\Local\Temp\cc2ZNlgW.s 			page 37


 1670              	.LASF75:
 1671 0326 68656172 		.ascii	"heartbeat_get_bpm\000"
 1671      74626561 
 1671      745F6765 
 1671      745F6270 
 1671      6D00
 1672              	.LASF24:
 1673 0338 62696E73 		.ascii	"bins\000"
 1673      00
 1674              	.LASF35:
 1675 033d 68656172 		.ascii	"heartbeat_set_use_LED\000"
 1675      74626561 
 1675      745F7365 
 1675      745F7573 
 1675      655F4C45 
 1676              	.LASF8:
 1677 0353 6C6F6E67 		.ascii	"long unsigned int\000"
 1677      20756E73 
 1677      69676E65 
 1677      6420696E 
 1677      7400
 1678              	.LASF49:
 1679 0365 48425F41 		.ascii	"HB_ADC_IRQ_ClearPending\000"
 1679      44435F49 
 1679      52515F43 
 1679      6C656172 
 1679      50656E64 
 1680              	.LASF20:
 1681 037d 646F7562 		.ascii	"double\000"
 1681      6C6500
 1682              	.LASF57:
 1683 0384 48425F41 		.ascii	"HB_ADC_Start\000"
 1683      44435F53 
 1683      74617274 
 1683      00
 1684              	.LASF25:
 1685 0391 73697A65 		.ascii	"size\000"
 1685      00
 1686              	.LASF52:
 1687 0396 48425F4F 		.ascii	"HB_Overflow_Int_ClearPending\000"
 1687      76657266 
 1687      6C6F775F 
 1687      496E745F 
 1687      436C6561 
 1688              	.LASF30:
 1689 03b3 4144435F 		.ascii	"ADC_EOC_isr\000"
 1689      454F435F 
 1689      69737200 
 1690              	.LASF6:
 1691 03bf 5F5F696E 		.ascii	"__int32_t\000"
 1691      7433325F 
 1691      7400
 1692              	.LASF55:
 1693 03c9 48425F43 		.ascii	"HB_Comp_Neg_DAC_SetValue\000"
 1693      6F6D705F 
 1693      4E65675F 
 1693      4441435F 
ARM GAS  C:\Users\HENRIC~1\AppData\Local\Temp\cc2ZNlgW.s 			page 38


 1693      53657456 
 1694              	.LASF32:
 1695 03e2 636F756E 		.ascii	"counter_overflow_isr\000"
 1695      7465725F 
 1695      6F766572 
 1695      666C6F77 
 1695      5F697372 
 1696              	.LASF16:
 1697 03f7 48454152 		.ascii	"HEARTBEAT_SOURCE_INTERNAL\000"
 1697      54424541 
 1697      545F534F 
 1697      55524345 
 1697      5F494E54 
 1698              	.LASF44:
 1699 0411 48425F43 		.ascii	"HB_Comp_Int_ClearPending\000"
 1699      6F6D705F 
 1699      496E745F 
 1699      436C6561 
 1699      7250656E 
 1700              	.LASF41:
 1701 042a 48425F43 		.ascii	"HB_Counter_ReadCounter\000"
 1701      6F756E74 
 1701      65725F52 
 1701      65616443 
 1701      6F756E74 
 1702              	.LASF73:
 1703 0441 48656172 		.ascii	"Heartbeat_Source\000"
 1703      74626561 
 1703      745F536F 
 1703      75726365 
 1703      00
 1704              	.LASF17:
 1705 0452 48454152 		.ascii	"HEARTBEAT_SOURCE_EXTERNAL\000"
 1705      54424541 
 1705      545F534F 
 1705      55524345 
 1705      5F455854 
 1706              	.LASF47:
 1707 046c 48425F41 		.ascii	"HB_ADC_GetResult8\000"
 1707      44435F47 
 1707      65745265 
 1707      73756C74 
 1707      3800
 1708              	.LASF77:
 1709 047e 49544D5F 		.ascii	"ITM_RxBuffer\000"
 1709      52784275 
 1709      66666572 
 1709      00
 1710              	.LASF70:
 1711 048b 474E5520 		.ascii	"GNU C11 5.4.1 20160609 (release) [ARM/embedded-5-br"
 1711      43313120 
 1711      352E342E 
 1711      31203230 
 1711      31363036 
 1712 04be 616E6368 		.ascii	"anch revision 237715] -mcpu=cortex-m3 -mthumb -g -O"
 1712      20726576 
 1712      6973696F 
ARM GAS  C:\Users\HENRIC~1\AppData\Local\Temp\cc2ZNlgW.s 			page 39


 1712      6E203233 
 1712      37373135 
 1713 04f1 67202D66 		.ascii	"g -ffunction-sections -ffat-lto-objects\000"
 1713      66756E63 
 1713      74696F6E 
 1713      2D736563 
 1713      74696F6E 
 1714              	.LASF45:
 1715 0519 4C45445F 		.ascii	"LED_Read\000"
 1715      52656164 
 1715      00
 1716              	.LASF62:
 1717 0522 48425F4D 		.ascii	"HB_MUX_Start\000"
 1717      55585F53 
 1717      74617274 
 1717      00
 1718              	.LASF18:
 1719 052f 48656172 		.ascii	"Heartbeat_Source_e\000"
 1719      74626561 
 1719      745F536F 
 1719      75726365 
 1719      5F6500
 1720              	.LASF71:
 1721 0542 48656172 		.ascii	"Heartbeat.c\000"
 1721      74626561 
 1721      742E6300 
 1722              	.LASF54:
 1723 054e 48425F43 		.ascii	"HB_Comp_Neg_DAC_Start\000"
 1723      6F6D705F 
 1723      4E65675F 
 1723      4441435F 
 1723      53746172 
 1724              		.ident	"GCC: (GNU Tools for ARM Embedded Processors) 5.4.1 20160609 (release) [ARM/embedded-5-bran
