ARM GAS  C:\Users\HENRIC~1\AppData\Local\Temp\cc2riekC.s 			page 1


   1              		.syntax unified
   2              		.cpu cortex-m3
   3              		.fpu softvfp
   4              		.eabi_attribute 20, 1
   5              		.eabi_attribute 21, 1
   6              		.eabi_attribute 23, 3
   7              		.eabi_attribute 24, 1
   8              		.eabi_attribute 25, 1
   9              		.eabi_attribute 26, 1
  10              		.eabi_attribute 30, 1
  11              		.eabi_attribute 34, 1
  12              		.eabi_attribute 18, 4
  13              		.thumb
  14              		.syntax unified
  15              		.file	"cymetadata.c"
  16              		.text
  17              	.Ltext0:
  18              		.cfi_sections	.debug_frame
  19              		.global	cy_metadata
  20              		.global	cy_meta_flashprotect
  21              		.global	cy_meta_wonvl
  22              		.global	cy_meta_custnvl
  23              		.global	cy_meta_configecc
  24              		.section	.cyconfigecc,"a",%progbits
  25              		.align	2
  26              		.type	cy_meta_configecc, %object
  27              		.size	cy_meta_configecc, 2080
  28              	cy_meta_configecc:
  29 0000 01       		.byte	1
  30 0001 45       		.byte	69
  31 0002 00       		.byte	0
  32 0003 40       		.byte	64
  33 0004 01       		.byte	1
  34 0005 4F       		.byte	79
  35 0006 00       		.byte	0
  36 0007 40       		.byte	64
  37 0008 05       		.byte	5
  38 0009 52       		.byte	82
  39 000a 00       		.byte	0
  40 000b 40       		.byte	64
  41 000c 01       		.byte	1
  42 000d 5A       		.byte	90
  43 000e 00       		.byte	0
  44 000f 40       		.byte	64
  45 0010 01       		.byte	1
  46 0011 5B       		.byte	91
  47 0012 00       		.byte	0
  48 0013 40       		.byte	64
  49 0014 07       		.byte	7
  50 0015 64       		.byte	100
  51 0016 00       		.byte	0
  52 0017 40       		.byte	64
  53 0018 04       		.byte	4
  54 0019 65       		.byte	101
  55 001a 00       		.byte	0
  56 001b 40       		.byte	64
  57 001c 05       		.byte	5
ARM GAS  C:\Users\HENRIC~1\AppData\Local\Temp\cc2riekC.s 			page 2


  58 001d 03       		.byte	3
  59 001e 01       		.byte	1
  60 001f 40       		.byte	64
  61 0020 01       		.byte	1
  62 0021 05       		.byte	5
  63 0022 01       		.byte	1
  64 0023 40       		.byte	64
  65 0024 05       		.byte	5
  66 0025 07       		.byte	7
  67 0026 01       		.byte	1
  68 0027 40       		.byte	64
  69 0028 3E       		.byte	62
  70 0029 08       		.byte	8
  71 002a 01       		.byte	1
  72 002b 40       		.byte	64
  73 002c 32       		.byte	50
  74 002d 09       		.byte	9
  75 002e 01       		.byte	1
  76 002f 40       		.byte	64
  77 0030 4D       		.byte	77
  78 0031 0A       		.byte	10
  79 0032 01       		.byte	1
  80 0033 40       		.byte	64
  81 0034 2B       		.byte	43
  82 0035 0B       		.byte	11
  83 0036 01       		.byte	1
  84 0037 40       		.byte	64
  85 0038 07       		.byte	7
  86 0039 0D       		.byte	13
  87 003a 01       		.byte	1
  88 003b 40       		.byte	64
  89 003c 4F       		.byte	79
  90 003d 14       		.byte	20
  91 003e 01       		.byte	1
  92 003f 40       		.byte	64
  93 0040 31       		.byte	49
  94 0041 15       		.byte	21
  95 0042 01       		.byte	1
  96 0043 40       		.byte	64
  97 0044 55       		.byte	85
  98 0045 16       		.byte	22
  99 0046 01       		.byte	1
 100 0047 40       		.byte	64
 101 0048 34       		.byte	52
 102 0049 17       		.byte	23
 103 004a 01       		.byte	1
 104 004b 40       		.byte	64
 105 004c 5C       		.byte	92
 106 004d 18       		.byte	24
 107 004e 01       		.byte	1
 108 004f 40       		.byte	64
 109 0050 3B       		.byte	59
 110 0051 19       		.byte	25
 111 0052 01       		.byte	1
 112 0053 40       		.byte	64
 113 0054 43       		.byte	67
 114 0055 1A       		.byte	26
ARM GAS  C:\Users\HENRIC~1\AppData\Local\Temp\cc2riekC.s 			page 3


 115 0056 01       		.byte	1
 116 0057 40       		.byte	64
 117 0058 35       		.byte	53
 118 0059 1B       		.byte	27
 119 005a 01       		.byte	1
 120 005b 40       		.byte	64
 121 005c 08       		.byte	8
 122 005d 40       		.byte	64
 123 005e 01       		.byte	1
 124 005f 40       		.byte	64
 125 0060 0E       		.byte	14
 126 0061 41       		.byte	65
 127 0062 01       		.byte	1
 128 0063 40       		.byte	64
 129 0064 07       		.byte	7
 130 0065 42       		.byte	66
 131 0066 01       		.byte	1
 132 0067 40       		.byte	64
 133 0068 09       		.byte	9
 134 0069 43       		.byte	67
 135 006a 01       		.byte	1
 136 006b 40       		.byte	64
 137 006c 06       		.byte	6
 138 006d 44       		.byte	68
 139 006e 01       		.byte	1
 140 006f 40       		.byte	64
 141 0070 05       		.byte	5
 142 0071 45       		.byte	69
 143 0072 01       		.byte	1
 144 0073 40       		.byte	64
 145 0074 0A       		.byte	10
 146 0075 46       		.byte	70
 147 0076 01       		.byte	1
 148 0077 40       		.byte	64
 149 0078 0A       		.byte	10
 150 0079 47       		.byte	71
 151 007a 01       		.byte	1
 152 007b 40       		.byte	64
 153 007c 0D       		.byte	13
 154 007d 48       		.byte	72
 155 007e 01       		.byte	1
 156 007f 40       		.byte	64
 157 0080 14       		.byte	20
 158 0081 49       		.byte	73
 159 0082 01       		.byte	1
 160 0083 40       		.byte	64
 161 0084 06       		.byte	6
 162 0085 4C       		.byte	76
 163 0086 01       		.byte	1
 164 0087 40       		.byte	64
 165 0088 08       		.byte	8
 166 0089 4D       		.byte	77
 167 008a 01       		.byte	1
 168 008b 40       		.byte	64
 169 008c 05       		.byte	5
 170 008d 50       		.byte	80
 171 008e 01       		.byte	1
ARM GAS  C:\Users\HENRIC~1\AppData\Local\Temp\cc2riekC.s 			page 4


 172 008f 40       		.byte	64
 173 0090 03       		.byte	3
 174 0091 51       		.byte	81
 175 0092 01       		.byte	1
 176 0093 40       		.byte	64
 177 0094 7E       		.byte	126
 178 0095 02       		.byte	2
 179 0096 0A       		.byte	10
 180 0097 C6       		.byte	-58
 181 0098 19       		.byte	25
 182 0099 08       		.byte	8
 183 009a 2E       		.byte	46
 184 009b 7F       		.byte	127
 185 009c 60       		.byte	96
 186 009d 30       		.byte	48
 187 009e 61       		.byte	97
 188 009f 10       		.byte	16
 189 00a0 7C       		.byte	124
 190 00a1 40       		.byte	64
 191 00a2 97       		.byte	-105
 192 00a3 01       		.byte	1
 193 00a4 27       		.byte	39
 194 00a5 84       		.byte	-124
 195 00a6 09       		.byte	9
 196 00a7 FF       		.byte	-1
 197 00a8 0A       		.byte	10
 198 00a9 FF       		.byte	-1
 199 00aa 19       		.byte	25
 200 00ab FF       		.byte	-1
 201 00ac 1A       		.byte	26
 202 00ad FF       		.byte	-1
 203 00ae 29       		.byte	41
 204 00af FF       		.byte	-1
 205 00b0 2A       		.byte	42
 206 00b1 FF       		.byte	-1
 207 00b2 8B       		.byte	-117
 208 00b3 0D       		.byte	13
 209 00b4 85       		.byte	-123
 210 00b5 67       		.byte	103
 211 00b6 87       		.byte	-121
 212 00b7 67       		.byte	103
 213 00b8 89       		.byte	-119
 214 00b9 1F       		.byte	31
 215 00ba 8A       		.byte	-118
 216 00bb 0D       		.byte	13
 217 00bc A7       		.byte	-89
 218 00bd 40       		.byte	64
 219 00be AB       		.byte	-85
 220 00bf 40       		.byte	64
 221 00c0 E2       		.byte	-30
 222 00c1 10       		.byte	16
 223 00c2 E6       		.byte	-26
 224 00c3 04       		.byte	4
 225 00c4 EE       		.byte	-18
 226 00c5 02       		.byte	2
 227 00c6 A7       		.byte	-89
 228 00c7 40       		.byte	64
ARM GAS  C:\Users\HENRIC~1\AppData\Local\Temp\cc2riekC.s 			page 5


 229 00c8 9A       		.byte	-102
 230 00c9 01       		.byte	1
 231 00ca A7       		.byte	-89
 232 00cb 40       		.byte	64
 233 00cc AA       		.byte	-86
 234 00cd 01       		.byte	1
 235 00ce EA       		.byte	-22
 236 00cf 04       		.byte	4
 237 00d0 EE       		.byte	-18
 238 00d1 01       		.byte	1
 239 00d2 0A       		.byte	10
 240 00d3 01       		.byte	1
 241 00d4 34       		.byte	52
 242 00d5 01       		.byte	1
 243 00d6 56       		.byte	86
 244 00d7 08       		.byte	8
 245 00d8 58       		.byte	88
 246 00d9 04       		.byte	4
 247 00da 5B       		.byte	91
 248 00db 0F       		.byte	15
 249 00dc 5C       		.byte	92
 250 00dd 06       		.byte	6
 251 00de 5F       		.byte	95
 252 00df 01       		.byte	1
 253 00e0 80       		.byte	-128
 254 00e1 1F       		.byte	31
 255 00e2 86       		.byte	-122
 256 00e3 01       		.byte	1
 257 00e4 88       		.byte	-120
 258 00e5 1D       		.byte	29
 259 00e6 8A       		.byte	-118
 260 00e7 02       		.byte	2
 261 00e8 8B       		.byte	-117
 262 00e9 0C       		.byte	12
 263 00ea 8C       		.byte	-116
 264 00eb 2F       		.byte	47
 265 00ec 8D       		.byte	-115
 266 00ed 0F       		.byte	15
 267 00ee 8E       		.byte	-114
 268 00ef 10       		.byte	16
 269 00f0 90       		.byte	-112
 270 00f1 02       		.byte	2
 271 00f2 93       		.byte	-109
 272 00f3 10       		.byte	16
 273 00f4 94       		.byte	-108
 274 00f5 13       		.byte	19
 275 00f6 96       		.byte	-106
 276 00f7 2C       		.byte	44
 277 00f8 98       		.byte	-104
 278 00f9 28       		.byte	40
 279 00fa 9B       		.byte	-101
 280 00fb 0F       		.byte	15
 281 00fc A1       		.byte	-95
 282 00fd 05       		.byte	5
 283 00fe A2       		.byte	-94
 284 00ff 01       		.byte	1
 285 0100 A4       		.byte	-92
ARM GAS  C:\Users\HENRIC~1\AppData\Local\Temp\cc2riekC.s 			page 6


 286 0101 04       		.byte	4
 287 0102 A5       		.byte	-91
 288 0103 0A       		.byte	10
 289 0104 A6       		.byte	-90
 290 0105 20       		.byte	32
 291 0106 AC       		.byte	-84
 292 0107 1F       		.byte	31
 293 0108 AD       		.byte	-83
 294 0109 0C       		.byte	12
 295 010a B0       		.byte	-80
 296 010b 01       		.byte	1
 297 010c B1       		.byte	-79
 298 010d 03       		.byte	3
 299 010e B2       		.byte	-78
 300 010f 1E       		.byte	30
 301 0110 B3       		.byte	-77
 302 0111 0C       		.byte	12
 303 0112 B4       		.byte	-76
 304 0113 20       		.byte	32
 305 0114 B5       		.byte	-75
 306 0115 10       		.byte	16
 307 0116 BE       		.byte	-66
 308 0117 10       		.byte	16
 309 0118 BF       		.byte	-65
 310 0119 05       		.byte	5
 311 011a C0       		.byte	-64
 312 011b 21       		.byte	33
 313 011c C1       		.byte	-63
 314 011d 04       		.byte	4
 315 011e C5       		.byte	-59
 316 011f 02       		.byte	2
 317 0120 C6       		.byte	-58
 318 0121 60       		.byte	96
 319 0122 C7       		.byte	-57
 320 0123 20       		.byte	32
 321 0124 C8       		.byte	-56
 322 0125 29       		.byte	41
 323 0126 D2       		.byte	-46
 324 0127 80       		.byte	-128
 325 0128 D8       		.byte	-40
 326 0129 04       		.byte	4
 327 012a D9       		.byte	-39
 328 012b 04       		.byte	4
 329 012c DA       		.byte	-38
 330 012d 04       		.byte	4
 331 012e DB       		.byte	-37
 332 012f 04       		.byte	4
 333 0130 DC       		.byte	-36
 334 0131 20       		.byte	32
 335 0132 DD       		.byte	-35
 336 0133 20       		.byte	32
 337 0134 DF       		.byte	-33
 338 0135 01       		.byte	1
 339 0136 E1       		.byte	-31
 340 0137 0C       		.byte	12
 341 0138 E2       		.byte	-30
 342 0139 F0       		.byte	-16
ARM GAS  C:\Users\HENRIC~1\AppData\Local\Temp\cc2riekC.s 			page 7


 343 013a E3       		.byte	-29
 344 013b 0C       		.byte	12
 345 013c E5       		.byte	-27
 346 013d 0C       		.byte	12
 347 013e E7       		.byte	-25
 348 013f 0C       		.byte	12
 349 0140 E8       		.byte	-24
 350 0141 40       		.byte	64
 351 0142 E9       		.byte	-23
 352 0143 4C       		.byte	76
 353 0144 EA       		.byte	-22
 354 0145 40       		.byte	64
 355 0146 EB       		.byte	-21
 356 0147 4C       		.byte	76
 357 0148 EC       		.byte	-20
 358 0149 90       		.byte	-112
 359 014a ED       		.byte	-19
 360 014b 58       		.byte	88
 361 014c EF       		.byte	-17
 362 014d 0C       		.byte	12
 363 014e 01       		.byte	1
 364 014f 06       		.byte	6
 365 0150 03       		.byte	3
 366 0151 0A       		.byte	10
 367 0152 05       		.byte	5
 368 0153 10       		.byte	16
 369 0154 09       		.byte	9
 370 0155 20       		.byte	32
 371 0156 0A       		.byte	10
 372 0157 60       		.byte	96
 373 0158 0B       		.byte	11
 374 0159 80       		.byte	-128
 375 015a 10       		.byte	16
 376 015b 60       		.byte	96
 377 015c 13       		.byte	19
 378 015d 40       		.byte	64
 379 015e 18       		.byte	24
 380 015f 84       		.byte	-124
 381 0160 19       		.byte	25
 382 0161 04       		.byte	4
 383 0162 1B       		.byte	27
 384 0163 0A       		.byte	10
 385 0164 1E       		.byte	30
 386 0165 04       		.byte	4
 387 0166 20       		.byte	32
 388 0167 40       		.byte	64
 389 0168 21       		.byte	33
 390 0169 04       		.byte	4
 391 016a 23       		.byte	35
 392 016b 04       		.byte	4
 393 016c 28       		.byte	40
 394 016d 01       		.byte	1
 395 016e 2A       		.byte	42
 396 016f 01       		.byte	1
 397 0170 2B       		.byte	43
 398 0171 20       		.byte	32
 399 0172 31       		.byte	49
ARM GAS  C:\Users\HENRIC~1\AppData\Local\Temp\cc2riekC.s 			page 8


 400 0173 01       		.byte	1
 401 0174 32       		.byte	50
 402 0175 10       		.byte	16
 403 0176 38       		.byte	56
 404 0177 A0       		.byte	-96
 405 0178 40       		.byte	64
 406 0179 45       		.byte	69
 407 017a 48       		.byte	72
 408 017b 20       		.byte	32
 409 017c 50       		.byte	80
 410 017d 01       		.byte	1
 411 017e 51       		.byte	81
 412 017f 30       		.byte	48
 413 0180 52       		.byte	82
 414 0181 01       		.byte	1
 415 0182 53       		.byte	83
 416 0183 21       		.byte	33
 417 0184 5C       		.byte	92
 418 0185 80       		.byte	-128
 419 0186 64       		.byte	100
 420 0187 01       		.byte	1
 421 0188 71       		.byte	113
 422 0189 01       		.byte	1
 423 018a 7F       		.byte	127
 424 018b 40       		.byte	64
 425 018c 90       		.byte	-112
 426 018d 20       		.byte	32
 427 018e 95       		.byte	-107
 428 018f 08       		.byte	8
 429 0190 96       		.byte	-106
 430 0191 24       		.byte	36
 431 0192 97       		.byte	-105
 432 0193 46       		.byte	70
 433 0194 98       		.byte	-104
 434 0195 80       		.byte	-128
 435 0196 9C       		.byte	-100
 436 0197 01       		.byte	1
 437 0198 A7       		.byte	-89
 438 0199 22       		.byte	34
 439 019a A9       		.byte	-87
 440 019b 20       		.byte	32
 441 019c C0       		.byte	-64
 442 019d 4F       		.byte	79
 443 019e C2       		.byte	-62
 444 019f 0E       		.byte	14
 445 01a0 C4       		.byte	-60
 446 01a1 0D       		.byte	13
 447 01a2 CA       		.byte	-54
 448 01a3 0B       		.byte	11
 449 01a4 CC       		.byte	-52
 450 01a5 05       		.byte	5
 451 01a6 CE       		.byte	-50
 452 01a7 0C       		.byte	12
 453 01a8 D0       		.byte	-48
 454 01a9 0D       		.byte	13
 455 01aa D6       		.byte	-42
 456 01ab 10       		.byte	16
ARM GAS  C:\Users\HENRIC~1\AppData\Local\Temp\cc2riekC.s 			page 9


 457 01ac D8       		.byte	-40
 458 01ad 10       		.byte	16
 459 01ae DE       		.byte	-34
 460 01af 80       		.byte	-128
 461 01b0 EE       		.byte	-18
 462 01b1 01       		.byte	1
 463 01b2 04       		.byte	4
 464 01b3 12       		.byte	18
 465 01b4 07       		.byte	7
 466 01b5 01       		.byte	1
 467 01b6 08       		.byte	8
 468 01b7 40       		.byte	64
 469 01b8 0B       		.byte	11
 470 01b9 01       		.byte	1
 471 01ba 0C       		.byte	12
 472 01bb 18       		.byte	24
 473 01bc 0E       		.byte	14
 474 01bd 04       		.byte	4
 475 01be 10       		.byte	16
 476 01bf 1B       		.byte	27
 477 01c0 16       		.byte	22
 478 01c1 1B       		.byte	27
 479 01c2 1A       		.byte	26
 480 01c3 60       		.byte	96
 481 01c4 1C       		.byte	28
 482 01c5 09       		.byte	9
 483 01c6 26       		.byte	38
 484 01c7 03       		.byte	3
 485 01c8 30       		.byte	48
 486 01c9 40       		.byte	64
 487 01ca 32       		.byte	50
 488 01cb 20       		.byte	32
 489 01cc 33       		.byte	51
 490 01cd 01       		.byte	1
 491 01ce 34       		.byte	52
 492 01cf 07       		.byte	7
 493 01d0 36       		.byte	54
 494 01d1 18       		.byte	24
 495 01d2 39       		.byte	57
 496 01d3 20       		.byte	32
 497 01d4 3E       		.byte	62
 498 01d5 50       		.byte	80
 499 01d6 3F       		.byte	63
 500 01d7 10       		.byte	16
 501 01d8 40       		.byte	64
 502 01d9 32       		.byte	50
 503 01da 41       		.byte	65
 504 01db 05       		.byte	5
 505 01dc 45       		.byte	69
 506 01dd 06       		.byte	6
 507 01de 46       		.byte	70
 508 01df 20       		.byte	32
 509 01e0 48       		.byte	72
 510 01e1 09       		.byte	9
 511 01e2 58       		.byte	88
 512 01e3 04       		.byte	4
 513 01e4 59       		.byte	89
ARM GAS  C:\Users\HENRIC~1\AppData\Local\Temp\cc2riekC.s 			page 10


 514 01e5 04       		.byte	4
 515 01e6 5A       		.byte	90
 516 01e7 04       		.byte	4
 517 01e8 5C       		.byte	92
 518 01e9 26       		.byte	38
 519 01ea 5F       		.byte	95
 520 01eb 01       		.byte	1
 521 01ec 61       		.byte	97
 522 01ed 0C       		.byte	12
 523 01ee 62       		.byte	98
 524 01ef F0       		.byte	-16
 525 01f0 63       		.byte	99
 526 01f1 0C       		.byte	12
 527 01f2 65       		.byte	101
 528 01f3 0C       		.byte	12
 529 01f4 67       		.byte	103
 530 01f5 0C       		.byte	12
 531 01f6 68       		.byte	104
 532 01f7 40       		.byte	64
 533 01f8 69       		.byte	105
 534 01f9 4C       		.byte	76
 535 01fa 6A       		.byte	106
 536 01fb 40       		.byte	64
 537 01fc 6B       		.byte	107
 538 01fd 4C       		.byte	76
 539 01fe 6C       		.byte	108
 540 01ff 90       		.byte	-112
 541 0200 6D       		.byte	109
 542 0201 58       		.byte	88
 543 0202 6F       		.byte	111
 544 0203 0C       		.byte	12
 545 0204 87       		.byte	-121
 546 0205 01       		.byte	1
 547 0206 8F       		.byte	-113
 548 0207 01       		.byte	1
 549 0208 94       		.byte	-108
 550 0209 02       		.byte	2
 551 020a 9A       		.byte	-102
 552 020b 03       		.byte	3
 553 020c B0       		.byte	-80
 554 020d 02       		.byte	2
 555 020e B2       		.byte	-78
 556 020f 01       		.byte	1
 557 0210 B5       		.byte	-75
 558 0211 01       		.byte	1
 559 0212 BF       		.byte	-65
 560 0213 10       		.byte	16
 561 0214 C0       		.byte	-64
 562 0215 20       		.byte	32
 563 0216 C1       		.byte	-63
 564 0217 05       		.byte	5
 565 0218 C5       		.byte	-59
 566 0219 D1       		.byte	-47
 567 021a C6       		.byte	-58
 568 021b 12       		.byte	18
 569 021c C8       		.byte	-56
 570 021d 0F       		.byte	15
ARM GAS  C:\Users\HENRIC~1\AppData\Local\Temp\cc2riekC.s 			page 11


 571 021e C9       		.byte	-55
 572 021f FF       		.byte	-1
 573 0220 CA       		.byte	-54
 574 0221 FF       		.byte	-1
 575 0222 CB       		.byte	-53
 576 0223 FF       		.byte	-1
 577 0224 CD       		.byte	-51
 578 0225 A0       		.byte	-96
 579 0226 CF       		.byte	-49
 580 0227 04       		.byte	4
 581 0228 D0       		.byte	-48
 582 0229 18       		.byte	24
 583 022a D4       		.byte	-44
 584 022b 05       		.byte	5
 585 022c D8       		.byte	-40
 586 022d 04       		.byte	4
 587 022e D9       		.byte	-39
 588 022f 04       		.byte	4
 589 0230 DA       		.byte	-38
 590 0231 04       		.byte	4
 591 0232 DB       		.byte	-37
 592 0233 04       		.byte	4
 593 0234 DC       		.byte	-36
 594 0235 02       		.byte	2
 595 0236 DD       		.byte	-35
 596 0237 22       		.byte	34
 597 0238 DF       		.byte	-33
 598 0239 01       		.byte	1
 599 023a E0       		.byte	-32
 600 023b 40       		.byte	64
 601 023c E2       		.byte	-30
 602 023d C0       		.byte	-64
 603 023e E4       		.byte	-28
 604 023f 40       		.byte	64
 605 0240 E5       		.byte	-27
 606 0241 40       		.byte	64
 607 0242 E6       		.byte	-26
 608 0243 C0       		.byte	-64
 609 0244 E8       		.byte	-24
 610 0245 C0       		.byte	-64
 611 0246 EA       		.byte	-22
 612 0247 C0       		.byte	-64
 613 0248 EC       		.byte	-20
 614 0249 C0       		.byte	-64
 615 024a EE       		.byte	-18
 616 024b C0       		.byte	-64
 617 024c 00       		.byte	0
 618 024d 10       		.byte	16
 619 024e 03       		.byte	3
 620 024f 22       		.byte	34
 621 0250 08       		.byte	8
 622 0251 01       		.byte	1
 623 0252 0A       		.byte	10
 624 0253 24       		.byte	36
 625 0254 0B       		.byte	11
 626 0255 02       		.byte	2
 627 0256 0E       		.byte	14
ARM GAS  C:\Users\HENRIC~1\AppData\Local\Temp\cc2riekC.s 			page 12


 628 0257 10       		.byte	16
 629 0258 0F       		.byte	15
 630 0259 08       		.byte	8
 631 025a 10       		.byte	16
 632 025b 20       		.byte	32
 633 025c 18       		.byte	24
 634 025d 14       		.byte	20
 635 025e 19       		.byte	25
 636 025f 40       		.byte	64
 637 0260 1A       		.byte	26
 638 0261 80       		.byte	-128
 639 0262 1E       		.byte	30
 640 0263 50       		.byte	80
 641 0264 21       		.byte	33
 642 0265 20       		.byte	32
 643 0266 23       		.byte	35
 644 0267 20       		.byte	32
 645 0268 27       		.byte	39
 646 0269 08       		.byte	8
 647 026a 3A       		.byte	58
 648 026b 10       		.byte	16
 649 026c 3B       		.byte	59
 650 026d 04       		.byte	4
 651 026e 3E       		.byte	62
 652 026f 08       		.byte	8
 653 0270 3F       		.byte	63
 654 0271 84       		.byte	-124
 655 0272 40       		.byte	64
 656 0273 04       		.byte	4
 657 0274 41       		.byte	65
 658 0275 04       		.byte	4
 659 0276 46       		.byte	70
 660 0277 08       		.byte	8
 661 0278 48       		.byte	72
 662 0279 20       		.byte	32
 663 027a 49       		.byte	73
 664 027b 40       		.byte	64
 665 027c 4F       		.byte	79
 666 027d 89       		.byte	-119
 667 027e 50       		.byte	80
 668 027f 10       		.byte	16
 669 0280 56       		.byte	86
 670 0281 10       		.byte	16
 671 0282 57       		.byte	87
 672 0283 40       		.byte	64
 673 0284 5E       		.byte	94
 674 0285 40       		.byte	64
 675 0286 5F       		.byte	95
 676 0287 09       		.byte	9
 677 0288 87       		.byte	-121
 678 0289 20       		.byte	32
 679 028a 88       		.byte	-120
 680 028b 01       		.byte	1
 681 028c 96       		.byte	-106
 682 028d 80       		.byte	-128
 683 028e 97       		.byte	-105
 684 028f 40       		.byte	64
ARM GAS  C:\Users\HENRIC~1\AppData\Local\Temp\cc2riekC.s 			page 13


 685 0290 98       		.byte	-104
 686 0291 80       		.byte	-128
 687 0292 C0       		.byte	-64
 688 0293 07       		.byte	7
 689 0294 C2       		.byte	-62
 690 0295 6F       		.byte	111
 691 0296 C4       		.byte	-60
 692 0297 04       		.byte	4
 693 0298 CE       		.byte	-50
 694 0299 56       		.byte	86
 695 029a D0       		.byte	-48
 696 029b 26       		.byte	38
 697 029c D2       		.byte	-46
 698 029d 18       		.byte	24
 699 029e D6       		.byte	-42
 700 029f D0       		.byte	-48
 701 02a0 E0       		.byte	-32
 702 02a1 02       		.byte	2
 703 02a2 8E       		.byte	-114
 704 02a3 40       		.byte	64
 705 02a4 97       		.byte	-105
 706 02a5 40       		.byte	64
 707 02a6 98       		.byte	-104
 708 02a7 80       		.byte	-128
 709 02a8 AF       		.byte	-81
 710 02a9 40       		.byte	64
 711 02aa B4       		.byte	-76
 712 02ab 80       		.byte	-128
 713 02ac E2       		.byte	-30
 714 02ad 10       		.byte	16
 715 02ae E6       		.byte	-26
 716 02af 04       		.byte	4
 717 02b0 02       		.byte	2
 718 02b1 01       		.byte	1
 719 02b2 08       		.byte	8
 720 02b3 01       		.byte	1
 721 02b4 23       		.byte	35
 722 02b5 01       		.byte	1
 723 02b6 2E       		.byte	46
 724 02b7 01       		.byte	1
 725 02b8 32       		.byte	50
 726 02b9 01       		.byte	1
 727 02ba 33       		.byte	51
 728 02bb 01       		.byte	1
 729 02bc 3E       		.byte	62
 730 02bd 04       		.byte	4
 731 02be 40       		.byte	64
 732 02bf 34       		.byte	52
 733 02c0 41       		.byte	65
 734 02c1 01       		.byte	1
 735 02c2 49       		.byte	73
 736 02c3 FF       		.byte	-1
 737 02c4 4A       		.byte	74
 738 02c5 FF       		.byte	-1
 739 02c6 4B       		.byte	75
 740 02c7 FF       		.byte	-1
 741 02c8 4D       		.byte	77
ARM GAS  C:\Users\HENRIC~1\AppData\Local\Temp\cc2riekC.s 			page 14


 742 02c9 A0       		.byte	-96
 743 02ca 4F       		.byte	79
 744 02cb 01       		.byte	1
 745 02cc 50       		.byte	80
 746 02cd 18       		.byte	24
 747 02ce 52       		.byte	82
 748 02cf 80       		.byte	-128
 749 02d0 58       		.byte	88
 750 02d1 04       		.byte	4
 751 02d2 59       		.byte	89
 752 02d3 04       		.byte	4
 753 02d4 5A       		.byte	90
 754 02d5 04       		.byte	4
 755 02d6 5B       		.byte	91
 756 02d7 04       		.byte	4
 757 02d8 5C       		.byte	92
 758 02d9 40       		.byte	64
 759 02da 5D       		.byte	93
 760 02db 44       		.byte	68
 761 02dc 5F       		.byte	95
 762 02dd 01       		.byte	1
 763 02de 60       		.byte	96
 764 02df 40       		.byte	64
 765 02e0 62       		.byte	98
 766 02e1 80       		.byte	-128
 767 02e2 64       		.byte	100
 768 02e3 40       		.byte	64
 769 02e4 65       		.byte	101
 770 02e5 40       		.byte	64
 771 02e6 66       		.byte	102
 772 02e7 80       		.byte	-128
 773 02e8 68       		.byte	104
 774 02e9 40       		.byte	64
 775 02ea 6A       		.byte	106
 776 02eb 50       		.byte	80
 777 02ec 6B       		.byte	107
 778 02ed A8       		.byte	-88
 779 02ee 6C       		.byte	108
 780 02ef 40       		.byte	64
 781 02f0 6D       		.byte	109
 782 02f1 20       		.byte	32
 783 02f2 6E       		.byte	110
 784 02f3 50       		.byte	80
 785 02f4 6F       		.byte	111
 786 02f5 A8       		.byte	-88
 787 02f6 83       		.byte	-125
 788 02f7 03       		.byte	3
 789 02f8 90       		.byte	-112
 790 02f9 02       		.byte	2
 791 02fa 99       		.byte	-103
 792 02fb 01       		.byte	1
 793 02fc 9E       		.byte	-98
 794 02fd 03       		.byte	3
 795 02fe B0       		.byte	-80
 796 02ff 01       		.byte	1
 797 0300 B1       		.byte	-79
 798 0301 01       		.byte	1
ARM GAS  C:\Users\HENRIC~1\AppData\Local\Temp\cc2riekC.s 			page 15


 799 0302 B3       		.byte	-77
 800 0303 02       		.byte	2
 801 0304 B4       		.byte	-76
 802 0305 02       		.byte	2
 803 0306 BE       		.byte	-66
 804 0307 10       		.byte	16
 805 0308 BF       		.byte	-65
 806 0309 01       		.byte	1
 807 030a C0       		.byte	-64
 808 030b 34       		.byte	52
 809 030c C1       		.byte	-63
 810 030d 01       		.byte	1
 811 030e C5       		.byte	-59
 812 030f 5C       		.byte	92
 813 0310 C6       		.byte	-58
 814 0311 20       		.byte	32
 815 0312 C7       		.byte	-57
 816 0313 0E       		.byte	14
 817 0314 C8       		.byte	-56
 818 0315 3B       		.byte	59
 819 0316 C9       		.byte	-55
 820 0317 FF       		.byte	-1
 821 0318 CA       		.byte	-54
 822 0319 FF       		.byte	-1
 823 031a CB       		.byte	-53
 824 031b FF       		.byte	-1
 825 031c CD       		.byte	-51
 826 031d AF       		.byte	-81
 827 031e CE       		.byte	-50
 828 031f 07       		.byte	7
 829 0320 CF       		.byte	-49
 830 0321 01       		.byte	1
 831 0322 D0       		.byte	-48
 832 0323 18       		.byte	24
 833 0324 D4       		.byte	-44
 834 0325 07       		.byte	7
 835 0326 D6       		.byte	-42
 836 0327 04       		.byte	4
 837 0328 D8       		.byte	-40
 838 0329 04       		.byte	4
 839 032a D9       		.byte	-39
 840 032b 04       		.byte	4
 841 032c DA       		.byte	-38
 842 032d 04       		.byte	4
 843 032e DB       		.byte	-37
 844 032f 04       		.byte	4
 845 0330 DC       		.byte	-36
 846 0331 44       		.byte	68
 847 0332 DD       		.byte	-35
 848 0333 44       		.byte	68
 849 0334 DF       		.byte	-33
 850 0335 01       		.byte	1
 851 0336 E0       		.byte	-32
 852 0337 40       		.byte	64
 853 0338 E2       		.byte	-30
 854 0339 80       		.byte	-128
 855 033a E4       		.byte	-28
ARM GAS  C:\Users\HENRIC~1\AppData\Local\Temp\cc2riekC.s 			page 16


 856 033b 40       		.byte	64
 857 033c E5       		.byte	-27
 858 033d 40       		.byte	64
 859 033e E6       		.byte	-26
 860 033f 80       		.byte	-128
 861 0340 E8       		.byte	-24
 862 0341 40       		.byte	64
 863 0342 EA       		.byte	-22
 864 0343 50       		.byte	80
 865 0344 EB       		.byte	-21
 866 0345 A8       		.byte	-88
 867 0346 EC       		.byte	-20
 868 0347 40       		.byte	64
 869 0348 ED       		.byte	-19
 870 0349 20       		.byte	32
 871 034a EE       		.byte	-18
 872 034b 50       		.byte	80
 873 034c EF       		.byte	-17
 874 034d A8       		.byte	-88
 875 034e 00       		.byte	0
 876 034f 20       		.byte	32
 877 0350 01       		.byte	1
 878 0351 02       		.byte	2
 879 0352 0E       		.byte	14
 880 0353 40       		.byte	64
 881 0354 0F       		.byte	15
 882 0355 02       		.byte	2
 883 0356 10       		.byte	16
 884 0357 02       		.byte	2
 885 0358 1B       		.byte	27
 886 0359 08       		.byte	8
 887 035a 1E       		.byte	30
 888 035b 48       		.byte	72
 889 035c 20       		.byte	32
 890 035d 20       		.byte	32
 891 035e 24       		.byte	36
 892 035f 40       		.byte	64
 893 0360 27       		.byte	39
 894 0361 20       		.byte	32
 895 0362 29       		.byte	41
 896 0363 02       		.byte	2
 897 0364 37       		.byte	55
 898 0365 20       		.byte	32
 899 0366 38       		.byte	56
 900 0367 10       		.byte	16
 901 0368 3A       		.byte	58
 902 0369 10       		.byte	16
 903 036a 3D       		.byte	61
 904 036b 01       		.byte	1
 905 036c 40       		.byte	64
 906 036d 20       		.byte	32
 907 036e 41       		.byte	65
 908 036f 02       		.byte	2
 909 0370 42       		.byte	66
 910 0371 02       		.byte	2
 911 0372 43       		.byte	67
 912 0373 08       		.byte	8
ARM GAS  C:\Users\HENRIC~1\AppData\Local\Temp\cc2riekC.s 			page 17


 913 0374 44       		.byte	68
 914 0375 20       		.byte	32
 915 0376 45       		.byte	69
 916 0377 02       		.byte	2
 917 0378 46       		.byte	70
 918 0379 02       		.byte	2
 919 037a 4D       		.byte	77
 920 037b 01       		.byte	1
 921 037c 4F       		.byte	79
 922 037d 04       		.byte	4
 923 037e 55       		.byte	85
 924 037f 02       		.byte	2
 925 0380 56       		.byte	86
 926 0381 18       		.byte	24
 927 0382 57       		.byte	87
 928 0383 01       		.byte	1
 929 0384 5C       		.byte	92
 930 0385 50       		.byte	80
 931 0386 5E       		.byte	94
 932 0387 08       		.byte	8
 933 0388 66       		.byte	102
 934 0389 09       		.byte	9
 935 038a 67       		.byte	103
 936 038b 04       		.byte	4
 937 038c 70       		.byte	112
 938 038d 02       		.byte	2
 939 038e 82       		.byte	-126
 940 038f 01       		.byte	1
 941 0390 99       		.byte	-103
 942 0391 02       		.byte	2
 943 0392 9A       		.byte	-102
 944 0393 02       		.byte	2
 945 0394 A4       		.byte	-92
 946 0395 10       		.byte	16
 947 0396 C0       		.byte	-64
 948 0397 0A       		.byte	10
 949 0398 C2       		.byte	-62
 950 0399 90       		.byte	-112
 951 039a C4       		.byte	-60
 952 039b 01       		.byte	1
 953 039c CA       		.byte	-54
 954 039d 01       		.byte	1
 955 039e CC       		.byte	-52
 956 039f 20       		.byte	32
 957 03a0 CE       		.byte	-50
 958 03a1 80       		.byte	-128
 959 03a2 D0       		.byte	-48
 960 03a3 DB       		.byte	-37
 961 03a4 D6       		.byte	-42
 962 03a5 70       		.byte	112
 963 03a6 D8       		.byte	-40
 964 03a7 E0       		.byte	-32
 965 03a8 E4       		.byte	-28
 966 03a9 01       		.byte	1
 967 03aa E6       		.byte	-26
 968 03ab 04       		.byte	4
 969 03ac E8       		.byte	-24
ARM GAS  C:\Users\HENRIC~1\AppData\Local\Temp\cc2riekC.s 			page 18


 970 03ad 02       		.byte	2
 971 03ae EA       		.byte	-22
 972 03af 04       		.byte	4
 973 03b0 03       		.byte	3
 974 03b1 01       		.byte	1
 975 03b2 21       		.byte	33
 976 03b3 01       		.byte	1
 977 03b4 2E       		.byte	46
 978 03b5 01       		.byte	1
 979 03b6 31       		.byte	49
 980 03b7 01       		.byte	1
 981 03b8 36       		.byte	54
 982 03b9 01       		.byte	1
 983 03ba 3F       		.byte	63
 984 03bb 01       		.byte	1
 985 03bc 40       		.byte	64
 986 03bd 35       		.byte	53
 987 03be 41       		.byte	65
 988 03bf 01       		.byte	1
 989 03c0 49       		.byte	73
 990 03c1 FF       		.byte	-1
 991 03c2 4A       		.byte	74
 992 03c3 FF       		.byte	-1
 993 03c4 4B       		.byte	75
 994 03c5 FF       		.byte	-1
 995 03c6 4D       		.byte	77
 996 03c7 A0       		.byte	-96
 997 03c8 4F       		.byte	79
 998 03c9 01       		.byte	1
 999 03ca 50       		.byte	80
 1000 03cb 18       		.byte	24
 1001 03cc 58       		.byte	88
 1002 03cd 04       		.byte	4
 1003 03ce 59       		.byte	89
 1004 03cf 04       		.byte	4
 1005 03d0 5A       		.byte	90
 1006 03d1 04       		.byte	4
 1007 03d2 5C       		.byte	92
 1008 03d3 04       		.byte	4
 1009 03d4 5D       		.byte	93
 1010 03d5 04       		.byte	4
 1011 03d6 5F       		.byte	95
 1012 03d7 01       		.byte	1
 1013 03d8 60       		.byte	96
 1014 03d9 40       		.byte	64
 1015 03da 62       		.byte	98
 1016 03db 80       		.byte	-128
 1017 03dc 64       		.byte	100
 1018 03dd 40       		.byte	64
 1019 03de 65       		.byte	101
 1020 03df 40       		.byte	64
 1021 03e0 66       		.byte	102
 1022 03e1 80       		.byte	-128
 1023 03e2 68       		.byte	104
 1024 03e3 40       		.byte	64
 1025 03e4 6A       		.byte	106
 1026 03e5 50       		.byte	80
ARM GAS  C:\Users\HENRIC~1\AppData\Local\Temp\cc2riekC.s 			page 19


 1027 03e6 6B       		.byte	107
 1028 03e7 A8       		.byte	-88
 1029 03e8 6C       		.byte	108
 1030 03e9 40       		.byte	64
 1031 03ea 6D       		.byte	109
 1032 03eb 20       		.byte	32
 1033 03ec 6E       		.byte	110
 1034 03ed 50       		.byte	80
 1035 03ee 6F       		.byte	111
 1036 03ef A8       		.byte	-88
 1037 03f0 83       		.byte	-125
 1038 03f1 06       		.byte	6
 1039 03f2 88       		.byte	-120
 1040 03f3 01       		.byte	1
 1041 03f4 8E       		.byte	-114
 1042 03f5 01       		.byte	1
 1043 03f6 92       		.byte	-110
 1044 03f7 01       		.byte	1
 1045 03f8 93       		.byte	-109
 1046 03f9 01       		.byte	1
 1047 03fa 94       		.byte	-108
 1048 03fb 02       		.byte	2
 1049 03fc 9D       		.byte	-99
 1050 03fd 04       		.byte	4
 1051 03fe 9E       		.byte	-98
 1052 03ff 02       		.byte	2
 1053 0400 B0       		.byte	-80
 1054 0401 02       		.byte	2
 1055 0402 B2       		.byte	-78
 1056 0403 01       		.byte	1
 1057 0404 B3       		.byte	-77
 1058 0405 04       		.byte	4
 1059 0406 B5       		.byte	-75
 1060 0407 01       		.byte	1
 1061 0408 B7       		.byte	-73
 1062 0409 02       		.byte	2
 1063 040a B8       		.byte	-72
 1064 040b 02       		.byte	2
 1065 040c B9       		.byte	-71
 1066 040d 02       		.byte	2
 1067 040e BB       		.byte	-69
 1068 040f 20       		.byte	32
 1069 0410 BE       		.byte	-66
 1070 0411 04       		.byte	4
 1071 0412 BF       		.byte	-65
 1072 0413 04       		.byte	4
 1073 0414 C0       		.byte	-64
 1074 0415 34       		.byte	52
 1075 0416 C1       		.byte	-63
 1076 0417 01       		.byte	1
 1077 0418 C5       		.byte	-59
 1078 0419 52       		.byte	82
 1079 041a C6       		.byte	-58
 1080 041b C5       		.byte	-59
 1081 041c C7       		.byte	-57
 1082 041d 0E       		.byte	14
 1083 041e C8       		.byte	-56
ARM GAS  C:\Users\HENRIC~1\AppData\Local\Temp\cc2riekC.s 			page 20


 1084 041f 3F       		.byte	63
 1085 0420 C9       		.byte	-55
 1086 0421 FF       		.byte	-1
 1087 0422 CA       		.byte	-54
 1088 0423 FF       		.byte	-1
 1089 0424 CB       		.byte	-53
 1090 0425 FF       		.byte	-1
 1091 0426 CD       		.byte	-51
 1092 0427 AF       		.byte	-81
 1093 0428 CE       		.byte	-50
 1094 0429 07       		.byte	7
 1095 042a CF       		.byte	-49
 1096 042b 01       		.byte	1
 1097 042c D0       		.byte	-48
 1098 042d 18       		.byte	24
 1099 042e D2       		.byte	-46
 1100 042f 80       		.byte	-128
 1101 0430 D4       		.byte	-44
 1102 0431 07       		.byte	7
 1103 0432 D6       		.byte	-42
 1104 0433 04       		.byte	4
 1105 0434 D8       		.byte	-40
 1106 0435 04       		.byte	4
 1107 0436 D9       		.byte	-39
 1108 0437 04       		.byte	4
 1109 0438 DA       		.byte	-38
 1110 0439 04       		.byte	4
 1111 043a DB       		.byte	-37
 1112 043b 04       		.byte	4
 1113 043c DC       		.byte	-36
 1114 043d 44       		.byte	68
 1115 043e DD       		.byte	-35
 1116 043f 44       		.byte	68
 1117 0440 DF       		.byte	-33
 1118 0441 01       		.byte	1
 1119 0442 E0       		.byte	-32
 1120 0443 40       		.byte	64
 1121 0444 E2       		.byte	-30
 1122 0445 80       		.byte	-128
 1123 0446 E4       		.byte	-28
 1124 0447 40       		.byte	64
 1125 0448 E5       		.byte	-27
 1126 0449 40       		.byte	64
 1127 044a E6       		.byte	-26
 1128 044b 80       		.byte	-128
 1129 044c E8       		.byte	-24
 1130 044d 40       		.byte	64
 1131 044e EA       		.byte	-22
 1132 044f 50       		.byte	80
 1133 0450 EB       		.byte	-21
 1134 0451 A8       		.byte	-88
 1135 0452 EC       		.byte	-20
 1136 0453 40       		.byte	64
 1137 0454 ED       		.byte	-19
 1138 0455 20       		.byte	32
 1139 0456 EE       		.byte	-18
 1140 0457 50       		.byte	80
ARM GAS  C:\Users\HENRIC~1\AppData\Local\Temp\cc2riekC.s 			page 21


 1141 0458 EF       		.byte	-17
 1142 0459 A8       		.byte	-88
 1143 045a 00       		.byte	0
 1144 045b 20       		.byte	32
 1145 045c 03       		.byte	3
 1146 045d 02       		.byte	2
 1147 045e 0A       		.byte	10
 1148 045f 22       		.byte	34
 1149 0460 0B       		.byte	11
 1150 0461 40       		.byte	64
 1151 0462 10       		.byte	16
 1152 0463 10       		.byte	16
 1153 0464 12       		.byte	18
 1154 0465 20       		.byte	32
 1155 0466 15       		.byte	21
 1156 0467 80       		.byte	-128
 1157 0468 19       		.byte	25
 1158 0469 02       		.byte	2
 1159 046a 1B       		.byte	27
 1160 046b 0A       		.byte	10
 1161 046c 1F       		.byte	31
 1162 046d 80       		.byte	-128
 1163 046e 21       		.byte	33
 1164 046f 80       		.byte	-128
 1165 0470 22       		.byte	34
 1166 0471 15       		.byte	21
 1167 0472 27       		.byte	39
 1168 0473 40       		.byte	64
 1169 0474 2F       		.byte	47
 1170 0475 80       		.byte	-128
 1171 0476 31       		.byte	49
 1172 0477 80       		.byte	-128
 1173 0478 32       		.byte	50
 1174 0479 01       		.byte	1
 1175 047a 33       		.byte	51
 1176 047b 0C       		.byte	12
 1177 047c 39       		.byte	57
 1178 047d 02       		.byte	2
 1179 047e 3F       		.byte	63
 1180 047f 01       		.byte	1
 1181 0480 41       		.byte	65
 1182 0481 01       		.byte	1
 1183 0482 42       		.byte	66
 1184 0483 02       		.byte	2
 1185 0484 43       		.byte	67
 1186 0485 08       		.byte	8
 1187 0486 46       		.byte	70
 1188 0487 03       		.byte	3
 1189 0488 47       		.byte	71
 1190 0489 04       		.byte	4
 1191 048a 4A       		.byte	74
 1192 048b 20       		.byte	32
 1193 048c 4B       		.byte	75
 1194 048d 01       		.byte	1
 1195 048e 4C       		.byte	76
 1196 048f 01       		.byte	1
 1197 0490 50       		.byte	80
ARM GAS  C:\Users\HENRIC~1\AppData\Local\Temp\cc2riekC.s 			page 22


 1198 0491 01       		.byte	1
 1199 0492 51       		.byte	81
 1200 0493 49       		.byte	73
 1201 0494 52       		.byte	82
 1202 0495 10       		.byte	16
 1203 0496 58       		.byte	88
 1204 0497 10       		.byte	16
 1205 0498 5A       		.byte	90
 1206 0499 08       		.byte	8
 1207 049a 5B       		.byte	91
 1208 049b 40       		.byte	64
 1209 049c 61       		.byte	97
 1210 049d 08       		.byte	8
 1211 049e 62       		.byte	98
 1212 049f 10       		.byte	16
 1213 04a0 63       		.byte	99
 1214 04a1 80       		.byte	-128
 1215 04a2 73       		.byte	115
 1216 04a3 40       		.byte	64
 1217 04a4 9A       		.byte	-102
 1218 04a5 01       		.byte	1
 1219 04a6 A7       		.byte	-89
 1220 04a7 40       		.byte	64
 1221 04a8 C0       		.byte	-64
 1222 04a9 03       		.byte	3
 1223 04aa C2       		.byte	-62
 1224 04ab 0D       		.byte	13
 1225 04ac C4       		.byte	-60
 1226 04ad 80       		.byte	-128
 1227 04ae CA       		.byte	-54
 1228 04af 80       		.byte	-128
 1229 04b0 CC       		.byte	-52
 1230 04b1 09       		.byte	9
 1231 04b2 CE       		.byte	-50
 1232 04b3 81       		.byte	-127
 1233 04b4 D0       		.byte	-48
 1234 04b5 5B       		.byte	91
 1235 04b6 D2       		.byte	-46
 1236 04b7 10       		.byte	16
 1237 04b8 D6       		.byte	-42
 1238 04b9 0E       		.byte	14
 1239 04ba D8       		.byte	-40
 1240 04bb 07       		.byte	7
 1241 04bc E8       		.byte	-24
 1242 04bd 04       		.byte	4
 1243 04be EA       		.byte	-22
 1244 04bf 40       		.byte	64
 1245 04c0 EE       		.byte	-18
 1246 04c1 0A       		.byte	10
 1247 04c2 02       		.byte	2
 1248 04c3 01       		.byte	1
 1249 04c4 0A       		.byte	10
 1250 04c5 04       		.byte	4
 1251 04c6 17       		.byte	23
 1252 04c7 01       		.byte	1
 1253 04c8 26       		.byte	38
 1254 04c9 06       		.byte	6
ARM GAS  C:\Users\HENRIC~1\AppData\Local\Temp\cc2riekC.s 			page 23


 1255 04ca 29       		.byte	41
 1256 04cb 01       		.byte	1
 1257 04cc 31       		.byte	49
 1258 04cd 01       		.byte	1
 1259 04ce 32       		.byte	50
 1260 04cf 02       		.byte	2
 1261 04d0 34       		.byte	52
 1262 04d1 01       		.byte	1
 1263 04d2 36       		.byte	54
 1264 04d3 04       		.byte	4
 1265 04d4 40       		.byte	64
 1266 04d5 20       		.byte	32
 1267 04d6 41       		.byte	65
 1268 04d7 05       		.byte	5
 1269 04d8 49       		.byte	73
 1270 04d9 FF       		.byte	-1
 1271 04da 4A       		.byte	74
 1272 04db FF       		.byte	-1
 1273 04dc 4B       		.byte	75
 1274 04dd FF       		.byte	-1
 1275 04de 4D       		.byte	77
 1276 04df A0       		.byte	-96
 1277 04e0 4F       		.byte	79
 1278 04e1 04       		.byte	4
 1279 04e2 50       		.byte	80
 1280 04e3 18       		.byte	24
 1281 04e4 52       		.byte	82
 1282 04e5 80       		.byte	-128
 1283 04e6 58       		.byte	88
 1284 04e7 04       		.byte	4
 1285 04e8 59       		.byte	89
 1286 04e9 04       		.byte	4
 1287 04ea 5A       		.byte	90
 1288 04eb 04       		.byte	4
 1289 04ec 5B       		.byte	91
 1290 04ed 04       		.byte	4
 1291 04ee 5C       		.byte	92
 1292 04ef 33       		.byte	51
 1293 04f0 5D       		.byte	93
 1294 04f1 33       		.byte	51
 1295 04f2 5F       		.byte	95
 1296 04f3 01       		.byte	1
 1297 04f4 60       		.byte	96
 1298 04f5 40       		.byte	64
 1299 04f6 62       		.byte	98
 1300 04f7 C0       		.byte	-64
 1301 04f8 64       		.byte	100
 1302 04f9 40       		.byte	64
 1303 04fa 65       		.byte	101
 1304 04fb 40       		.byte	64
 1305 04fc 66       		.byte	102
 1306 04fd C0       		.byte	-64
 1307 04fe 68       		.byte	104
 1308 04ff C0       		.byte	-64
 1309 0500 6A       		.byte	106
 1310 0501 C0       		.byte	-64
 1311 0502 6C       		.byte	108
ARM GAS  C:\Users\HENRIC~1\AppData\Local\Temp\cc2riekC.s 			page 24


 1312 0503 C0       		.byte	-64
 1313 0504 6E       		.byte	110
 1314 0505 C0       		.byte	-64
 1315 0506 81       		.byte	-127
 1316 0507 08       		.byte	8
 1317 0508 83       		.byte	-125
 1318 0509 02       		.byte	2
 1319 050a 84       		.byte	-124
 1320 050b 02       		.byte	2
 1321 050c 86       		.byte	-122
 1322 050d 01       		.byte	1
 1323 050e 87       		.byte	-121
 1324 050f 04       		.byte	4
 1325 0510 8B       		.byte	-117
 1326 0511 0A       		.byte	10
 1327 0512 8C       		.byte	-116
 1328 0513 01       		.byte	1
 1329 0514 8D       		.byte	-115
 1330 0515 26       		.byte	38
 1331 0516 8E       		.byte	-114
 1332 0517 02       		.byte	2
 1333 0518 8F       		.byte	-113
 1334 0519 10       		.byte	16
 1335 051a 91       		.byte	-111
 1336 051b 22       		.byte	34
 1337 051c 93       		.byte	-109
 1338 051d 04       		.byte	4
 1339 051e 94       		.byte	-108
 1340 051f 02       		.byte	2
 1341 0520 97       		.byte	-105
 1342 0521 01       		.byte	1
 1343 0522 99       		.byte	-103
 1344 0523 24       		.byte	36
 1345 0524 9B       		.byte	-101
 1346 0525 0A       		.byte	10
 1347 0526 9C       		.byte	-100
 1348 0527 03       		.byte	3
 1349 0528 9F       		.byte	-97
 1350 0529 04       		.byte	4
 1351 052a A1       		.byte	-95
 1352 052b 26       		.byte	38
 1353 052c A5       		.byte	-91
 1354 052d 06       		.byte	6
 1355 052e A7       		.byte	-89
 1356 052f 20       		.byte	32
 1357 0530 AB       		.byte	-85
 1358 0531 01       		.byte	1
 1359 0532 AF       		.byte	-81
 1360 0533 20       		.byte	32
 1361 0534 B0       		.byte	-80
 1362 0535 03       		.byte	3
 1363 0536 B1       		.byte	-79
 1364 0537 06       		.byte	6
 1365 0538 B3       		.byte	-77
 1366 0539 01       		.byte	1
 1367 053a B5       		.byte	-75
 1368 053b 20       		.byte	32
ARM GAS  C:\Users\HENRIC~1\AppData\Local\Temp\cc2riekC.s 			page 25


 1369 053c B7       		.byte	-73
 1370 053d 18       		.byte	24
 1371 053e BF       		.byte	-65
 1372 053f 44       		.byte	68
 1373 0540 C0       		.byte	-64
 1374 0541 20       		.byte	32
 1375 0542 C1       		.byte	-63
 1376 0543 05       		.byte	5
 1377 0544 C5       		.byte	-59
 1378 0545 D0       		.byte	-48
 1379 0546 C7       		.byte	-57
 1380 0547 21       		.byte	33
 1381 0548 C8       		.byte	-56
 1382 0549 32       		.byte	50
 1383 054a C9       		.byte	-55
 1384 054b FF       		.byte	-1
 1385 054c CA       		.byte	-54
 1386 054d FF       		.byte	-1
 1387 054e CB       		.byte	-53
 1388 054f FF       		.byte	-1
 1389 0550 CD       		.byte	-51
 1390 0551 AF       		.byte	-81
 1391 0552 CE       		.byte	-50
 1392 0553 0F       		.byte	15
 1393 0554 CF       		.byte	-49
 1394 0555 04       		.byte	4
 1395 0556 D0       		.byte	-48
 1396 0557 18       		.byte	24
 1397 0558 D6       		.byte	-42
 1398 0559 02       		.byte	2
 1399 055a D8       		.byte	-40
 1400 055b 04       		.byte	4
 1401 055c D9       		.byte	-39
 1402 055d 04       		.byte	4
 1403 055e DA       		.byte	-38
 1404 055f 04       		.byte	4
 1405 0560 DB       		.byte	-37
 1406 0561 04       		.byte	4
 1407 0562 DD       		.byte	-35
 1408 0563 03       		.byte	3
 1409 0564 DE       		.byte	-34
 1410 0565 08       		.byte	8
 1411 0566 DF       		.byte	-33
 1412 0567 01       		.byte	1
 1413 0568 E0       		.byte	-32
 1414 0569 40       		.byte	64
 1415 056a E2       		.byte	-30
 1416 056b C0       		.byte	-64
 1417 056c E4       		.byte	-28
 1418 056d 40       		.byte	64
 1419 056e E5       		.byte	-27
 1420 056f 40       		.byte	64
 1421 0570 E6       		.byte	-26
 1422 0571 C0       		.byte	-64
 1423 0572 E8       		.byte	-24
 1424 0573 C0       		.byte	-64
 1425 0574 EA       		.byte	-22
ARM GAS  C:\Users\HENRIC~1\AppData\Local\Temp\cc2riekC.s 			page 26


 1426 0575 C0       		.byte	-64
 1427 0576 EC       		.byte	-20
 1428 0577 C0       		.byte	-64
 1429 0578 EE       		.byte	-18
 1430 0579 C0       		.byte	-64
 1431 057a 00       		.byte	0
 1432 057b 44       		.byte	68
 1433 057c 02       		.byte	2
 1434 057d 20       		.byte	32
 1435 057e 05       		.byte	5
 1436 057f 10       		.byte	16
 1437 0580 07       		.byte	7
 1438 0581 80       		.byte	-128
 1439 0582 08       		.byte	8
 1440 0583 40       		.byte	64
 1441 0584 0A       		.byte	10
 1442 0585 10       		.byte	16
 1443 0586 15       		.byte	21
 1444 0587 08       		.byte	8
 1445 0588 18       		.byte	24
 1446 0589 40       		.byte	64
 1447 058a 19       		.byte	25
 1448 058b 02       		.byte	2
 1449 058c 1D       		.byte	29
 1450 058d 30       		.byte	48
 1451 058e 1F       		.byte	31
 1452 058f 88       		.byte	-120
 1453 0590 20       		.byte	32
 1454 0591 01       		.byte	1
 1455 0592 22       		.byte	34
 1456 0593 15       		.byte	21
 1457 0594 23       		.byte	35
 1458 0595 40       		.byte	64
 1459 0596 27       		.byte	39
 1460 0597 40       		.byte	64
 1461 0598 29       		.byte	41
 1462 0599 16       		.byte	22
 1463 059a 2A       		.byte	42
 1464 059b 80       		.byte	-128
 1465 059c 2F       		.byte	47
 1466 059d 08       		.byte	8
 1467 059e 30       		.byte	48
 1468 059f 40       		.byte	64
 1469 05a0 31       		.byte	49
 1470 05a1 48       		.byte	72
 1471 05a2 32       		.byte	50
 1472 05a3 11       		.byte	17
 1473 05a4 36       		.byte	54
 1474 05a5 08       		.byte	8
 1475 05a6 38       		.byte	56
 1476 05a7 82       		.byte	-126
 1477 05a8 39       		.byte	57
 1478 05a9 24       		.byte	36
 1479 05aa 41       		.byte	65
 1480 05ab 20       		.byte	32
 1481 05ac 45       		.byte	69
 1482 05ad 20       		.byte	32
ARM GAS  C:\Users\HENRIC~1\AppData\Local\Temp\cc2riekC.s 			page 27


 1483 05ae 49       		.byte	73
 1484 05af 01       		.byte	1
 1485 05b0 4A       		.byte	74
 1486 05b1 02       		.byte	2
 1487 05b2 4E       		.byte	78
 1488 05b3 02       		.byte	2
 1489 05b4 51       		.byte	81
 1490 05b5 04       		.byte	4
 1491 05b6 52       		.byte	82
 1492 05b7 0A       		.byte	10
 1493 05b8 72       		.byte	114
 1494 05b9 C0       		.byte	-64
 1495 05ba 77       		.byte	119
 1496 05bb 80       		.byte	-128
 1497 05bc 7A       		.byte	122
 1498 05bd 20       		.byte	32
 1499 05be 89       		.byte	-119
 1500 05bf 08       		.byte	8
 1501 05c0 8A       		.byte	-118
 1502 05c1 02       		.byte	2
 1503 05c2 90       		.byte	-112
 1504 05c3 82       		.byte	-126
 1505 05c4 91       		.byte	-111
 1506 05c5 20       		.byte	32
 1507 05c6 94       		.byte	-108
 1508 05c7 01       		.byte	1
 1509 05c8 95       		.byte	-107
 1510 05c9 04       		.byte	4
 1511 05ca 96       		.byte	-106
 1512 05cb 60       		.byte	96
 1513 05cc 97       		.byte	-105
 1514 05cd 40       		.byte	64
 1515 05ce 99       		.byte	-103
 1516 05cf 04       		.byte	4
 1517 05d0 9A       		.byte	-102
 1518 05d1 20       		.byte	32
 1519 05d2 9C       		.byte	-100
 1520 05d3 40       		.byte	64
 1521 05d4 9D       		.byte	-99
 1522 05d5 02       		.byte	2
 1523 05d6 AA       		.byte	-86
 1524 05d7 20       		.byte	32
 1525 05d8 B5       		.byte	-75
 1526 05d9 10       		.byte	16
 1527 05da C0       		.byte	-64
 1528 05db 55       		.byte	85
 1529 05dc C2       		.byte	-62
 1530 05dd 05       		.byte	5
 1531 05de C4       		.byte	-60
 1532 05df 20       		.byte	32
 1533 05e0 CA       		.byte	-54
 1534 05e1 2F       		.byte	47
 1535 05e2 CC       		.byte	-52
 1536 05e3 4F       		.byte	79
 1537 05e4 CE       		.byte	-50
 1538 05e5 0F       		.byte	15
 1539 05e6 D0       		.byte	-48
ARM GAS  C:\Users\HENRIC~1\AppData\Local\Temp\cc2riekC.s 			page 28


 1540 05e7 24       		.byte	36
 1541 05e8 D2       		.byte	-46
 1542 05e9 18       		.byte	24
 1543 05ea DE       		.byte	-34
 1544 05eb 02       		.byte	2
 1545 05ec EA       		.byte	-22
 1546 05ed 40       		.byte	64
 1547 05ee EE       		.byte	-18
 1548 05ef 0A       		.byte	10
 1549 05f0 04       		.byte	4
 1550 05f1 03       		.byte	3
 1551 05f2 05       		.byte	5
 1552 05f3 01       		.byte	1
 1553 05f4 0C       		.byte	12
 1554 05f5 01       		.byte	1
 1555 05f6 0D       		.byte	13
 1556 05f7 01       		.byte	1
 1557 05f8 0E       		.byte	14
 1558 05f9 02       		.byte	2
 1559 05fa 13       		.byte	19
 1560 05fb 01       		.byte	1
 1561 05fc 16       		.byte	22
 1562 05fd 02       		.byte	2
 1563 05fe 1C       		.byte	28
 1564 05ff 02       		.byte	2
 1565 0600 1E       		.byte	30
 1566 0601 01       		.byte	1
 1567 0602 2D       		.byte	45
 1568 0603 01       		.byte	1
 1569 0604 2E       		.byte	46
 1570 0605 01       		.byte	1
 1571 0606 35       		.byte	53
 1572 0607 01       		.byte	1
 1573 0608 36       		.byte	54
 1574 0609 03       		.byte	3
 1575 060a 40       		.byte	64
 1576 060b 01       		.byte	1
 1577 060c 41       		.byte	65
 1578 060d 02       		.byte	2
 1579 060e 49       		.byte	73
 1580 060f FF       		.byte	-1
 1581 0610 4A       		.byte	74
 1582 0611 FF       		.byte	-1
 1583 0612 4B       		.byte	75
 1584 0613 FF       		.byte	-1
 1585 0614 4C       		.byte	76
 1586 0615 02       		.byte	2
 1587 0616 4D       		.byte	77
 1588 0617 0C       		.byte	12
 1589 0618 4E       		.byte	78
 1590 0619 F8       		.byte	-8
 1591 061a 54       		.byte	84
 1592 061b 05       		.byte	5
 1593 061c 58       		.byte	88
 1594 061d 04       		.byte	4
 1595 061e 59       		.byte	89
 1596 061f 04       		.byte	4
ARM GAS  C:\Users\HENRIC~1\AppData\Local\Temp\cc2riekC.s 			page 29


 1597 0620 5A       		.byte	90
 1598 0621 04       		.byte	4
 1599 0622 5B       		.byte	91
 1600 0623 04       		.byte	4
 1601 0624 5D       		.byte	93
 1602 0625 30       		.byte	48
 1603 0626 5F       		.byte	95
 1604 0627 01       		.byte	1
 1605 0628 62       		.byte	98
 1606 0629 48       		.byte	72
 1607 062a 63       		.byte	99
 1608 062b A1       		.byte	-95
 1609 062c 68       		.byte	104
 1610 062d F0       		.byte	-16
 1611 062e 6A       		.byte	106
 1612 062f F0       		.byte	-16
 1613 0630 6C       		.byte	108
 1614 0631 F0       		.byte	-16
 1615 0632 6E       		.byte	110
 1616 0633 F0       		.byte	-16
 1617 0634 86       		.byte	-122
 1618 0635 05       		.byte	5
 1619 0636 8B       		.byte	-117
 1620 0637 01       		.byte	1
 1621 0638 8C       		.byte	-116
 1622 0639 01       		.byte	1
 1623 063a 8E       		.byte	-114
 1624 063b 02       		.byte	2
 1625 063c 9A       		.byte	-102
 1626 063d 02       		.byte	2
 1627 063e 9B       		.byte	-101
 1628 063f 02       		.byte	2
 1629 0640 A1       		.byte	-95
 1630 0641 02       		.byte	2
 1631 0642 B3       		.byte	-77
 1632 0643 01       		.byte	1
 1633 0644 B4       		.byte	-76
 1634 0645 03       		.byte	3
 1635 0646 B6       		.byte	-74
 1636 0647 04       		.byte	4
 1637 0648 B7       		.byte	-73
 1638 0649 02       		.byte	2
 1639 064a BE       		.byte	-66
 1640 064b 10       		.byte	16
 1641 064c C0       		.byte	-64
 1642 064d 01       		.byte	1
 1643 064e C1       		.byte	-63
 1644 064f 03       		.byte	3
 1645 0650 C5       		.byte	-59
 1646 0651 0A       		.byte	10
 1647 0652 C9       		.byte	-55
 1648 0653 FF       		.byte	-1
 1649 0654 CA       		.byte	-54
 1650 0655 FF       		.byte	-1
 1651 0656 CB       		.byte	-53
 1652 0657 FF       		.byte	-1
 1653 0658 CC       		.byte	-52
ARM GAS  C:\Users\HENRIC~1\AppData\Local\Temp\cc2riekC.s 			page 30


 1654 0659 03       		.byte	3
 1655 065a CD       		.byte	-51
 1656 065b 0C       		.byte	12
 1657 065c CE       		.byte	-50
 1658 065d F4       		.byte	-12
 1659 065e D2       		.byte	-46
 1660 065f 17       		.byte	23
 1661 0660 D8       		.byte	-40
 1662 0661 04       		.byte	4
 1663 0662 D9       		.byte	-39
 1664 0663 04       		.byte	4
 1665 0664 DA       		.byte	-38
 1666 0665 04       		.byte	4
 1667 0666 DB       		.byte	-37
 1668 0667 04       		.byte	4
 1669 0668 DF       		.byte	-33
 1670 0669 01       		.byte	1
 1671 066a E2       		.byte	-30
 1672 066b 48       		.byte	72
 1673 066c E3       		.byte	-29
 1674 066d A1       		.byte	-95
 1675 066e E8       		.byte	-24
 1676 066f F0       		.byte	-16
 1677 0670 EA       		.byte	-22
 1678 0671 F0       		.byte	-16
 1679 0672 EC       		.byte	-20
 1680 0673 F0       		.byte	-16
 1681 0674 EE       		.byte	-18
 1682 0675 F0       		.byte	-16
 1683 0676 00       		.byte	0
 1684 0677 44       		.byte	68
 1685 0678 06       		.byte	6
 1686 0679 02       		.byte	2
 1687 067a 07       		.byte	7
 1688 067b 20       		.byte	32
 1689 067c 0A       		.byte	10
 1690 067d 11       		.byte	17
 1691 067e 0F       		.byte	15
 1692 067f 08       		.byte	8
 1693 0680 10       		.byte	16
 1694 0681 02       		.byte	2
 1695 0682 19       		.byte	25
 1696 0683 40       		.byte	64
 1697 0684 1A       		.byte	26
 1698 0685 01       		.byte	1
 1699 0686 1F       		.byte	31
 1700 0687 A0       		.byte	-96
 1701 0688 20       		.byte	32
 1702 0689 04       		.byte	4
 1703 068a 23       		.byte	35
 1704 068b 08       		.byte	8
 1705 068c 25       		.byte	37
 1706 068d 80       		.byte	-128
 1707 068e 27       		.byte	39
 1708 068f 20       		.byte	32
 1709 0690 29       		.byte	41
 1710 0691 40       		.byte	64
ARM GAS  C:\Users\HENRIC~1\AppData\Local\Temp\cc2riekC.s 			page 31


 1711 0692 2F       		.byte	47
 1712 0693 80       		.byte	-128
 1713 0694 30       		.byte	48
 1714 0695 02       		.byte	2
 1715 0696 37       		.byte	55
 1716 0697 20       		.byte	32
 1717 0698 38       		.byte	56
 1718 0699 44       		.byte	68
 1719 069a 3E       		.byte	62
 1720 069b 20       		.byte	32
 1721 069c 40       		.byte	64
 1722 069d 04       		.byte	4
 1723 069e 41       		.byte	65
 1724 069f 80       		.byte	-128
 1725 06a0 45       		.byte	69
 1726 06a1 80       		.byte	-128
 1727 06a2 47       		.byte	71
 1728 06a3 08       		.byte	8
 1729 06a4 4F       		.byte	79
 1730 06a5 08       		.byte	8
 1731 06a6 59       		.byte	89
 1732 06a7 01       		.byte	1
 1733 06a8 5A       		.byte	90
 1734 06a9 08       		.byte	8
 1735 06aa 5B       		.byte	91
 1736 06ab 40       		.byte	64
 1737 06ac 6C       		.byte	108
 1738 06ad 02       		.byte	2
 1739 06ae 6D       		.byte	109
 1740 06af 04       		.byte	4
 1741 06b0 6E       		.byte	110
 1742 06b1 10       		.byte	16
 1743 06b2 76       		.byte	118
 1744 06b3 02       		.byte	2
 1745 06b4 83       		.byte	-125
 1746 06b5 20       		.byte	32
 1747 06b6 90       		.byte	-112
 1748 06b7 40       		.byte	64
 1749 06b8 92       		.byte	-110
 1750 06b9 08       		.byte	8
 1751 06ba 94       		.byte	-108
 1752 06bb 04       		.byte	4
 1753 06bc 95       		.byte	-107
 1754 06bd 04       		.byte	4
 1755 06be 96       		.byte	-106
 1756 06bf 10       		.byte	16
 1757 06c0 99       		.byte	-103
 1758 06c1 01       		.byte	1
 1759 06c2 9A       		.byte	-102
 1760 06c3 20       		.byte	32
 1761 06c4 9B       		.byte	-101
 1762 06c5 40       		.byte	64
 1763 06c6 9D       		.byte	-99
 1764 06c7 40       		.byte	64
 1765 06c8 A8       		.byte	-88
 1766 06c9 04       		.byte	4
 1767 06ca B7       		.byte	-73
ARM GAS  C:\Users\HENRIC~1\AppData\Local\Temp\cc2riekC.s 			page 32


 1768 06cb 80       		.byte	-128
 1769 06cc C0       		.byte	-64
 1770 06cd A5       		.byte	-91
 1771 06ce C2       		.byte	-62
 1772 06cf 45       		.byte	69
 1773 06d0 C4       		.byte	-60
 1774 06d1 01       		.byte	1
 1775 06d2 CA       		.byte	-54
 1776 06d3 88       		.byte	-120
 1777 06d4 CC       		.byte	-52
 1778 06d5 21       		.byte	33
 1779 06d6 CE       		.byte	-50
 1780 06d7 2A       		.byte	42
 1781 06d8 D0       		.byte	-48
 1782 06d9 5C       		.byte	92
 1783 06da D6       		.byte	-42
 1784 06db 0B       		.byte	11
 1785 06dc E4       		.byte	-28
 1786 06dd 01       		.byte	1
 1787 06de E8       		.byte	-24
 1788 06df 02       		.byte	2
 1789 06e0 32       		.byte	50
 1790 06e1 40       		.byte	64
 1791 06e2 33       		.byte	51
 1792 06e3 02       		.byte	2
 1793 06e4 34       		.byte	52
 1794 06e5 02       		.byte	2
 1795 06e6 37       		.byte	55
 1796 06e7 10       		.byte	16
 1797 06e8 38       		.byte	56
 1798 06e9 40       		.byte	64
 1799 06ea 3E       		.byte	62
 1800 06eb 10       		.byte	16
 1801 06ec CC       		.byte	-52
 1802 06ed F0       		.byte	-16
 1803 06ee CE       		.byte	-50
 1804 06ef 30       		.byte	48
 1805 06f0 31       		.byte	49
 1806 06f1 04       		.byte	4
 1807 06f2 33       		.byte	51
 1808 06f3 80       		.byte	-128
 1809 06f4 36       		.byte	54
 1810 06f5 40       		.byte	64
 1811 06f6 80       		.byte	-128
 1812 06f7 40       		.byte	64
 1813 06f8 8E       		.byte	-114
 1814 06f9 40       		.byte	64
 1815 06fa 94       		.byte	-108
 1816 06fb 40       		.byte	64
 1817 06fc 96       		.byte	-106
 1818 06fd 90       		.byte	-112
 1819 06fe 9F       		.byte	-97
 1820 06ff 10       		.byte	16
 1821 0700 AB       		.byte	-85
 1822 0701 02       		.byte	2
 1823 0702 AC       		.byte	-84
 1824 0703 02       		.byte	2
ARM GAS  C:\Users\HENRIC~1\AppData\Local\Temp\cc2riekC.s 			page 33


 1825 0704 CC       		.byte	-52
 1826 0705 70       		.byte	112
 1827 0706 E6       		.byte	-26
 1828 0707 20       		.byte	32
 1829 0708 EA       		.byte	-22
 1830 0709 20       		.byte	32
 1831 070a EE       		.byte	-18
 1832 070b 40       		.byte	64
 1833 070c 59       		.byte	89
 1834 070d 01       		.byte	1
 1835 070e 96       		.byte	-106
 1836 070f 10       		.byte	16
 1837 0710 9D       		.byte	-99
 1838 0711 04       		.byte	4
 1839 0712 9F       		.byte	-97
 1840 0713 10       		.byte	16
 1841 0714 A6       		.byte	-90
 1842 0715 40       		.byte	64
 1843 0716 A7       		.byte	-89
 1844 0717 80       		.byte	-128
 1845 0718 D6       		.byte	-42
 1846 0719 40       		.byte	64
 1847 071a 18       		.byte	24
 1848 071b 20       		.byte	32
 1849 071c 96       		.byte	-106
 1850 071d 10       		.byte	16
 1851 071e 9F       		.byte	-97
 1852 071f 10       		.byte	16
 1853 0720 A6       		.byte	-90
 1854 0721 40       		.byte	64
 1855 0722 A7       		.byte	-89
 1856 0723 80       		.byte	-128
 1857 0724 A9       		.byte	-87
 1858 0725 05       		.byte	5
 1859 0726 C6       		.byte	-58
 1860 0727 10       		.byte	16
 1861 0728 EA       		.byte	-22
 1862 0729 20       		.byte	32
 1863 072a EE       		.byte	-18
 1864 072b 80       		.byte	-128
 1865 072c 28       		.byte	40
 1866 072d 02       		.byte	2
 1867 072e 39       		.byte	57
 1868 072f 20       		.byte	32
 1869 0730 7D       		.byte	125
 1870 0731 80       		.byte	-128
 1871 0732 CA       		.byte	-54
 1872 0733 08       		.byte	8
 1873 0734 CE       		.byte	-50
 1874 0735 08       		.byte	8
 1875 0736 DE       		.byte	-34
 1876 0737 04       		.byte	4
 1877 0738 82       		.byte	-126
 1878 0739 10       		.byte	16
 1879 073a 95       		.byte	-107
 1880 073b 20       		.byte	32
 1881 073c A5       		.byte	-91
ARM GAS  C:\Users\HENRIC~1\AppData\Local\Temp\cc2riekC.s 			page 34


 1882 073d 40       		.byte	64
 1883 073e B4       		.byte	-76
 1884 073f 02       		.byte	2
 1885 0740 EA       		.byte	-22
 1886 0741 08       		.byte	8
 1887 0742 1A       		.byte	26
 1888 0743 20       		.byte	32
 1889 0744 32       		.byte	50
 1890 0745 40       		.byte	64
 1891 0746 85       		.byte	-123
 1892 0747 40       		.byte	64
 1893 0748 89       		.byte	-119
 1894 0749 10       		.byte	16
 1895 074a 95       		.byte	-107
 1896 074b 20       		.byte	32
 1897 074c 96       		.byte	-106
 1898 074d 20       		.byte	32
 1899 074e A5       		.byte	-91
 1900 074f 40       		.byte	64
 1901 0750 C6       		.byte	-58
 1902 0751 08       		.byte	8
 1903 0752 CC       		.byte	-52
 1904 0753 08       		.byte	8
 1905 0754 E4       		.byte	-28
 1906 0755 04       		.byte	4
 1907 0756 01       		.byte	1
 1908 0757 08       		.byte	8
 1909 0758 08       		.byte	8
 1910 0759 88       		.byte	-120
 1911 075a 0F       		.byte	15
 1912 075b 40       		.byte	64
 1913 075c 47       		.byte	71
 1914 075d 20       		.byte	32
 1915 075e 96       		.byte	-106
 1916 075f 80       		.byte	-128
 1917 0760 9C       		.byte	-100
 1918 0761 80       		.byte	-128
 1919 0762 A8       		.byte	-88
 1920 0763 80       		.byte	-128
 1921 0764 C0       		.byte	-64
 1922 0765 08       		.byte	8
 1923 0766 C2       		.byte	-62
 1924 0767 0E       		.byte	14
 1925 0768 D0       		.byte	-48
 1926 0769 04       		.byte	4
 1927 076a 23       		.byte	35
 1928 076b 80       		.byte	-128
 1929 076c 65       		.byte	101
 1930 076d 01       		.byte	1
 1931 076e 93       		.byte	-109
 1932 076f 02       		.byte	2
 1933 0770 96       		.byte	-106
 1934 0771 10       		.byte	16
 1935 0772 9F       		.byte	-97
 1936 0773 10       		.byte	16
 1937 0774 A8       		.byte	-88
 1938 0775 10       		.byte	16
ARM GAS  C:\Users\HENRIC~1\AppData\Local\Temp\cc2riekC.s 			page 35


 1939 0776 AE       		.byte	-82
 1940 0777 40       		.byte	64
 1941 0778 AF       		.byte	-81
 1942 0779 80       		.byte	-128
 1943 077a B7       		.byte	-73
 1944 077b 01       		.byte	1
 1945 077c C8       		.byte	-56
 1946 077d 40       		.byte	64
 1947 077e D8       		.byte	-40
 1948 077f 80       		.byte	-128
 1949 0780 E8       		.byte	-24
 1950 0781 20       		.byte	32
 1951 0782 EE       		.byte	-18
 1952 0783 50       		.byte	80
 1953 0784 21       		.byte	33
 1954 0785 40       		.byte	64
 1955 0786 22       		.byte	34
 1956 0787 20       		.byte	32
 1957 0788 53       		.byte	83
 1958 0789 01       		.byte	1
 1959 078a 7B       		.byte	123
 1960 078b 20       		.byte	32
 1961 078c 81       		.byte	-127
 1962 078d 40       		.byte	64
 1963 078e 82       		.byte	-126
 1964 078f 30       		.byte	48
 1965 0790 83       		.byte	-125
 1966 0791 30       		.byte	48
 1967 0792 93       		.byte	-109
 1968 0793 02       		.byte	2
 1969 0794 96       		.byte	-106
 1970 0795 10       		.byte	16
 1971 0796 9F       		.byte	-97
 1972 0797 10       		.byte	16
 1973 0798 A9       		.byte	-87
 1974 0799 01       		.byte	1
 1975 079a AF       		.byte	-81
 1976 079b 80       		.byte	-128
 1977 079c C8       		.byte	-56
 1978 079d 10       		.byte	16
 1979 079e D4       		.byte	-44
 1980 079f 80       		.byte	-128
 1981 07a0 DE       		.byte	-34
 1982 07a1 40       		.byte	64
 1983 07a2 E2       		.byte	-30
 1984 07a3 20       		.byte	32
 1985 07a4 E4       		.byte	-28
 1986 07a5 80       		.byte	-128
 1987 07a6 E6       		.byte	-26
 1988 07a7 20       		.byte	32
 1989 07a8 E8       		.byte	-24
 1990 07a9 40       		.byte	64
 1991 07aa EA       		.byte	-22
 1992 07ab 20       		.byte	32
 1993 07ac 96       		.byte	-106
 1994 07ad 80       		.byte	-128
 1995 07ae 9F       		.byte	-97
ARM GAS  C:\Users\HENRIC~1\AppData\Local\Temp\cc2riekC.s 			page 36


 1996 07af 20       		.byte	32
 1997 07b0 AC       		.byte	-84
 1998 07b1 08       		.byte	8
 1999 07b2 AF       		.byte	-81
 2000 07b3 40       		.byte	64
 2001 07b4 B5       		.byte	-75
 2002 07b5 08       		.byte	8
 2003 07b6 EA       		.byte	-22
 2004 07b7 02       		.byte	2
 2005 07b8 75       		.byte	117
 2006 07b9 02       		.byte	2
 2007 07ba 82       		.byte	-126
 2008 07bb 40       		.byte	64
 2009 07bc 96       		.byte	-106
 2010 07bd 80       		.byte	-128
 2011 07be 99       		.byte	-103
 2012 07bf 02       		.byte	2
 2013 07c0 AF       		.byte	-81
 2014 07c1 20       		.byte	32
 2015 07c2 B5       		.byte	-75
 2016 07c3 02       		.byte	2
 2017 07c4 DE       		.byte	-34
 2018 07c5 04       		.byte	4
 2019 07c6 E8       		.byte	-24
 2020 07c7 02       		.byte	2
 2021 07c8 00       		.byte	0
 2022 07c9 45       		.byte	69
 2023 07ca 0C       		.byte	12
 2024 07cb 45       		.byte	69
 2025 07cc 10       		.byte	16
 2026 07cd 19       		.byte	25
 2027 07ce 1A       		.byte	26
 2028 07cf 10       		.byte	16
 2029 07d0 1C       		.byte	28
 2030 07d1 09       		.byte	9
 2031 07d2 00       		.byte	0
 2032 07d3 FF       		.byte	-1
 2033 07d4 01       		.byte	1
 2034 07d5 AB       		.byte	-85
 2035 07d6 10       		.byte	16
 2036 07d7 02       		.byte	2
 2037 07d8 00       		.byte	0
 2038 07d9 00       		.byte	0
 2039 07da 00       		.byte	0
 2040 07db 00       		.byte	0
 2041 07dc 00       		.byte	0
 2042 07dd 00       		.byte	0
 2043 07de 10       		.byte	16
 2044 07df 00       		.byte	0
 2045 07e0 00       		.byte	0
 2046 07e1 30       		.byte	48
 2047 07e2 30       		.byte	48
 2048 07e3 00       		.byte	0
 2049 07e4 30       		.byte	48
 2050 07e5 00       		.byte	0
 2051 07e6 00       		.byte	0
 2052 07e7 00       		.byte	0
ARM GAS  C:\Users\HENRIC~1\AppData\Local\Temp\cc2riekC.s 			page 37


 2053 07e8 40       		.byte	64
 2054 07e9 00       		.byte	0
 2055 07ea 00       		.byte	0
 2056 07eb 00       		.byte	0
 2057 07ec 00       		.byte	0
 2058 07ed 00       		.byte	0
 2059 07ee 00       		.byte	0
 2060 07ef 00       		.byte	0
 2061 07f0 C0       		.byte	-64
 2062 07f1 00       		.byte	0
 2063 07f2 00       		.byte	0
 2064 07f3 00       		.byte	0
 2065 07f4 00       		.byte	0
 2066 07f5 0B       		.byte	11
 2067 07f6 0B       		.byte	11
 2068 07f7 00       		.byte	0
 2069 07f8 00       		.byte	0
 2070 07f9 00       		.byte	0
 2071 07fa 00       		.byte	0
 2072 07fb 00       		.byte	0
 2073 07fc 00       		.byte	0
 2074 07fd 7F       		.byte	127
 2075 07fe 7F       		.byte	127
 2076 07ff 00       		.byte	0
 2077 0800 00       		.byte	0
 2078 0801 00       		.byte	0
 2079 0802 00       		.byte	0
 2080 0803 00       		.byte	0
 2081 0804 00       		.byte	0
 2082 0805 08       		.byte	8
 2083 0806 08       		.byte	8
 2084 0807 00       		.byte	0
 2085 0808 08       		.byte	8
 2086 0809 00       		.byte	0
 2087 080a C0       		.byte	-64
 2088 080b 00       		.byte	0
 2089 080c 00       		.byte	0
 2090 080d 00       		.byte	0
 2091 080e 7F       		.byte	127
 2092 080f 00       		.byte	0
 2093 0810 00       		.byte	0
 2094 0811 00       		.byte	0
 2095 0812 00       		.byte	0
 2096 0813 00       		.byte	0
 2097 0814 00       		.byte	0
 2098 0815 08       		.byte	8
 2099 0816 08       		.byte	8
 2100 0817 00       		.byte	0
 2101 0818 00       		.byte	0
 2102 0819 00       		.byte	0
 2103 081a 10       		.byte	16
 2104 081b 00       		.byte	0
 2105 081c 01       		.byte	1
 2106 081d 00       		.byte	0
 2107 081e 18       		.byte	24
 2108 081f 01       		.byte	1
 2109              		.section	.cywolatch,"a",%progbits
ARM GAS  C:\Users\HENRIC~1\AppData\Local\Temp\cc2riekC.s 			page 38


 2110              		.align	2
 2111              		.type	cy_meta_wonvl, %object
 2112              		.size	cy_meta_wonvl, 4
 2113              	cy_meta_wonvl:
 2114 0000 BC       		.byte	-68
 2115 0001 90       		.byte	-112
 2116 0002 AC       		.byte	-84
 2117 0003 AF       		.byte	-81
 2118              		.section	.cycustnvl,"a",%progbits
 2119              		.align	2
 2120              		.type	cy_meta_custnvl, %object
 2121              		.size	cy_meta_custnvl, 4
 2122              	cy_meta_custnvl:
 2123 0000 00       		.byte	0
 2124 0001 00       		.byte	0
 2125 0002 40       		.byte	64
 2126 0003 05       		.byte	5
 2127              		.section	.cymeta,"a",%progbits
 2128              		.align	2
 2129              		.type	cy_metadata, %object
 2130              		.size	cy_metadata, 12
 2131              	cy_metadata:
 2132 0000 00       		.byte	0
 2133 0001 01       		.byte	1
 2134 0002 2E       		.byte	46
 2135 0003 12       		.byte	18
 2136 0004 30       		.byte	48
 2137 0005 69       		.byte	105
 2138 0006 00       		.byte	0
 2139 0007 01       		.byte	1
 2140 0008 00       		.byte	0
 2141 0009 00       		.byte	0
 2142 000a 00       		.byte	0
 2143 000b 00       		.byte	0
 2144              		.section	.cyflashprotect,"a",%progbits
 2145              		.align	2
 2146              		.type	cy_meta_flashprotect, %object
 2147              		.size	cy_meta_flashprotect, 256
 2148              	cy_meta_flashprotect:
 2149 0000 00000000 		.space	256
 2149      00000000 
 2149      00000000 
 2149      00000000 
 2149      00000000 
 2150              		.text
 2151              	.Letext0:
 2152              		.file 1 "c:\\program files (x86)\\cypress\\psoc creator\\4.1\\psoc creator\\import\\gnu\\arm\\5.4.
 2153              		.file 2 "c:\\program files (x86)\\cypress\\psoc creator\\4.1\\psoc creator\\import\\gnu\\arm\\5.4.
 2154              		.file 3 "Generated_Source\\PSoC5\\cymetadata.c"
 2155              		.section	.debug_info,"",%progbits
 2156              	.Ldebug_info0:
 2157 0000 35010000 		.4byte	0x135
 2158 0004 0400     		.2byte	0x4
 2159 0006 00000000 		.4byte	.Ldebug_abbrev0
 2160 000a 04       		.byte	0x4
 2161 000b 01       		.uleb128 0x1
 2162 000c 24000000 		.4byte	.LASF17
ARM GAS  C:\Users\HENRIC~1\AppData\Local\Temp\cc2riekC.s 			page 39


 2163 0010 0C       		.byte	0xc
 2164 0011 CE010000 		.4byte	.LASF18
 2165 0015 48010000 		.4byte	.LASF19
 2166 0019 00000000 		.4byte	.Ldebug_line0
 2167 001d 02       		.uleb128 0x2
 2168 001e 01       		.byte	0x1
 2169 001f 06       		.byte	0x6
 2170 0020 C2010000 		.4byte	.LASF0
 2171 0024 03       		.uleb128 0x3
 2172 0025 00000000 		.4byte	.LASF9
 2173 0029 01       		.byte	0x1
 2174 002a 1D       		.byte	0x1d
 2175 002b 2F000000 		.4byte	0x2f
 2176 002f 02       		.uleb128 0x2
 2177 0030 01       		.byte	0x1
 2178 0031 08       		.byte	0x8
 2179 0032 16000000 		.4byte	.LASF1
 2180 0036 02       		.uleb128 0x2
 2181 0037 02       		.byte	0x2
 2182 0038 05       		.byte	0x5
 2183 0039 AF010000 		.4byte	.LASF2
 2184 003d 02       		.uleb128 0x2
 2185 003e 02       		.byte	0x2
 2186 003f 07       		.byte	0x7
 2187 0040 C4000000 		.4byte	.LASF3
 2188 0044 02       		.uleb128 0x2
 2189 0045 04       		.byte	0x4
 2190 0046 05       		.byte	0x5
 2191 0047 B9010000 		.4byte	.LASF4
 2192 004b 02       		.uleb128 0x2
 2193 004c 04       		.byte	0x4
 2194 004d 07       		.byte	0x7
 2195 004e B2000000 		.4byte	.LASF5
 2196 0052 02       		.uleb128 0x2
 2197 0053 08       		.byte	0x8
 2198 0054 05       		.byte	0x5
 2199 0055 A1010000 		.4byte	.LASF6
 2200 0059 02       		.uleb128 0x2
 2201 005a 08       		.byte	0x8
 2202 005b 07       		.byte	0x7
 2203 005c 06010000 		.4byte	.LASF7
 2204 0060 04       		.uleb128 0x4
 2205 0061 04       		.byte	0x4
 2206 0062 05       		.byte	0x5
 2207 0063 696E7400 		.ascii	"int\000"
 2208 0067 02       		.uleb128 0x2
 2209 0068 04       		.byte	0x4
 2210 0069 07       		.byte	0x7
 2211 006a F9000000 		.4byte	.LASF8
 2212 006e 03       		.uleb128 0x3
 2213 006f 1D010000 		.4byte	.LASF10
 2214 0073 02       		.byte	0x2
 2215 0074 18       		.byte	0x18
 2216 0075 24000000 		.4byte	0x24
 2217 0079 05       		.uleb128 0x5
 2218 007a 91000000 		.4byte	0x91
 2219 007e 8A000000 		.4byte	0x8a
ARM GAS  C:\Users\HENRIC~1\AppData\Local\Temp\cc2riekC.s 			page 40


 2220 0082 06       		.uleb128 0x6
 2221 0083 8A000000 		.4byte	0x8a
 2222 0087 1F08     		.2byte	0x81f
 2223 0089 00       		.byte	0
 2224 008a 02       		.uleb128 0x2
 2225 008b 04       		.byte	0x4
 2226 008c 07       		.byte	0x7
 2227 008d 98010000 		.4byte	.LASF11
 2228 0091 07       		.uleb128 0x7
 2229 0092 6E000000 		.4byte	0x6e
 2230 0096 08       		.uleb128 0x8
 2231 0097 E7000000 		.4byte	.LASF12
 2232 009b 03       		.byte	0x3
 2233 009c 1F       		.byte	0x1f
 2234 009d A7000000 		.4byte	0xa7
 2235 00a1 05       		.uleb128 0x5
 2236 00a2 03       		.byte	0x3
 2237 00a3 00000000 		.4byte	cy_meta_configecc
 2238 00a7 07       		.uleb128 0x7
 2239 00a8 79000000 		.4byte	0x79
 2240 00ac 05       		.uleb128 0x5
 2241 00ad 91000000 		.4byte	0x91
 2242 00b1 BC000000 		.4byte	0xbc
 2243 00b5 09       		.uleb128 0x9
 2244 00b6 8A000000 		.4byte	0x8a
 2245 00ba 03       		.byte	0x3
 2246 00bb 00       		.byte	0
 2247 00bc 0A       		.uleb128 0xa
 2248 00bd D7000000 		.4byte	.LASF13
 2249 00c1 03       		.byte	0x3
 2250 00c2 3001     		.2byte	0x130
 2251 00c4 CE000000 		.4byte	0xce
 2252 00c8 05       		.uleb128 0x5
 2253 00c9 03       		.byte	0x3
 2254 00ca 00000000 		.4byte	cy_meta_custnvl
 2255 00ce 07       		.uleb128 0x7
 2256 00cf AC000000 		.4byte	0xac
 2257 00d3 0A       		.uleb128 0xa
 2258 00d4 3A010000 		.4byte	.LASF14
 2259 00d8 03       		.byte	0x3
 2260 00d9 3E01     		.2byte	0x13e
 2261 00db E5000000 		.4byte	0xe5
 2262 00df 05       		.uleb128 0x5
 2263 00e0 03       		.byte	0x3
 2264 00e1 00000000 		.4byte	cy_meta_wonvl
 2265 00e5 07       		.uleb128 0x7
 2266 00e6 AC000000 		.4byte	0xac
 2267 00ea 05       		.uleb128 0x5
 2268 00eb 91000000 		.4byte	0x91
 2269 00ef FA000000 		.4byte	0xfa
 2270 00f3 09       		.uleb128 0x9
 2271 00f4 8A000000 		.4byte	0x8a
 2272 00f8 FF       		.byte	0xff
 2273 00f9 00       		.byte	0
 2274 00fa 0A       		.uleb128 0xa
 2275 00fb 25010000 		.4byte	.LASF15
 2276 00ff 03       		.byte	0x3
ARM GAS  C:\Users\HENRIC~1\AppData\Local\Temp\cc2riekC.s 			page 41


 2277 0100 4C01     		.2byte	0x14c
 2278 0102 0C010000 		.4byte	0x10c
 2279 0106 05       		.uleb128 0x5
 2280 0107 03       		.byte	0x3
 2281 0108 00000000 		.4byte	cy_meta_flashprotect
 2282 010c 07       		.uleb128 0x7
 2283 010d EA000000 		.4byte	0xea
 2284 0111 05       		.uleb128 0x5
 2285 0112 91000000 		.4byte	0x91
 2286 0116 21010000 		.4byte	0x121
 2287 011a 09       		.uleb128 0x9
 2288 011b 8A000000 		.4byte	0x8a
 2289 011f 0B       		.byte	0xb
 2290 0120 00       		.byte	0
 2291 0121 0A       		.uleb128 0xa
 2292 0122 0A000000 		.4byte	.LASF16
 2293 0126 03       		.byte	0x3
 2294 0127 7901     		.2byte	0x179
 2295 0129 33010000 		.4byte	0x133
 2296 012d 05       		.uleb128 0x5
 2297 012e 03       		.byte	0x3
 2298 012f 00000000 		.4byte	cy_metadata
 2299 0133 07       		.uleb128 0x7
 2300 0134 11010000 		.4byte	0x111
 2301 0138 00       		.byte	0
 2302              		.section	.debug_abbrev,"",%progbits
 2303              	.Ldebug_abbrev0:
 2304 0000 01       		.uleb128 0x1
 2305 0001 11       		.uleb128 0x11
 2306 0002 01       		.byte	0x1
 2307 0003 25       		.uleb128 0x25
 2308 0004 0E       		.uleb128 0xe
 2309 0005 13       		.uleb128 0x13
 2310 0006 0B       		.uleb128 0xb
 2311 0007 03       		.uleb128 0x3
 2312 0008 0E       		.uleb128 0xe
 2313 0009 1B       		.uleb128 0x1b
 2314 000a 0E       		.uleb128 0xe
 2315 000b 10       		.uleb128 0x10
 2316 000c 17       		.uleb128 0x17
 2317 000d 00       		.byte	0
 2318 000e 00       		.byte	0
 2319 000f 02       		.uleb128 0x2
 2320 0010 24       		.uleb128 0x24
 2321 0011 00       		.byte	0
 2322 0012 0B       		.uleb128 0xb
 2323 0013 0B       		.uleb128 0xb
 2324 0014 3E       		.uleb128 0x3e
 2325 0015 0B       		.uleb128 0xb
 2326 0016 03       		.uleb128 0x3
 2327 0017 0E       		.uleb128 0xe
 2328 0018 00       		.byte	0
 2329 0019 00       		.byte	0
 2330 001a 03       		.uleb128 0x3
 2331 001b 16       		.uleb128 0x16
 2332 001c 00       		.byte	0
 2333 001d 03       		.uleb128 0x3
ARM GAS  C:\Users\HENRIC~1\AppData\Local\Temp\cc2riekC.s 			page 42


 2334 001e 0E       		.uleb128 0xe
 2335 001f 3A       		.uleb128 0x3a
 2336 0020 0B       		.uleb128 0xb
 2337 0021 3B       		.uleb128 0x3b
 2338 0022 0B       		.uleb128 0xb
 2339 0023 49       		.uleb128 0x49
 2340 0024 13       		.uleb128 0x13
 2341 0025 00       		.byte	0
 2342 0026 00       		.byte	0
 2343 0027 04       		.uleb128 0x4
 2344 0028 24       		.uleb128 0x24
 2345 0029 00       		.byte	0
 2346 002a 0B       		.uleb128 0xb
 2347 002b 0B       		.uleb128 0xb
 2348 002c 3E       		.uleb128 0x3e
 2349 002d 0B       		.uleb128 0xb
 2350 002e 03       		.uleb128 0x3
 2351 002f 08       		.uleb128 0x8
 2352 0030 00       		.byte	0
 2353 0031 00       		.byte	0
 2354 0032 05       		.uleb128 0x5
 2355 0033 01       		.uleb128 0x1
 2356 0034 01       		.byte	0x1
 2357 0035 49       		.uleb128 0x49
 2358 0036 13       		.uleb128 0x13
 2359 0037 01       		.uleb128 0x1
 2360 0038 13       		.uleb128 0x13
 2361 0039 00       		.byte	0
 2362 003a 00       		.byte	0
 2363 003b 06       		.uleb128 0x6
 2364 003c 21       		.uleb128 0x21
 2365 003d 00       		.byte	0
 2366 003e 49       		.uleb128 0x49
 2367 003f 13       		.uleb128 0x13
 2368 0040 2F       		.uleb128 0x2f
 2369 0041 05       		.uleb128 0x5
 2370 0042 00       		.byte	0
 2371 0043 00       		.byte	0
 2372 0044 07       		.uleb128 0x7
 2373 0045 26       		.uleb128 0x26
 2374 0046 00       		.byte	0
 2375 0047 49       		.uleb128 0x49
 2376 0048 13       		.uleb128 0x13
 2377 0049 00       		.byte	0
 2378 004a 00       		.byte	0
 2379 004b 08       		.uleb128 0x8
 2380 004c 34       		.uleb128 0x34
 2381 004d 00       		.byte	0
 2382 004e 03       		.uleb128 0x3
 2383 004f 0E       		.uleb128 0xe
 2384 0050 3A       		.uleb128 0x3a
 2385 0051 0B       		.uleb128 0xb
 2386 0052 3B       		.uleb128 0x3b
 2387 0053 0B       		.uleb128 0xb
 2388 0054 49       		.uleb128 0x49
 2389 0055 13       		.uleb128 0x13
 2390 0056 3F       		.uleb128 0x3f
ARM GAS  C:\Users\HENRIC~1\AppData\Local\Temp\cc2riekC.s 			page 43


 2391 0057 19       		.uleb128 0x19
 2392 0058 02       		.uleb128 0x2
 2393 0059 18       		.uleb128 0x18
 2394 005a 00       		.byte	0
 2395 005b 00       		.byte	0
 2396 005c 09       		.uleb128 0x9
 2397 005d 21       		.uleb128 0x21
 2398 005e 00       		.byte	0
 2399 005f 49       		.uleb128 0x49
 2400 0060 13       		.uleb128 0x13
 2401 0061 2F       		.uleb128 0x2f
 2402 0062 0B       		.uleb128 0xb
 2403 0063 00       		.byte	0
 2404 0064 00       		.byte	0
 2405 0065 0A       		.uleb128 0xa
 2406 0066 34       		.uleb128 0x34
 2407 0067 00       		.byte	0
 2408 0068 03       		.uleb128 0x3
 2409 0069 0E       		.uleb128 0xe
 2410 006a 3A       		.uleb128 0x3a
 2411 006b 0B       		.uleb128 0xb
 2412 006c 3B       		.uleb128 0x3b
 2413 006d 05       		.uleb128 0x5
 2414 006e 49       		.uleb128 0x49
 2415 006f 13       		.uleb128 0x13
 2416 0070 3F       		.uleb128 0x3f
 2417 0071 19       		.uleb128 0x19
 2418 0072 02       		.uleb128 0x2
 2419 0073 18       		.uleb128 0x18
 2420 0074 00       		.byte	0
 2421 0075 00       		.byte	0
 2422 0076 00       		.byte	0
 2423              		.section	.debug_aranges,"",%progbits
 2424 0000 14000000 		.4byte	0x14
 2425 0004 0200     		.2byte	0x2
 2426 0006 00000000 		.4byte	.Ldebug_info0
 2427 000a 04       		.byte	0x4
 2428 000b 00       		.byte	0
 2429 000c 0000     		.2byte	0
 2430 000e 0000     		.2byte	0
 2431 0010 00000000 		.4byte	0
 2432 0014 00000000 		.4byte	0
 2433              		.section	.debug_line,"",%progbits
 2434              	.Ldebug_line0:
 2435 0000 3D010000 		.section	.debug_str,"MS",%progbits,1
 2435      02003701 
 2435      00000201 
 2435      FB0E0D00 
 2435      01010101 
 2436              	.LASF9:
 2437 0000 5F5F7569 		.ascii	"__uint8_t\000"
 2437      6E74385F 
 2437      7400
 2438              	.LASF16:
 2439 000a 63795F6D 		.ascii	"cy_metadata\000"
 2439      65746164 
 2439      61746100 
ARM GAS  C:\Users\HENRIC~1\AppData\Local\Temp\cc2riekC.s 			page 44


 2440              	.LASF1:
 2441 0016 756E7369 		.ascii	"unsigned char\000"
 2441      676E6564 
 2441      20636861 
 2441      7200
 2442              	.LASF17:
 2443 0024 474E5520 		.ascii	"GNU C11 5.4.1 20160609 (release) [ARM/embedded-5-br"
 2443      43313120 
 2443      352E342E 
 2443      31203230 
 2443      31363036 
 2444 0057 616E6368 		.ascii	"anch revision 237715] -mcpu=cortex-m3 -mthumb -g -O"
 2444      20726576 
 2444      6973696F 
 2444      6E203233 
 2444      37373135 
 2445 008a 67202D66 		.ascii	"g -ffunction-sections -ffat-lto-objects\000"
 2445      66756E63 
 2445      74696F6E 
 2445      2D736563 
 2445      74696F6E 
 2446              	.LASF5:
 2447 00b2 6C6F6E67 		.ascii	"long unsigned int\000"
 2447      20756E73 
 2447      69676E65 
 2447      6420696E 
 2447      7400
 2448              	.LASF3:
 2449 00c4 73686F72 		.ascii	"short unsigned int\000"
 2449      7420756E 
 2449      7369676E 
 2449      65642069 
 2449      6E7400
 2450              	.LASF13:
 2451 00d7 63795F6D 		.ascii	"cy_meta_custnvl\000"
 2451      6574615F 
 2451      63757374 
 2451      6E766C00 
 2452              	.LASF12:
 2453 00e7 63795F6D 		.ascii	"cy_meta_configecc\000"
 2453      6574615F 
 2453      636F6E66 
 2453      69676563 
 2453      6300
 2454              	.LASF8:
 2455 00f9 756E7369 		.ascii	"unsigned int\000"
 2455      676E6564 
 2455      20696E74 
 2455      00
 2456              	.LASF7:
 2457 0106 6C6F6E67 		.ascii	"long long unsigned int\000"
 2457      206C6F6E 
 2457      6720756E 
 2457      7369676E 
 2457      65642069 
 2458              	.LASF10:
 2459 011d 75696E74 		.ascii	"uint8_t\000"
ARM GAS  C:\Users\HENRIC~1\AppData\Local\Temp\cc2riekC.s 			page 45


 2459      385F7400 
 2460              	.LASF15:
 2461 0125 63795F6D 		.ascii	"cy_meta_flashprotect\000"
 2461      6574615F 
 2461      666C6173 
 2461      6870726F 
 2461      74656374 
 2462              	.LASF14:
 2463 013a 63795F6D 		.ascii	"cy_meta_wonvl\000"
 2463      6574615F 
 2463      776F6E76 
 2463      6C00
 2464              	.LASF19:
 2465 0148 433A5C55 		.ascii	"C:\\Users\\henrichsc\\Desktop\\School\\Senior_year\\"
 2465      73657273 
 2465      5C68656E 
 2465      72696368 
 2465      73635C44 
 2466 0176 66616C6C 		.ascii	"fall\\CE4920\\lab\\Milestone_3.cydsn\000"
 2466      5C434534 
 2466      3932305C 
 2466      6C61625C 
 2466      4D696C65 
 2467              	.LASF11:
 2468 0198 73697A65 		.ascii	"sizetype\000"
 2468      74797065 
 2468      00
 2469              	.LASF6:
 2470 01a1 6C6F6E67 		.ascii	"long long int\000"
 2470      206C6F6E 
 2470      6720696E 
 2470      7400
 2471              	.LASF2:
 2472 01af 73686F72 		.ascii	"short int\000"
 2472      7420696E 
 2472      7400
 2473              	.LASF4:
 2474 01b9 6C6F6E67 		.ascii	"long int\000"
 2474      20696E74 
 2474      00
 2475              	.LASF0:
 2476 01c2 7369676E 		.ascii	"signed char\000"
 2476      65642063 
 2476      68617200 
 2477              	.LASF18:
 2478 01ce 47656E65 		.ascii	"Generated_Source\\PSoC5\\cymetadata.c\000"
 2478      72617465 
 2478      645F536F 
 2478      75726365 
 2478      5C50536F 
 2479              		.ident	"GCC: (GNU Tools for ARM Embedded Processors) 5.4.1 20160609 (release) [ARM/embedded-5-bran
