--------------- Build Started: 11/29/2017 13:53:53 Project: Milestone_6, Configuration: ARM GCC 5.4-2016-q2-update Debug ---------------
cydsfit.exe -.appdatapath "C:\Users\henrichsc\AppData\Local\Cypress Semiconductor\PSoC Creator\4.1" -.fdsnotice -.fdswarpdepfile=warp_dependencies.txt -.fdselabdepfile=elab_dependencies.txt -.fdsbldfile=generated_files.txt -.fdsreffile=referenced_files.txt -p C:\Users\henrichsc\Desktop\School\Senior_year\fall\CE4920\lab\Milestone_6.cydsn\Milestone_6.cyprj -d CY8C5868AXI-LP035 -s C:\Users\henrichsc\Desktop\School\Senior_year\fall\CE4920\lab\Milestone_6.cydsn\Generated_Source\PSoC5 -- -yv2 -q10 -ygs -o2 -v3 -.fftcfgtype=LE
Elaborating Design...
ADD: sdb.M0061: information: Info from component: HB_DAC. System VDDA voltage is set less than the voltage range of
        VDAC, the actual range of the VDAC will be 0V to VDDA.
 * C:\Users\henrichsc\Desktop\School\Senior_year\fall\CE4920\lab\Milestone_6.cydsn\TopDesign\TopDesign.cysch (Instance:HB_DAC)
ADD: sdb.M0061: information: Info from component: HB_Comp_Neg_DAC. System VDDA voltage is set less than the voltage range of
        VDAC, the actual range of the VDAC will be 0V to VDDA.
 * C:\Users\henrichsc\Desktop\School\Senior_year\fall\CE4920\lab\Milestone_6.cydsn\TopDesign\TopDesign.cysch (Instance:HB_Comp_Neg_DAC)
HDL Generation...
Synthesis...
Tech Mapping...
Analog Placement...
Log: apr.M0058: The analog placement iterative improvement is 46% done. (App=cydsfit)
Log: apr.M0058: The analog placement iterative improvement is 78% done. (App=cydsfit)
Analog Routing...
Analog Code Generation...
Digital Placement...
Digital Routing...
Bitstream Generation...
Bitstream Verification...
Static timing analysis...
Warning: sta.M0021: Milestone_6_timing.html: Warning-1350: Asynchronous path(s) exist from "CapSense_IntClock(fixed-function)" to "CapSense_IntClock". See the timing report for details. (File=C:\Users\henrichsc\Desktop\School\Senior_year\fall\CE4920\lab\Milestone_6.cydsn\Milestone_6_timing.html)
API Generation...
Dependency Generation...
Cleanup...
arm-none-eabi-gcc.exe -mcpu=cortex-m3 -mthumb -I. -IGenerated_Source\PSoC5 -Wa,-alh=.\CortexM3\ARM_GCC_541\Debug/main.lst -g -D DEBUG -D CY_CORE_ID=0 -Wall -ffunction-sections -ffat-lto-objects -Og -c main.c -o .\CortexM3\ARM_GCC_541\Debug\main.o
arm-none-eabi-ar.exe -rs .\CortexM3\ARM_GCC_541\Debug\Milestone_6.a .\CortexM3\ARM_GCC_541\Debug\CyDmac.o .\CortexM3\ARM_GCC_541\Debug\CyFlash.o .\CortexM3\ARM_GCC_541\Debug\CyLib.o .\CortexM3\ARM_GCC_541\Debug\cyPm.o .\CortexM3\ARM_GCC_541\Debug\CySpc.o .\CortexM3\ARM_GCC_541\Debug\cyutils.o .\CortexM3\ARM_GCC_541\Debug\LCD.o .\CortexM3\ARM_GCC_541\Debug\LCD_PM.o .\CortexM3\ARM_GCC_541\Debug\LCD_CustChars.o .\CortexM3\ARM_GCC_541\Debug\LCD_LCDPort.o .\CortexM3\ARM_GCC_541\Debug\Tone_Int.o .\CortexM3\ARM_GCC_541\Debug\Tone_D.o .\CortexM3\ARM_GCC_541\Debug\Tone_D_PM.o .\CortexM3\ARM_GCC_541\Debug\PWM.o .\CortexM3\ARM_GCC_541\Debug\PWM_PM.o .\CortexM3\ARM_GCC_541\Debug\PWM_CLK.o .\CortexM3\ARM_GCC_541\Debug\Motor.o .\CortexM3\ARM_GCC_541\Debug\USBUART.o .\CortexM3\ARM_GCC_541\Debug\USBUART_audio.o .\CortexM3\ARM_GCC_541\Debug\USBUART_boot.o .\CortexM3\ARM_GCC_541\Debug\USBUART_cdc.o .\CortexM3\ARM_GCC_541\Debug\USBUART_cls.o .\CortexM3\ARM_GCC_541\Debug\USBUART_descr.o .\CortexM3\ARM_GCC_541\Debug\USBUART_drv.o .\CortexM3\ARM_GCC_541\Debug\USBUART_episr.o .\CortexM3\ARM_GCC_541\Debug\USBUART_hid.o .\CortexM3\ARM_GCC_541\Debug\USBUART_pm.o .\CortexM3\ARM_GCC_541\Debug\USBUART_std.o .\CortexM3\ARM_GCC_541\Debug\USBUART_vnd.o .\CortexM3\ARM_GCC_541\Debug\USBUART_midi.o .\CortexM3\ARM_GCC_541\Debug\USBUART_msc.o .\CortexM3\ARM_GCC_541\Debug\Tone_F.o .\CortexM3\ARM_GCC_541\Debug\Tone_F_PM.o .\CortexM3\ARM_GCC_541\Debug\Tone_F_CLK.o .\CortexM3\ARM_GCC_541\Debug\USBUART_Dm.o .\CortexM3\ARM_GCC_541\Debug\USBUART_Dp.o .\CortexM3\ARM_GCC_541\Debug\Tone.o .\CortexM3\ARM_GCC_541\Debug\CapSense.o .\CortexM3\ARM_GCC_541\Debug\CapSense_CSHL.o .\CortexM3\ARM_GCC_541\Debug\CapSense_INT.o .\CortexM3\ARM_GCC_541\Debug\CapSense_Pins.o .\CortexM3\ARM_GCC_541\Debug\CapSense_PM.o .\CortexM3\ARM_GCC_541\Debug\CapSense_SMS_Wrapper.o .\CortexM3\ARM_GCC_541\Debug\CapSense_TunerHelper.o .\CortexM3\ARM_GCC_541\Debug\CapSense_CompCH0.o .\CortexM3\ARM_GCC_541\Debug\CapSense_CompCH0_PM.o .\CortexM3\ARM_GCC_541\Debug\CapSense_IdacCH0.o .\CortexM3\ARM_GCC_541\Debug\CapSense_IdacCH0_PM.o .\CortexM3\ARM_GCC_541\Debug\CapSense_AMuxCH0.o .\CortexM3\ARM_GCC_541\Debug\CapSense_IntClock.o .\CortexM3\ARM_GCC_541\Debug\LED.o .\CortexM3\ARM_GCC_541\Debug\HB_Comp.o .\CortexM3\ARM_GCC_541\Debug\HB_Comp_PM.o .\CortexM3\ARM_GCC_541\Debug\HB_Comp_Int.o .\CortexM3\ARM_GCC_541\Debug\HB_ADC.o .\CortexM3\ARM_GCC_541\Debug\HB_ADC_INT.o .\CortexM3\ARM_GCC_541\Debug\HB_ADC_PM.o .\CortexM3\ARM_GCC_541\Debug\E_HB.o .\CortexM3\ARM_GCC_541\Debug\I_HB.o .\CortexM3\ARM_GCC_541\Debug\I_HB_PM.o .\CortexM3\ARM_GCC_541\Debug\HB_Overflow_Int.o .\CortexM3\ARM_GCC_541\Debug\HB_Counter.o .\CortexM3\ARM_GCC_541\Debug\HB_Counter_PM.o .\CortexM3\ARM_GCC_541\Debug\HB_ADC_IRQ.o .\CortexM3\ARM_GCC_541\Debug\HB_ADC_theACLK.o .\CortexM3\ARM_GCC_541\Debug\I_HB_DacClk.o .\CortexM3\ARM_GCC_541\Debug\I_HB_Wave1_DMA_dma.o .\CortexM3\ARM_GCC_541\Debug\I_HB_Wave2_DMA_dma.o .\CortexM3\ARM_GCC_541\Debug\I_HB_VDAC8.o .\CortexM3\ARM_GCC_541\Debug\I_HB_VDAC8_PM.o .\CortexM3\ARM_GCC_541\Debug\HB_DAC.o .\CortexM3\ARM_GCC_541\Debug\HB_DAC_PM.o .\CortexM3\ARM_GCC_541\Debug\HB_RCST.o .\CortexM3\ARM_GCC_541\Debug\HB_MUX.o .\CortexM3\ARM_GCC_541\Debug\HB_Comp_Neg_DAC.o .\CortexM3\ARM_GCC_541\Debug\HB_Comp_Neg_DAC_PM.o .\CortexM3\ARM_GCC_541\Debug\HB_PGA.o .\CortexM3\ARM_GCC_541\Debug\HB_PGA_PM.o .\CortexM3\ARM_GCC_541\Debug\Slow_CLK.o .\CortexM3\ARM_GCC_541\Debug\CLK_2KHZ.o .\CortexM3\ARM_GCC_541\Debug\PGA_Test_Pin.o .\CortexM3\ARM_GCC_541\Debug\HB_Detect_Pin.o .\CortexM3\ARM_GCC_541\Debug\CLK_2KHZ_1.o .\CortexM3\ARM_GCC_541\Debug\Watchdog_Timer.o .\CortexM3\ARM_GCC_541\Debug\Watchdog_Timer_PM.o .\CortexM3\ARM_GCC_541\Debug\Watchdog_Timer_Overflow_Int.o .\CortexM3\ARM_GCC_541\Debug\Heartbeat_COP.o .\CortexM3\ARM_GCC_541\Debug\Motor_COP.o .\CortexM3\ARM_GCC_541\Debug\UserInput_COP.o .\CortexM3\ARM_GCC_541\Debug\CyBootAsmGnu.o
arm-none-eabi-ar.exe: creating .\CortexM3\ARM_GCC_541\Debug\Milestone_6.a
arm-none-eabi-gcc.exe -Wl,--start-group -o C:\Users\henrichsc\Desktop\School\Senior_year\fall\CE4920\lab\Milestone_6.cydsn\CortexM3\ARM_GCC_541\Debug\Milestone_6.elf .\CortexM3\ARM_GCC_541\Debug\main.o .\CortexM3\ARM_GCC_541\Debug\Display.o .\CortexM3\ARM_GCC_541\Debug\Heartbeat.o .\CortexM3\ARM_GCC_541\Debug\Music.o .\CortexM3\ARM_GCC_541\Debug\Profile.o .\CortexM3\ARM_GCC_541\Debug\RunningAverage.o .\CortexM3\ARM_GCC_541\Debug\Uart.o .\CortexM3\ARM_GCC_541\Debug\UserIn.o .\CortexM3\ARM_GCC_541\Debug\Fault.o .\CortexM3\ARM_GCC_541\Debug\MotorPWM.o .\CortexM3\ARM_GCC_541\Debug\cyfitter_cfg.o .\CortexM3\ARM_GCC_541\Debug\cymetadata.o .\CortexM3\ARM_GCC_541\Debug\Cm3Start.o .\CortexM3\ARM_GCC_541\Debug\Milestone_6.a "C:\Program Files (x86)\Cypress\PSoC Creator\4.1\PSoC Creator\psoc\content\CyComponentLibrary\CyComponentLibrary.cylib\CapSense_CSD_v3_50\Library\CapSenseLibrary_GCC.a" "C:\Program Files (x86)\Cypress\PSoC Creator\4.1\PSoC Creator\psoc\content\cycomponentlibrary\CyComponentLibrary.cylib\CortexM3\ARM_GCC_541\Debug\CyComponentLibrary.a" -mcpu=cortex-m3 -mthumb -L Generated_Source\PSoC5 -Wl,-Map,.\CortexM3\ARM_GCC_541\Debug/Milestone_6.map -T Generated_Source\PSoC5\cm3gcc.ld -specs=nano.specs -Wl,--gc-sections -g -ffunction-sections -Og -ffat-lto-objects -Wl,--end-group
cyelftool.exe -C C:\Users\henrichsc\Desktop\School\Senior_year\fall\CE4920\lab\Milestone_6.cydsn\CortexM3\ARM_GCC_541\Debug\Milestone_6.elf --flash_row_size 256 --flash_size 262144 --flash_offset 0x00000000
cyelftool.exe -S C:\Users\henrichsc\Desktop\School\Senior_year\fall\CE4920\lab\Milestone_6.cydsn\CortexM3\ARM_GCC_541\Debug\Milestone_6.elf
Flash used: 26678 of 262144 bytes (10.2 %).
SRAM used: 3377 of 65536 bytes (5.2 %). Stack: 2048 bytes. Heap: 128 bytes.
--------------- Build Succeeded: 11/29/2017 13:54:20 ---------------
