--------------- Clean Started: 09/10/2017 17:28:02 Project: project1, Configuration: ARM GCC 5.4-2016-q2-update Debug ---------------
Deleting file ".\CortexM3\ARM_GCC_541\Debug\main.o"
Deleting file ".\CortexM3\ARM_GCC_541\Debug\Display.o"
Deleting file ".\CortexM3\ARM_GCC_541\Debug\UserInput.o"
Deleting file ".\CortexM3\ARM_GCC_541\Debug\Heartbeat.o"
Deleting file ".\CortexM3\ARM_GCC_541\Debug\Music.o"
Deleting file ".\CortexM3\ARM_GCC_541\Debug\cyfitter_cfg.o"
Deleting file ".\CortexM3\ARM_GCC_541\Debug\cymetadata.o"
Deleting file ".\CortexM3\ARM_GCC_541\Debug\Cm3Start.o"
Deleting file ".\CortexM3\ARM_GCC_541\Debug\CyBootAsmGnu.o"
Deleting file ".\CortexM3\ARM_GCC_541\Debug\CyDmac.o"
Deleting file ".\CortexM3\ARM_GCC_541\Debug\CyFlash.o"
Deleting file ".\CortexM3\ARM_GCC_541\Debug\CyLib.o"
Deleting file ".\CortexM3\ARM_GCC_541\Debug\cyPm.o"
Deleting file ".\CortexM3\ARM_GCC_541\Debug\CySpc.o"
Deleting file ".\CortexM3\ARM_GCC_541\Debug\cyutils.o"
Deleting file ".\CortexM3\ARM_GCC_541\Debug\LCD.o"
Deleting file ".\CortexM3\ARM_GCC_541\Debug\LCD_PM.o"
Deleting file ".\CortexM3\ARM_GCC_541\Debug\LCD_CustChars.o"
Deleting file ".\CortexM3\ARM_GCC_541\Debug\LCD_LCDPort.o"
Deleting file ".\CortexM3\ARM_GCC_541\Debug\RST.o"
Deleting file ".\CortexM3\ARM_GCC_541\Debug\Tone_Int.o"
Deleting file ".\CortexM3\ARM_GCC_541\Debug\Tone_D.o"
Deleting file ".\CortexM3\ARM_GCC_541\Debug\Tone_D_PM.o"
Deleting file ".\CortexM3\ARM_GCC_541\Debug\PWM.o"
Deleting file ".\CortexM3\ARM_GCC_541\Debug\PWM_PM.o"
Deleting file ".\CortexM3\ARM_GCC_541\Debug\PWM_CLK.o"
Deleting file ".\CortexM3\ARM_GCC_541\Debug\Motor.o"
Deleting file ".\CortexM3\ARM_GCC_541\Debug\Tone_D_CLK.o"
Deleting file ".\CortexM3\ARM_GCC_541\Debug\USBUART.o"
Deleting file ".\CortexM3\ARM_GCC_541\Debug\USBUART_audio.o"
Deleting file ".\CortexM3\ARM_GCC_541\Debug\USBUART_boot.o"
Deleting file ".\CortexM3\ARM_GCC_541\Debug\USBUART_cdc.o"
Deleting file ".\CortexM3\ARM_GCC_541\Debug\USBUART_cls.o"
Deleting file ".\CortexM3\ARM_GCC_541\Debug\USBUART_descr.o"
Deleting file ".\CortexM3\ARM_GCC_541\Debug\USBUART_drv.o"
Deleting file ".\CortexM3\ARM_GCC_541\Debug\USBUART_episr.o"
Deleting file ".\CortexM3\ARM_GCC_541\Debug\USBUART_hid.o"
Deleting file ".\CortexM3\ARM_GCC_541\Debug\USBUART_pm.o"
Deleting file ".\CortexM3\ARM_GCC_541\Debug\USBUART_std.o"
Deleting file ".\CortexM3\ARM_GCC_541\Debug\USBUART_vnd.o"
Deleting file ".\CortexM3\ARM_GCC_541\Debug\USBUART_midi.o"
Deleting file ".\CortexM3\ARM_GCC_541\Debug\USBUART_msc.o"
Deleting file ".\CortexM3\ARM_GCC_541\Debug\Tone_F.o"
Deleting file ".\CortexM3\ARM_GCC_541\Debug\Tone_F_PM.o"
Deleting file ".\CortexM3\ARM_GCC_541\Debug\Tone_F_CLK.o"
Deleting file ".\CortexM3\ARM_GCC_541\Debug\USBUART_Dm.o"
Deleting file ".\CortexM3\ARM_GCC_541\Debug\USBUART_Dp.o"
Deleting file ".\CortexM3\ARM_GCC_541\Debug\Tone.o"
Deleting file ".\CortexM3\ARM_GCC_541\Debug\CapSense.o"
Deleting file ".\CortexM3\ARM_GCC_541\Debug\CapSense_CSHL.o"
Deleting file ".\CortexM3\ARM_GCC_541\Debug\CapSense_INT.o"
Deleting file ".\CortexM3\ARM_GCC_541\Debug\CapSense_Pins.o"
Deleting file ".\CortexM3\ARM_GCC_541\Debug\CapSense_PM.o"
Deleting file ".\CortexM3\ARM_GCC_541\Debug\CapSense_SMS_Wrapper.o"
Deleting file ".\CortexM3\ARM_GCC_541\Debug\CapSense_TunerHelper.o"
Deleting file ".\CortexM3\ARM_GCC_541\Debug\CapSense_CompCH0.o"
Deleting file ".\CortexM3\ARM_GCC_541\Debug\CapSense_CompCH0_PM.o"
Deleting file ".\CortexM3\ARM_GCC_541\Debug\CapSense_IdacCH0.o"
Deleting file ".\CortexM3\ARM_GCC_541\Debug\CapSense_IdacCH0_PM.o"
Deleting file ".\CortexM3\ARM_GCC_541\Debug\CapSense_AMuxCH0.o"
Deleting file ".\CortexM3\ARM_GCC_541\Debug\CapSense_IntClock.o"
Deleting file ".\CortexM3\ARM_GCC_541\Debug\project1.hex"
Deleting file ".\CortexM3\ARM_GCC_541\Debug\project1.map"
Deleting file ".\project1.cycdx"
Deleting file ".\project1.svd"
Deleting file ".\project1.rpt"
Deleting file ".\project1_timing.html"
Deleting file ".\CortexM3\ARM_GCC_541\Debug\.deps\SOURCE_C__ARM_GCC_GENERIC.P"
Deleting file ".\CortexM3\ARM_GCC_541\Debug\.deps\SOURCE_ASM__ARM_GCC_GENERIC.P"
--------------- Clean Succeeded: 09/10/2017 17:28:02 ---------------
